ARM GAS  C:\Users\ujjjh\AppData\Local\Temp\cc4XLGfW.s 			page 1


   1              		.syntax unified
   2              		.cpu cortex-m3
   3              		.fpu softvfp
   4              		.eabi_attribute 20, 1
   5              		.eabi_attribute 21, 1
   6              		.eabi_attribute 23, 3
   7              		.eabi_attribute 24, 1
   8              		.eabi_attribute 25, 1
   9              		.eabi_attribute 26, 1
  10              		.eabi_attribute 30, 1
  11              		.eabi_attribute 34, 1
  12              		.eabi_attribute 18, 4
  13              		.thumb
  14              		.syntax unified
  15              		.file	"main.c"
  16              		.text
  17              	.Ltext0:
  18              		.cfi_sections	.debug_frame
  19              		.section	.text.main,"ax",%progbits
  20              		.align	2
  21              		.global	main
  22              		.thumb
  23              		.thumb_func
  24              		.type	main, %function
  25              	main:
  26              	.LFB63:
  27              		.file 1 "main.c"
   1:main.c        **** #include "project.h"
   2:main.c        **** 
   3:main.c        **** int main(void)
   4:main.c        **** {
  28              		.loc 1 4 0
  29              		.cfi_startproc
  30              		@ Volatile: function does not return.
  31              		@ args = 0, pretend = 0, frame = 0
  32              		@ frame_needed = 0, uses_anonymous_args = 0
  33 0000 08B5     		push	{r3, lr}
  34              		.cfi_def_cfa_offset 8
  35              		.cfi_offset 3, -8
  36              		.cfi_offset 14, -4
   5:main.c        ****     LCD_1_Start();
  37              		.loc 1 5 0
  38 0002 FFF7FEFF 		bl	LCD_1_Start
  39              	.LVL0:
   6:main.c        ****     LCD_1_Position(0,0);
  40              		.loc 1 6 0
  41 0006 0021     		movs	r1, #0
  42 0008 0846     		mov	r0, r1
  43 000a FFF7FEFF 		bl	LCD_1_Position
  44              	.LVL1:
   7:main.c        ****     LCD_1_PrintString("Hello");
  45              		.loc 1 7 0
  46 000e 0548     		ldr	r0, .L4
  47 0010 FFF7FEFF 		bl	LCD_1_PrintString
  48              	.LVL2:
   8:main.c        ****     LCD_1_Position(1,6);
  49              		.loc 1 8 0
ARM GAS  C:\Users\ujjjh\AppData\Local\Temp\cc4XLGfW.s 			page 2


  50 0014 0621     		movs	r1, #6
  51 0016 0120     		movs	r0, #1
  52 0018 FFF7FEFF 		bl	LCD_1_Position
  53              	.LVL3:
   9:main.c        ****     LCD_1_PrintString("World");
  54              		.loc 1 9 0
  55 001c 0248     		ldr	r0, .L4+4
  56 001e FFF7FEFF 		bl	LCD_1_PrintString
  57              	.LVL4:
  58              	.L2:
  59 0022 FEE7     		b	.L2
  60              	.L5:
  61              		.align	2
  62              	.L4:
  63 0024 00000000 		.word	.LC0
  64 0028 08000000 		.word	.LC1
  65              		.cfi_endproc
  66              	.LFE63:
  67              		.size	main, .-main
  68              		.section	.rodata.str1.4,"aMS",%progbits,1
  69              		.align	2
  70              	.LC0:
  71 0000 48656C6C 		.ascii	"Hello\000"
  71      6F00
  72 0006 0000     		.space	2
  73              	.LC1:
  74 0008 576F726C 		.ascii	"World\000"
  74      6400
  75              		.text
  76              	.Letext0:
  77              		.file 2 "c:\\program files (x86)\\cypress\\psoc creator\\4.2\\psoc creator\\import\\gnu\\arm\\5.4.
  78              		.file 3 "c:\\program files (x86)\\cypress\\psoc creator\\4.2\\psoc creator\\import\\gnu\\arm\\5.4.
  79              		.file 4 "Generated_Source\\PSoC5/LCD_1.h"
  80              		.file 5 "Generated_Source\\PSoC5/core_cm3.h"
  81              		.section	.debug_info,"",%progbits
  82              	.Ldebug_info0:
  83 0000 50010000 		.4byte	0x150
  84 0004 0400     		.2byte	0x4
  85 0006 00000000 		.4byte	.Ldebug_abbrev0
  86 000a 04       		.byte	0x4
  87 000b 01       		.uleb128 0x1
  88 000c 7C000000 		.4byte	.LASF19
  89 0010 0C       		.byte	0xc
  90 0011 64000000 		.4byte	.LASF20
  91 0015 2E000000 		.4byte	.LASF21
  92 0019 00000000 		.4byte	.Ldebug_ranges0+0
  93 001d 00000000 		.4byte	0
  94 0021 00000000 		.4byte	.Ldebug_line0
  95 0025 02       		.uleb128 0x2
  96 0026 01       		.byte	0x1
  97 0027 06       		.byte	0x6
  98 0028 70000000 		.4byte	.LASF0
  99 002c 02       		.uleb128 0x2
 100 002d 01       		.byte	0x1
 101 002e 08       		.byte	0x8
 102 002f 3F010000 		.4byte	.LASF1
 103 0033 02       		.uleb128 0x2
ARM GAS  C:\Users\ujjjh\AppData\Local\Temp\cc4XLGfW.s 			page 3


 104 0034 02       		.byte	0x2
 105 0035 05       		.byte	0x5
 106 0036 AC010000 		.4byte	.LASF2
 107 003a 02       		.uleb128 0x2
 108 003b 02       		.byte	0x2
 109 003c 07       		.byte	0x7
 110 003d 0E000000 		.4byte	.LASF3
 111 0041 03       		.uleb128 0x3
 112 0042 9C010000 		.4byte	.LASF9
 113 0046 02       		.byte	0x2
 114 0047 3F       		.byte	0x3f
 115 0048 4C000000 		.4byte	0x4c
 116 004c 02       		.uleb128 0x2
 117 004d 04       		.byte	0x4
 118 004e 05       		.byte	0x5
 119 004f 61010000 		.4byte	.LASF4
 120 0053 02       		.uleb128 0x2
 121 0054 04       		.byte	0x4
 122 0055 07       		.byte	0x7
 123 0056 0A010000 		.4byte	.LASF5
 124 005a 02       		.uleb128 0x2
 125 005b 08       		.byte	0x8
 126 005c 05       		.byte	0x5
 127 005d 00000000 		.4byte	.LASF6
 128 0061 02       		.uleb128 0x2
 129 0062 08       		.byte	0x8
 130 0063 07       		.byte	0x7
 131 0064 28010000 		.4byte	.LASF7
 132 0068 04       		.uleb128 0x4
 133 0069 04       		.byte	0x4
 134 006a 05       		.byte	0x5
 135 006b 696E7400 		.ascii	"int\000"
 136 006f 02       		.uleb128 0x2
 137 0070 04       		.byte	0x4
 138 0071 07       		.byte	0x7
 139 0072 21000000 		.4byte	.LASF8
 140 0076 03       		.uleb128 0x3
 141 0077 B6010000 		.4byte	.LASF10
 142 007b 03       		.byte	0x3
 143 007c 2C       		.byte	0x2c
 144 007d 41000000 		.4byte	0x41
 145 0081 02       		.uleb128 0x2
 146 0082 04       		.byte	0x4
 147 0083 04       		.byte	0x4
 148 0084 A6010000 		.4byte	.LASF11
 149 0088 02       		.uleb128 0x2
 150 0089 08       		.byte	0x8
 151 008a 04       		.byte	0x4
 152 008b 6A010000 		.4byte	.LASF12
 153 008f 02       		.uleb128 0x2
 154 0090 01       		.byte	0x1
 155 0091 08       		.byte	0x8
 156 0092 4D010000 		.4byte	.LASF13
 157 0096 02       		.uleb128 0x2
 158 0097 04       		.byte	0x4
 159 0098 07       		.byte	0x7
 160 0099 BE010000 		.4byte	.LASF14
ARM GAS  C:\Users\ujjjh\AppData\Local\Temp\cc4XLGfW.s 			page 4


 161 009d 02       		.uleb128 0x2
 162 009e 08       		.byte	0x8
 163 009f 04       		.byte	0x4
 164 00a0 90010000 		.4byte	.LASF15
 165 00a4 05       		.uleb128 0x5
 166 00a5 6B000000 		.4byte	.LASF22
 167 00a9 01       		.byte	0x1
 168 00aa 03       		.byte	0x3
 169 00ab 68000000 		.4byte	0x68
 170 00af 00000000 		.4byte	.LFB63
 171 00b3 2C000000 		.4byte	.LFE63-.LFB63
 172 00b7 01       		.uleb128 0x1
 173 00b8 9C       		.byte	0x9c
 174 00b9 21010000 		.4byte	0x121
 175 00bd 06       		.uleb128 0x6
 176 00be 06000000 		.4byte	.LVL0
 177 00c2 32010000 		.4byte	0x132
 178 00c6 07       		.uleb128 0x7
 179 00c7 0E000000 		.4byte	.LVL1
 180 00cb 3D010000 		.4byte	0x13d
 181 00cf DE000000 		.4byte	0xde
 182 00d3 08       		.uleb128 0x8
 183 00d4 01       		.uleb128 0x1
 184 00d5 50       		.byte	0x50
 185 00d6 01       		.uleb128 0x1
 186 00d7 30       		.byte	0x30
 187 00d8 08       		.uleb128 0x8
 188 00d9 01       		.uleb128 0x1
 189 00da 51       		.byte	0x51
 190 00db 01       		.uleb128 0x1
 191 00dc 30       		.byte	0x30
 192 00dd 00       		.byte	0
 193 00de 07       		.uleb128 0x7
 194 00df 14000000 		.4byte	.LVL2
 195 00e3 48010000 		.4byte	0x148
 196 00e7 F5000000 		.4byte	0xf5
 197 00eb 08       		.uleb128 0x8
 198 00ec 01       		.uleb128 0x1
 199 00ed 50       		.byte	0x50
 200 00ee 05       		.uleb128 0x5
 201 00ef 03       		.byte	0x3
 202 00f0 00000000 		.4byte	.LC0
 203 00f4 00       		.byte	0
 204 00f5 07       		.uleb128 0x7
 205 00f6 1C000000 		.4byte	.LVL3
 206 00fa 3D010000 		.4byte	0x13d
 207 00fe 0D010000 		.4byte	0x10d
 208 0102 08       		.uleb128 0x8
 209 0103 01       		.uleb128 0x1
 210 0104 50       		.byte	0x50
 211 0105 01       		.uleb128 0x1
 212 0106 31       		.byte	0x31
 213 0107 08       		.uleb128 0x8
 214 0108 01       		.uleb128 0x1
 215 0109 51       		.byte	0x51
 216 010a 01       		.uleb128 0x1
 217 010b 36       		.byte	0x36
ARM GAS  C:\Users\ujjjh\AppData\Local\Temp\cc4XLGfW.s 			page 5


 218 010c 00       		.byte	0
 219 010d 09       		.uleb128 0x9
 220 010e 22000000 		.4byte	.LVL4
 221 0112 48010000 		.4byte	0x148
 222 0116 08       		.uleb128 0x8
 223 0117 01       		.uleb128 0x1
 224 0118 50       		.byte	0x50
 225 0119 05       		.uleb128 0x5
 226 011a 03       		.byte	0x3
 227 011b 08000000 		.4byte	.LC1
 228 011f 00       		.byte	0
 229 0120 00       		.byte	0
 230 0121 0A       		.uleb128 0xa
 231 0122 71010000 		.4byte	.LASF23
 232 0126 05       		.byte	0x5
 233 0127 1207     		.2byte	0x712
 234 0129 2D010000 		.4byte	0x12d
 235 012d 0B       		.uleb128 0xb
 236 012e 76000000 		.4byte	0x76
 237 0132 0C       		.uleb128 0xc
 238 0133 1C010000 		.4byte	.LASF16
 239 0137 1C010000 		.4byte	.LASF16
 240 013b 04       		.byte	0x4
 241 013c 38       		.byte	0x38
 242 013d 0C       		.uleb128 0xc
 243 013e 52010000 		.4byte	.LASF17
 244 0142 52010000 		.4byte	.LASF17
 245 0146 04       		.byte	0x4
 246 0147 3D       		.byte	0x3d
 247 0148 0C       		.uleb128 0xc
 248 0149 7E010000 		.4byte	.LASF18
 249 014d 7E010000 		.4byte	.LASF18
 250 0151 04       		.byte	0x4
 251 0152 3C       		.byte	0x3c
 252 0153 00       		.byte	0
 253              		.section	.debug_abbrev,"",%progbits
 254              	.Ldebug_abbrev0:
 255 0000 01       		.uleb128 0x1
 256 0001 11       		.uleb128 0x11
 257 0002 01       		.byte	0x1
 258 0003 25       		.uleb128 0x25
 259 0004 0E       		.uleb128 0xe
 260 0005 13       		.uleb128 0x13
 261 0006 0B       		.uleb128 0xb
 262 0007 03       		.uleb128 0x3
 263 0008 0E       		.uleb128 0xe
 264 0009 1B       		.uleb128 0x1b
 265 000a 0E       		.uleb128 0xe
 266 000b 55       		.uleb128 0x55
 267 000c 17       		.uleb128 0x17
 268 000d 11       		.uleb128 0x11
 269 000e 01       		.uleb128 0x1
 270 000f 10       		.uleb128 0x10
 271 0010 17       		.uleb128 0x17
 272 0011 00       		.byte	0
 273 0012 00       		.byte	0
 274 0013 02       		.uleb128 0x2
ARM GAS  C:\Users\ujjjh\AppData\Local\Temp\cc4XLGfW.s 			page 6


 275 0014 24       		.uleb128 0x24
 276 0015 00       		.byte	0
 277 0016 0B       		.uleb128 0xb
 278 0017 0B       		.uleb128 0xb
 279 0018 3E       		.uleb128 0x3e
 280 0019 0B       		.uleb128 0xb
 281 001a 03       		.uleb128 0x3
 282 001b 0E       		.uleb128 0xe
 283 001c 00       		.byte	0
 284 001d 00       		.byte	0
 285 001e 03       		.uleb128 0x3
 286 001f 16       		.uleb128 0x16
 287 0020 00       		.byte	0
 288 0021 03       		.uleb128 0x3
 289 0022 0E       		.uleb128 0xe
 290 0023 3A       		.uleb128 0x3a
 291 0024 0B       		.uleb128 0xb
 292 0025 3B       		.uleb128 0x3b
 293 0026 0B       		.uleb128 0xb
 294 0027 49       		.uleb128 0x49
 295 0028 13       		.uleb128 0x13
 296 0029 00       		.byte	0
 297 002a 00       		.byte	0
 298 002b 04       		.uleb128 0x4
 299 002c 24       		.uleb128 0x24
 300 002d 00       		.byte	0
 301 002e 0B       		.uleb128 0xb
 302 002f 0B       		.uleb128 0xb
 303 0030 3E       		.uleb128 0x3e
 304 0031 0B       		.uleb128 0xb
 305 0032 03       		.uleb128 0x3
 306 0033 08       		.uleb128 0x8
 307 0034 00       		.byte	0
 308 0035 00       		.byte	0
 309 0036 05       		.uleb128 0x5
 310 0037 2E       		.uleb128 0x2e
 311 0038 01       		.byte	0x1
 312 0039 3F       		.uleb128 0x3f
 313 003a 19       		.uleb128 0x19
 314 003b 03       		.uleb128 0x3
 315 003c 0E       		.uleb128 0xe
 316 003d 3A       		.uleb128 0x3a
 317 003e 0B       		.uleb128 0xb
 318 003f 3B       		.uleb128 0x3b
 319 0040 0B       		.uleb128 0xb
 320 0041 27       		.uleb128 0x27
 321 0042 19       		.uleb128 0x19
 322 0043 49       		.uleb128 0x49
 323 0044 13       		.uleb128 0x13
 324 0045 8701     		.uleb128 0x87
 325 0047 19       		.uleb128 0x19
 326 0048 11       		.uleb128 0x11
 327 0049 01       		.uleb128 0x1
 328 004a 12       		.uleb128 0x12
 329 004b 06       		.uleb128 0x6
 330 004c 40       		.uleb128 0x40
 331 004d 18       		.uleb128 0x18
ARM GAS  C:\Users\ujjjh\AppData\Local\Temp\cc4XLGfW.s 			page 7


 332 004e 9742     		.uleb128 0x2117
 333 0050 19       		.uleb128 0x19
 334 0051 01       		.uleb128 0x1
 335 0052 13       		.uleb128 0x13
 336 0053 00       		.byte	0
 337 0054 00       		.byte	0
 338 0055 06       		.uleb128 0x6
 339 0056 898201   		.uleb128 0x4109
 340 0059 00       		.byte	0
 341 005a 11       		.uleb128 0x11
 342 005b 01       		.uleb128 0x1
 343 005c 31       		.uleb128 0x31
 344 005d 13       		.uleb128 0x13
 345 005e 00       		.byte	0
 346 005f 00       		.byte	0
 347 0060 07       		.uleb128 0x7
 348 0061 898201   		.uleb128 0x4109
 349 0064 01       		.byte	0x1
 350 0065 11       		.uleb128 0x11
 351 0066 01       		.uleb128 0x1
 352 0067 31       		.uleb128 0x31
 353 0068 13       		.uleb128 0x13
 354 0069 01       		.uleb128 0x1
 355 006a 13       		.uleb128 0x13
 356 006b 00       		.byte	0
 357 006c 00       		.byte	0
 358 006d 08       		.uleb128 0x8
 359 006e 8A8201   		.uleb128 0x410a
 360 0071 00       		.byte	0
 361 0072 02       		.uleb128 0x2
 362 0073 18       		.uleb128 0x18
 363 0074 9142     		.uleb128 0x2111
 364 0076 18       		.uleb128 0x18
 365 0077 00       		.byte	0
 366 0078 00       		.byte	0
 367 0079 09       		.uleb128 0x9
 368 007a 898201   		.uleb128 0x4109
 369 007d 01       		.byte	0x1
 370 007e 11       		.uleb128 0x11
 371 007f 01       		.uleb128 0x1
 372 0080 31       		.uleb128 0x31
 373 0081 13       		.uleb128 0x13
 374 0082 00       		.byte	0
 375 0083 00       		.byte	0
 376 0084 0A       		.uleb128 0xa
 377 0085 34       		.uleb128 0x34
 378 0086 00       		.byte	0
 379 0087 03       		.uleb128 0x3
 380 0088 0E       		.uleb128 0xe
 381 0089 3A       		.uleb128 0x3a
 382 008a 0B       		.uleb128 0xb
 383 008b 3B       		.uleb128 0x3b
 384 008c 05       		.uleb128 0x5
 385 008d 49       		.uleb128 0x49
 386 008e 13       		.uleb128 0x13
 387 008f 3F       		.uleb128 0x3f
 388 0090 19       		.uleb128 0x19
ARM GAS  C:\Users\ujjjh\AppData\Local\Temp\cc4XLGfW.s 			page 8


 389 0091 3C       		.uleb128 0x3c
 390 0092 19       		.uleb128 0x19
 391 0093 00       		.byte	0
 392 0094 00       		.byte	0
 393 0095 0B       		.uleb128 0xb
 394 0096 35       		.uleb128 0x35
 395 0097 00       		.byte	0
 396 0098 49       		.uleb128 0x49
 397 0099 13       		.uleb128 0x13
 398 009a 00       		.byte	0
 399 009b 00       		.byte	0
 400 009c 0C       		.uleb128 0xc
 401 009d 2E       		.uleb128 0x2e
 402 009e 00       		.byte	0
 403 009f 3F       		.uleb128 0x3f
 404 00a0 19       		.uleb128 0x19
 405 00a1 3C       		.uleb128 0x3c
 406 00a2 19       		.uleb128 0x19
 407 00a3 6E       		.uleb128 0x6e
 408 00a4 0E       		.uleb128 0xe
 409 00a5 03       		.uleb128 0x3
 410 00a6 0E       		.uleb128 0xe
 411 00a7 3A       		.uleb128 0x3a
 412 00a8 0B       		.uleb128 0xb
 413 00a9 3B       		.uleb128 0x3b
 414 00aa 0B       		.uleb128 0xb
 415 00ab 00       		.byte	0
 416 00ac 00       		.byte	0
 417 00ad 00       		.byte	0
 418              		.section	.debug_aranges,"",%progbits
 419 0000 1C000000 		.4byte	0x1c
 420 0004 0200     		.2byte	0x2
 421 0006 00000000 		.4byte	.Ldebug_info0
 422 000a 04       		.byte	0x4
 423 000b 00       		.byte	0
 424 000c 0000     		.2byte	0
 425 000e 0000     		.2byte	0
 426 0010 00000000 		.4byte	.LFB63
 427 0014 2C000000 		.4byte	.LFE63-.LFB63
 428 0018 00000000 		.4byte	0
 429 001c 00000000 		.4byte	0
 430              		.section	.debug_ranges,"",%progbits
 431              	.Ldebug_ranges0:
 432 0000 00000000 		.4byte	.LFB63
 433 0004 2C000000 		.4byte	.LFE63
 434 0008 00000000 		.4byte	0
 435 000c 00000000 		.4byte	0
 436              		.section	.debug_line,"",%progbits
 437              	.Ldebug_line0:
 438 0000 62010000 		.section	.debug_str,"MS",%progbits,1
 438      02004A01 
 438      00000201 
 438      FB0E0D00 
 438      01010101 
 439              	.LASF6:
 440 0000 6C6F6E67 		.ascii	"long long int\000"
 440      206C6F6E 
ARM GAS  C:\Users\ujjjh\AppData\Local\Temp\cc4XLGfW.s 			page 9


 440      6720696E 
 440      7400
 441              	.LASF3:
 442 000e 73686F72 		.ascii	"short unsigned int\000"
 442      7420756E 
 442      7369676E 
 442      65642069 
 442      6E7400
 443              	.LASF8:
 444 0021 756E7369 		.ascii	"unsigned int\000"
 444      676E6564 
 444      20696E74 
 444      00
 445              	.LASF21:
 446 002e 553A5C44 		.ascii	"U:\\Documents\\PSoC Creator\\Versuch 3\\LED Display"
 446      6F63756D 
 446      656E7473 
 446      5C50536F 
 446      43204372 
 447 005d 2E637964 		.ascii	".cydsn\000"
 447      736E00
 448              	.LASF20:
 449 0064 6D61696E 		.ascii	"main.c\000"
 449      2E6300
 450              	.LASF22:
 451 006b 6D61696E 		.ascii	"main\000"
 451      00
 452              	.LASF0:
 453 0070 7369676E 		.ascii	"signed char\000"
 453      65642063 
 453      68617200 
 454              	.LASF19:
 455 007c 474E5520 		.ascii	"GNU C11 5.4.1 20160609 (release) [ARM/embedded-5-br"
 455      43313120 
 455      352E342E 
 455      31203230 
 455      31363036 
 456 00af 616E6368 		.ascii	"anch revision 237715] -mcpu=cortex-m3 -mthumb -g -O"
 456      20726576 
 456      6973696F 
 456      6E203233 
 456      37373135 
 457 00e2 67202D66 		.ascii	"g -ffunction-sections -ffat-lto-objects\000"
 457      66756E63 
 457      74696F6E 
 457      2D736563 
 457      74696F6E 
 458              	.LASF5:
 459 010a 6C6F6E67 		.ascii	"long unsigned int\000"
 459      20756E73 
 459      69676E65 
 459      6420696E 
 459      7400
 460              	.LASF16:
 461 011c 4C43445F 		.ascii	"LCD_1_Start\000"
 461      315F5374 
 461      61727400 
ARM GAS  C:\Users\ujjjh\AppData\Local\Temp\cc4XLGfW.s 			page 10


 462              	.LASF7:
 463 0128 6C6F6E67 		.ascii	"long long unsigned int\000"
 463      206C6F6E 
 463      6720756E 
 463      7369676E 
 463      65642069 
 464              	.LASF1:
 465 013f 756E7369 		.ascii	"unsigned char\000"
 465      676E6564 
 465      20636861 
 465      7200
 466              	.LASF13:
 467 014d 63686172 		.ascii	"char\000"
 467      00
 468              	.LASF17:
 469 0152 4C43445F 		.ascii	"LCD_1_Position\000"
 469      315F506F 
 469      73697469 
 469      6F6E00
 470              	.LASF4:
 471 0161 6C6F6E67 		.ascii	"long int\000"
 471      20696E74 
 471      00
 472              	.LASF12:
 473 016a 646F7562 		.ascii	"double\000"
 473      6C6500
 474              	.LASF23:
 475 0171 49544D5F 		.ascii	"ITM_RxBuffer\000"
 475      52784275 
 475      66666572 
 475      00
 476              	.LASF18:
 477 017e 4C43445F 		.ascii	"LCD_1_PrintString\000"
 477      315F5072 
 477      696E7453 
 477      7472696E 
 477      6700
 478              	.LASF15:
 479 0190 6C6F6E67 		.ascii	"long double\000"
 479      20646F75 
 479      626C6500 
 480              	.LASF9:
 481 019c 5F5F696E 		.ascii	"__int32_t\000"
 481      7433325F 
 481      7400
 482              	.LASF11:
 483 01a6 666C6F61 		.ascii	"float\000"
 483      7400
 484              	.LASF2:
 485 01ac 73686F72 		.ascii	"short int\000"
 485      7420696E 
 485      7400
 486              	.LASF10:
 487 01b6 696E7433 		.ascii	"int32_t\000"
 487      325F7400 
 488              	.LASF14:
 489 01be 73697A65 		.ascii	"sizetype\000"
ARM GAS  C:\Users\ujjjh\AppData\Local\Temp\cc4XLGfW.s 			page 11


 489      74797065 
 489      00
 490              		.ident	"GCC: (GNU Tools for ARM Embedded Processors) 5.4.1 20160609 (release) [ARM/embedded-5-bran
