ARM GAS  C:\Users\ujjjh\AppData\Local\Temp\ccsNC9Pb.s 			page 1


   1              		.syntax unified
   2              		.cpu cortex-m3
   3              		.fpu softvfp
   4              		.eabi_attribute 20, 1
   5              		.eabi_attribute 21, 1
   6              		.eabi_attribute 23, 3
   7              		.eabi_attribute 24, 1
   8              		.eabi_attribute 25, 1
   9              		.eabi_attribute 26, 1
  10              		.eabi_attribute 30, 1
  11              		.eabi_attribute 34, 1
  12              		.eabi_attribute 18, 4
  13              		.thumb
  14              		.syntax unified
  15              		.file	"main.c"
  16              		.text
  17              	.Ltext0:
  18              		.cfi_sections	.debug_frame
  19              		.section	.text.main,"ax",%progbits
  20              		.align	2
  21              		.global	main
  22              		.thumb
  23              		.thumb_func
  24              		.type	main, %function
  25              	main:
  26              	.LFB64:
  27              		.file 1 "main.c"
   1:main.c        **** /* ========================================
   2:main.c        ****  *
   3:main.c        ****  * Copyright YOUR COMPANY, THE YEAR
   4:main.c        ****  * All Rights Reserved
   5:main.c        ****  * UNPUBLISHED, LICENSED SOFTWARE.
   6:main.c        ****  *
   7:main.c        ****  * CONFIDENTIAL AND PROPRIETARY INFORMATION
   8:main.c        ****  * WHICH IS THE PROPERTY OF your company.
   9:main.c        ****  *
  10:main.c        ****  * ========================================
  11:main.c        **** */
  12:main.c        **** #include "project.h"
  13:main.c        **** #include "stdio.h"
  14:main.c        **** 
  15:main.c        **** char buffer[30];
  16:main.c        **** uint16 var_Temperatur;
  17:main.c        **** uint16 var_Druck;
  18:main.c        **** uint16 var_Feuchte;
  19:main.c        **** uint16 result_Feuchte;
  20:main.c        **** uint16 result_Druck;
  21:main.c        **** uint16 result_Temperatur;
  22:main.c        **** extern volatile int intr;
  23:main.c        **** int i;
  24:main.c        **** 
  25:main.c        **** int main(void)
  26:main.c        **** {
  28              		.loc 1 26 0
  29              		.cfi_startproc
  30              		@ Volatile: function does not return.
  31              		@ args = 0, pretend = 0, frame = 0
ARM GAS  C:\Users\ujjjh\AppData\Local\Temp\ccsNC9Pb.s 			page 2


  32              		@ frame_needed = 0, uses_anonymous_args = 0
  33 0000 08B5     		push	{r3, lr}
  34              		.cfi_def_cfa_offset 8
  35              		.cfi_offset 3, -8
  36              		.cfi_offset 14, -4
  27:main.c        ****        CyGlobalIntEnable;
  37              		.loc 1 27 0
  38              		.syntax unified
  39              	@ 27 "main.c" 1
  40 0002 62B6     		CPSIE   i
  41              	@ 0 "" 2
  28:main.c        ****        UART_1_Start();
  42              		.loc 1 28 0
  43              		.thumb
  44              		.syntax unified
  45 0004 FFF7FEFF 		bl	UART_1_Start
  46              	.LVL0:
  29:main.c        ****     
  30:main.c        ****        PGA_1_Start();
  47              		.loc 1 30 0
  48 0008 FFF7FEFF 		bl	PGA_1_Start
  49              	.LVL1:
  31:main.c        ****        ADC_1_Start();
  50              		.loc 1 31 0
  51 000c FFF7FEFF 		bl	ADC_1_Start
  52              	.LVL2:
  32:main.c        ****        ADC_1_StartConvert();
  53              		.loc 1 32 0
  54 0010 FFF7FEFF 		bl	ADC_1_StartConvert
  55              	.LVL3:
  33:main.c        ****     
  34:main.c        ****        Trigger_1_Start();
  56              		.loc 1 34 0
  57 0014 FFF7FEFF 		bl	Trigger_1_Start
  58              	.LVL4:
  35:main.c        ****        Threshold_1_Start();
  59              		.loc 1 35 0
  60 0018 FFF7FEFF 		bl	Threshold_1_Start
  61              	.LVL5:
  36:main.c        ****        Comp_1_Start();
  62              		.loc 1 36 0
  63 001c FFF7FEFF 		bl	Comp_1_Start
  64              	.LVL6:
  37:main.c        ****        Comp_2_Start();
  65              		.loc 1 37 0
  66 0020 FFF7FEFF 		bl	Comp_2_Start
  67              	.LVL7:
  38:main.c        ****        Clock_1_Start();
  68              		.loc 1 38 0
  69 0024 FFF7FEFF 		bl	Clock_1_Start
  70              	.LVL8:
  39:main.c        ****        Clock_2_Start();
  71              		.loc 1 39 0
  72 0028 FFF7FEFF 		bl	Clock_2_Start
  73              	.LVL9:
  40:main.c        ****        PWM_1_Start(); 
  74              		.loc 1 40 0
ARM GAS  C:\Users\ujjjh\AppData\Local\Temp\ccsNC9Pb.s 			page 3


  75 002c FFF7FEFF 		bl	PWM_1_Start
  76              	.LVL10:
  41:main.c        ****        Counter_1_Start();
  77              		.loc 1 41 0
  78 0030 FFF7FEFF 		bl	Counter_1_Start
  79              	.LVL11:
  42:main.c        ****        isr_1_Start(); 
  80              		.loc 1 42 0
  81 0034 FFF7FEFF 		bl	isr_1_Start
  82              	.LVL12:
  43:main.c        ****       
  44:main.c        ****     
  45:main.c        ****        VDAC_1_Start();
  83              		.loc 1 45 0
  84 0038 FFF7FEFF 		bl	VDAC_1_Start
  85              	.LVL13:
  46:main.c        ****        PGA_2_Start();
  86              		.loc 1 46 0
  87 003c FFF7FEFF 		bl	PGA_2_Start
  88              	.LVL14:
  47:main.c        ****        ADC_2_Start();
  89              		.loc 1 47 0
  90 0040 FFF7FEFF 		bl	ADC_2_Start
  91              	.LVL15:
  48:main.c        ****        ADC_2_StartConvert();
  92              		.loc 1 48 0
  93 0044 FFF7FEFF 		bl	ADC_2_StartConvert
  94              	.LVL16:
  95              	.L7:
  49:main.c        ****     
  50:main.c        ****     for(;;) 
  51:main.c        ****     {
  52:main.c        ****       
  53:main.c        ****                 if (ADC_1_IsEndConversion(ADC_1_WAIT_FOR_RESULT))
  96              		.loc 1 53 0
  97 0048 0020     		movs	r0, #0
  98 004a FFF7FEFF 		bl	ADC_1_IsEndConversion
  99              	.LVL17:
 100 004e 88B1     		cbz	r0, .L2
  54:main.c        ****                 {
  55:main.c        ****                     result_Temperatur = ADC_1_GetResult16(); 
 101              		.loc 1 55 0
 102 0050 FFF7FEFF 		bl	ADC_1_GetResult16
 103              	.LVL18:
 104 0054 80B2     		uxth	r0, r0
 105 0056 2E4B     		ldr	r3, .L9
 106 0058 1880     		strh	r0, [r3]	@ movhi
  56:main.c        ****                     var_Temperatur=result_Temperatur+4096;
 107              		.loc 1 56 0
 108 005a 00F58052 		add	r2, r0, #4096
 109 005e 92B2     		uxth	r2, r2
 110 0060 2C4B     		ldr	r3, .L9+4
 111 0062 1A80     		strh	r2, [r3]	@ movhi
  57:main.c        ****                 
  58:main.c        ****             
  59:main.c        ****                     sprintf(buffer, "%x", var_Temperatur );
 112              		.loc 1 59 0
ARM GAS  C:\Users\ujjjh\AppData\Local\Temp\ccsNC9Pb.s 			page 4


 113 0064 2C4C     		ldr	r4, .L9+8
 114 0066 2D49     		ldr	r1, .L9+12
 115 0068 2046     		mov	r0, r4
 116 006a FFF7FEFF 		bl	sprintf
 117              	.LVL19:
  60:main.c        ****                     UART_1_PutString(buffer);
 118              		.loc 1 60 0
 119 006e 2046     		mov	r0, r4
 120 0070 FFF7FEFF 		bl	UART_1_PutString
 121              	.LVL20:
 122              	.L2:
  61:main.c        ****                     
  62:main.c        ****                 }
  63:main.c        ****                 CyDelay(100);
 123              		.loc 1 63 0
 124 0074 6420     		movs	r0, #100
 125 0076 FFF7FEFF 		bl	CyDelay
 126              	.LVL21:
 127              	.L3:
  64:main.c        ****   
  65:main.c        ****                 while(intr==0)
 128              		.loc 1 65 0 discriminator 1
 129 007a 294B     		ldr	r3, .L9+16
 130 007c 1B68     		ldr	r3, [r3]
 131 007e 002B     		cmp	r3, #0
 132 0080 FBD0     		beq	.L3
  66:main.c        ****                 {
  67:main.c        ****                 }
  68:main.c        ****                 intr = 0;
 133              		.loc 1 68 0
 134 0082 0020     		movs	r0, #0
 135 0084 264B     		ldr	r3, .L9+16
 136 0086 1860     		str	r0, [r3]
  69:main.c        ****                 Counter_1_WriteCounter(0);
 137              		.loc 1 69 0
 138 0088 FFF7FEFF 		bl	Counter_1_WriteCounter
 139              	.LVL22:
  70:main.c        ****                 PWM_1_ReadStatusRegister();
 140              		.loc 1 70 0
 141 008c FFF7FEFF 		bl	PWM_1_ReadStatusRegister
 142              	.LVL23:
 143              	.L4:
  71:main.c        ****                
  72:main.c        ****                 while(intr==0)
 144              		.loc 1 72 0 discriminator 1
 145 0090 234B     		ldr	r3, .L9+16
 146 0092 1B68     		ldr	r3, [r3]
 147 0094 002B     		cmp	r3, #0
 148 0096 FBD0     		beq	.L4
  73:main.c        ****                 {
  74:main.c        ****                 }
  75:main.c        ****                 if(intr==1)
 149              		.loc 1 75 0
 150 0098 214B     		ldr	r3, .L9+16
 151 009a 1B68     		ldr	r3, [r3]
 152 009c 012B     		cmp	r3, #1
 153 009e 1AD1     		bne	.L5
ARM GAS  C:\Users\ujjjh\AppData\Local\Temp\ccsNC9Pb.s 			page 5


  76:main.c        ****                 {
  77:main.c        ****                     result_Feuchte=Counter_1_ReadCounter();
 154              		.loc 1 77 0
 155 00a0 FFF7FEFF 		bl	Counter_1_ReadCounter
 156              	.LVL24:
 157 00a4 1F4C     		ldr	r4, .L9+20
 158 00a6 2080     		strh	r0, [r4]	@ movhi
  78:main.c        ****                     PWM_1_ReadStatusRegister();
 159              		.loc 1 78 0
 160 00a8 FFF7FEFF 		bl	PWM_1_ReadStatusRegister
 161              	.LVL25:
  79:main.c        ****                     Counter_1_Stop();
 162              		.loc 1 79 0
 163 00ac FFF7FEFF 		bl	Counter_1_Stop
 164              	.LVL26:
  80:main.c        ****                     Counter_1_Init();
 165              		.loc 1 80 0
 166 00b0 FFF7FEFF 		bl	Counter_1_Init
 167              	.LVL27:
  81:main.c        ****                     intr = 0;
 168              		.loc 1 81 0
 169 00b4 0022     		movs	r2, #0
 170 00b6 1A4B     		ldr	r3, .L9+16
 171 00b8 1A60     		str	r2, [r3]
  82:main.c        ****             
  83:main.c        ****                     var_Feuchte=result_Feuchte+8192;
 172              		.loc 1 83 0
 173 00ba 2288     		ldrh	r2, [r4]
 174 00bc 02F50052 		add	r2, r2, #8192
 175 00c0 92B2     		uxth	r2, r2
 176 00c2 194B     		ldr	r3, .L9+24
 177 00c4 1A80     		strh	r2, [r3]	@ movhi
  84:main.c        ****                     sprintf(buffer,"%x", var_Feuchte);
 178              		.loc 1 84 0
 179 00c6 144C     		ldr	r4, .L9+8
 180 00c8 1449     		ldr	r1, .L9+12
 181 00ca 2046     		mov	r0, r4
 182 00cc FFF7FEFF 		bl	sprintf
 183              	.LVL28:
  85:main.c        ****                     UART_1_PutString(buffer);
 184              		.loc 1 85 0
 185 00d0 2046     		mov	r0, r4
 186 00d2 FFF7FEFF 		bl	UART_1_PutString
 187              	.LVL29:
 188              	.L5:
  86:main.c        ****                 
  87:main.c        ****                 }
  88:main.c        ****                 
  89:main.c        ****                 CyDelay(100);
 189              		.loc 1 89 0
 190 00d6 6420     		movs	r0, #100
 191 00d8 FFF7FEFF 		bl	CyDelay
 192              	.LVL30:
  90:main.c        ****                 
  91:main.c        ****                 if(ADC_2_IsEndConversion(ADC_2_WAIT_FOR_RESULT))
 193              		.loc 1 91 0
 194 00dc 0020     		movs	r0, #0
ARM GAS  C:\Users\ujjjh\AppData\Local\Temp\ccsNC9Pb.s 			page 6


 195 00de FFF7FEFF 		bl	ADC_2_IsEndConversion
 196              	.LVL31:
 197 00e2 88B1     		cbz	r0, .L6
  92:main.c        ****                 {
  93:main.c        ****                     result_Druck = ADC_2_GetResult16(); 
 198              		.loc 1 93 0
 199 00e4 FFF7FEFF 		bl	ADC_2_GetResult16
 200              	.LVL32:
 201 00e8 80B2     		uxth	r0, r0
 202 00ea 104B     		ldr	r3, .L9+28
 203 00ec 1880     		strh	r0, [r3]	@ movhi
  94:main.c        ****                     var_Druck=result_Druck+12288;
 204              		.loc 1 94 0
 205 00ee 00F54052 		add	r2, r0, #12288
 206 00f2 92B2     		uxth	r2, r2
 207 00f4 0E4B     		ldr	r3, .L9+32
 208 00f6 1A80     		strh	r2, [r3]	@ movhi
  95:main.c        ****                    
  96:main.c        ****                     sprintf(buffer, "%x", var_Druck );
 209              		.loc 1 96 0
 210 00f8 074C     		ldr	r4, .L9+8
 211 00fa 0849     		ldr	r1, .L9+12
 212 00fc 2046     		mov	r0, r4
 213 00fe FFF7FEFF 		bl	sprintf
 214              	.LVL33:
  97:main.c        ****                     UART_1_PutString(buffer);
 215              		.loc 1 97 0
 216 0102 2046     		mov	r0, r4
 217 0104 FFF7FEFF 		bl	UART_1_PutString
 218              	.LVL34:
 219              	.L6:
  98:main.c        ****                     
  99:main.c        ****                 }
 100:main.c        ****                 CyDelay(100);
 220              		.loc 1 100 0
 221 0108 6420     		movs	r0, #100
 222 010a FFF7FEFF 		bl	CyDelay
 223              	.LVL35:
 101:main.c        ****                 
 102:main.c        ****     }
 224              		.loc 1 102 0
 225 010e 9BE7     		b	.L7
 226              	.L10:
 227              		.align	2
 228              	.L9:
 229 0110 00000000 		.word	result_Temperatur
 230 0114 00000000 		.word	var_Temperatur
 231 0118 00000000 		.word	buffer
 232 011c 00000000 		.word	.LC0
 233 0120 00000000 		.word	intr
 234 0124 00000000 		.word	result_Feuchte
 235 0128 00000000 		.word	var_Feuchte
 236 012c 00000000 		.word	result_Druck
 237 0130 00000000 		.word	var_Druck
 238              		.cfi_endproc
 239              	.LFE64:
 240              		.size	main, .-main
ARM GAS  C:\Users\ujjjh\AppData\Local\Temp\ccsNC9Pb.s 			page 7


 241              		.comm	i,4,4
 242              		.comm	result_Temperatur,2,2
 243              		.comm	result_Druck,2,2
 244              		.comm	result_Feuchte,2,2
 245              		.comm	var_Feuchte,2,2
 246              		.comm	var_Druck,2,2
 247              		.comm	var_Temperatur,2,2
 248              		.comm	buffer,30,4
 249              		.section	.rodata.str1.4,"aMS",%progbits,1
 250              		.align	2
 251              	.LC0:
 252 0000 257800   		.ascii	"%x\000"
 253              		.text
 254              	.Letext0:
 255              		.file 2 "c:\\program files (x86)\\cypress\\psoc creator\\4.2\\psoc creator\\import\\gnu\\arm\\5.4.
 256              		.file 3 "c:\\program files (x86)\\cypress\\psoc creator\\4.2\\psoc creator\\import\\gnu\\arm\\5.4.
 257              		.file 4 "Generated_Source\\PSoC5/cytypes.h"
 258              		.file 5 "Generated_Source\\PSoC5/core_cm3.h"
 259              		.file 6 "Generated_Source\\PSoC5/UART_1.h"
 260              		.file 7 "Generated_Source\\PSoC5/PGA_1.h"
 261              		.file 8 "Generated_Source\\PSoC5/ADC_1.h"
 262              		.file 9 "Generated_Source\\PSoC5/Trigger_1.h"
 263              		.file 10 "Generated_Source\\PSoC5/Threshold_1.h"
 264              		.file 11 "Generated_Source\\PSoC5/Comp_1.h"
 265              		.file 12 "Generated_Source\\PSoC5/Comp_2.h"
 266              		.file 13 "Generated_Source\\PSoC5/Clock_1.h"
 267              		.file 14 "Generated_Source\\PSoC5/Clock_2.h"
 268              		.file 15 "Generated_Source\\PSoC5/PWM_1.h"
 269              		.file 16 "Generated_Source\\PSoC5/Counter_1.h"
 270              		.file 17 "Generated_Source\\PSoC5/isr_1.h"
 271              		.file 18 "Generated_Source\\PSoC5/VDAC_1.h"
 272              		.file 19 "Generated_Source\\PSoC5/PGA_2.h"
 273              		.file 20 "Generated_Source\\PSoC5/ADC_2.h"
 274              		.file 21 "c:\\program files (x86)\\cypress\\psoc creator\\4.2\\psoc creator\\import\\gnu\\arm\\5.4
 275              		.file 22 "Generated_Source\\PSoC5/CyLib.h"
 276              		.section	.debug_info,"",%progbits
 277              	.Ldebug_info0:
 278 0000 99040000 		.4byte	0x499
 279 0004 0400     		.2byte	0x4
 280 0006 00000000 		.4byte	.Ldebug_abbrev0
 281 000a 04       		.byte	0x4
 282 000b 01       		.uleb128 0x1
 283 000c E8000000 		.4byte	.LASF55
 284 0010 0C       		.byte	0xc
 285 0011 C2020000 		.4byte	.LASF56
 286 0015 F6020000 		.4byte	.LASF57
 287 0019 00000000 		.4byte	.Ldebug_ranges0+0
 288 001d 00000000 		.4byte	0
 289 0021 00000000 		.4byte	.Ldebug_line0
 290 0025 02       		.uleb128 0x2
 291 0026 01       		.byte	0x1
 292 0027 06       		.byte	0x6
 293 0028 66030000 		.4byte	.LASF0
 294 002c 02       		.uleb128 0x2
 295 002d 01       		.byte	0x1
 296 002e 08       		.byte	0x8
 297 002f DA000000 		.4byte	.LASF1
ARM GAS  C:\Users\ujjjh\AppData\Local\Temp\ccsNC9Pb.s 			page 8


 298 0033 02       		.uleb128 0x2
 299 0034 02       		.byte	0x2
 300 0035 05       		.byte	0x5
 301 0036 EC020000 		.4byte	.LASF2
 302 003a 02       		.uleb128 0x2
 303 003b 02       		.byte	0x2
 304 003c 07       		.byte	0x7
 305 003d 72030000 		.4byte	.LASF3
 306 0041 03       		.uleb128 0x3
 307 0042 66000000 		.4byte	.LASF9
 308 0046 02       		.byte	0x2
 309 0047 3F       		.byte	0x3f
 310 0048 4C000000 		.4byte	0x4c
 311 004c 02       		.uleb128 0x2
 312 004d 04       		.byte	0x4
 313 004e 05       		.byte	0x5
 314 004f B4010000 		.4byte	.LASF4
 315 0053 02       		.uleb128 0x2
 316 0054 04       		.byte	0x4
 317 0055 07       		.byte	0x7
 318 0056 96010000 		.4byte	.LASF5
 319 005a 02       		.uleb128 0x2
 320 005b 08       		.byte	0x8
 321 005c 05       		.byte	0x5
 322 005d 00000000 		.4byte	.LASF6
 323 0061 02       		.uleb128 0x2
 324 0062 08       		.byte	0x8
 325 0063 07       		.byte	0x7
 326 0064 45020000 		.4byte	.LASF7
 327 0068 04       		.uleb128 0x4
 328 0069 04       		.byte	0x4
 329 006a 05       		.byte	0x5
 330 006b 696E7400 		.ascii	"int\000"
 331 006f 02       		.uleb128 0x2
 332 0070 04       		.byte	0x4
 333 0071 07       		.byte	0x7
 334 0072 2B020000 		.4byte	.LASF8
 335 0076 03       		.uleb128 0x3
 336 0077 81020000 		.4byte	.LASF10
 337 007b 03       		.byte	0x3
 338 007c 2C       		.byte	0x2c
 339 007d 41000000 		.4byte	0x41
 340 0081 05       		.uleb128 0x5
 341 0082 05020000 		.4byte	.LASF11
 342 0086 04       		.byte	0x4
 343 0087 E501     		.2byte	0x1e5
 344 0089 3A000000 		.4byte	0x3a
 345 008d 02       		.uleb128 0x2
 346 008e 04       		.byte	0x4
 347 008f 04       		.byte	0x4
 348 0090 BE000000 		.4byte	.LASF12
 349 0094 02       		.uleb128 0x2
 350 0095 08       		.byte	0x8
 351 0096 04       		.byte	0x4
 352 0097 9A000000 		.4byte	.LASF13
 353 009b 02       		.uleb128 0x2
 354 009c 01       		.byte	0x1
ARM GAS  C:\Users\ujjjh\AppData\Local\Temp\ccsNC9Pb.s 			page 9


 355 009d 08       		.byte	0x8
 356 009e C9020000 		.4byte	.LASF14
 357 00a2 02       		.uleb128 0x2
 358 00a3 08       		.byte	0x8
 359 00a4 04       		.byte	0x4
 360 00a5 5A030000 		.4byte	.LASF15
 361 00a9 02       		.uleb128 0x2
 362 00aa 04       		.byte	0x4
 363 00ab 07       		.byte	0x7
 364 00ac 89020000 		.4byte	.LASF16
 365 00b0 06       		.uleb128 0x6
 366 00b1 00020000 		.4byte	.LASF58
 367 00b5 01       		.byte	0x1
 368 00b6 19       		.byte	0x19
 369 00b7 68000000 		.4byte	0x68
 370 00bb 00000000 		.4byte	.LFB64
 371 00bf 34010000 		.4byte	.LFE64-.LFB64
 372 00c3 01       		.uleb128 0x1
 373 00c4 9C       		.byte	0x9c
 374 00c5 A6020000 		.4byte	0x2a6
 375 00c9 07       		.uleb128 0x7
 376 00ca 08000000 		.4byte	.LVL0
 377 00ce 5D030000 		.4byte	0x35d
 378 00d2 07       		.uleb128 0x7
 379 00d3 0C000000 		.4byte	.LVL1
 380 00d7 68030000 		.4byte	0x368
 381 00db 07       		.uleb128 0x7
 382 00dc 10000000 		.4byte	.LVL2
 383 00e0 73030000 		.4byte	0x373
 384 00e4 07       		.uleb128 0x7
 385 00e5 14000000 		.4byte	.LVL3
 386 00e9 7E030000 		.4byte	0x37e
 387 00ed 07       		.uleb128 0x7
 388 00ee 18000000 		.4byte	.LVL4
 389 00f2 89030000 		.4byte	0x389
 390 00f6 07       		.uleb128 0x7
 391 00f7 1C000000 		.4byte	.LVL5
 392 00fb 94030000 		.4byte	0x394
 393 00ff 07       		.uleb128 0x7
 394 0100 20000000 		.4byte	.LVL6
 395 0104 9F030000 		.4byte	0x39f
 396 0108 07       		.uleb128 0x7
 397 0109 24000000 		.4byte	.LVL7
 398 010d AA030000 		.4byte	0x3aa
 399 0111 07       		.uleb128 0x7
 400 0112 28000000 		.4byte	.LVL8
 401 0116 B5030000 		.4byte	0x3b5
 402 011a 07       		.uleb128 0x7
 403 011b 2C000000 		.4byte	.LVL9
 404 011f C0030000 		.4byte	0x3c0
 405 0123 07       		.uleb128 0x7
 406 0124 30000000 		.4byte	.LVL10
 407 0128 CB030000 		.4byte	0x3cb
 408 012c 07       		.uleb128 0x7
 409 012d 34000000 		.4byte	.LVL11
 410 0131 D6030000 		.4byte	0x3d6
 411 0135 07       		.uleb128 0x7
ARM GAS  C:\Users\ujjjh\AppData\Local\Temp\ccsNC9Pb.s 			page 10


 412 0136 38000000 		.4byte	.LVL12
 413 013a E1030000 		.4byte	0x3e1
 414 013e 07       		.uleb128 0x7
 415 013f 3C000000 		.4byte	.LVL13
 416 0143 EC030000 		.4byte	0x3ec
 417 0147 07       		.uleb128 0x7
 418 0148 40000000 		.4byte	.LVL14
 419 014c F7030000 		.4byte	0x3f7
 420 0150 07       		.uleb128 0x7
 421 0151 44000000 		.4byte	.LVL15
 422 0155 02040000 		.4byte	0x402
 423 0159 07       		.uleb128 0x7
 424 015a 48000000 		.4byte	.LVL16
 425 015e 0D040000 		.4byte	0x40d
 426 0162 08       		.uleb128 0x8
 427 0163 4E000000 		.4byte	.LVL17
 428 0167 18040000 		.4byte	0x418
 429 016b 75010000 		.4byte	0x175
 430 016f 09       		.uleb128 0x9
 431 0170 01       		.uleb128 0x1
 432 0171 50       		.byte	0x50
 433 0172 01       		.uleb128 0x1
 434 0173 30       		.byte	0x30
 435 0174 00       		.byte	0
 436 0175 07       		.uleb128 0x7
 437 0176 54000000 		.4byte	.LVL18
 438 017a 23040000 		.4byte	0x423
 439 017e 08       		.uleb128 0x8
 440 017f 6E000000 		.4byte	.LVL19
 441 0183 2E040000 		.4byte	0x42e
 442 0187 9B010000 		.4byte	0x19b
 443 018b 09       		.uleb128 0x9
 444 018c 01       		.uleb128 0x1
 445 018d 50       		.byte	0x50
 446 018e 02       		.uleb128 0x2
 447 018f 74       		.byte	0x74
 448 0190 00       		.sleb128 0
 449 0191 09       		.uleb128 0x9
 450 0192 01       		.uleb128 0x1
 451 0193 51       		.byte	0x51
 452 0194 05       		.uleb128 0x5
 453 0195 03       		.byte	0x3
 454 0196 00000000 		.4byte	.LC0
 455 019a 00       		.byte	0
 456 019b 08       		.uleb128 0x8
 457 019c 74000000 		.4byte	.LVL20
 458 01a0 39040000 		.4byte	0x439
 459 01a4 AF010000 		.4byte	0x1af
 460 01a8 09       		.uleb128 0x9
 461 01a9 01       		.uleb128 0x1
 462 01aa 50       		.byte	0x50
 463 01ab 02       		.uleb128 0x2
 464 01ac 74       		.byte	0x74
 465 01ad 00       		.sleb128 0
 466 01ae 00       		.byte	0
 467 01af 08       		.uleb128 0x8
 468 01b0 7A000000 		.4byte	.LVL21
ARM GAS  C:\Users\ujjjh\AppData\Local\Temp\ccsNC9Pb.s 			page 11


 469 01b4 44040000 		.4byte	0x444
 470 01b8 C3010000 		.4byte	0x1c3
 471 01bc 09       		.uleb128 0x9
 472 01bd 01       		.uleb128 0x1
 473 01be 50       		.byte	0x50
 474 01bf 02       		.uleb128 0x2
 475 01c0 08       		.byte	0x8
 476 01c1 64       		.byte	0x64
 477 01c2 00       		.byte	0
 478 01c3 08       		.uleb128 0x8
 479 01c4 8C000000 		.4byte	.LVL22
 480 01c8 4F040000 		.4byte	0x44f
 481 01cc D6010000 		.4byte	0x1d6
 482 01d0 09       		.uleb128 0x9
 483 01d1 01       		.uleb128 0x1
 484 01d2 50       		.byte	0x50
 485 01d3 01       		.uleb128 0x1
 486 01d4 30       		.byte	0x30
 487 01d5 00       		.byte	0
 488 01d6 07       		.uleb128 0x7
 489 01d7 90000000 		.4byte	.LVL23
 490 01db 5A040000 		.4byte	0x45a
 491 01df 07       		.uleb128 0x7
 492 01e0 A4000000 		.4byte	.LVL24
 493 01e4 65040000 		.4byte	0x465
 494 01e8 07       		.uleb128 0x7
 495 01e9 AC000000 		.4byte	.LVL25
 496 01ed 5A040000 		.4byte	0x45a
 497 01f1 07       		.uleb128 0x7
 498 01f2 B0000000 		.4byte	.LVL26
 499 01f6 70040000 		.4byte	0x470
 500 01fa 07       		.uleb128 0x7
 501 01fb B4000000 		.4byte	.LVL27
 502 01ff 7B040000 		.4byte	0x47b
 503 0203 08       		.uleb128 0x8
 504 0204 D0000000 		.4byte	.LVL28
 505 0208 2E040000 		.4byte	0x42e
 506 020c 20020000 		.4byte	0x220
 507 0210 09       		.uleb128 0x9
 508 0211 01       		.uleb128 0x1
 509 0212 50       		.byte	0x50
 510 0213 02       		.uleb128 0x2
 511 0214 74       		.byte	0x74
 512 0215 00       		.sleb128 0
 513 0216 09       		.uleb128 0x9
 514 0217 01       		.uleb128 0x1
 515 0218 51       		.byte	0x51
 516 0219 05       		.uleb128 0x5
 517 021a 03       		.byte	0x3
 518 021b 00000000 		.4byte	.LC0
 519 021f 00       		.byte	0
 520 0220 08       		.uleb128 0x8
 521 0221 D6000000 		.4byte	.LVL29
 522 0225 39040000 		.4byte	0x439
 523 0229 34020000 		.4byte	0x234
 524 022d 09       		.uleb128 0x9
 525 022e 01       		.uleb128 0x1
ARM GAS  C:\Users\ujjjh\AppData\Local\Temp\ccsNC9Pb.s 			page 12


 526 022f 50       		.byte	0x50
 527 0230 02       		.uleb128 0x2
 528 0231 74       		.byte	0x74
 529 0232 00       		.sleb128 0
 530 0233 00       		.byte	0
 531 0234 08       		.uleb128 0x8
 532 0235 DC000000 		.4byte	.LVL30
 533 0239 44040000 		.4byte	0x444
 534 023d 48020000 		.4byte	0x248
 535 0241 09       		.uleb128 0x9
 536 0242 01       		.uleb128 0x1
 537 0243 50       		.byte	0x50
 538 0244 02       		.uleb128 0x2
 539 0245 08       		.byte	0x8
 540 0246 64       		.byte	0x64
 541 0247 00       		.byte	0
 542 0248 08       		.uleb128 0x8
 543 0249 E2000000 		.4byte	.LVL31
 544 024d 86040000 		.4byte	0x486
 545 0251 5B020000 		.4byte	0x25b
 546 0255 09       		.uleb128 0x9
 547 0256 01       		.uleb128 0x1
 548 0257 50       		.byte	0x50
 549 0258 01       		.uleb128 0x1
 550 0259 30       		.byte	0x30
 551 025a 00       		.byte	0
 552 025b 07       		.uleb128 0x7
 553 025c E8000000 		.4byte	.LVL32
 554 0260 91040000 		.4byte	0x491
 555 0264 08       		.uleb128 0x8
 556 0265 02010000 		.4byte	.LVL33
 557 0269 2E040000 		.4byte	0x42e
 558 026d 81020000 		.4byte	0x281
 559 0271 09       		.uleb128 0x9
 560 0272 01       		.uleb128 0x1
 561 0273 50       		.byte	0x50
 562 0274 02       		.uleb128 0x2
 563 0275 74       		.byte	0x74
 564 0276 00       		.sleb128 0
 565 0277 09       		.uleb128 0x9
 566 0278 01       		.uleb128 0x1
 567 0279 51       		.byte	0x51
 568 027a 05       		.uleb128 0x5
 569 027b 03       		.byte	0x3
 570 027c 00000000 		.4byte	.LC0
 571 0280 00       		.byte	0
 572 0281 08       		.uleb128 0x8
 573 0282 08010000 		.4byte	.LVL34
 574 0286 39040000 		.4byte	0x439
 575 028a 95020000 		.4byte	0x295
 576 028e 09       		.uleb128 0x9
 577 028f 01       		.uleb128 0x1
 578 0290 50       		.byte	0x50
 579 0291 02       		.uleb128 0x2
 580 0292 74       		.byte	0x74
 581 0293 00       		.sleb128 0
 582 0294 00       		.byte	0
ARM GAS  C:\Users\ujjjh\AppData\Local\Temp\ccsNC9Pb.s 			page 13


 583 0295 0A       		.uleb128 0xa
 584 0296 0E010000 		.4byte	.LVL35
 585 029a 44040000 		.4byte	0x444
 586 029e 09       		.uleb128 0x9
 587 029f 01       		.uleb128 0x1
 588 02a0 50       		.byte	0x50
 589 02a1 02       		.uleb128 0x2
 590 02a2 08       		.byte	0x8
 591 02a3 64       		.byte	0x64
 592 02a4 00       		.byte	0
 593 02a5 00       		.byte	0
 594 02a6 0B       		.uleb128 0xb
 595 02a7 BD010000 		.4byte	.LASF17
 596 02ab 05       		.byte	0x5
 597 02ac 1207     		.2byte	0x712
 598 02ae B2020000 		.4byte	0x2b2
 599 02b2 0C       		.uleb128 0xc
 600 02b3 76000000 		.4byte	0x76
 601 02b7 0D       		.uleb128 0xd
 602 02b8 9B000000 		.4byte	0x9b
 603 02bc C7020000 		.4byte	0x2c7
 604 02c0 0E       		.uleb128 0xe
 605 02c1 A9000000 		.4byte	0xa9
 606 02c5 1D       		.byte	0x1d
 607 02c6 00       		.byte	0
 608 02c7 0F       		.uleb128 0xf
 609 02c8 2D030000 		.4byte	.LASF18
 610 02cc 01       		.byte	0x1
 611 02cd 0F       		.byte	0xf
 612 02ce B7020000 		.4byte	0x2b7
 613 02d2 05       		.uleb128 0x5
 614 02d3 03       		.byte	0x3
 615 02d4 00000000 		.4byte	buffer
 616 02d8 0F       		.uleb128 0xf
 617 02d9 7C000000 		.4byte	.LASF19
 618 02dd 01       		.byte	0x1
 619 02de 10       		.byte	0x10
 620 02df 81000000 		.4byte	0x81
 621 02e3 05       		.uleb128 0x5
 622 02e4 03       		.byte	0x3
 623 02e5 00000000 		.4byte	var_Temperatur
 624 02e9 0F       		.uleb128 0xf
 625 02ea 40030000 		.4byte	.LASF20
 626 02ee 01       		.byte	0x1
 627 02ef 11       		.byte	0x11
 628 02f0 81000000 		.4byte	0x81
 629 02f4 05       		.uleb128 0x5
 630 02f5 03       		.byte	0x3
 631 02f6 00000000 		.4byte	var_Druck
 632 02fa 0F       		.uleb128 0xf
 633 02fb A8010000 		.4byte	.LASF21
 634 02ff 01       		.byte	0x1
 635 0300 12       		.byte	0x12
 636 0301 81000000 		.4byte	0x81
 637 0305 05       		.uleb128 0x5
 638 0306 03       		.byte	0x3
 639 0307 00000000 		.4byte	var_Feuchte
ARM GAS  C:\Users\ujjjh\AppData\Local\Temp\ccsNC9Pb.s 			page 14


 640 030b 0F       		.uleb128 0xf
 641 030c 8B000000 		.4byte	.LASF22
 642 0310 01       		.byte	0x1
 643 0311 13       		.byte	0x13
 644 0312 81000000 		.4byte	0x81
 645 0316 05       		.uleb128 0x5
 646 0317 03       		.byte	0x3
 647 0318 00000000 		.4byte	result_Feuchte
 648 031c 0F       		.uleb128 0xf
 649 031d A1000000 		.4byte	.LASF23
 650 0321 01       		.byte	0x1
 651 0322 14       		.byte	0x14
 652 0323 81000000 		.4byte	0x81
 653 0327 05       		.uleb128 0x5
 654 0328 03       		.byte	0x3
 655 0329 00000000 		.4byte	result_Druck
 656 032d 0F       		.uleb128 0xf
 657 032e DA020000 		.4byte	.LASF24
 658 0332 01       		.byte	0x1
 659 0333 15       		.byte	0x15
 660 0334 81000000 		.4byte	0x81
 661 0338 05       		.uleb128 0x5
 662 0339 03       		.byte	0x3
 663 033a 00000000 		.4byte	result_Temperatur
 664 033e 10       		.uleb128 0x10
 665 033f B5030000 		.4byte	.LASF25
 666 0343 01       		.byte	0x1
 667 0344 16       		.byte	0x16
 668 0345 49030000 		.4byte	0x349
 669 0349 0C       		.uleb128 0xc
 670 034a 68000000 		.4byte	0x68
 671 034e 11       		.uleb128 0x11
 672 034f 6900     		.ascii	"i\000"
 673 0351 01       		.byte	0x1
 674 0352 17       		.byte	0x17
 675 0353 68000000 		.4byte	0x68
 676 0357 05       		.uleb128 0x5
 677 0358 03       		.byte	0x3
 678 0359 00000000 		.4byte	i
 679 035d 12       		.uleb128 0x12
 680 035e 1B000000 		.4byte	.LASF26
 681 0362 1B000000 		.4byte	.LASF26
 682 0366 06       		.byte	0x6
 683 0367 54       		.byte	0x54
 684 0368 12       		.uleb128 0x12
 685 0369 1F020000 		.4byte	.LASF27
 686 036d 1F020000 		.4byte	.LASF27
 687 0371 07       		.byte	0x7
 688 0372 3E       		.byte	0x3e
 689 0373 12       		.uleb128 0x12
 690 0374 CE020000 		.4byte	.LASF28
 691 0378 CE020000 		.4byte	.LASF28
 692 037c 08       		.byte	0x8
 693 037d 34       		.byte	0x34
 694 037e 12       		.uleb128 0x12
 695 037f 0C020000 		.4byte	.LASF29
 696 0383 0C020000 		.4byte	.LASF29
ARM GAS  C:\Users\ujjjh\AppData\Local\Temp\ccsNC9Pb.s 			page 15


 697 0387 08       		.byte	0x8
 698 0388 D1       		.byte	0xd1
 699 0389 12       		.uleb128 0x12
 700 038a AE000000 		.4byte	.LASF30
 701 038e AE000000 		.4byte	.LASF30
 702 0392 09       		.byte	0x9
 703 0393 33       		.byte	0x33
 704 0394 12       		.uleb128 0x12
 705 0395 D8010000 		.4byte	.LASF31
 706 0399 D8010000 		.4byte	.LASF31
 707 039d 0A       		.byte	0xa
 708 039e 33       		.byte	0x33
 709 039f 12       		.uleb128 0x12
 710 03a0 0E000000 		.4byte	.LASF32
 711 03a4 0E000000 		.4byte	.LASF32
 712 03a8 0B       		.byte	0xb
 713 03a9 3F       		.byte	0x3f
 714 03aa 12       		.uleb128 0x12
 715 03ab 3B000000 		.4byte	.LASF33
 716 03af 3B000000 		.4byte	.LASF33
 717 03b3 0C       		.byte	0xc
 718 03b4 3F       		.byte	0x3f
 719 03b5 12       		.uleb128 0x12
 720 03b6 76010000 		.4byte	.LASF34
 721 03ba 76010000 		.4byte	.LASF34
 722 03be 0D       		.byte	0xd
 723 03bf 27       		.byte	0x27
 724 03c0 12       		.uleb128 0x12
 725 03c1 CA010000 		.4byte	.LASF35
 726 03c5 CA010000 		.4byte	.LASF35
 727 03c9 0E       		.byte	0xe
 728 03ca 27       		.byte	0x27
 729 03cb 12       		.uleb128 0x12
 730 03cc BA030000 		.4byte	.LASF36
 731 03d0 BA030000 		.4byte	.LASF36
 732 03d4 0F       		.byte	0xf
 733 03d5 92       		.byte	0x92
 734 03d6 12       		.uleb128 0x12
 735 03d7 4A030000 		.4byte	.LASF37
 736 03db 4A030000 		.4byte	.LASF37
 737 03df 10       		.byte	0x10
 738 03e0 4F       		.byte	0x4f
 739 03e1 12       		.uleb128 0x12
 740 03e2 70000000 		.4byte	.LASF38
 741 03e6 70000000 		.4byte	.LASF38
 742 03ea 11       		.byte	0x11
 743 03eb 17       		.byte	0x17
 744 03ec 12       		.uleb128 0x12
 745 03ed 38020000 		.4byte	.LASF39
 746 03f1 38020000 		.4byte	.LASF39
 747 03f5 12       		.byte	0x12
 748 03f6 33       		.byte	0x33
 749 03f7 12       		.uleb128 0x12
 750 03f8 5A000000 		.4byte	.LASF40
 751 03fc 5A000000 		.4byte	.LASF40
 752 0400 13       		.byte	0x13
 753 0401 3E       		.byte	0x3e
ARM GAS  C:\Users\ujjjh\AppData\Local\Temp\ccsNC9Pb.s 			page 16


 754 0402 12       		.uleb128 0x12
 755 0403 34030000 		.4byte	.LASF41
 756 0407 34030000 		.4byte	.LASF41
 757 040b 14       		.byte	0x14
 758 040c 34       		.byte	0x34
 759 040d 12       		.uleb128 0x12
 760 040e 28000000 		.4byte	.LASF42
 761 0412 28000000 		.4byte	.LASF42
 762 0416 14       		.byte	0x14
 763 0417 D1       		.byte	0xd1
 764 0418 12       		.uleb128 0x12
 765 0419 C4000000 		.4byte	.LASF43
 766 041d C4000000 		.4byte	.LASF43
 767 0421 08       		.byte	0x8
 768 0422 39       		.byte	0x39
 769 0423 12       		.uleb128 0x12
 770 0424 84010000 		.4byte	.LASF44
 771 0428 84010000 		.4byte	.LASF44
 772 042c 08       		.byte	0x8
 773 042d 3B       		.byte	0x3b
 774 042e 12       		.uleb128 0x12
 775 042f A5030000 		.4byte	.LASF45
 776 0433 A5030000 		.4byte	.LASF45
 777 0437 15       		.byte	0x15
 778 0438 E7       		.byte	0xe7
 779 0439 12       		.uleb128 0x12
 780 043a 85030000 		.4byte	.LASF46
 781 043e 85030000 		.4byte	.LASF46
 782 0442 06       		.byte	0x6
 783 0443 8B       		.byte	0x8b
 784 0444 12       		.uleb128 0x12
 785 0445 AD030000 		.4byte	.LASF47
 786 0449 AD030000 		.4byte	.LASF47
 787 044d 16       		.byte	0x16
 788 044e 76       		.byte	0x76
 789 044f 12       		.uleb128 0x12
 790 0450 92020000 		.4byte	.LASF48
 791 0454 92020000 		.4byte	.LASF48
 792 0458 10       		.byte	0x10
 793 0459 5A       		.byte	0x5a
 794 045a 12       		.uleb128 0x12
 795 045b A9020000 		.4byte	.LASF49
 796 045f A9020000 		.4byte	.LASF49
 797 0463 0F       		.byte	0xf
 798 0464 97       		.byte	0x97
 799 0465 12       		.uleb128 0x12
 800 0466 EA010000 		.4byte	.LASF50
 801 046a EA010000 		.4byte	.LASF50
 802 046e 10       		.byte	0x10
 803 046f 5D       		.byte	0x5d
 804 0470 12       		.uleb128 0x12
 805 0471 96030000 		.4byte	.LASF51
 806 0475 96030000 		.4byte	.LASF51
 807 0479 10       		.byte	0x10
 808 047a 50       		.byte	0x50
 809 047b 12       		.uleb128 0x12
 810 047c 5C020000 		.4byte	.LASF52
ARM GAS  C:\Users\ujjjh\AppData\Local\Temp\ccsNC9Pb.s 			page 17


 811 0480 5C020000 		.4byte	.LASF52
 812 0484 10       		.byte	0x10
 813 0485 70       		.byte	0x70
 814 0486 12       		.uleb128 0x12
 815 0487 6B020000 		.4byte	.LASF53
 816 048b 6B020000 		.4byte	.LASF53
 817 048f 14       		.byte	0x14
 818 0490 39       		.byte	0x39
 819 0491 12       		.uleb128 0x12
 820 0492 48000000 		.4byte	.LASF54
 821 0496 48000000 		.4byte	.LASF54
 822 049a 14       		.byte	0x14
 823 049b 3B       		.byte	0x3b
 824 049c 00       		.byte	0
 825              		.section	.debug_abbrev,"",%progbits
 826              	.Ldebug_abbrev0:
 827 0000 01       		.uleb128 0x1
 828 0001 11       		.uleb128 0x11
 829 0002 01       		.byte	0x1
 830 0003 25       		.uleb128 0x25
 831 0004 0E       		.uleb128 0xe
 832 0005 13       		.uleb128 0x13
 833 0006 0B       		.uleb128 0xb
 834 0007 03       		.uleb128 0x3
 835 0008 0E       		.uleb128 0xe
 836 0009 1B       		.uleb128 0x1b
 837 000a 0E       		.uleb128 0xe
 838 000b 55       		.uleb128 0x55
 839 000c 17       		.uleb128 0x17
 840 000d 11       		.uleb128 0x11
 841 000e 01       		.uleb128 0x1
 842 000f 10       		.uleb128 0x10
 843 0010 17       		.uleb128 0x17
 844 0011 00       		.byte	0
 845 0012 00       		.byte	0
 846 0013 02       		.uleb128 0x2
 847 0014 24       		.uleb128 0x24
 848 0015 00       		.byte	0
 849 0016 0B       		.uleb128 0xb
 850 0017 0B       		.uleb128 0xb
 851 0018 3E       		.uleb128 0x3e
 852 0019 0B       		.uleb128 0xb
 853 001a 03       		.uleb128 0x3
 854 001b 0E       		.uleb128 0xe
 855 001c 00       		.byte	0
 856 001d 00       		.byte	0
 857 001e 03       		.uleb128 0x3
 858 001f 16       		.uleb128 0x16
 859 0020 00       		.byte	0
 860 0021 03       		.uleb128 0x3
 861 0022 0E       		.uleb128 0xe
 862 0023 3A       		.uleb128 0x3a
 863 0024 0B       		.uleb128 0xb
 864 0025 3B       		.uleb128 0x3b
 865 0026 0B       		.uleb128 0xb
 866 0027 49       		.uleb128 0x49
 867 0028 13       		.uleb128 0x13
ARM GAS  C:\Users\ujjjh\AppData\Local\Temp\ccsNC9Pb.s 			page 18


 868 0029 00       		.byte	0
 869 002a 00       		.byte	0
 870 002b 04       		.uleb128 0x4
 871 002c 24       		.uleb128 0x24
 872 002d 00       		.byte	0
 873 002e 0B       		.uleb128 0xb
 874 002f 0B       		.uleb128 0xb
 875 0030 3E       		.uleb128 0x3e
 876 0031 0B       		.uleb128 0xb
 877 0032 03       		.uleb128 0x3
 878 0033 08       		.uleb128 0x8
 879 0034 00       		.byte	0
 880 0035 00       		.byte	0
 881 0036 05       		.uleb128 0x5
 882 0037 16       		.uleb128 0x16
 883 0038 00       		.byte	0
 884 0039 03       		.uleb128 0x3
 885 003a 0E       		.uleb128 0xe
 886 003b 3A       		.uleb128 0x3a
 887 003c 0B       		.uleb128 0xb
 888 003d 3B       		.uleb128 0x3b
 889 003e 05       		.uleb128 0x5
 890 003f 49       		.uleb128 0x49
 891 0040 13       		.uleb128 0x13
 892 0041 00       		.byte	0
 893 0042 00       		.byte	0
 894 0043 06       		.uleb128 0x6
 895 0044 2E       		.uleb128 0x2e
 896 0045 01       		.byte	0x1
 897 0046 3F       		.uleb128 0x3f
 898 0047 19       		.uleb128 0x19
 899 0048 03       		.uleb128 0x3
 900 0049 0E       		.uleb128 0xe
 901 004a 3A       		.uleb128 0x3a
 902 004b 0B       		.uleb128 0xb
 903 004c 3B       		.uleb128 0x3b
 904 004d 0B       		.uleb128 0xb
 905 004e 27       		.uleb128 0x27
 906 004f 19       		.uleb128 0x19
 907 0050 49       		.uleb128 0x49
 908 0051 13       		.uleb128 0x13
 909 0052 8701     		.uleb128 0x87
 910 0054 19       		.uleb128 0x19
 911 0055 11       		.uleb128 0x11
 912 0056 01       		.uleb128 0x1
 913 0057 12       		.uleb128 0x12
 914 0058 06       		.uleb128 0x6
 915 0059 40       		.uleb128 0x40
 916 005a 18       		.uleb128 0x18
 917 005b 9742     		.uleb128 0x2117
 918 005d 19       		.uleb128 0x19
 919 005e 01       		.uleb128 0x1
 920 005f 13       		.uleb128 0x13
 921 0060 00       		.byte	0
 922 0061 00       		.byte	0
 923 0062 07       		.uleb128 0x7
 924 0063 898201   		.uleb128 0x4109
ARM GAS  C:\Users\ujjjh\AppData\Local\Temp\ccsNC9Pb.s 			page 19


 925 0066 00       		.byte	0
 926 0067 11       		.uleb128 0x11
 927 0068 01       		.uleb128 0x1
 928 0069 31       		.uleb128 0x31
 929 006a 13       		.uleb128 0x13
 930 006b 00       		.byte	0
 931 006c 00       		.byte	0
 932 006d 08       		.uleb128 0x8
 933 006e 898201   		.uleb128 0x4109
 934 0071 01       		.byte	0x1
 935 0072 11       		.uleb128 0x11
 936 0073 01       		.uleb128 0x1
 937 0074 31       		.uleb128 0x31
 938 0075 13       		.uleb128 0x13
 939 0076 01       		.uleb128 0x1
 940 0077 13       		.uleb128 0x13
 941 0078 00       		.byte	0
 942 0079 00       		.byte	0
 943 007a 09       		.uleb128 0x9
 944 007b 8A8201   		.uleb128 0x410a
 945 007e 00       		.byte	0
 946 007f 02       		.uleb128 0x2
 947 0080 18       		.uleb128 0x18
 948 0081 9142     		.uleb128 0x2111
 949 0083 18       		.uleb128 0x18
 950 0084 00       		.byte	0
 951 0085 00       		.byte	0
 952 0086 0A       		.uleb128 0xa
 953 0087 898201   		.uleb128 0x4109
 954 008a 01       		.byte	0x1
 955 008b 11       		.uleb128 0x11
 956 008c 01       		.uleb128 0x1
 957 008d 31       		.uleb128 0x31
 958 008e 13       		.uleb128 0x13
 959 008f 00       		.byte	0
 960 0090 00       		.byte	0
 961 0091 0B       		.uleb128 0xb
 962 0092 34       		.uleb128 0x34
 963 0093 00       		.byte	0
 964 0094 03       		.uleb128 0x3
 965 0095 0E       		.uleb128 0xe
 966 0096 3A       		.uleb128 0x3a
 967 0097 0B       		.uleb128 0xb
 968 0098 3B       		.uleb128 0x3b
 969 0099 05       		.uleb128 0x5
 970 009a 49       		.uleb128 0x49
 971 009b 13       		.uleb128 0x13
 972 009c 3F       		.uleb128 0x3f
 973 009d 19       		.uleb128 0x19
 974 009e 3C       		.uleb128 0x3c
 975 009f 19       		.uleb128 0x19
 976 00a0 00       		.byte	0
 977 00a1 00       		.byte	0
 978 00a2 0C       		.uleb128 0xc
 979 00a3 35       		.uleb128 0x35
 980 00a4 00       		.byte	0
 981 00a5 49       		.uleb128 0x49
ARM GAS  C:\Users\ujjjh\AppData\Local\Temp\ccsNC9Pb.s 			page 20


 982 00a6 13       		.uleb128 0x13
 983 00a7 00       		.byte	0
 984 00a8 00       		.byte	0
 985 00a9 0D       		.uleb128 0xd
 986 00aa 01       		.uleb128 0x1
 987 00ab 01       		.byte	0x1
 988 00ac 49       		.uleb128 0x49
 989 00ad 13       		.uleb128 0x13
 990 00ae 01       		.uleb128 0x1
 991 00af 13       		.uleb128 0x13
 992 00b0 00       		.byte	0
 993 00b1 00       		.byte	0
 994 00b2 0E       		.uleb128 0xe
 995 00b3 21       		.uleb128 0x21
 996 00b4 00       		.byte	0
 997 00b5 49       		.uleb128 0x49
 998 00b6 13       		.uleb128 0x13
 999 00b7 2F       		.uleb128 0x2f
 1000 00b8 0B       		.uleb128 0xb
 1001 00b9 00       		.byte	0
 1002 00ba 00       		.byte	0
 1003 00bb 0F       		.uleb128 0xf
 1004 00bc 34       		.uleb128 0x34
 1005 00bd 00       		.byte	0
 1006 00be 03       		.uleb128 0x3
 1007 00bf 0E       		.uleb128 0xe
 1008 00c0 3A       		.uleb128 0x3a
 1009 00c1 0B       		.uleb128 0xb
 1010 00c2 3B       		.uleb128 0x3b
 1011 00c3 0B       		.uleb128 0xb
 1012 00c4 49       		.uleb128 0x49
 1013 00c5 13       		.uleb128 0x13
 1014 00c6 3F       		.uleb128 0x3f
 1015 00c7 19       		.uleb128 0x19
 1016 00c8 02       		.uleb128 0x2
 1017 00c9 18       		.uleb128 0x18
 1018 00ca 00       		.byte	0
 1019 00cb 00       		.byte	0
 1020 00cc 10       		.uleb128 0x10
 1021 00cd 34       		.uleb128 0x34
 1022 00ce 00       		.byte	0
 1023 00cf 03       		.uleb128 0x3
 1024 00d0 0E       		.uleb128 0xe
 1025 00d1 3A       		.uleb128 0x3a
 1026 00d2 0B       		.uleb128 0xb
 1027 00d3 3B       		.uleb128 0x3b
 1028 00d4 0B       		.uleb128 0xb
 1029 00d5 49       		.uleb128 0x49
 1030 00d6 13       		.uleb128 0x13
 1031 00d7 3F       		.uleb128 0x3f
 1032 00d8 19       		.uleb128 0x19
 1033 00d9 3C       		.uleb128 0x3c
 1034 00da 19       		.uleb128 0x19
 1035 00db 00       		.byte	0
 1036 00dc 00       		.byte	0
 1037 00dd 11       		.uleb128 0x11
 1038 00de 34       		.uleb128 0x34
ARM GAS  C:\Users\ujjjh\AppData\Local\Temp\ccsNC9Pb.s 			page 21


 1039 00df 00       		.byte	0
 1040 00e0 03       		.uleb128 0x3
 1041 00e1 08       		.uleb128 0x8
 1042 00e2 3A       		.uleb128 0x3a
 1043 00e3 0B       		.uleb128 0xb
 1044 00e4 3B       		.uleb128 0x3b
 1045 00e5 0B       		.uleb128 0xb
 1046 00e6 49       		.uleb128 0x49
 1047 00e7 13       		.uleb128 0x13
 1048 00e8 3F       		.uleb128 0x3f
 1049 00e9 19       		.uleb128 0x19
 1050 00ea 02       		.uleb128 0x2
 1051 00eb 18       		.uleb128 0x18
 1052 00ec 00       		.byte	0
 1053 00ed 00       		.byte	0
 1054 00ee 12       		.uleb128 0x12
 1055 00ef 2E       		.uleb128 0x2e
 1056 00f0 00       		.byte	0
 1057 00f1 3F       		.uleb128 0x3f
 1058 00f2 19       		.uleb128 0x19
 1059 00f3 3C       		.uleb128 0x3c
 1060 00f4 19       		.uleb128 0x19
 1061 00f5 6E       		.uleb128 0x6e
 1062 00f6 0E       		.uleb128 0xe
 1063 00f7 03       		.uleb128 0x3
 1064 00f8 0E       		.uleb128 0xe
 1065 00f9 3A       		.uleb128 0x3a
 1066 00fa 0B       		.uleb128 0xb
 1067 00fb 3B       		.uleb128 0x3b
 1068 00fc 0B       		.uleb128 0xb
 1069 00fd 00       		.byte	0
 1070 00fe 00       		.byte	0
 1071 00ff 00       		.byte	0
 1072              		.section	.debug_aranges,"",%progbits
 1073 0000 1C000000 		.4byte	0x1c
 1074 0004 0200     		.2byte	0x2
 1075 0006 00000000 		.4byte	.Ldebug_info0
 1076 000a 04       		.byte	0x4
 1077 000b 00       		.byte	0
 1078 000c 0000     		.2byte	0
 1079 000e 0000     		.2byte	0
 1080 0010 00000000 		.4byte	.LFB64
 1081 0014 34010000 		.4byte	.LFE64-.LFB64
 1082 0018 00000000 		.4byte	0
 1083 001c 00000000 		.4byte	0
 1084              		.section	.debug_ranges,"",%progbits
 1085              	.Ldebug_ranges0:
 1086 0000 00000000 		.4byte	.LFB64
 1087 0004 34010000 		.4byte	.LFE64
 1088 0008 00000000 		.4byte	0
 1089 000c 00000000 		.4byte	0
 1090              		.section	.debug_line,"",%progbits
 1091              	.Ldebug_line0:
 1092 0000 D0020000 		.section	.debug_str,"MS",%progbits,1
 1092      02008502 
 1092      00000201 
 1092      FB0E0D00 
ARM GAS  C:\Users\ujjjh\AppData\Local\Temp\ccsNC9Pb.s 			page 22


 1092      01010101 
 1093              	.LASF6:
 1094 0000 6C6F6E67 		.ascii	"long long int\000"
 1094      206C6F6E 
 1094      6720696E 
 1094      7400
 1095              	.LASF32:
 1096 000e 436F6D70 		.ascii	"Comp_1_Start\000"
 1096      5F315F53 
 1096      74617274 
 1096      00
 1097              	.LASF26:
 1098 001b 55415254 		.ascii	"UART_1_Start\000"
 1098      5F315F53 
 1098      74617274 
 1098      00
 1099              	.LASF42:
 1100 0028 4144435F 		.ascii	"ADC_2_StartConvert\000"
 1100      325F5374 
 1100      61727443 
 1100      6F6E7665 
 1100      727400
 1101              	.LASF33:
 1102 003b 436F6D70 		.ascii	"Comp_2_Start\000"
 1102      5F325F53 
 1102      74617274 
 1102      00
 1103              	.LASF54:
 1104 0048 4144435F 		.ascii	"ADC_2_GetResult16\000"
 1104      325F4765 
 1104      74526573 
 1104      756C7431 
 1104      3600
 1105              	.LASF40:
 1106 005a 5047415F 		.ascii	"PGA_2_Start\000"
 1106      325F5374 
 1106      61727400 
 1107              	.LASF9:
 1108 0066 5F5F696E 		.ascii	"__int32_t\000"
 1108      7433325F 
 1108      7400
 1109              	.LASF38:
 1110 0070 6973725F 		.ascii	"isr_1_Start\000"
 1110      315F5374 
 1110      61727400 
 1111              	.LASF19:
 1112 007c 7661725F 		.ascii	"var_Temperatur\000"
 1112      54656D70 
 1112      65726174 
 1112      757200
 1113              	.LASF22:
 1114 008b 72657375 		.ascii	"result_Feuchte\000"
 1114      6C745F46 
 1114      65756368 
 1114      746500
 1115              	.LASF13:
 1116 009a 646F7562 		.ascii	"double\000"
ARM GAS  C:\Users\ujjjh\AppData\Local\Temp\ccsNC9Pb.s 			page 23


 1116      6C6500
 1117              	.LASF23:
 1118 00a1 72657375 		.ascii	"result_Druck\000"
 1118      6C745F44 
 1118      7275636B 
 1118      00
 1119              	.LASF30:
 1120 00ae 54726967 		.ascii	"Trigger_1_Start\000"
 1120      6765725F 
 1120      315F5374 
 1120      61727400 
 1121              	.LASF12:
 1122 00be 666C6F61 		.ascii	"float\000"
 1122      7400
 1123              	.LASF43:
 1124 00c4 4144435F 		.ascii	"ADC_1_IsEndConversion\000"
 1124      315F4973 
 1124      456E6443 
 1124      6F6E7665 
 1124      7273696F 
 1125              	.LASF1:
 1126 00da 756E7369 		.ascii	"unsigned char\000"
 1126      676E6564 
 1126      20636861 
 1126      7200
 1127              	.LASF55:
 1128 00e8 474E5520 		.ascii	"GNU C11 5.4.1 20160609 (release) [ARM/embedded-5-br"
 1128      43313120 
 1128      352E342E 
 1128      31203230 
 1128      31363036 
 1129 011b 616E6368 		.ascii	"anch revision 237715] -mcpu=cortex-m3 -mthumb -g -O"
 1129      20726576 
 1129      6973696F 
 1129      6E203233 
 1129      37373135 
 1130 014e 67202D66 		.ascii	"g -ffunction-sections -ffat-lto-objects\000"
 1130      66756E63 
 1130      74696F6E 
 1130      2D736563 
 1130      74696F6E 
 1131              	.LASF34:
 1132 0176 436C6F63 		.ascii	"Clock_1_Start\000"
 1132      6B5F315F 
 1132      53746172 
 1132      7400
 1133              	.LASF44:
 1134 0184 4144435F 		.ascii	"ADC_1_GetResult16\000"
 1134      315F4765 
 1134      74526573 
 1134      756C7431 
 1134      3600
 1135              	.LASF5:
 1136 0196 6C6F6E67 		.ascii	"long unsigned int\000"
 1136      20756E73 
 1136      69676E65 
 1136      6420696E 
ARM GAS  C:\Users\ujjjh\AppData\Local\Temp\ccsNC9Pb.s 			page 24


 1136      7400
 1137              	.LASF21:
 1138 01a8 7661725F 		.ascii	"var_Feuchte\000"
 1138      46657563 
 1138      68746500 
 1139              	.LASF4:
 1140 01b4 6C6F6E67 		.ascii	"long int\000"
 1140      20696E74 
 1140      00
 1141              	.LASF17:
 1142 01bd 49544D5F 		.ascii	"ITM_RxBuffer\000"
 1142      52784275 
 1142      66666572 
 1142      00
 1143              	.LASF35:
 1144 01ca 436C6F63 		.ascii	"Clock_2_Start\000"
 1144      6B5F325F 
 1144      53746172 
 1144      7400
 1145              	.LASF31:
 1146 01d8 54687265 		.ascii	"Threshold_1_Start\000"
 1146      73686F6C 
 1146      645F315F 
 1146      53746172 
 1146      7400
 1147              	.LASF50:
 1148 01ea 436F756E 		.ascii	"Counter_1_ReadCounter\000"
 1148      7465725F 
 1148      315F5265 
 1148      6164436F 
 1148      756E7465 
 1149              	.LASF58:
 1150 0200 6D61696E 		.ascii	"main\000"
 1150      00
 1151              	.LASF11:
 1152 0205 75696E74 		.ascii	"uint16\000"
 1152      313600
 1153              	.LASF29:
 1154 020c 4144435F 		.ascii	"ADC_1_StartConvert\000"
 1154      315F5374 
 1154      61727443 
 1154      6F6E7665 
 1154      727400
 1155              	.LASF27:
 1156 021f 5047415F 		.ascii	"PGA_1_Start\000"
 1156      315F5374 
 1156      61727400 
 1157              	.LASF8:
 1158 022b 756E7369 		.ascii	"unsigned int\000"
 1158      676E6564 
 1158      20696E74 
 1158      00
 1159              	.LASF39:
 1160 0238 56444143 		.ascii	"VDAC_1_Start\000"
 1160      5F315F53 
 1160      74617274 
 1160      00
ARM GAS  C:\Users\ujjjh\AppData\Local\Temp\ccsNC9Pb.s 			page 25


 1161              	.LASF7:
 1162 0245 6C6F6E67 		.ascii	"long long unsigned int\000"
 1162      206C6F6E 
 1162      6720756E 
 1162      7369676E 
 1162      65642069 
 1163              	.LASF52:
 1164 025c 436F756E 		.ascii	"Counter_1_Init\000"
 1164      7465725F 
 1164      315F496E 
 1164      697400
 1165              	.LASF53:
 1166 026b 4144435F 		.ascii	"ADC_2_IsEndConversion\000"
 1166      325F4973 
 1166      456E6443 
 1166      6F6E7665 
 1166      7273696F 
 1167              	.LASF10:
 1168 0281 696E7433 		.ascii	"int32_t\000"
 1168      325F7400 
 1169              	.LASF16:
 1170 0289 73697A65 		.ascii	"sizetype\000"
 1170      74797065 
 1170      00
 1171              	.LASF48:
 1172 0292 436F756E 		.ascii	"Counter_1_WriteCounter\000"
 1172      7465725F 
 1172      315F5772 
 1172      69746543 
 1172      6F756E74 
 1173              	.LASF49:
 1174 02a9 50574D5F 		.ascii	"PWM_1_ReadStatusRegister\000"
 1174      315F5265 
 1174      61645374 
 1174      61747573 
 1174      52656769 
 1175              	.LASF56:
 1176 02c2 6D61696E 		.ascii	"main.c\000"
 1176      2E6300
 1177              	.LASF14:
 1178 02c9 63686172 		.ascii	"char\000"
 1178      00
 1179              	.LASF28:
 1180 02ce 4144435F 		.ascii	"ADC_1_Start\000"
 1180      315F5374 
 1180      61727400 
 1181              	.LASF24:
 1182 02da 72657375 		.ascii	"result_Temperatur\000"
 1182      6C745F54 
 1182      656D7065 
 1182      72617475 
 1182      7200
 1183              	.LASF2:
 1184 02ec 73686F72 		.ascii	"short int\000"
 1184      7420696E 
 1184      7400
 1185              	.LASF57:
ARM GAS  C:\Users\ujjjh\AppData\Local\Temp\ccsNC9Pb.s 			page 26


 1186 02f6 553A5C44 		.ascii	"U:\\Documents\\PSoC Creator\\Wetterstation\\Design0"
 1186      6F63756D 
 1186      656E7473 
 1186      5C50536F 
 1186      43204372 
 1187 0325 312E6379 		.ascii	"1.cydsn\000"
 1187      64736E00 
 1188              	.LASF18:
 1189 032d 62756666 		.ascii	"buffer\000"
 1189      657200
 1190              	.LASF41:
 1191 0334 4144435F 		.ascii	"ADC_2_Start\000"
 1191      325F5374 
 1191      61727400 
 1192              	.LASF20:
 1193 0340 7661725F 		.ascii	"var_Druck\000"
 1193      44727563 
 1193      6B00
 1194              	.LASF37:
 1195 034a 436F756E 		.ascii	"Counter_1_Start\000"
 1195      7465725F 
 1195      315F5374 
 1195      61727400 
 1196              	.LASF15:
 1197 035a 6C6F6E67 		.ascii	"long double\000"
 1197      20646F75 
 1197      626C6500 
 1198              	.LASF0:
 1199 0366 7369676E 		.ascii	"signed char\000"
 1199      65642063 
 1199      68617200 
 1200              	.LASF3:
 1201 0372 73686F72 		.ascii	"short unsigned int\000"
 1201      7420756E 
 1201      7369676E 
 1201      65642069 
 1201      6E7400
 1202              	.LASF46:
 1203 0385 55415254 		.ascii	"UART_1_PutString\000"
 1203      5F315F50 
 1203      75745374 
 1203      72696E67 
 1203      00
 1204              	.LASF51:
 1205 0396 436F756E 		.ascii	"Counter_1_Stop\000"
 1205      7465725F 
 1205      315F5374 
 1205      6F7000
 1206              	.LASF45:
 1207 03a5 73707269 		.ascii	"sprintf\000"
 1207      6E746600 
 1208              	.LASF47:
 1209 03ad 43794465 		.ascii	"CyDelay\000"
 1209      6C617900 
 1210              	.LASF25:
 1211 03b5 696E7472 		.ascii	"intr\000"
 1211      00
ARM GAS  C:\Users\ujjjh\AppData\Local\Temp\ccsNC9Pb.s 			page 27


 1212              	.LASF36:
 1213 03ba 50574D5F 		.ascii	"PWM_1_Start\000"
 1213      315F5374 
 1213      61727400 
 1214              		.ident	"GCC: (GNU Tools for ARM Embedded Processors) 5.4.1 20160609 (release) [ARM/embedded-5-bran
