ARM GAS  C:\Users\ujjjh\AppData\Local\Temp\ccAgccu3.s 			page 1


   1              		.syntax unified
   2              		.cpu cortex-m3
   3              		.fpu softvfp
   4              		.eabi_attribute 20, 1
   5              		.eabi_attribute 21, 1
   6              		.eabi_attribute 23, 3
   7              		.eabi_attribute 24, 1
   8              		.eabi_attribute 25, 1
   9              		.eabi_attribute 26, 1
  10              		.eabi_attribute 30, 1
  11              		.eabi_attribute 34, 1
  12              		.eabi_attribute 18, 4
  13              		.thumb
  14              		.syntax unified
  15              		.file	"main.c"
  16              		.text
  17              	.Ltext0:
  18              		.cfi_sections	.debug_frame
  19              		.section	.text.main,"ax",%progbits
  20              		.align	2
  21              		.global	main
  22              		.thumb
  23              		.thumb_func
  24              		.type	main, %function
  25              	main:
  26              	.LFB63:
  27              		.file 1 "main.c"
   1:main.c        **** /* ========================================
   2:main.c        ****  *
   3:main.c        ****  * Copyright YOUR COMPANY, THE YEAR
   4:main.c        ****  * All Rights Reserved
   5:main.c        ****  * UNPUBLISHED, LICENSED SOFTWARE.
   6:main.c        ****  *
   7:main.c        ****  * CONFIDENTIAL AND PROPRIETARY INFORMATION
   8:main.c        ****  * WHICH IS THE PROPERTY OF your company.
   9:main.c        ****  *
  10:main.c        ****  * ========================================
  11:main.c        **** */
  12:main.c        **** #include "project.h"
  13:main.c        **** 
  14:main.c        **** int main(void)
  15:main.c        **** {
  28              		.loc 1 15 0
  29              		.cfi_startproc
  30              		@ Volatile: function does not return.
  31              		@ args = 0, pretend = 0, frame = 0
  32              		@ frame_needed = 0, uses_anonymous_args = 0
  33 0000 08B5     		push	{r3, lr}
  34              		.cfi_def_cfa_offset 8
  35              		.cfi_offset 3, -8
  36              		.cfi_offset 14, -4
  16:main.c        ****     CyGlobalIntEnable; /* Enable global interrupts. */
  37              		.loc 1 16 0
  38              		.syntax unified
  39              	@ 16 "main.c" 1
  40 0002 62B6     		CPSIE   i
  41              	@ 0 "" 2
ARM GAS  C:\Users\ujjjh\AppData\Local\Temp\ccAgccu3.s 			page 2


  17:main.c        **** 
  18:main.c        ****     Trigger_1_Start();
  42              		.loc 1 18 0
  43              		.thumb
  44              		.syntax unified
  45 0004 FFF7FEFF 		bl	Trigger_1_Start
  46              	.LVL0:
  19:main.c        ****     Threshold_1_Start();
  47              		.loc 1 19 0
  48 0008 FFF7FEFF 		bl	Threshold_1_Start
  49              	.LVL1:
  20:main.c        ****     Comp_1_Start();
  50              		.loc 1 20 0
  51 000c FFF7FEFF 		bl	Comp_1_Start
  52              	.LVL2:
  21:main.c        ****     Comp_2_Start();
  53              		.loc 1 21 0
  54 0010 FFF7FEFF 		bl	Comp_2_Start
  55              	.LVL3:
  22:main.c        ****     Clock_1_Start();
  56              		.loc 1 22 0
  57 0014 FFF7FEFF 		bl	Clock_1_Start
  58              	.LVL4:
  59              	.L2:
  60 0018 FEE7     		b	.L2
  61              		.cfi_endproc
  62              	.LFE63:
  63              		.size	main, .-main
  64 001a 00BF     		.text
  65              	.Letext0:
  66              		.file 2 "c:\\program files (x86)\\cypress\\psoc creator\\4.2\\psoc creator\\import\\gnu\\arm\\5.4.
  67              		.file 3 "c:\\program files (x86)\\cypress\\psoc creator\\4.2\\psoc creator\\import\\gnu\\arm\\5.4.
  68              		.file 4 "Generated_Source\\PSoC5/Trigger_1.h"
  69              		.file 5 "Generated_Source\\PSoC5/Threshold_1.h"
  70              		.file 6 "Generated_Source\\PSoC5/Comp_1.h"
  71              		.file 7 "Generated_Source\\PSoC5/Comp_2.h"
  72              		.file 8 "Generated_Source\\PSoC5/Clock_1.h"
  73              		.file 9 "Generated_Source\\PSoC5/core_cm3.h"
  74              		.section	.debug_info,"",%progbits
  75              	.Ldebug_info0:
  76 0000 30010000 		.4byte	0x130
  77 0004 0400     		.2byte	0x4
  78 0006 00000000 		.4byte	.Ldebug_abbrev0
  79 000a 04       		.byte	0x4
  80 000b 01       		.uleb128 0x1
  81 000c 3A000000 		.4byte	.LASF21
  82 0010 0C       		.byte	0xc
  83 0011 2E000000 		.4byte	.LASF22
  84 0015 A5010000 		.4byte	.LASF23
  85 0019 00000000 		.4byte	.Ldebug_ranges0+0
  86 001d 00000000 		.4byte	0
  87 0021 00000000 		.4byte	.Ldebug_line0
  88 0025 02       		.uleb128 0x2
  89 0026 01       		.byte	0x1
  90 0027 06       		.byte	0x6
  91 0028 56010000 		.4byte	.LASF0
  92 002c 02       		.uleb128 0x2
ARM GAS  C:\Users\ujjjh\AppData\Local\Temp\ccAgccu3.s 			page 3


  93 002d 01       		.byte	0x1
  94 002e 08       		.byte	0x8
  95 002f F9000000 		.4byte	.LASF1
  96 0033 02       		.uleb128 0x2
  97 0034 02       		.byte	0x2
  98 0035 05       		.byte	0x5
  99 0036 9B010000 		.4byte	.LASF2
 100 003a 02       		.uleb128 0x2
 101 003b 02       		.byte	0x2
 102 003c 07       		.byte	0x7
 103 003d 0E000000 		.4byte	.LASF3
 104 0041 03       		.uleb128 0x3
 105 0042 6E010000 		.4byte	.LASF9
 106 0046 02       		.byte	0x2
 107 0047 3F       		.byte	0x3f
 108 0048 4C000000 		.4byte	0x4c
 109 004c 02       		.uleb128 0x2
 110 004d 04       		.byte	0x4
 111 004e 05       		.byte	0x5
 112 004f 13010000 		.4byte	.LASF4
 113 0053 02       		.uleb128 0x2
 114 0054 04       		.byte	0x4
 115 0055 07       		.byte	0x7
 116 0056 D0000000 		.4byte	.LASF5
 117 005a 02       		.uleb128 0x2
 118 005b 08       		.byte	0x8
 119 005c 05       		.byte	0x5
 120 005d 00000000 		.4byte	.LASF6
 121 0061 02       		.uleb128 0x2
 122 0062 08       		.byte	0x8
 123 0063 07       		.byte	0x7
 124 0064 E2000000 		.4byte	.LASF7
 125 0068 04       		.uleb128 0x4
 126 0069 04       		.byte	0x4
 127 006a 05       		.byte	0x5
 128 006b 696E7400 		.ascii	"int\000"
 129 006f 02       		.uleb128 0x2
 130 0070 04       		.byte	0x4
 131 0071 07       		.byte	0x7
 132 0072 21000000 		.4byte	.LASF8
 133 0076 03       		.uleb128 0x3
 134 0077 C8000000 		.4byte	.LASF10
 135 007b 03       		.byte	0x3
 136 007c 2C       		.byte	0x2c
 137 007d 41000000 		.4byte	0x41
 138 0081 02       		.uleb128 0x2
 139 0082 04       		.byte	0x4
 140 0083 04       		.byte	0x4
 141 0084 95010000 		.4byte	.LASF11
 142 0088 02       		.uleb128 0x2
 143 0089 08       		.byte	0x8
 144 008a 04       		.byte	0x4
 145 008b 0C010000 		.4byte	.LASF12
 146 008f 02       		.uleb128 0x2
 147 0090 01       		.byte	0x1
 148 0091 08       		.byte	0x8
 149 0092 07010000 		.4byte	.LASF13
ARM GAS  C:\Users\ujjjh\AppData\Local\Temp\ccAgccu3.s 			page 4


 150 0096 02       		.uleb128 0x2
 151 0097 08       		.byte	0x8
 152 0098 04       		.byte	0x4
 153 0099 62010000 		.4byte	.LASF14
 154 009d 02       		.uleb128 0x2
 155 009e 04       		.byte	0x4
 156 009f 07       		.byte	0x7
 157 00a0 F3010000 		.4byte	.LASF15
 158 00a4 05       		.uleb128 0x5
 159 00a5 35000000 		.4byte	.LASF24
 160 00a9 01       		.byte	0x1
 161 00aa 0E       		.byte	0xe
 162 00ab 68000000 		.4byte	0x68
 163 00af 00000000 		.4byte	.LFB63
 164 00b3 1A000000 		.4byte	.LFE63-.LFB63
 165 00b7 01       		.uleb128 0x1
 166 00b8 9C       		.byte	0x9c
 167 00b9 EB000000 		.4byte	0xeb
 168 00bd 06       		.uleb128 0x6
 169 00be 08000000 		.4byte	.LVL0
 170 00c2 FC000000 		.4byte	0xfc
 171 00c6 06       		.uleb128 0x6
 172 00c7 0C000000 		.4byte	.LVL1
 173 00cb 07010000 		.4byte	0x107
 174 00cf 06       		.uleb128 0x6
 175 00d0 10000000 		.4byte	.LVL2
 176 00d4 12010000 		.4byte	0x112
 177 00d8 06       		.uleb128 0x6
 178 00d9 14000000 		.4byte	.LVL3
 179 00dd 1D010000 		.4byte	0x11d
 180 00e1 06       		.uleb128 0x6
 181 00e2 18000000 		.4byte	.LVL4
 182 00e6 28010000 		.4byte	0x128
 183 00ea 00       		.byte	0
 184 00eb 07       		.uleb128 0x7
 185 00ec 49010000 		.4byte	.LASF25
 186 00f0 09       		.byte	0x9
 187 00f1 1207     		.2byte	0x712
 188 00f3 F7000000 		.4byte	0xf7
 189 00f7 08       		.uleb128 0x8
 190 00f8 76000000 		.4byte	0x76
 191 00fc 09       		.uleb128 0x9
 192 00fd 78010000 		.4byte	.LASF16
 193 0101 78010000 		.4byte	.LASF16
 194 0105 04       		.byte	0x4
 195 0106 33       		.byte	0x33
 196 0107 09       		.uleb128 0x9
 197 0108 37010000 		.4byte	.LASF17
 198 010c 37010000 		.4byte	.LASF17
 199 0110 05       		.byte	0x5
 200 0111 33       		.byte	0x33
 201 0112 09       		.uleb128 0x9
 202 0113 2A010000 		.4byte	.LASF18
 203 0117 2A010000 		.4byte	.LASF18
 204 011b 06       		.byte	0x6
 205 011c 3F       		.byte	0x3f
 206 011d 09       		.uleb128 0x9
ARM GAS  C:\Users\ujjjh\AppData\Local\Temp\ccAgccu3.s 			page 5


 207 011e 88010000 		.4byte	.LASF19
 208 0122 88010000 		.4byte	.LASF19
 209 0126 07       		.byte	0x7
 210 0127 3F       		.byte	0x3f
 211 0128 09       		.uleb128 0x9
 212 0129 1C010000 		.4byte	.LASF20
 213 012d 1C010000 		.4byte	.LASF20
 214 0131 08       		.byte	0x8
 215 0132 27       		.byte	0x27
 216 0133 00       		.byte	0
 217              		.section	.debug_abbrev,"",%progbits
 218              	.Ldebug_abbrev0:
 219 0000 01       		.uleb128 0x1
 220 0001 11       		.uleb128 0x11
 221 0002 01       		.byte	0x1
 222 0003 25       		.uleb128 0x25
 223 0004 0E       		.uleb128 0xe
 224 0005 13       		.uleb128 0x13
 225 0006 0B       		.uleb128 0xb
 226 0007 03       		.uleb128 0x3
 227 0008 0E       		.uleb128 0xe
 228 0009 1B       		.uleb128 0x1b
 229 000a 0E       		.uleb128 0xe
 230 000b 55       		.uleb128 0x55
 231 000c 17       		.uleb128 0x17
 232 000d 11       		.uleb128 0x11
 233 000e 01       		.uleb128 0x1
 234 000f 10       		.uleb128 0x10
 235 0010 17       		.uleb128 0x17
 236 0011 00       		.byte	0
 237 0012 00       		.byte	0
 238 0013 02       		.uleb128 0x2
 239 0014 24       		.uleb128 0x24
 240 0015 00       		.byte	0
 241 0016 0B       		.uleb128 0xb
 242 0017 0B       		.uleb128 0xb
 243 0018 3E       		.uleb128 0x3e
 244 0019 0B       		.uleb128 0xb
 245 001a 03       		.uleb128 0x3
 246 001b 0E       		.uleb128 0xe
 247 001c 00       		.byte	0
 248 001d 00       		.byte	0
 249 001e 03       		.uleb128 0x3
 250 001f 16       		.uleb128 0x16
 251 0020 00       		.byte	0
 252 0021 03       		.uleb128 0x3
 253 0022 0E       		.uleb128 0xe
 254 0023 3A       		.uleb128 0x3a
 255 0024 0B       		.uleb128 0xb
 256 0025 3B       		.uleb128 0x3b
 257 0026 0B       		.uleb128 0xb
 258 0027 49       		.uleb128 0x49
 259 0028 13       		.uleb128 0x13
 260 0029 00       		.byte	0
 261 002a 00       		.byte	0
 262 002b 04       		.uleb128 0x4
 263 002c 24       		.uleb128 0x24
ARM GAS  C:\Users\ujjjh\AppData\Local\Temp\ccAgccu3.s 			page 6


 264 002d 00       		.byte	0
 265 002e 0B       		.uleb128 0xb
 266 002f 0B       		.uleb128 0xb
 267 0030 3E       		.uleb128 0x3e
 268 0031 0B       		.uleb128 0xb
 269 0032 03       		.uleb128 0x3
 270 0033 08       		.uleb128 0x8
 271 0034 00       		.byte	0
 272 0035 00       		.byte	0
 273 0036 05       		.uleb128 0x5
 274 0037 2E       		.uleb128 0x2e
 275 0038 01       		.byte	0x1
 276 0039 3F       		.uleb128 0x3f
 277 003a 19       		.uleb128 0x19
 278 003b 03       		.uleb128 0x3
 279 003c 0E       		.uleb128 0xe
 280 003d 3A       		.uleb128 0x3a
 281 003e 0B       		.uleb128 0xb
 282 003f 3B       		.uleb128 0x3b
 283 0040 0B       		.uleb128 0xb
 284 0041 27       		.uleb128 0x27
 285 0042 19       		.uleb128 0x19
 286 0043 49       		.uleb128 0x49
 287 0044 13       		.uleb128 0x13
 288 0045 8701     		.uleb128 0x87
 289 0047 19       		.uleb128 0x19
 290 0048 11       		.uleb128 0x11
 291 0049 01       		.uleb128 0x1
 292 004a 12       		.uleb128 0x12
 293 004b 06       		.uleb128 0x6
 294 004c 40       		.uleb128 0x40
 295 004d 18       		.uleb128 0x18
 296 004e 9742     		.uleb128 0x2117
 297 0050 19       		.uleb128 0x19
 298 0051 01       		.uleb128 0x1
 299 0052 13       		.uleb128 0x13
 300 0053 00       		.byte	0
 301 0054 00       		.byte	0
 302 0055 06       		.uleb128 0x6
 303 0056 898201   		.uleb128 0x4109
 304 0059 00       		.byte	0
 305 005a 11       		.uleb128 0x11
 306 005b 01       		.uleb128 0x1
 307 005c 31       		.uleb128 0x31
 308 005d 13       		.uleb128 0x13
 309 005e 00       		.byte	0
 310 005f 00       		.byte	0
 311 0060 07       		.uleb128 0x7
 312 0061 34       		.uleb128 0x34
 313 0062 00       		.byte	0
 314 0063 03       		.uleb128 0x3
 315 0064 0E       		.uleb128 0xe
 316 0065 3A       		.uleb128 0x3a
 317 0066 0B       		.uleb128 0xb
 318 0067 3B       		.uleb128 0x3b
 319 0068 05       		.uleb128 0x5
 320 0069 49       		.uleb128 0x49
ARM GAS  C:\Users\ujjjh\AppData\Local\Temp\ccAgccu3.s 			page 7


 321 006a 13       		.uleb128 0x13
 322 006b 3F       		.uleb128 0x3f
 323 006c 19       		.uleb128 0x19
 324 006d 3C       		.uleb128 0x3c
 325 006e 19       		.uleb128 0x19
 326 006f 00       		.byte	0
 327 0070 00       		.byte	0
 328 0071 08       		.uleb128 0x8
 329 0072 35       		.uleb128 0x35
 330 0073 00       		.byte	0
 331 0074 49       		.uleb128 0x49
 332 0075 13       		.uleb128 0x13
 333 0076 00       		.byte	0
 334 0077 00       		.byte	0
 335 0078 09       		.uleb128 0x9
 336 0079 2E       		.uleb128 0x2e
 337 007a 00       		.byte	0
 338 007b 3F       		.uleb128 0x3f
 339 007c 19       		.uleb128 0x19
 340 007d 3C       		.uleb128 0x3c
 341 007e 19       		.uleb128 0x19
 342 007f 6E       		.uleb128 0x6e
 343 0080 0E       		.uleb128 0xe
 344 0081 03       		.uleb128 0x3
 345 0082 0E       		.uleb128 0xe
 346 0083 3A       		.uleb128 0x3a
 347 0084 0B       		.uleb128 0xb
 348 0085 3B       		.uleb128 0x3b
 349 0086 0B       		.uleb128 0xb
 350 0087 00       		.byte	0
 351 0088 00       		.byte	0
 352 0089 00       		.byte	0
 353              		.section	.debug_aranges,"",%progbits
 354 0000 1C000000 		.4byte	0x1c
 355 0004 0200     		.2byte	0x2
 356 0006 00000000 		.4byte	.Ldebug_info0
 357 000a 04       		.byte	0x4
 358 000b 00       		.byte	0
 359 000c 0000     		.2byte	0
 360 000e 0000     		.2byte	0
 361 0010 00000000 		.4byte	.LFB63
 362 0014 1A000000 		.4byte	.LFE63-.LFB63
 363 0018 00000000 		.4byte	0
 364 001c 00000000 		.4byte	0
 365              		.section	.debug_ranges,"",%progbits
 366              	.Ldebug_ranges0:
 367 0000 00000000 		.4byte	.LFB63
 368 0004 1A000000 		.4byte	.LFE63
 369 0008 00000000 		.4byte	0
 370 000c 00000000 		.4byte	0
 371              		.section	.debug_line,"",%progbits
 372              	.Ldebug_line0:
 373 0000 9F010000 		.section	.debug_str,"MS",%progbits,1
 373      02008401 
 373      00000201 
 373      FB0E0D00 
 373      01010101 
ARM GAS  C:\Users\ujjjh\AppData\Local\Temp\ccAgccu3.s 			page 8


 374              	.LASF6:
 375 0000 6C6F6E67 		.ascii	"long long int\000"
 375      206C6F6E 
 375      6720696E 
 375      7400
 376              	.LASF3:
 377 000e 73686F72 		.ascii	"short unsigned int\000"
 377      7420756E 
 377      7369676E 
 377      65642069 
 377      6E7400
 378              	.LASF8:
 379 0021 756E7369 		.ascii	"unsigned int\000"
 379      676E6564 
 379      20696E74 
 379      00
 380              	.LASF22:
 381 002e 6D61696E 		.ascii	"main.c\000"
 381      2E6300
 382              	.LASF24:
 383 0035 6D61696E 		.ascii	"main\000"
 383      00
 384              	.LASF21:
 385 003a 474E5520 		.ascii	"GNU C11 5.4.1 20160609 (release) [ARM/embedded-5-br"
 385      43313120 
 385      352E342E 
 385      31203230 
 385      31363036 
 386 006d 616E6368 		.ascii	"anch revision 237715] -mcpu=cortex-m3 -mthumb -g -O"
 386      20726576 
 386      6973696F 
 386      6E203233 
 386      37373135 
 387 00a0 67202D66 		.ascii	"g -ffunction-sections -ffat-lto-objects\000"
 387      66756E63 
 387      74696F6E 
 387      2D736563 
 387      74696F6E 
 388              	.LASF10:
 389 00c8 696E7433 		.ascii	"int32_t\000"
 389      325F7400 
 390              	.LASF5:
 391 00d0 6C6F6E67 		.ascii	"long unsigned int\000"
 391      20756E73 
 391      69676E65 
 391      6420696E 
 391      7400
 392              	.LASF7:
 393 00e2 6C6F6E67 		.ascii	"long long unsigned int\000"
 393      206C6F6E 
 393      6720756E 
 393      7369676E 
 393      65642069 
 394              	.LASF1:
 395 00f9 756E7369 		.ascii	"unsigned char\000"
 395      676E6564 
 395      20636861 
ARM GAS  C:\Users\ujjjh\AppData\Local\Temp\ccAgccu3.s 			page 9


 395      7200
 396              	.LASF13:
 397 0107 63686172 		.ascii	"char\000"
 397      00
 398              	.LASF12:
 399 010c 646F7562 		.ascii	"double\000"
 399      6C6500
 400              	.LASF4:
 401 0113 6C6F6E67 		.ascii	"long int\000"
 401      20696E74 
 401      00
 402              	.LASF20:
 403 011c 436C6F63 		.ascii	"Clock_1_Start\000"
 403      6B5F315F 
 403      53746172 
 403      7400
 404              	.LASF18:
 405 012a 436F6D70 		.ascii	"Comp_1_Start\000"
 405      5F315F53 
 405      74617274 
 405      00
 406              	.LASF17:
 407 0137 54687265 		.ascii	"Threshold_1_Start\000"
 407      73686F6C 
 407      645F315F 
 407      53746172 
 407      7400
 408              	.LASF25:
 409 0149 49544D5F 		.ascii	"ITM_RxBuffer\000"
 409      52784275 
 409      66666572 
 409      00
 410              	.LASF0:
 411 0156 7369676E 		.ascii	"signed char\000"
 411      65642063 
 411      68617200 
 412              	.LASF14:
 413 0162 6C6F6E67 		.ascii	"long double\000"
 413      20646F75 
 413      626C6500 
 414              	.LASF9:
 415 016e 5F5F696E 		.ascii	"__int32_t\000"
 415      7433325F 
 415      7400
 416              	.LASF16:
 417 0178 54726967 		.ascii	"Trigger_1_Start\000"
 417      6765725F 
 417      315F5374 
 417      61727400 
 418              	.LASF19:
 419 0188 436F6D70 		.ascii	"Comp_2_Start\000"
 419      5F325F53 
 419      74617274 
 419      00
 420              	.LASF11:
 421 0195 666C6F61 		.ascii	"float\000"
 421      7400
ARM GAS  C:\Users\ujjjh\AppData\Local\Temp\ccAgccu3.s 			page 10


 422              	.LASF2:
 423 019b 73686F72 		.ascii	"short int\000"
 423      7420696E 
 423      7400
 424              	.LASF23:
 425 01a5 5C5C7363 		.ascii	"\\\\sccfs.scc.kit.edu\\Stud-Home\\Documents\\PSoC C"
 425      6366732E 
 425      7363632E 
 425      6B69742E 
 425      6564755C 
 426 01d3 72656174 		.ascii	"reator\\Versuch 5\\555Timer.cydsn\000"
 426      6F725C56 
 426      65727375 
 426      63682035 
 426      5C353535 
 427              	.LASF15:
 428 01f3 73697A65 		.ascii	"sizetype\000"
 428      74797065 
 428      00
 429              		.ident	"GCC: (GNU Tools for ARM Embedded Processors) 5.4.1 20160609 (release) [ARM/embedded-5-bran
