ARM GAS  C:\Users\ujjjh\AppData\Local\Temp\ccrAcZe0.s 			page 1


   1              		.syntax unified
   2              		.cpu cortex-m3
   3              		.fpu softvfp
   4              		.eabi_attribute 20, 1
   5              		.eabi_attribute 21, 1
   6              		.eabi_attribute 23, 3
   7              		.eabi_attribute 24, 1
   8              		.eabi_attribute 25, 1
   9              		.eabi_attribute 26, 1
  10              		.eabi_attribute 30, 1
  11              		.eabi_attribute 34, 1
  12              		.eabi_attribute 18, 4
  13              		.thumb
  14              		.syntax unified
  15              		.file	"cymetadata.c"
  16              		.text
  17              	.Ltext0:
  18              		.cfi_sections	.debug_frame
  19              		.global	cy_metadata
  20              		.global	cy_meta_flashprotect
  21              		.global	cy_meta_wonvl
  22              		.global	cy_meta_custnvl
  23              		.global	cy_meta_configecc
  24              		.section	.cyconfigecc,"a",%progbits
  25              		.align	2
  26              		.type	cy_meta_configecc, %object
  27              		.size	cy_meta_configecc, 240
  28              	cy_meta_configecc:
  29 0000 02       		.byte	2
  30 0001 52       		.byte	82
  31 0002 00       		.byte	0
  32 0003 40       		.byte	64
  33 0004 01       		.byte	1
  34 0005 64       		.byte	100
  35 0006 00       		.byte	0
  36 0007 40       		.byte	64
  37 0008 33       		.byte	51
  38 0009 00       		.byte	0
  39 000a 01       		.byte	1
  40 000b 40       		.byte	64
  41 000c 25       		.byte	37
  42 000d 01       		.byte	1
  43 000e 01       		.byte	1
  44 000f 40       		.byte	64
  45 0010 07       		.byte	7
  46 0011 40       		.byte	64
  47 0012 01       		.byte	1
  48 0013 40       		.byte	64
  49 0014 02       		.byte	2
  50 0015 50       		.byte	80
  51 0016 01       		.byte	1
  52 0017 40       		.byte	64
  53 0018 20       		.byte	32
  54 0019 0C       		.byte	12
  55 001a 21       		.byte	33
  56 001b 08       		.byte	8
  57 001c 81       		.byte	-127
ARM GAS  C:\Users\ujjjh\AppData\Local\Temp\ccrAcZe0.s 			page 2


  58 001d 0F       		.byte	15
  59 001e 80       		.byte	-128
  60 001f 10       		.byte	16
  61 0020 81       		.byte	-127
  62 0021 01       		.byte	1
  63 0022 83       		.byte	-125
  64 0023 04       		.byte	4
  65 0024 91       		.byte	-111
  66 0025 06       		.byte	6
  67 0026 92       		.byte	-110
  68 0027 1B       		.byte	27
  69 0028 99       		.byte	-103
  70 0029 10       		.byte	16
  71 002a 9A       		.byte	-102
  72 002b 08       		.byte	8
  73 002c 9E       		.byte	-98
  74 002d 02       		.byte	2
  75 002e A1       		.byte	-95
  76 002f 18       		.byte	24
  77 0030 A2       		.byte	-94
  78 0031 04       		.byte	4
  79 0032 A5       		.byte	-91
  80 0033 01       		.byte	1
  81 0034 A7       		.byte	-89
  82 0035 02       		.byte	2
  83 0036 AA       		.byte	-86
  84 0037 01       		.byte	1
  85 0038 B0       		.byte	-80
  86 0039 04       		.byte	4
  87 003a B1       		.byte	-79
  88 003b 06       		.byte	6
  89 003c B2       		.byte	-78
  90 003d 10       		.byte	16
  91 003e B3       		.byte	-77
  92 003f 10       		.byte	16
  93 0040 B4       		.byte	-76
  94 0041 08       		.byte	8
  95 0042 B5       		.byte	-75
  96 0043 08       		.byte	8
  97 0044 B6       		.byte	-74
  98 0045 03       		.byte	3
  99 0046 B7       		.byte	-73
 100 0047 01       		.byte	1
 101 0048 B9       		.byte	-71
 102 0049 80       		.byte	-128
 103 004a BE       		.byte	-66
 104 004b 10       		.byte	16
 105 004c C0       		.byte	-64
 106 004d 40       		.byte	64
 107 004e C1       		.byte	-63
 108 004f 06       		.byte	6
 109 0050 C5       		.byte	-59
 110 0051 D2       		.byte	-46
 111 0052 C6       		.byte	-58
 112 0053 25       		.byte	37
 113 0054 C7       		.byte	-57
 114 0055 10       		.byte	16
ARM GAS  C:\Users\ujjjh\AppData\Local\Temp\ccrAcZe0.s 			page 3


 115 0056 C8       		.byte	-56
 116 0057 3F       		.byte	63
 117 0058 C9       		.byte	-55
 118 0059 FF       		.byte	-1
 119 005a CA       		.byte	-54
 120 005b FF       		.byte	-1
 121 005c CB       		.byte	-53
 122 005d FF       		.byte	-1
 123 005e CD       		.byte	-51
 124 005f A0       		.byte	-96
 125 0060 CF       		.byte	-49
 126 0061 04       		.byte	4
 127 0062 D0       		.byte	-48
 128 0063 18       		.byte	24
 129 0064 D2       		.byte	-46
 130 0065 80       		.byte	-128
 131 0066 D4       		.byte	-44
 132 0067 07       		.byte	7
 133 0068 D8       		.byte	-40
 134 0069 04       		.byte	4
 135 006a D9       		.byte	-39
 136 006b 04       		.byte	4
 137 006c DA       		.byte	-38
 138 006d 04       		.byte	4
 139 006e DB       		.byte	-37
 140 006f 04       		.byte	4
 141 0070 DF       		.byte	-33
 142 0071 01       		.byte	1
 143 0072 E0       		.byte	-32
 144 0073 40       		.byte	64
 145 0074 E2       		.byte	-30
 146 0075 C0       		.byte	-64
 147 0076 E4       		.byte	-28
 148 0077 40       		.byte	64
 149 0078 E5       		.byte	-27
 150 0079 40       		.byte	64
 151 007a E6       		.byte	-26
 152 007b C0       		.byte	-64
 153 007c E8       		.byte	-24
 154 007d C0       		.byte	-64
 155 007e EA       		.byte	-22
 156 007f C0       		.byte	-64
 157 0080 EC       		.byte	-20
 158 0081 C0       		.byte	-64
 159 0082 EE       		.byte	-18
 160 0083 C0       		.byte	-64
 161 0084 06       		.byte	6
 162 0085 40       		.byte	64
 163 0086 0E       		.byte	14
 164 0087 80       		.byte	-128
 165 0088 0F       		.byte	15
 166 0089 06       		.byte	6
 167 008a 16       		.byte	22
 168 008b 88       		.byte	-120
 169 008c 1C       		.byte	28
 170 008d 01       		.byte	1
 171 008e 1D       		.byte	29
ARM GAS  C:\Users\ujjjh\AppData\Local\Temp\ccrAcZe0.s 			page 4


 172 008f 02       		.byte	2
 173 0090 1E       		.byte	30
 174 0091 88       		.byte	-120
 175 0092 1F       		.byte	31
 176 0093 04       		.byte	4
 177 0094 24       		.byte	36
 178 0095 40       		.byte	64
 179 0096 26       		.byte	38
 180 0097 20       		.byte	32
 181 0098 27       		.byte	39
 182 0099 22       		.byte	34
 183 009a 2C       		.byte	44
 184 009b 80       		.byte	-128
 185 009c 2E       		.byte	46
 186 009d 08       		.byte	8
 187 009e 36       		.byte	54
 188 009f 20       		.byte	32
 189 00a0 37       		.byte	55
 190 00a1 02       		.byte	2
 191 00a2 3F       		.byte	63
 192 00a3 02       		.byte	2
 193 00a4 45       		.byte	69
 194 00a5 02       		.byte	2
 195 00a6 4F       		.byte	79
 196 00a7 25       		.byte	37
 197 00a8 54       		.byte	84
 198 00a9 80       		.byte	-128
 199 00aa 56       		.byte	86
 200 00ab 48       		.byte	72
 201 00ac 57       		.byte	87
 202 00ad 11       		.byte	17
 203 00ae 5C       		.byte	92
 204 00af 40       		.byte	64
 205 00b0 5E       		.byte	94
 206 00b1 08       		.byte	8
 207 00b2 5F       		.byte	95
 208 00b3 21       		.byte	33
 209 00b4 76       		.byte	118
 210 00b5 80       		.byte	-128
 211 00b6 80       		.byte	-128
 212 00b7 01       		.byte	1
 213 00b8 8B       		.byte	-117
 214 00b9 04       		.byte	4
 215 00ba C0       		.byte	-64
 216 00bb 10       		.byte	16
 217 00bc C2       		.byte	-62
 218 00bd D0       		.byte	-48
 219 00be C4       		.byte	-60
 220 00bf 50       		.byte	80
 221 00c0 CA       		.byte	-54
 222 00c1 C0       		.byte	-64
 223 00c2 CC       		.byte	-52
 224 00c3 A0       		.byte	-96
 225 00c4 CE       		.byte	-50
 226 00c5 80       		.byte	-128
 227 00c6 D0       		.byte	-48
 228 00c7 80       		.byte	-128
ARM GAS  C:\Users\ujjjh\AppData\Local\Temp\ccrAcZe0.s 			page 5


 229 00c8 D2       		.byte	-46
 230 00c9 20       		.byte	32
 231 00ca D6       		.byte	-42
 232 00cb F0       		.byte	-16
 233 00cc E2       		.byte	-30
 234 00cd 80       		.byte	-128
 235 00ce 56       		.byte	86
 236 00cf 80       		.byte	-128
 237 00d0 57       		.byte	87
 238 00d1 01       		.byte	1
 239 00d2 82       		.byte	-126
 240 00d3 80       		.byte	-128
 241 00d4 8B       		.byte	-117
 242 00d5 01       		.byte	1
 243 00d6 D4       		.byte	-44
 244 00d7 40       		.byte	64
 245 00d8 D6       		.byte	-42
 246 00d9 20       		.byte	32
 247 00da E2       		.byte	-30
 248 00db 80       		.byte	-128
 249 00dc 00       		.byte	0
 250 00dd 01       		.byte	1
 251 00de 08       		.byte	8
 252 00df 01       		.byte	1
 253 00e0 00       		.byte	0
 254 00e1 0B       		.byte	11
 255 00e2 0B       		.byte	11
 256 00e3 00       		.byte	0
 257 00e4 00       		.byte	0
 258 00e5 00       		.byte	0
 259 00e6 00       		.byte	0
 260 00e7 00       		.byte	0
 261 00e8 00       		.byte	0
 262 00e9 0C       		.byte	12
 263 00ea 0C       		.byte	12
 264 00eb 00       		.byte	0
 265 00ec 0C       		.byte	12
 266 00ed 00       		.byte	0
 267 00ee 00       		.byte	0
 268 00ef 00       		.byte	0
 269              		.section	.cywolatch,"a",%progbits
 270              		.align	2
 271              		.type	cy_meta_wonvl, %object
 272              		.size	cy_meta_wonvl, 4
 273              	cy_meta_wonvl:
 274 0000 BC       		.byte	-68
 275 0001 90       		.byte	-112
 276 0002 AC       		.byte	-84
 277 0003 AF       		.byte	-81
 278              		.section	.cycustnvl,"a",%progbits
 279              		.align	2
 280              		.type	cy_meta_custnvl, %object
 281              		.size	cy_meta_custnvl, 4
 282              	cy_meta_custnvl:
 283 0000 00       		.byte	0
 284 0001 00       		.byte	0
 285 0002 40       		.byte	64
ARM GAS  C:\Users\ujjjh\AppData\Local\Temp\ccrAcZe0.s 			page 6


 286 0003 05       		.byte	5
 287              		.section	.cymeta,"a",%progbits
 288              		.align	2
 289              		.type	cy_metadata, %object
 290              		.size	cy_metadata, 12
 291              	cy_metadata:
 292 0000 00       		.byte	0
 293 0001 01       		.byte	1
 294 0002 2E       		.byte	46
 295 0003 12       		.byte	18
 296 0004 30       		.byte	48
 297 0005 69       		.byte	105
 298 0006 00       		.byte	0
 299 0007 01       		.byte	1
 300 0008 00       		.byte	0
 301 0009 00       		.byte	0
 302 000a 00       		.byte	0
 303 000b 00       		.byte	0
 304              		.section	.cyflashprotect,"a",%progbits
 305              		.align	2
 306              		.type	cy_meta_flashprotect, %object
 307              		.size	cy_meta_flashprotect, 256
 308              	cy_meta_flashprotect:
 309 0000 00000000 		.space	256
 309      00000000 
 309      00000000 
 309      00000000 
 309      00000000 
 310              		.text
 311              	.Letext0:
 312              		.file 1 "c:\\program files (x86)\\cypress\\psoc creator\\4.2\\psoc creator\\import\\gnu\\arm\\5.4.
 313              		.file 2 "c:\\program files (x86)\\cypress\\psoc creator\\4.2\\psoc creator\\import\\gnu\\arm\\5.4.
 314              		.file 3 "Generated_Source\\PSoC5\\cymetadata.c"
 315              		.section	.debug_info,"",%progbits
 316              	.Ldebug_info0:
 317 0000 30010000 		.4byte	0x130
 318 0004 0400     		.2byte	0x4
 319 0006 00000000 		.4byte	.Ldebug_abbrev0
 320 000a 04       		.byte	0x4
 321 000b 01       		.uleb128 0x1
 322 000c 30000000 		.4byte	.LASF17
 323 0010 0C       		.byte	0xc
 324 0011 C1010000 		.4byte	.LASF18
 325 0015 7E010000 		.4byte	.LASF19
 326 0019 00000000 		.4byte	.Ldebug_line0
 327 001d 02       		.uleb128 0x2
 328 001e 01       		.byte	0x1
 329 001f 06       		.byte	0x6
 330 0020 16000000 		.4byte	.LASF0
 331 0024 03       		.uleb128 0x3
 332 0025 00000000 		.4byte	.LASF9
 333 0029 01       		.byte	0x1
 334 002a 1D       		.byte	0x1d
 335 002b 2F000000 		.4byte	0x2f
 336 002f 02       		.uleb128 0x2
 337 0030 01       		.byte	0x1
 338 0031 08       		.byte	0x8
ARM GAS  C:\Users\ujjjh\AppData\Local\Temp\ccrAcZe0.s 			page 7


 339 0032 22000000 		.4byte	.LASF1
 340 0036 02       		.uleb128 0x2
 341 0037 02       		.byte	0x2
 342 0038 05       		.byte	0x5
 343 0039 6B010000 		.4byte	.LASF2
 344 003d 02       		.uleb128 0x2
 345 003e 02       		.byte	0x2
 346 003f 07       		.byte	0x7
 347 0040 D0000000 		.4byte	.LASF3
 348 0044 02       		.uleb128 0x2
 349 0045 04       		.byte	0x4
 350 0046 05       		.byte	0x5
 351 0047 75010000 		.4byte	.LASF4
 352 004b 02       		.uleb128 0x2
 353 004c 04       		.byte	0x4
 354 004d 07       		.byte	0x7
 355 004e BE000000 		.4byte	.LASF5
 356 0052 02       		.uleb128 0x2
 357 0053 08       		.byte	0x8
 358 0054 05       		.byte	0x5
 359 0055 5D010000 		.4byte	.LASF6
 360 0059 02       		.uleb128 0x2
 361 005a 08       		.byte	0x8
 362 005b 07       		.byte	0x7
 363 005c 12010000 		.4byte	.LASF7
 364 0060 04       		.uleb128 0x4
 365 0061 04       		.byte	0x4
 366 0062 05       		.byte	0x5
 367 0063 696E7400 		.ascii	"int\000"
 368 0067 02       		.uleb128 0x2
 369 0068 04       		.byte	0x4
 370 0069 07       		.byte	0x7
 371 006a 05010000 		.4byte	.LASF8
 372 006e 03       		.uleb128 0x3
 373 006f 29010000 		.4byte	.LASF10
 374 0073 02       		.byte	0x2
 375 0074 18       		.byte	0x18
 376 0075 24000000 		.4byte	0x24
 377 0079 05       		.uleb128 0x5
 378 007a 90000000 		.4byte	0x90
 379 007e 89000000 		.4byte	0x89
 380 0082 06       		.uleb128 0x6
 381 0083 89000000 		.4byte	0x89
 382 0087 EF       		.byte	0xef
 383 0088 00       		.byte	0
 384 0089 02       		.uleb128 0x2
 385 008a 04       		.byte	0x4
 386 008b 07       		.byte	0x7
 387 008c 54010000 		.4byte	.LASF11
 388 0090 07       		.uleb128 0x7
 389 0091 6E000000 		.4byte	0x6e
 390 0095 08       		.uleb128 0x8
 391 0096 F3000000 		.4byte	.LASF12
 392 009a 03       		.byte	0x3
 393 009b 1F       		.byte	0x1f
 394 009c A6000000 		.4byte	0xa6
 395 00a0 05       		.uleb128 0x5
ARM GAS  C:\Users\ujjjh\AppData\Local\Temp\ccrAcZe0.s 			page 8


 396 00a1 03       		.byte	0x3
 397 00a2 00000000 		.4byte	cy_meta_configecc
 398 00a6 07       		.uleb128 0x7
 399 00a7 79000000 		.4byte	0x79
 400 00ab 05       		.uleb128 0x5
 401 00ac 90000000 		.4byte	0x90
 402 00b0 BB000000 		.4byte	0xbb
 403 00b4 06       		.uleb128 0x6
 404 00b5 89000000 		.4byte	0x89
 405 00b9 03       		.byte	0x3
 406 00ba 00       		.byte	0
 407 00bb 08       		.uleb128 0x8
 408 00bc E3000000 		.4byte	.LASF13
 409 00c0 03       		.byte	0x3
 410 00c1 4A       		.byte	0x4a
 411 00c2 CC000000 		.4byte	0xcc
 412 00c6 05       		.uleb128 0x5
 413 00c7 03       		.byte	0x3
 414 00c8 00000000 		.4byte	cy_meta_custnvl
 415 00cc 07       		.uleb128 0x7
 416 00cd AB000000 		.4byte	0xab
 417 00d1 08       		.uleb128 0x8
 418 00d2 46010000 		.4byte	.LASF14
 419 00d6 03       		.byte	0x3
 420 00d7 58       		.byte	0x58
 421 00d8 E2000000 		.4byte	0xe2
 422 00dc 05       		.uleb128 0x5
 423 00dd 03       		.byte	0x3
 424 00de 00000000 		.4byte	cy_meta_wonvl
 425 00e2 07       		.uleb128 0x7
 426 00e3 AB000000 		.4byte	0xab
 427 00e7 05       		.uleb128 0x5
 428 00e8 90000000 		.4byte	0x90
 429 00ec F7000000 		.4byte	0xf7
 430 00f0 06       		.uleb128 0x6
 431 00f1 89000000 		.4byte	0x89
 432 00f5 FF       		.byte	0xff
 433 00f6 00       		.byte	0
 434 00f7 08       		.uleb128 0x8
 435 00f8 31010000 		.4byte	.LASF15
 436 00fc 03       		.byte	0x3
 437 00fd 66       		.byte	0x66
 438 00fe 08010000 		.4byte	0x108
 439 0102 05       		.uleb128 0x5
 440 0103 03       		.byte	0x3
 441 0104 00000000 		.4byte	cy_meta_flashprotect
 442 0108 07       		.uleb128 0x7
 443 0109 E7000000 		.4byte	0xe7
 444 010d 05       		.uleb128 0x5
 445 010e 90000000 		.4byte	0x90
 446 0112 1D010000 		.4byte	0x11d
 447 0116 06       		.uleb128 0x6
 448 0117 89000000 		.4byte	0x89
 449 011b 0B       		.byte	0xb
 450 011c 00       		.byte	0
 451 011d 08       		.uleb128 0x8
 452 011e 0A000000 		.4byte	.LASF16
ARM GAS  C:\Users\ujjjh\AppData\Local\Temp\ccrAcZe0.s 			page 9


 453 0122 03       		.byte	0x3
 454 0123 93       		.byte	0x93
 455 0124 2E010000 		.4byte	0x12e
 456 0128 05       		.uleb128 0x5
 457 0129 03       		.byte	0x3
 458 012a 00000000 		.4byte	cy_metadata
 459 012e 07       		.uleb128 0x7
 460 012f 0D010000 		.4byte	0x10d
 461 0133 00       		.byte	0
 462              		.section	.debug_abbrev,"",%progbits
 463              	.Ldebug_abbrev0:
 464 0000 01       		.uleb128 0x1
 465 0001 11       		.uleb128 0x11
 466 0002 01       		.byte	0x1
 467 0003 25       		.uleb128 0x25
 468 0004 0E       		.uleb128 0xe
 469 0005 13       		.uleb128 0x13
 470 0006 0B       		.uleb128 0xb
 471 0007 03       		.uleb128 0x3
 472 0008 0E       		.uleb128 0xe
 473 0009 1B       		.uleb128 0x1b
 474 000a 0E       		.uleb128 0xe
 475 000b 10       		.uleb128 0x10
 476 000c 17       		.uleb128 0x17
 477 000d 00       		.byte	0
 478 000e 00       		.byte	0
 479 000f 02       		.uleb128 0x2
 480 0010 24       		.uleb128 0x24
 481 0011 00       		.byte	0
 482 0012 0B       		.uleb128 0xb
 483 0013 0B       		.uleb128 0xb
 484 0014 3E       		.uleb128 0x3e
 485 0015 0B       		.uleb128 0xb
 486 0016 03       		.uleb128 0x3
 487 0017 0E       		.uleb128 0xe
 488 0018 00       		.byte	0
 489 0019 00       		.byte	0
 490 001a 03       		.uleb128 0x3
 491 001b 16       		.uleb128 0x16
 492 001c 00       		.byte	0
 493 001d 03       		.uleb128 0x3
 494 001e 0E       		.uleb128 0xe
 495 001f 3A       		.uleb128 0x3a
 496 0020 0B       		.uleb128 0xb
 497 0021 3B       		.uleb128 0x3b
 498 0022 0B       		.uleb128 0xb
 499 0023 49       		.uleb128 0x49
 500 0024 13       		.uleb128 0x13
 501 0025 00       		.byte	0
 502 0026 00       		.byte	0
 503 0027 04       		.uleb128 0x4
 504 0028 24       		.uleb128 0x24
 505 0029 00       		.byte	0
 506 002a 0B       		.uleb128 0xb
 507 002b 0B       		.uleb128 0xb
 508 002c 3E       		.uleb128 0x3e
 509 002d 0B       		.uleb128 0xb
ARM GAS  C:\Users\ujjjh\AppData\Local\Temp\ccrAcZe0.s 			page 10


 510 002e 03       		.uleb128 0x3
 511 002f 08       		.uleb128 0x8
 512 0030 00       		.byte	0
 513 0031 00       		.byte	0
 514 0032 05       		.uleb128 0x5
 515 0033 01       		.uleb128 0x1
 516 0034 01       		.byte	0x1
 517 0035 49       		.uleb128 0x49
 518 0036 13       		.uleb128 0x13
 519 0037 01       		.uleb128 0x1
 520 0038 13       		.uleb128 0x13
 521 0039 00       		.byte	0
 522 003a 00       		.byte	0
 523 003b 06       		.uleb128 0x6
 524 003c 21       		.uleb128 0x21
 525 003d 00       		.byte	0
 526 003e 49       		.uleb128 0x49
 527 003f 13       		.uleb128 0x13
 528 0040 2F       		.uleb128 0x2f
 529 0041 0B       		.uleb128 0xb
 530 0042 00       		.byte	0
 531 0043 00       		.byte	0
 532 0044 07       		.uleb128 0x7
 533 0045 26       		.uleb128 0x26
 534 0046 00       		.byte	0
 535 0047 49       		.uleb128 0x49
 536 0048 13       		.uleb128 0x13
 537 0049 00       		.byte	0
 538 004a 00       		.byte	0
 539 004b 08       		.uleb128 0x8
 540 004c 34       		.uleb128 0x34
 541 004d 00       		.byte	0
 542 004e 03       		.uleb128 0x3
 543 004f 0E       		.uleb128 0xe
 544 0050 3A       		.uleb128 0x3a
 545 0051 0B       		.uleb128 0xb
 546 0052 3B       		.uleb128 0x3b
 547 0053 0B       		.uleb128 0xb
 548 0054 49       		.uleb128 0x49
 549 0055 13       		.uleb128 0x13
 550 0056 3F       		.uleb128 0x3f
 551 0057 19       		.uleb128 0x19
 552 0058 02       		.uleb128 0x2
 553 0059 18       		.uleb128 0x18
 554 005a 00       		.byte	0
 555 005b 00       		.byte	0
 556 005c 00       		.byte	0
 557              		.section	.debug_aranges,"",%progbits
 558 0000 14000000 		.4byte	0x14
 559 0004 0200     		.2byte	0x2
 560 0006 00000000 		.4byte	.Ldebug_info0
 561 000a 04       		.byte	0x4
 562 000b 00       		.byte	0
 563 000c 0000     		.2byte	0
 564 000e 0000     		.2byte	0
 565 0010 00000000 		.4byte	0
 566 0014 00000000 		.4byte	0
ARM GAS  C:\Users\ujjjh\AppData\Local\Temp\ccrAcZe0.s 			page 11


 567              		.section	.debug_line,"",%progbits
 568              	.Ldebug_line0:
 569 0000 3D010000 		.section	.debug_str,"MS",%progbits,1
 569      02003701 
 569      00000201 
 569      FB0E0D00 
 569      01010101 
 570              	.LASF9:
 571 0000 5F5F7569 		.ascii	"__uint8_t\000"
 571      6E74385F 
 571      7400
 572              	.LASF16:
 573 000a 63795F6D 		.ascii	"cy_metadata\000"
 573      65746164 
 573      61746100 
 574              	.LASF0:
 575 0016 7369676E 		.ascii	"signed char\000"
 575      65642063 
 575      68617200 
 576              	.LASF1:
 577 0022 756E7369 		.ascii	"unsigned char\000"
 577      676E6564 
 577      20636861 
 577      7200
 578              	.LASF17:
 579 0030 474E5520 		.ascii	"GNU C11 5.4.1 20160609 (release) [ARM/embedded-5-br"
 579      43313120 
 579      352E342E 
 579      31203230 
 579      31363036 
 580 0063 616E6368 		.ascii	"anch revision 237715] -mcpu=cortex-m3 -mthumb -g -O"
 580      20726576 
 580      6973696F 
 580      6E203233 
 580      37373135 
 581 0096 67202D66 		.ascii	"g -ffunction-sections -ffat-lto-objects\000"
 581      66756E63 
 581      74696F6E 
 581      2D736563 
 581      74696F6E 
 582              	.LASF5:
 583 00be 6C6F6E67 		.ascii	"long unsigned int\000"
 583      20756E73 
 583      69676E65 
 583      6420696E 
 583      7400
 584              	.LASF3:
 585 00d0 73686F72 		.ascii	"short unsigned int\000"
 585      7420756E 
 585      7369676E 
 585      65642069 
 585      6E7400
 586              	.LASF13:
 587 00e3 63795F6D 		.ascii	"cy_meta_custnvl\000"
 587      6574615F 
 587      63757374 
 587      6E766C00 
ARM GAS  C:\Users\ujjjh\AppData\Local\Temp\ccrAcZe0.s 			page 12


 588              	.LASF12:
 589 00f3 63795F6D 		.ascii	"cy_meta_configecc\000"
 589      6574615F 
 589      636F6E66 
 589      69676563 
 589      6300
 590              	.LASF8:
 591 0105 756E7369 		.ascii	"unsigned int\000"
 591      676E6564 
 591      20696E74 
 591      00
 592              	.LASF7:
 593 0112 6C6F6E67 		.ascii	"long long unsigned int\000"
 593      206C6F6E 
 593      6720756E 
 593      7369676E 
 593      65642069 
 594              	.LASF10:
 595 0129 75696E74 		.ascii	"uint8_t\000"
 595      385F7400 
 596              	.LASF15:
 597 0131 63795F6D 		.ascii	"cy_meta_flashprotect\000"
 597      6574615F 
 597      666C6173 
 597      6870726F 
 597      74656374 
 598              	.LASF14:
 599 0146 63795F6D 		.ascii	"cy_meta_wonvl\000"
 599      6574615F 
 599      776F6E76 
 599      6C00
 600              	.LASF11:
 601 0154 73697A65 		.ascii	"sizetype\000"
 601      74797065 
 601      00
 602              	.LASF6:
 603 015d 6C6F6E67 		.ascii	"long long int\000"
 603      206C6F6E 
 603      6720696E 
 603      7400
 604              	.LASF2:
 605 016b 73686F72 		.ascii	"short int\000"
 605      7420696E 
 605      7400
 606              	.LASF4:
 607 0175 6C6F6E67 		.ascii	"long int\000"
 607      20696E74 
 607      00
 608              	.LASF19:
 609 017e 553A5C44 		.ascii	"U:\\Documents\\PSoC Creator\\Versuch 3\\LEDs Abwech"
 609      6F63756D 
 609      656E7473 
 609      5C50536F 
 609      43204372 
 610 01ad 73656C6E 		.ascii	"selnd Blinkem.cydsn\000"
 610      6420426C 
 610      696E6B65 
ARM GAS  C:\Users\ujjjh\AppData\Local\Temp\ccrAcZe0.s 			page 13


 610      6D2E6379 
 610      64736E00 
 611              	.LASF18:
 612 01c1 47656E65 		.ascii	"Generated_Source\\PSoC5\\cymetadata.c\000"
 612      72617465 
 612      645F536F 
 612      75726365 
 612      5C50536F 
 613              		.ident	"GCC: (GNU Tools for ARM Embedded Processors) 5.4.1 20160609 (release) [ARM/embedded-5-bran
