ARM GAS  C:\Users\ujjjh\AppData\Local\Temp\ccou0Hvk.s 			page 1


   1              		.syntax unified
   2              		.cpu cortex-m3
   3              		.fpu softvfp
   4              		.eabi_attribute 20, 1
   5              		.eabi_attribute 21, 1
   6              		.eabi_attribute 23, 3
   7              		.eabi_attribute 24, 1
   8              		.eabi_attribute 25, 1
   9              		.eabi_attribute 26, 1
  10              		.eabi_attribute 30, 1
  11              		.eabi_attribute 34, 1
  12              		.eabi_attribute 18, 4
  13              		.thumb
  14              		.syntax unified
  15              		.file	"main.c"
  16              		.text
  17              	.Ltext0:
  18              		.cfi_sections	.debug_frame
  19              		.section	.text.main,"ax",%progbits
  20              		.align	2
  21              		.global	main
  22              		.thumb
  23              		.thumb_func
  24              		.type	main, %function
  25              	main:
  26              	.LFB63:
  27              		.file 1 "main.c"
   1:main.c        **** /* ========================================
   2:main.c        ****  *
   3:main.c        ****  * Copyright YOUR COMPANY, THE YEAR
   4:main.c        ****  * All Rights Reserved
   5:main.c        ****  * UNPUBLISHED, LICENSED SOFTWARE.
   6:main.c        ****  *
   7:main.c        ****  * CONFIDENTIAL AND PROPRIETARY INFORMATION
   8:main.c        ****  * WHICH IS THE PROPERTY OF your company.
   9:main.c        ****  *
  10:main.c        ****  * ========================================
  11:main.c        **** */
  12:main.c        **** #include "project.h"
  13:main.c        **** 
  14:main.c        **** int main(void)
  15:main.c        **** {
  28              		.loc 1 15 0
  29              		.cfi_startproc
  30              		@ Volatile: function does not return.
  31              		@ args = 0, pretend = 0, frame = 0
  32              		@ frame_needed = 0, uses_anonymous_args = 0
  33 0000 08B5     		push	{r3, lr}
  34              		.cfi_def_cfa_offset 8
  35              		.cfi_offset 3, -8
  36              		.cfi_offset 14, -4
  16:main.c        ****     Clock_1_Start();
  37              		.loc 1 16 0
  38 0002 FFF7FEFF 		bl	Clock_1_Start
  39              	.LVL0:
  17:main.c        ****     PWM_1_Start();
  40              		.loc 1 17 0
ARM GAS  C:\Users\ujjjh\AppData\Local\Temp\ccou0Hvk.s 			page 2


  41 0006 FFF7FEFF 		bl	PWM_1_Start
  42              	.LVL1:
  43              	.L2:
  44 000a FEE7     		b	.L2
  45              		.cfi_endproc
  46              	.LFE63:
  47              		.size	main, .-main
  48              		.text
  49              	.Letext0:
  50              		.file 2 "c:\\program files (x86)\\cypress\\psoc creator\\4.2\\psoc creator\\import\\gnu\\arm\\5.4.
  51              		.file 3 "c:\\program files (x86)\\cypress\\psoc creator\\4.2\\psoc creator\\import\\gnu\\arm\\5.4.
  52              		.file 4 "Generated_Source\\PSoC5/Clock_1.h"
  53              		.file 5 "Generated_Source\\PSoC5/PWM_1.h"
  54              		.file 6 "Generated_Source\\PSoC5/core_cm3.h"
  55              		.section	.debug_info,"",%progbits
  56              	.Ldebug_info0:
  57 0000 F4000000 		.4byte	0xf4
  58 0004 0400     		.2byte	0x4
  59 0006 00000000 		.4byte	.Ldebug_abbrev0
  60 000a 04       		.byte	0x4
  61 000b 01       		.uleb128 0x1
  62 000c 54000000 		.4byte	.LASF18
  63 0010 0C       		.byte	0xc
  64 0011 3C000000 		.4byte	.LASF19
  65 0015 27010000 		.4byte	.LASF20
  66 0019 00000000 		.4byte	.Ldebug_ranges0+0
  67 001d 00000000 		.4byte	0
  68 0021 00000000 		.4byte	.Ldebug_line0
  69 0025 02       		.uleb128 0x2
  70 0026 01       		.byte	0x1
  71 0027 06       		.byte	0x6
  72 0028 7E010000 		.4byte	.LASF0
  73 002c 02       		.uleb128 0x2
  74 002d 01       		.byte	0x1
  75 002e 08       		.byte	0x8
  76 002f 0B010000 		.4byte	.LASF1
  77 0033 02       		.uleb128 0x2
  78 0034 02       		.byte	0x2
  79 0035 05       		.byte	0x5
  80 0036 A6010000 		.4byte	.LASF2
  81 003a 02       		.uleb128 0x2
  82 003b 02       		.byte	0x2
  83 003c 07       		.byte	0x7
  84 003d 0E000000 		.4byte	.LASF3
  85 0041 03       		.uleb128 0x3
  86 0042 96010000 		.4byte	.LASF9
  87 0046 02       		.byte	0x2
  88 0047 3F       		.byte	0x3f
  89 0048 4C000000 		.4byte	0x4c
  90 004c 02       		.uleb128 0x2
  91 004d 04       		.byte	0x4
  92 004e 05       		.byte	0x5
  93 004f 1E010000 		.4byte	.LASF4
  94 0053 02       		.uleb128 0x2
  95 0054 04       		.byte	0x4
  96 0055 07       		.byte	0x7
  97 0056 E2000000 		.4byte	.LASF5
ARM GAS  C:\Users\ujjjh\AppData\Local\Temp\ccou0Hvk.s 			page 3


  98 005a 02       		.uleb128 0x2
  99 005b 08       		.byte	0x8
 100 005c 05       		.byte	0x5
 101 005d 00000000 		.4byte	.LASF6
 102 0061 02       		.uleb128 0x2
 103 0062 08       		.byte	0x8
 104 0063 07       		.byte	0x7
 105 0064 F4000000 		.4byte	.LASF7
 106 0068 04       		.uleb128 0x4
 107 0069 04       		.byte	0x4
 108 006a 05       		.byte	0x5
 109 006b 696E7400 		.ascii	"int\000"
 110 006f 02       		.uleb128 0x2
 111 0070 04       		.byte	0x4
 112 0071 07       		.byte	0x7
 113 0072 21000000 		.4byte	.LASF8
 114 0076 03       		.uleb128 0x3
 115 0077 B0010000 		.4byte	.LASF10
 116 007b 03       		.byte	0x3
 117 007c 2C       		.byte	0x2c
 118 007d 41000000 		.4byte	0x41
 119 0081 02       		.uleb128 0x2
 120 0082 04       		.byte	0x4
 121 0083 04       		.byte	0x4
 122 0084 A0010000 		.4byte	.LASF11
 123 0088 02       		.uleb128 0x2
 124 0089 08       		.byte	0x8
 125 008a 04       		.byte	0x4
 126 008b 6A010000 		.4byte	.LASF12
 127 008f 02       		.uleb128 0x2
 128 0090 01       		.byte	0x1
 129 0091 08       		.byte	0x8
 130 0092 19010000 		.4byte	.LASF13
 131 0096 02       		.uleb128 0x2
 132 0097 08       		.byte	0x8
 133 0098 04       		.byte	0x4
 134 0099 8A010000 		.4byte	.LASF14
 135 009d 02       		.uleb128 0x2
 136 009e 04       		.byte	0x4
 137 009f 07       		.byte	0x7
 138 00a0 B8010000 		.4byte	.LASF15
 139 00a4 05       		.uleb128 0x5
 140 00a5 43000000 		.4byte	.LASF21
 141 00a9 01       		.byte	0x1
 142 00aa 0E       		.byte	0xe
 143 00ab 68000000 		.4byte	0x68
 144 00af 00000000 		.4byte	.LFB63
 145 00b3 0C000000 		.4byte	.LFE63-.LFB63
 146 00b7 01       		.uleb128 0x1
 147 00b8 9C       		.byte	0x9c
 148 00b9 D0000000 		.4byte	0xd0
 149 00bd 06       		.uleb128 0x6
 150 00be 06000000 		.4byte	.LVL0
 151 00c2 E1000000 		.4byte	0xe1
 152 00c6 06       		.uleb128 0x6
 153 00c7 0A000000 		.4byte	.LVL1
 154 00cb EC000000 		.4byte	0xec
ARM GAS  C:\Users\ujjjh\AppData\Local\Temp\ccou0Hvk.s 			page 4


 155 00cf 00       		.byte	0
 156 00d0 07       		.uleb128 0x7
 157 00d1 71010000 		.4byte	.LASF22
 158 00d5 06       		.byte	0x6
 159 00d6 1207     		.2byte	0x712
 160 00d8 DC000000 		.4byte	0xdc
 161 00dc 08       		.uleb128 0x8
 162 00dd 76000000 		.4byte	0x76
 163 00e1 09       		.uleb128 0x9
 164 00e2 2E000000 		.4byte	.LASF16
 165 00e6 2E000000 		.4byte	.LASF16
 166 00ea 04       		.byte	0x4
 167 00eb 27       		.byte	0x27
 168 00ec 09       		.uleb128 0x9
 169 00ed 48000000 		.4byte	.LASF17
 170 00f1 48000000 		.4byte	.LASF17
 171 00f5 05       		.byte	0x5
 172 00f6 92       		.byte	0x92
 173 00f7 00       		.byte	0
 174              		.section	.debug_abbrev,"",%progbits
 175              	.Ldebug_abbrev0:
 176 0000 01       		.uleb128 0x1
 177 0001 11       		.uleb128 0x11
 178 0002 01       		.byte	0x1
 179 0003 25       		.uleb128 0x25
 180 0004 0E       		.uleb128 0xe
 181 0005 13       		.uleb128 0x13
 182 0006 0B       		.uleb128 0xb
 183 0007 03       		.uleb128 0x3
 184 0008 0E       		.uleb128 0xe
 185 0009 1B       		.uleb128 0x1b
 186 000a 0E       		.uleb128 0xe
 187 000b 55       		.uleb128 0x55
 188 000c 17       		.uleb128 0x17
 189 000d 11       		.uleb128 0x11
 190 000e 01       		.uleb128 0x1
 191 000f 10       		.uleb128 0x10
 192 0010 17       		.uleb128 0x17
 193 0011 00       		.byte	0
 194 0012 00       		.byte	0
 195 0013 02       		.uleb128 0x2
 196 0014 24       		.uleb128 0x24
 197 0015 00       		.byte	0
 198 0016 0B       		.uleb128 0xb
 199 0017 0B       		.uleb128 0xb
 200 0018 3E       		.uleb128 0x3e
 201 0019 0B       		.uleb128 0xb
 202 001a 03       		.uleb128 0x3
 203 001b 0E       		.uleb128 0xe
 204 001c 00       		.byte	0
 205 001d 00       		.byte	0
 206 001e 03       		.uleb128 0x3
 207 001f 16       		.uleb128 0x16
 208 0020 00       		.byte	0
 209 0021 03       		.uleb128 0x3
 210 0022 0E       		.uleb128 0xe
 211 0023 3A       		.uleb128 0x3a
ARM GAS  C:\Users\ujjjh\AppData\Local\Temp\ccou0Hvk.s 			page 5


 212 0024 0B       		.uleb128 0xb
 213 0025 3B       		.uleb128 0x3b
 214 0026 0B       		.uleb128 0xb
 215 0027 49       		.uleb128 0x49
 216 0028 13       		.uleb128 0x13
 217 0029 00       		.byte	0
 218 002a 00       		.byte	0
 219 002b 04       		.uleb128 0x4
 220 002c 24       		.uleb128 0x24
 221 002d 00       		.byte	0
 222 002e 0B       		.uleb128 0xb
 223 002f 0B       		.uleb128 0xb
 224 0030 3E       		.uleb128 0x3e
 225 0031 0B       		.uleb128 0xb
 226 0032 03       		.uleb128 0x3
 227 0033 08       		.uleb128 0x8
 228 0034 00       		.byte	0
 229 0035 00       		.byte	0
 230 0036 05       		.uleb128 0x5
 231 0037 2E       		.uleb128 0x2e
 232 0038 01       		.byte	0x1
 233 0039 3F       		.uleb128 0x3f
 234 003a 19       		.uleb128 0x19
 235 003b 03       		.uleb128 0x3
 236 003c 0E       		.uleb128 0xe
 237 003d 3A       		.uleb128 0x3a
 238 003e 0B       		.uleb128 0xb
 239 003f 3B       		.uleb128 0x3b
 240 0040 0B       		.uleb128 0xb
 241 0041 27       		.uleb128 0x27
 242 0042 19       		.uleb128 0x19
 243 0043 49       		.uleb128 0x49
 244 0044 13       		.uleb128 0x13
 245 0045 8701     		.uleb128 0x87
 246 0047 19       		.uleb128 0x19
 247 0048 11       		.uleb128 0x11
 248 0049 01       		.uleb128 0x1
 249 004a 12       		.uleb128 0x12
 250 004b 06       		.uleb128 0x6
 251 004c 40       		.uleb128 0x40
 252 004d 18       		.uleb128 0x18
 253 004e 9742     		.uleb128 0x2117
 254 0050 19       		.uleb128 0x19
 255 0051 01       		.uleb128 0x1
 256 0052 13       		.uleb128 0x13
 257 0053 00       		.byte	0
 258 0054 00       		.byte	0
 259 0055 06       		.uleb128 0x6
 260 0056 898201   		.uleb128 0x4109
 261 0059 00       		.byte	0
 262 005a 11       		.uleb128 0x11
 263 005b 01       		.uleb128 0x1
 264 005c 31       		.uleb128 0x31
 265 005d 13       		.uleb128 0x13
 266 005e 00       		.byte	0
 267 005f 00       		.byte	0
 268 0060 07       		.uleb128 0x7
ARM GAS  C:\Users\ujjjh\AppData\Local\Temp\ccou0Hvk.s 			page 6


 269 0061 34       		.uleb128 0x34
 270 0062 00       		.byte	0
 271 0063 03       		.uleb128 0x3
 272 0064 0E       		.uleb128 0xe
 273 0065 3A       		.uleb128 0x3a
 274 0066 0B       		.uleb128 0xb
 275 0067 3B       		.uleb128 0x3b
 276 0068 05       		.uleb128 0x5
 277 0069 49       		.uleb128 0x49
 278 006a 13       		.uleb128 0x13
 279 006b 3F       		.uleb128 0x3f
 280 006c 19       		.uleb128 0x19
 281 006d 3C       		.uleb128 0x3c
 282 006e 19       		.uleb128 0x19
 283 006f 00       		.byte	0
 284 0070 00       		.byte	0
 285 0071 08       		.uleb128 0x8
 286 0072 35       		.uleb128 0x35
 287 0073 00       		.byte	0
 288 0074 49       		.uleb128 0x49
 289 0075 13       		.uleb128 0x13
 290 0076 00       		.byte	0
 291 0077 00       		.byte	0
 292 0078 09       		.uleb128 0x9
 293 0079 2E       		.uleb128 0x2e
 294 007a 00       		.byte	0
 295 007b 3F       		.uleb128 0x3f
 296 007c 19       		.uleb128 0x19
 297 007d 3C       		.uleb128 0x3c
 298 007e 19       		.uleb128 0x19
 299 007f 6E       		.uleb128 0x6e
 300 0080 0E       		.uleb128 0xe
 301 0081 03       		.uleb128 0x3
 302 0082 0E       		.uleb128 0xe
 303 0083 3A       		.uleb128 0x3a
 304 0084 0B       		.uleb128 0xb
 305 0085 3B       		.uleb128 0x3b
 306 0086 0B       		.uleb128 0xb
 307 0087 00       		.byte	0
 308 0088 00       		.byte	0
 309 0089 00       		.byte	0
 310              		.section	.debug_aranges,"",%progbits
 311 0000 1C000000 		.4byte	0x1c
 312 0004 0200     		.2byte	0x2
 313 0006 00000000 		.4byte	.Ldebug_info0
 314 000a 04       		.byte	0x4
 315 000b 00       		.byte	0
 316 000c 0000     		.2byte	0
 317 000e 0000     		.2byte	0
 318 0010 00000000 		.4byte	.LFB63
 319 0014 0C000000 		.4byte	.LFE63-.LFB63
 320 0018 00000000 		.4byte	0
 321 001c 00000000 		.4byte	0
 322              		.section	.debug_ranges,"",%progbits
 323              	.Ldebug_ranges0:
 324 0000 00000000 		.4byte	.LFB63
 325 0004 0C000000 		.4byte	.LFE63
ARM GAS  C:\Users\ujjjh\AppData\Local\Temp\ccou0Hvk.s 			page 7


 326 0008 00000000 		.4byte	0
 327 000c 00000000 		.4byte	0
 328              		.section	.debug_line,"",%progbits
 329              	.Ldebug_line0:
 330 0000 6E010000 		.section	.debug_str,"MS",%progbits,1
 330      02005701 
 330      00000201 
 330      FB0E0D00 
 330      01010101 
 331              	.LASF6:
 332 0000 6C6F6E67 		.ascii	"long long int\000"
 332      206C6F6E 
 332      6720696E 
 332      7400
 333              	.LASF3:
 334 000e 73686F72 		.ascii	"short unsigned int\000"
 334      7420756E 
 334      7369676E 
 334      65642069 
 334      6E7400
 335              	.LASF8:
 336 0021 756E7369 		.ascii	"unsigned int\000"
 336      676E6564 
 336      20696E74 
 336      00
 337              	.LASF16:
 338 002e 436C6F63 		.ascii	"Clock_1_Start\000"
 338      6B5F315F 
 338      53746172 
 338      7400
 339              	.LASF19:
 340 003c 6D61696E 		.ascii	"main.c\000"
 340      2E6300
 341              	.LASF21:
 342 0043 6D61696E 		.ascii	"main\000"
 342      00
 343              	.LASF17:
 344 0048 50574D5F 		.ascii	"PWM_1_Start\000"
 344      315F5374 
 344      61727400 
 345              	.LASF18:
 346 0054 474E5520 		.ascii	"GNU C11 5.4.1 20160609 (release) [ARM/embedded-5-br"
 346      43313120 
 346      352E342E 
 346      31203230 
 346      31363036 
 347 0087 616E6368 		.ascii	"anch revision 237715] -mcpu=cortex-m3 -mthumb -g -O"
 347      20726576 
 347      6973696F 
 347      6E203233 
 347      37373135 
 348 00ba 67202D66 		.ascii	"g -ffunction-sections -ffat-lto-objects\000"
 348      66756E63 
 348      74696F6E 
 348      2D736563 
 348      74696F6E 
 349              	.LASF5:
ARM GAS  C:\Users\ujjjh\AppData\Local\Temp\ccou0Hvk.s 			page 8


 350 00e2 6C6F6E67 		.ascii	"long unsigned int\000"
 350      20756E73 
 350      69676E65 
 350      6420696E 
 350      7400
 351              	.LASF7:
 352 00f4 6C6F6E67 		.ascii	"long long unsigned int\000"
 352      206C6F6E 
 352      6720756E 
 352      7369676E 
 352      65642069 
 353              	.LASF1:
 354 010b 756E7369 		.ascii	"unsigned char\000"
 354      676E6564 
 354      20636861 
 354      7200
 355              	.LASF13:
 356 0119 63686172 		.ascii	"char\000"
 356      00
 357              	.LASF4:
 358 011e 6C6F6E67 		.ascii	"long int\000"
 358      20696E74 
 358      00
 359              	.LASF20:
 360 0127 553A5C44 		.ascii	"U:\\Documents\\PSoC Creator\\Versuch 3\\LEDs Abwech"
 360      6F63756D 
 360      656E7473 
 360      5C50536F 
 360      43204372 
 361 0156 73656C6E 		.ascii	"selnd Blinkem.cydsn\000"
 361      6420426C 
 361      696E6B65 
 361      6D2E6379 
 361      64736E00 
 362              	.LASF12:
 363 016a 646F7562 		.ascii	"double\000"
 363      6C6500
 364              	.LASF22:
 365 0171 49544D5F 		.ascii	"ITM_RxBuffer\000"
 365      52784275 
 365      66666572 
 365      00
 366              	.LASF0:
 367 017e 7369676E 		.ascii	"signed char\000"
 367      65642063 
 367      68617200 
 368              	.LASF14:
 369 018a 6C6F6E67 		.ascii	"long double\000"
 369      20646F75 
 369      626C6500 
 370              	.LASF9:
 371 0196 5F5F696E 		.ascii	"__int32_t\000"
 371      7433325F 
 371      7400
 372              	.LASF11:
 373 01a0 666C6F61 		.ascii	"float\000"
 373      7400
ARM GAS  C:\Users\ujjjh\AppData\Local\Temp\ccou0Hvk.s 			page 9


 374              	.LASF2:
 375 01a6 73686F72 		.ascii	"short int\000"
 375      7420696E 
 375      7400
 376              	.LASF10:
 377 01b0 696E7433 		.ascii	"int32_t\000"
 377      325F7400 
 378              	.LASF15:
 379 01b8 73697A65 		.ascii	"sizetype\000"
 379      74797065 
 379      00
 380              		.ident	"GCC: (GNU Tools for ARM Embedded Processors) 5.4.1 20160609 (release) [ARM/embedded-5-bran
