--------------- Build Started: 07/13/2020 17:31:49 Project: 555Timer, Configuration: ARM GCC 5.4-2016-q2-update Debug ---------------
cydsfit.exe -.appdatapath "C:\Users\ujjjh\AppData\Local\Cypress Semiconductor\PSoC Creator\4.2" -.fdsnotice -.fdswarpdepfile=warp_dependencies.txt -.fdselabdepfile=elab_dependencies.txt -.fdsbldfile=generated_files.txt -.fdsreffile=referenced_files.txt -p "\\sccfs.scc.kit.edu\Stud-Home\Documents\PSoC Creator\Versuch 5\555Timer.cydsn\555Timer.cyprj" -d CY8C5868AXI-LP035 -s "\\sccfs.scc.kit.edu\Stud-Home\Documents\PSoC Creator\Versuch 5\555Timer.cydsn\Generated_Source\PSoC5" -- -yv2 -q10 -ygs -o2 -v3 -.fftcfgtype=LE
Elaborating Design...
HDL Generation...
Synthesis...
Tech Mapping...
Analog Placement...
Log: apr.M0058: The analog placement iterative improvement is 38% done. (App=cydsfit)
Log: apr.M0058: The analog placement iterative improvement is 75% done. (App=cydsfit)
Analog Routing...
Analog Code Generation...
Digital Placement...
Digital Routing...
Bitstream Generation...
Bitstream Verification...
Static timing analysis...
API Generation...
Dependency Generation...
Cleanup...
arm-none-eabi-gcc.exe -mcpu=cortex-m3 -mthumb -I. -IGenerated_Source\PSoC5 -Wa,-alh=.\CortexM3\ARM_GCC_541\Debug/cymetadata.lst -g -D DEBUG -D CY_CORE_ID=0 -Wall -ffunction-sections -ffat-lto-objects -Og -c Generated_Source\PSoC5\cymetadata.c -o .\CortexM3\ARM_GCC_541\Debug\cymetadata.o
arm-none-eabi-ar.exe -rs .\CortexM3\ARM_GCC_541\Debug\555Timer.a .\CortexM3\ARM_GCC_541\Debug\Discharge.o .\CortexM3\ARM_GCC_541\Debug\Compare.o .\CortexM3\ARM_GCC_541\Debug\Comp_1.o .\CortexM3\ARM_GCC_541\Debug\Comp_1_PM.o .\CortexM3\ARM_GCC_541\Debug\Trigger_1.o .\CortexM3\ARM_GCC_541\Debug\Trigger_1_PM.o .\CortexM3\ARM_GCC_541\Debug\Comp_2.o .\CortexM3\ARM_GCC_541\Debug\Comp_2_PM.o .\CortexM3\ARM_GCC_541\Debug\Threshold_1.o .\CortexM3\ARM_GCC_541\Debug\Threshold_1_PM.o .\CortexM3\ARM_GCC_541\Debug\Oszilloskop.o .\CortexM3\ARM_GCC_541\Debug\Clock_1.o .\CortexM3\ARM_GCC_541\Debug\CyDmac.o .\CortexM3\ARM_GCC_541\Debug\CyFlash.o .\CortexM3\ARM_GCC_541\Debug\CyLib.o .\CortexM3\ARM_GCC_541\Debug\cyPm.o .\CortexM3\ARM_GCC_541\Debug\CySpc.o .\CortexM3\ARM_GCC_541\Debug\cyutils.o .\CortexM3\ARM_GCC_541\Debug\cy_em_eeprom.o .\CortexM3\ARM_GCC_541\Debug\CyBootAsmGnu.o
arm-none-eabi-ar.exe: creating .\CortexM3\ARM_GCC_541\Debug\555Timer.a
arm-none-eabi-gcc.exe -Wl,--start-group -o "\\sccfs.scc.kit.edu\Stud-Home\Documents\PSoC Creator\Versuch 5\555Timer.cydsn\CortexM3\ARM_GCC_541\Debug\555Timer.elf" .\CortexM3\ARM_GCC_541\Debug\main.o .\CortexM3\ARM_GCC_541\Debug\cyfitter_cfg.o .\CortexM3\ARM_GCC_541\Debug\cymetadata.o .\CortexM3\ARM_GCC_541\Debug\Cm3Start.o .\CortexM3\ARM_GCC_541\Debug\555Timer.a "C:\Program Files (x86)\Cypress\PSoC Creator\4.2\PSoC Creator\psoc\content\cycomponentlibrary\CyComponentLibrary.cylib\CortexM3\ARM_GCC_541\Debug\CyComponentLibrary.a" -mcpu=cortex-m3 -mthumb -L Generated_Source\PSoC5 -Wl,-Map,.\CortexM3\ARM_GCC_541\Debug/555Timer.map -T Generated_Source\PSoC5\cm3gcc.ld -specs=nano.specs -Wl,--gc-sections -g -ffunction-sections -Og -ffat-lto-objects -Wl,--end-group
cyelftool.exe -C "\\sccfs.scc.kit.edu\Stud-Home\Documents\PSoC Creator\Versuch 5\555Timer.cydsn\CortexM3\ARM_GCC_541\Debug\555Timer.elf" --flash_row_size 256 --flash_size 262144 --flash_offset 0x00000000
No ELF section .cychecksum found, creating one
Application checksum calculated and stored in ELF section .cychecksum
Checksum calculated and stored in ELF section .cymeta
cyelftool.exe -S "\\sccfs.scc.kit.edu\Stud-Home\Documents\PSoC Creator\Versuch 5\555Timer.cydsn\CortexM3\ARM_GCC_541\Debug\555Timer.elf"
Flash used: 2190 of 262144 bytes (0,8 %).
SRAM used: 2505 of 65536 bytes (3,8 %). Stack: 2048 bytes. Heap: 128 bytes.
--------------- Build Succeeded: 07/13/2020 17:32:14 ---------------
