ARM GAS  C:\Users\ujjjh\AppData\Local\Temp\ccP9uC8B.s 			page 1


   1              		.syntax unified
   2              		.cpu cortex-m3
   3              		.fpu softvfp
   4              		.eabi_attribute 20, 1
   5              		.eabi_attribute 21, 1
   6              		.eabi_attribute 23, 3
   7              		.eabi_attribute 24, 1
   8              		.eabi_attribute 25, 1
   9              		.eabi_attribute 26, 1
  10              		.eabi_attribute 30, 1
  11              		.eabi_attribute 34, 1
  12              		.eabi_attribute 18, 4
  13              		.thumb
  14              		.syntax unified
  15              		.file	"cymetadata.c"
  16              		.text
  17              	.Ltext0:
  18              		.cfi_sections	.debug_frame
  19              		.global	cy_metadata
  20              		.global	cy_meta_flashprotect
  21              		.global	cy_meta_wonvl
  22              		.global	cy_meta_custnvl
  23              		.global	cy_meta_configecc
  24              		.section	.cyconfigecc,"a",%progbits
  25              		.align	2
  26              		.type	cy_meta_configecc, %object
  27              		.size	cy_meta_configecc, 576
  28              	cy_meta_configecc:
  29 0000 02       		.byte	2
  30 0001 64       		.byte	100
  31 0002 00       		.byte	0
  32 0003 40       		.byte	64
  33 0004 01       		.byte	1
  34 0005 03       		.byte	3
  35 0006 01       		.byte	1
  36 0007 40       		.byte	64
  37 0008 65       		.byte	101
  38 0009 04       		.byte	4
  39 000a 01       		.byte	1
  40 000b 40       		.byte	64
  41 000c 3B       		.byte	59
  42 000d 05       		.byte	5
  43 000e 01       		.byte	1
  44 000f 40       		.byte	64
  45 0010 20       		.byte	32
  46 0011 06       		.byte	6
  47 0012 01       		.byte	1
  48 0013 40       		.byte	64
  49 0014 13       		.byte	19
  50 0015 07       		.byte	7
  51 0016 01       		.byte	1
  52 0017 40       		.byte	64
  53 0018 01       		.byte	1
  54 0019 0B       		.byte	11
  55 001a 01       		.byte	1
  56 001b 40       		.byte	64
  57 001c 01       		.byte	1
ARM GAS  C:\Users\ujjjh\AppData\Local\Temp\ccP9uC8B.s 			page 2


  58 001d 17       		.byte	23
  59 001e 01       		.byte	1
  60 001f 40       		.byte	64
  61 0020 01       		.byte	1
  62 0021 19       		.byte	25
  63 0022 01       		.byte	1
  64 0023 40       		.byte	64
  65 0024 04       		.byte	4
  66 0025 40       		.byte	64
  67 0026 01       		.byte	1
  68 0027 40       		.byte	64
  69 0028 04       		.byte	4
  70 0029 41       		.byte	65
  71 002a 01       		.byte	1
  72 002b 40       		.byte	64
  73 002c 03       		.byte	3
  74 002d 42       		.byte	66
  75 002e 01       		.byte	1
  76 002f 40       		.byte	64
  77 0030 03       		.byte	3
  78 0031 46       		.byte	70
  79 0032 01       		.byte	1
  80 0033 40       		.byte	64
  81 0034 05       		.byte	5
  82 0035 4C       		.byte	76
  83 0036 01       		.byte	1
  84 0037 40       		.byte	64
  85 0038 02       		.byte	2
  86 0039 50       		.byte	80
  87 003a 01       		.byte	1
  88 003b 40       		.byte	64
  89 003c 01       		.byte	1
  90 003d 51       		.byte	81
  91 003e 01       		.byte	1
  92 003f 40       		.byte	64
  93 0040 84       		.byte	-124
  94 0041 0D       		.byte	13
  95 0042 85       		.byte	-123
  96 0043 0F       		.byte	15
  97 0044 84       		.byte	-124
  98 0045 01       		.byte	1
  99 0046 00       		.byte	0
 100 0047 40       		.byte	64
 101 0048 03       		.byte	3
 102 0049 02       		.byte	2
 103 004a 04       		.byte	4
 104 004b 11       		.byte	17
 105 004c 06       		.byte	6
 106 004d 0E       		.byte	14
 107 004e 0A       		.byte	10
 108 004f 10       		.byte	16
 109 0050 0C       		.byte	12
 110 0051 0C       		.byte	12
 111 0052 0E       		.byte	14
 112 0053 13       		.byte	19
 113 0054 16       		.byte	22
 114 0055 20       		.byte	32
ARM GAS  C:\Users\ujjjh\AppData\Local\Temp\ccP9uC8B.s 			page 3


 115 0056 17       		.byte	23
 116 0057 01       		.byte	1
 117 0058 1A       		.byte	26
 118 0059 08       		.byte	8
 119 005a 1E       		.byte	30
 120 005b 0C       		.byte	12
 121 005c 1F       		.byte	31
 122 005d 01       		.byte	1
 123 005e 22       		.byte	34
 124 005f 20       		.byte	32
 125 0060 28       		.byte	40
 126 0061 11       		.byte	17
 127 0062 2A       		.byte	42
 128 0063 06       		.byte	6
 129 0064 2E       		.byte	46
 130 0065 13       		.byte	19
 131 0066 30       		.byte	48
 132 0067 0F       		.byte	15
 133 0068 32       		.byte	50
 134 0069 40       		.byte	64
 135 006a 33       		.byte	51
 136 006b 02       		.byte	2
 137 006c 34       		.byte	52
 138 006d 20       		.byte	32
 139 006e 36       		.byte	54
 140 006f 10       		.byte	16
 141 0070 37       		.byte	55
 142 0071 01       		.byte	1
 143 0072 3A       		.byte	58
 144 0073 02       		.byte	2
 145 0074 3E       		.byte	62
 146 0075 54       		.byte	84
 147 0076 40       		.byte	64
 148 0077 34       		.byte	52
 149 0078 41       		.byte	65
 150 0079 02       		.byte	2
 151 007a 45       		.byte	69
 152 007b 0C       		.byte	12
 153 007c 46       		.byte	70
 154 007d 0E       		.byte	14
 155 007e 47       		.byte	71
 156 007f 0B       		.byte	11
 157 0080 48       		.byte	72
 158 0081 15       		.byte	21
 159 0082 49       		.byte	73
 160 0083 FF       		.byte	-1
 161 0084 4A       		.byte	74
 162 0085 FF       		.byte	-1
 163 0086 4B       		.byte	75
 164 0087 FF       		.byte	-1
 165 0088 4E       		.byte	78
 166 0089 F0       		.byte	-16
 167 008a 4F       		.byte	79
 168 008b 44       		.byte	68
 169 008c 50       		.byte	80
 170 008d 0C       		.byte	12
 171 008e 52       		.byte	82
ARM GAS  C:\Users\ujjjh\AppData\Local\Temp\ccP9uC8B.s 			page 4


 172 008f 80       		.byte	-128
 173 0090 54       		.byte	84
 174 0091 05       		.byte	5
 175 0092 58       		.byte	88
 176 0093 04       		.byte	4
 177 0094 59       		.byte	89
 178 0095 04       		.byte	4
 179 0096 5A       		.byte	90
 180 0097 04       		.byte	4
 181 0098 5B       		.byte	91
 182 0099 04       		.byte	4
 183 009a 5C       		.byte	92
 184 009b 10       		.byte	16
 185 009c 5D       		.byte	93
 186 009d 10       		.byte	16
 187 009e 5F       		.byte	95
 188 009f 01       		.byte	1
 189 00a0 66       		.byte	102
 190 00a1 C0       		.byte	-64
 191 00a2 6A       		.byte	106
 192 00a3 40       		.byte	64
 193 00a4 6B       		.byte	107
 194 00a5 02       		.byte	2
 195 00a6 84       		.byte	-124
 196 00a7 10       		.byte	16
 197 00a8 86       		.byte	-122
 198 00a9 AC       		.byte	-84
 199 00aa 88       		.byte	-120
 200 00ab 0C       		.byte	12
 201 00ac 89       		.byte	-119
 202 00ad 03       		.byte	3
 203 00ae 8A       		.byte	-118
 204 00af 71       		.byte	113
 205 00b0 8B       		.byte	-117
 206 00b1 04       		.byte	4
 207 00b2 8C       		.byte	-116
 208 00b3 09       		.byte	9
 209 00b4 8D       		.byte	-115
 210 00b5 80       		.byte	-128
 211 00b6 8E       		.byte	-114
 212 00b7 D0       		.byte	-48
 213 00b8 8F       		.byte	-113
 214 00b9 15       		.byte	21
 215 00ba 93       		.byte	-109
 216 00bb 08       		.byte	8
 217 00bc 96       		.byte	-106
 218 00bd 03       		.byte	3
 219 00be 98       		.byte	-104
 220 00bf 10       		.byte	16
 221 00c0 99       		.byte	-103
 222 00c1 73       		.byte	115
 223 00c2 9A       		.byte	-102
 224 00c3 40       		.byte	64
 225 00c4 9B       		.byte	-101
 226 00c5 0C       		.byte	12
 227 00c6 9C       		.byte	-100
 228 00c7 DC       		.byte	-36
ARM GAS  C:\Users\ujjjh\AppData\Local\Temp\ccP9uC8B.s 			page 5


 229 00c8 9E       		.byte	-98
 230 00c9 22       		.byte	34
 231 00ca A2       		.byte	-94
 232 00cb 20       		.byte	32
 233 00cc A4       		.byte	-92
 234 00cd 14       		.byte	20
 235 00ce A5       		.byte	-91
 236 00cf 73       		.byte	115
 237 00d0 A7       		.byte	-89
 238 00d1 04       		.byte	4
 239 00d2 AD       		.byte	-83
 240 00d3 2A       		.byte	42
 241 00d4 AF       		.byte	-81
 242 00d5 44       		.byte	68
 243 00d6 B1       		.byte	-79
 244 00d7 30       		.byte	48
 245 00d8 B2       		.byte	-78
 246 00d9 1F       		.byte	31
 247 00da B3       		.byte	-77
 248 00db 0F       		.byte	15
 249 00dc B4       		.byte	-76
 250 00dd E0       		.byte	-32
 251 00de B7       		.byte	-73
 252 00df C0       		.byte	-64
 253 00e0 B9       		.byte	-71
 254 00e1 82       		.byte	-126
 255 00e2 BA       		.byte	-70
 256 00e3 20       		.byte	32
 257 00e4 BB       		.byte	-69
 258 00e5 08       		.byte	8
 259 00e6 BF       		.byte	-65
 260 00e7 01       		.byte	1
 261 00e8 C0       		.byte	-64
 262 00e9 01       		.byte	1
 263 00ea C6       		.byte	-58
 264 00eb 40       		.byte	64
 265 00ec C9       		.byte	-55
 266 00ed FF       		.byte	-1
 267 00ee CA       		.byte	-54
 268 00ef 07       		.byte	7
 269 00f0 CB       		.byte	-53
 270 00f1 FF       		.byte	-1
 271 00f2 CC       		.byte	-52
 272 00f3 40       		.byte	64
 273 00f4 CD       		.byte	-51
 274 00f5 20       		.byte	32
 275 00f6 CE       		.byte	-50
 276 00f7 F0       		.byte	-16
 277 00f8 CF       		.byte	-49
 278 00f9 05       		.byte	5
 279 00fa D0       		.byte	-48
 280 00fb 08       		.byte	8
 281 00fc D4       		.byte	-44
 282 00fd 01       		.byte	1
 283 00fe D8       		.byte	-40
 284 00ff 04       		.byte	4
 285 0100 D9       		.byte	-39
ARM GAS  C:\Users\ujjjh\AppData\Local\Temp\ccP9uC8B.s 			page 6


 286 0101 04       		.byte	4
 287 0102 DA       		.byte	-38
 288 0103 04       		.byte	4
 289 0104 DB       		.byte	-37
 290 0105 04       		.byte	4
 291 0106 DF       		.byte	-33
 292 0107 01       		.byte	1
 293 0108 E0       		.byte	-32
 294 0109 40       		.byte	64
 295 010a E1       		.byte	-31
 296 010b A8       		.byte	-88
 297 010c E2       		.byte	-30
 298 010d 40       		.byte	64
 299 010e E3       		.byte	-29
 300 010f 20       		.byte	32
 301 0110 00       		.byte	0
 302 0111 21       		.byte	33
 303 0112 02       		.byte	2
 304 0113 40       		.byte	64
 305 0114 03       		.byte	3
 306 0115 22       		.byte	34
 307 0116 05       		.byte	5
 308 0117 10       		.byte	16
 309 0118 07       		.byte	7
 310 0119 22       		.byte	34
 311 011a 09       		.byte	9
 312 011b 98       		.byte	-104
 313 011c 0D       		.byte	13
 314 011d 20       		.byte	32
 315 011e 0E       		.byte	14
 316 011f 10       		.byte	16
 317 0120 0F       		.byte	15
 318 0121 02       		.byte	2
 319 0122 11       		.byte	17
 320 0123 80       		.byte	-128
 321 0124 12       		.byte	18
 322 0125 80       		.byte	-128
 323 0126 13       		.byte	19
 324 0127 20       		.byte	32
 325 0128 15       		.byte	21
 326 0129 08       		.byte	8
 327 012a 16       		.byte	22
 328 012b 80       		.byte	-128
 329 012c 19       		.byte	25
 330 012d 88       		.byte	-120
 331 012e 1A       		.byte	26
 332 012f 04       		.byte	4
 333 0130 1B       		.byte	27
 334 0131 03       		.byte	3
 335 0132 1D       		.byte	29
 336 0133 10       		.byte	16
 337 0134 1E       		.byte	30
 338 0135 10       		.byte	16
 339 0136 1F       		.byte	31
 340 0137 20       		.byte	32
 341 0138 20       		.byte	32
 342 0139 02       		.byte	2
ARM GAS  C:\Users\ujjjh\AppData\Local\Temp\ccP9uC8B.s 			page 7


 343 013a 21       		.byte	33
 344 013b 08       		.byte	8
 345 013c 24       		.byte	36
 346 013d 10       		.byte	16
 347 013e 25       		.byte	37
 348 013f 80       		.byte	-128
 349 0140 27       		.byte	39
 350 0141 A2       		.byte	-94
 351 0142 2F       		.byte	47
 352 0143 22       		.byte	34
 353 0144 31       		.byte	49
 354 0145 08       		.byte	8
 355 0146 32       		.byte	50
 356 0147 80       		.byte	-128
 357 0148 37       		.byte	55
 358 0149 22       		.byte	34
 359 014a 38       		.byte	56
 360 014b 02       		.byte	2
 361 014c 3C       		.byte	60
 362 014d 20       		.byte	32
 363 014e 3F       		.byte	63
 364 014f 80       		.byte	-128
 365 0150 40       		.byte	64
 366 0151 10       		.byte	16
 367 0152 42       		.byte	66
 368 0153 80       		.byte	-128
 369 0154 43       		.byte	67
 370 0155 20       		.byte	32
 371 0156 47       		.byte	71
 372 0157 80       		.byte	-128
 373 0158 48       		.byte	72
 374 0159 10       		.byte	16
 375 015a 4A       		.byte	74
 376 015b 10       		.byte	16
 377 015c 51       		.byte	81
 378 015d 04       		.byte	4
 379 015e 52       		.byte	82
 380 015f 40       		.byte	64
 381 0160 55       		.byte	85
 382 0161 70       		.byte	112
 383 0162 56       		.byte	86
 384 0163 80       		.byte	-128
 385 0164 57       		.byte	87
 386 0165 40       		.byte	64
 387 0166 59       		.byte	89
 388 0167 02       		.byte	2
 389 0168 5A       		.byte	90
 390 0169 84       		.byte	-124
 391 016a 5C       		.byte	92
 392 016b 01       		.byte	1
 393 016c 5D       		.byte	93
 394 016d 88       		.byte	-120
 395 016e 5E       		.byte	94
 396 016f 20       		.byte	32
 397 0170 70       		.byte	112
 398 0171 01       		.byte	1
 399 0172 A4       		.byte	-92
ARM GAS  C:\Users\ujjjh\AppData\Local\Temp\ccP9uC8B.s 			page 8


 400 0173 01       		.byte	1
 401 0174 C0       		.byte	-64
 402 0175 EF       		.byte	-17
 403 0176 C2       		.byte	-62
 404 0177 E7       		.byte	-25
 405 0178 C4       		.byte	-60
 406 0179 3B       		.byte	59
 407 017a CA       		.byte	-54
 408 017b 50       		.byte	80
 409 017c CC       		.byte	-52
 410 017d AA       		.byte	-86
 411 017e CE       		.byte	-50
 412 017f 31       		.byte	49
 413 0180 D0       		.byte	-48
 414 0181 17       		.byte	23
 415 0182 D6       		.byte	-42
 416 0183 FB       		.byte	-5
 417 0184 E6       		.byte	-26
 418 0185 04       		.byte	4
 419 0186 88       		.byte	-120
 420 0187 01       		.byte	1
 421 0188 94       		.byte	-108
 422 0189 04       		.byte	4
 423 018a 9A       		.byte	-102
 424 018b 03       		.byte	3
 425 018c B0       		.byte	-80
 426 018d 01       		.byte	1
 427 018e B2       		.byte	-78
 428 018f 02       		.byte	2
 429 0190 B4       		.byte	-76
 430 0191 04       		.byte	4
 431 0192 BE       		.byte	-66
 432 0193 10       		.byte	16
 433 0194 C0       		.byte	-64
 434 0195 30       		.byte	48
 435 0196 C1       		.byte	-63
 436 0197 01       		.byte	1
 437 0198 C5       		.byte	-59
 438 0199 D1       		.byte	-47
 439 019a C6       		.byte	-58
 440 019b 02       		.byte	2
 441 019c C8       		.byte	-56
 442 019d 07       		.byte	7
 443 019e C9       		.byte	-55
 444 019f FF       		.byte	-1
 445 01a0 CA       		.byte	-54
 446 01a1 FF       		.byte	-1
 447 01a2 CB       		.byte	-53
 448 01a3 FF       		.byte	-1
 449 01a4 CD       		.byte	-51
 450 01a5 A0       		.byte	-96
 451 01a6 CF       		.byte	-49
 452 01a7 04       		.byte	4
 453 01a8 D0       		.byte	-48
 454 01a9 18       		.byte	24
 455 01aa D8       		.byte	-40
 456 01ab 04       		.byte	4
ARM GAS  C:\Users\ujjjh\AppData\Local\Temp\ccP9uC8B.s 			page 9


 457 01ac DA       		.byte	-38
 458 01ad 04       		.byte	4
 459 01ae DC       		.byte	-36
 460 01af 01       		.byte	1
 461 01b0 DD       		.byte	-35
 462 01b1 01       		.byte	1
 463 01b2 DF       		.byte	-33
 464 01b3 01       		.byte	1
 465 01b4 E0       		.byte	-32
 466 01b5 40       		.byte	64
 467 01b6 E2       		.byte	-30
 468 01b7 C0       		.byte	-64
 469 01b8 E4       		.byte	-28
 470 01b9 40       		.byte	64
 471 01ba E5       		.byte	-27
 472 01bb 40       		.byte	64
 473 01bc E6       		.byte	-26
 474 01bd C0       		.byte	-64
 475 01be E8       		.byte	-24
 476 01bf C0       		.byte	-64
 477 01c0 EA       		.byte	-22
 478 01c1 C0       		.byte	-64
 479 01c2 EC       		.byte	-20
 480 01c3 C0       		.byte	-64
 481 01c4 EE       		.byte	-18
 482 01c5 C0       		.byte	-64
 483 01c6 00       		.byte	0
 484 01c7 10       		.byte	16
 485 01c8 0A       		.byte	10
 486 01c9 10       		.byte	16
 487 01ca 0B       		.byte	11
 488 01cb 08       		.byte	8
 489 01cc 18       		.byte	24
 490 01cd 10       		.byte	16
 491 01ce 1A       		.byte	26
 492 01cf 84       		.byte	-124
 493 01d0 41       		.byte	65
 494 01d1 08       		.byte	8
 495 01d2 43       		.byte	67
 496 01d3 80       		.byte	-128
 497 01d4 49       		.byte	73
 498 01d5 02       		.byte	2
 499 01d6 4B       		.byte	75
 500 01d7 08       		.byte	8
 501 01d8 52       		.byte	82
 502 01d9 80       		.byte	-128
 503 01da 53       		.byte	83
 504 01db 80       		.byte	-128
 505 01dc 92       		.byte	-110
 506 01dd 10       		.byte	16
 507 01de 96       		.byte	-106
 508 01df 80       		.byte	-128
 509 01e0 9D       		.byte	-99
 510 01e1 02       		.byte	2
 511 01e2 A1       		.byte	-95
 512 01e3 08       		.byte	8
 513 01e4 A6       		.byte	-90
ARM GAS  C:\Users\ujjjh\AppData\Local\Temp\ccP9uC8B.s 			page 10


 514 01e5 80       		.byte	-128
 515 01e6 C0       		.byte	-64
 516 01e7 02       		.byte	2
 517 01e8 C2       		.byte	-62
 518 01e9 06       		.byte	6
 519 01ea D0       		.byte	-48
 520 01eb 0A       		.byte	10
 521 01ec E6       		.byte	-26
 522 01ed 04       		.byte	4
 523 01ee B2       		.byte	-78
 524 01ef 04       		.byte	4
 525 01f0 EC       		.byte	-20
 526 01f1 20       		.byte	32
 527 01f2 33       		.byte	51
 528 01f3 80       		.byte	-128
 529 01f4 52       		.byte	82
 530 01f5 80       		.byte	-128
 531 01f6 CC       		.byte	-52
 532 01f7 10       		.byte	16
 533 01f8 D4       		.byte	-44
 534 01f9 20       		.byte	32
 535 01fa 86       		.byte	-122
 536 01fb 80       		.byte	-128
 537 01fc A6       		.byte	-90
 538 01fd 80       		.byte	-128
 539 01fe A7       		.byte	-89
 540 01ff 80       		.byte	-128
 541 0200 E6       		.byte	-26
 542 0201 10       		.byte	16
 543 0202 83       		.byte	-125
 544 0203 80       		.byte	-128
 545 0204 A7       		.byte	-89
 546 0205 80       		.byte	-128
 547 0206 E6       		.byte	-26
 548 0207 20       		.byte	32
 549 0208 18       		.byte	24
 550 0209 40       		.byte	64
 551 020a 80       		.byte	-128
 552 020b 40       		.byte	64
 553 020c C6       		.byte	-58
 554 020d 08       		.byte	8
 555 020e 51       		.byte	81
 556 020f 10       		.byte	16
 557 0210 91       		.byte	-111
 558 0211 20       		.byte	32
 559 0212 B1       		.byte	-79
 560 0213 10       		.byte	16
 561 0214 D4       		.byte	-44
 562 0215 04       		.byte	4
 563 0216 EC       		.byte	-20
 564 0217 04       		.byte	4
 565 0218 00       		.byte	0
 566 0219 03       		.byte	3
 567 021a 0A       		.byte	10
 568 021b 03       		.byte	3
 569 021c 00       		.byte	0
 570 021d 03       		.byte	3
ARM GAS  C:\Users\ujjjh\AppData\Local\Temp\ccP9uC8B.s 			page 11


 571 021e 00       		.byte	0
 572 021f 00       		.byte	0
 573 0220 04       		.byte	4
 574 0221 00       		.byte	0
 575 0222 00       		.byte	0
 576 0223 0F       		.byte	15
 577 0224 0F       		.byte	15
 578 0225 00       		.byte	0
 579 0226 04       		.byte	4
 580 0227 00       		.byte	0
 581 0228 00       		.byte	0
 582 0229 00       		.byte	0
 583 022a 00       		.byte	0
 584 022b 00       		.byte	0
 585 022c 00       		.byte	0
 586 022d 7F       		.byte	127
 587 022e 7F       		.byte	127
 588 022f 00       		.byte	0
 589 0230 00       		.byte	0
 590 0231 00       		.byte	0
 591 0232 00       		.byte	0
 592 0233 00       		.byte	0
 593 0234 00       		.byte	0
 594 0235 08       		.byte	8
 595 0236 08       		.byte	8
 596 0237 00       		.byte	0
 597 0238 08       		.byte	8
 598 0239 00       		.byte	0
 599 023a 02       		.byte	2
 600 023b 00       		.byte	0
 601 023c 20       		.byte	32
 602 023d 00       		.byte	0
 603 023e 18       		.byte	24
 604 023f 01       		.byte	1
 605              		.section	.cywolatch,"a",%progbits
 606              		.align	2
 607              		.type	cy_meta_wonvl, %object
 608              		.size	cy_meta_wonvl, 4
 609              	cy_meta_wonvl:
 610 0000 BC       		.byte	-68
 611 0001 90       		.byte	-112
 612 0002 AC       		.byte	-84
 613 0003 AF       		.byte	-81
 614              		.section	.cycustnvl,"a",%progbits
 615              		.align	2
 616              		.type	cy_meta_custnvl, %object
 617              		.size	cy_meta_custnvl, 4
 618              	cy_meta_custnvl:
 619 0000 00       		.byte	0
 620 0001 00       		.byte	0
 621 0002 40       		.byte	64
 622 0003 05       		.byte	5
 623              		.section	.cymeta,"a",%progbits
 624              		.align	2
 625              		.type	cy_metadata, %object
 626              		.size	cy_metadata, 12
 627              	cy_metadata:
ARM GAS  C:\Users\ujjjh\AppData\Local\Temp\ccP9uC8B.s 			page 12


 628 0000 00       		.byte	0
 629 0001 01       		.byte	1
 630 0002 2E       		.byte	46
 631 0003 12       		.byte	18
 632 0004 30       		.byte	48
 633 0005 69       		.byte	105
 634 0006 00       		.byte	0
 635 0007 01       		.byte	1
 636 0008 00       		.byte	0
 637 0009 00       		.byte	0
 638 000a 00       		.byte	0
 639 000b 00       		.byte	0
 640              		.section	.cyflashprotect,"a",%progbits
 641              		.align	2
 642              		.type	cy_meta_flashprotect, %object
 643              		.size	cy_meta_flashprotect, 256
 644              	cy_meta_flashprotect:
 645 0000 00000000 		.space	256
 645      00000000 
 645      00000000 
 645      00000000 
 645      00000000 
 646              		.text
 647              	.Letext0:
 648              		.file 1 "c:\\program files (x86)\\cypress\\psoc creator\\4.2\\psoc creator\\import\\gnu\\arm\\5.4.
 649              		.file 2 "c:\\program files (x86)\\cypress\\psoc creator\\4.2\\psoc creator\\import\\gnu\\arm\\5.4.
 650              		.file 3 "Generated_Source\\PSoC5\\cymetadata.c"
 651              		.section	.debug_info,"",%progbits
 652              	.Ldebug_info0:
 653 0000 31010000 		.4byte	0x131
 654 0004 0400     		.2byte	0x4
 655 0006 00000000 		.4byte	.Ldebug_abbrev0
 656 000a 04       		.byte	0x4
 657 000b 01       		.uleb128 0x1
 658 000c 77000000 		.4byte	.LASF17
 659 0010 0C       		.byte	0xc
 660 0011 D1010000 		.4byte	.LASF18
 661 0015 0A000000 		.4byte	.LASF19
 662 0019 00000000 		.4byte	.Ldebug_line0
 663 001d 02       		.uleb128 0x2
 664 001e 01       		.byte	0x1
 665 001f 06       		.byte	0x6
 666 0020 C5010000 		.4byte	.LASF0
 667 0024 03       		.uleb128 0x3
 668 0025 00000000 		.4byte	.LASF9
 669 0029 01       		.byte	0x1
 670 002a 1D       		.byte	0x1d
 671 002b 2F000000 		.4byte	0x2f
 672 002f 02       		.uleb128 0x2
 673 0030 01       		.byte	0x1
 674 0031 08       		.byte	0x8
 675 0032 69000000 		.4byte	.LASF1
 676 0036 02       		.uleb128 0x2
 677 0037 02       		.byte	0x2
 678 0038 05       		.byte	0x5
 679 0039 B2010000 		.4byte	.LASF2
 680 003d 02       		.uleb128 0x2
ARM GAS  C:\Users\ujjjh\AppData\Local\Temp\ccP9uC8B.s 			page 13


 681 003e 02       		.byte	0x2
 682 003f 07       		.byte	0x7
 683 0040 17010000 		.4byte	.LASF3
 684 0044 02       		.uleb128 0x2
 685 0045 04       		.byte	0x4
 686 0046 05       		.byte	0x5
 687 0047 BC010000 		.4byte	.LASF4
 688 004b 02       		.uleb128 0x2
 689 004c 04       		.byte	0x4
 690 004d 07       		.byte	0x7
 691 004e 05010000 		.4byte	.LASF5
 692 0052 02       		.uleb128 0x2
 693 0053 08       		.byte	0x8
 694 0054 05       		.byte	0x5
 695 0055 A4010000 		.4byte	.LASF6
 696 0059 02       		.uleb128 0x2
 697 005a 08       		.byte	0x8
 698 005b 07       		.byte	0x7
 699 005c 59010000 		.4byte	.LASF7
 700 0060 04       		.uleb128 0x4
 701 0061 04       		.byte	0x4
 702 0062 05       		.byte	0x5
 703 0063 696E7400 		.ascii	"int\000"
 704 0067 02       		.uleb128 0x2
 705 0068 04       		.byte	0x4
 706 0069 07       		.byte	0x7
 707 006a 4C010000 		.4byte	.LASF8
 708 006e 03       		.uleb128 0x3
 709 006f 70010000 		.4byte	.LASF10
 710 0073 02       		.byte	0x2
 711 0074 18       		.byte	0x18
 712 0075 24000000 		.4byte	0x24
 713 0079 05       		.uleb128 0x5
 714 007a 91000000 		.4byte	0x91
 715 007e 8A000000 		.4byte	0x8a
 716 0082 06       		.uleb128 0x6
 717 0083 8A000000 		.4byte	0x8a
 718 0087 3F02     		.2byte	0x23f
 719 0089 00       		.byte	0
 720 008a 02       		.uleb128 0x2
 721 008b 04       		.byte	0x4
 722 008c 07       		.byte	0x7
 723 008d 9B010000 		.4byte	.LASF11
 724 0091 07       		.uleb128 0x7
 725 0092 6E000000 		.4byte	0x6e
 726 0096 08       		.uleb128 0x8
 727 0097 3A010000 		.4byte	.LASF12
 728 009b 03       		.byte	0x3
 729 009c 1F       		.byte	0x1f
 730 009d A7000000 		.4byte	0xa7
 731 00a1 05       		.uleb128 0x5
 732 00a2 03       		.byte	0x3
 733 00a3 00000000 		.4byte	cy_meta_configecc
 734 00a7 07       		.uleb128 0x7
 735 00a8 79000000 		.4byte	0x79
 736 00ac 05       		.uleb128 0x5
 737 00ad 91000000 		.4byte	0x91
ARM GAS  C:\Users\ujjjh\AppData\Local\Temp\ccP9uC8B.s 			page 14


 738 00b1 BC000000 		.4byte	0xbc
 739 00b5 09       		.uleb128 0x9
 740 00b6 8A000000 		.4byte	0x8a
 741 00ba 03       		.byte	0x3
 742 00bb 00       		.byte	0
 743 00bc 08       		.uleb128 0x8
 744 00bd 2A010000 		.4byte	.LASF13
 745 00c1 03       		.byte	0x3
 746 00c2 74       		.byte	0x74
 747 00c3 CD000000 		.4byte	0xcd
 748 00c7 05       		.uleb128 0x5
 749 00c8 03       		.byte	0x3
 750 00c9 00000000 		.4byte	cy_meta_custnvl
 751 00cd 07       		.uleb128 0x7
 752 00ce AC000000 		.4byte	0xac
 753 00d2 08       		.uleb128 0x8
 754 00d3 8D010000 		.4byte	.LASF14
 755 00d7 03       		.byte	0x3
 756 00d8 82       		.byte	0x82
 757 00d9 E3000000 		.4byte	0xe3
 758 00dd 05       		.uleb128 0x5
 759 00de 03       		.byte	0x3
 760 00df 00000000 		.4byte	cy_meta_wonvl
 761 00e3 07       		.uleb128 0x7
 762 00e4 AC000000 		.4byte	0xac
 763 00e8 05       		.uleb128 0x5
 764 00e9 91000000 		.4byte	0x91
 765 00ed F8000000 		.4byte	0xf8
 766 00f1 09       		.uleb128 0x9
 767 00f2 8A000000 		.4byte	0x8a
 768 00f6 FF       		.byte	0xff
 769 00f7 00       		.byte	0
 770 00f8 08       		.uleb128 0x8
 771 00f9 78010000 		.4byte	.LASF15
 772 00fd 03       		.byte	0x3
 773 00fe 90       		.byte	0x90
 774 00ff 09010000 		.4byte	0x109
 775 0103 05       		.uleb128 0x5
 776 0104 03       		.byte	0x3
 777 0105 00000000 		.4byte	cy_meta_flashprotect
 778 0109 07       		.uleb128 0x7
 779 010a E8000000 		.4byte	0xe8
 780 010e 05       		.uleb128 0x5
 781 010f 91000000 		.4byte	0x91
 782 0113 1E010000 		.4byte	0x11e
 783 0117 09       		.uleb128 0x9
 784 0118 8A000000 		.4byte	0x8a
 785 011c 0B       		.byte	0xb
 786 011d 00       		.byte	0
 787 011e 08       		.uleb128 0x8
 788 011f 5D000000 		.4byte	.LASF16
 789 0123 03       		.byte	0x3
 790 0124 BD       		.byte	0xbd
 791 0125 2F010000 		.4byte	0x12f
 792 0129 05       		.uleb128 0x5
 793 012a 03       		.byte	0x3
 794 012b 00000000 		.4byte	cy_metadata
ARM GAS  C:\Users\ujjjh\AppData\Local\Temp\ccP9uC8B.s 			page 15


 795 012f 07       		.uleb128 0x7
 796 0130 0E010000 		.4byte	0x10e
 797 0134 00       		.byte	0
 798              		.section	.debug_abbrev,"",%progbits
 799              	.Ldebug_abbrev0:
 800 0000 01       		.uleb128 0x1
 801 0001 11       		.uleb128 0x11
 802 0002 01       		.byte	0x1
 803 0003 25       		.uleb128 0x25
 804 0004 0E       		.uleb128 0xe
 805 0005 13       		.uleb128 0x13
 806 0006 0B       		.uleb128 0xb
 807 0007 03       		.uleb128 0x3
 808 0008 0E       		.uleb128 0xe
 809 0009 1B       		.uleb128 0x1b
 810 000a 0E       		.uleb128 0xe
 811 000b 10       		.uleb128 0x10
 812 000c 17       		.uleb128 0x17
 813 000d 00       		.byte	0
 814 000e 00       		.byte	0
 815 000f 02       		.uleb128 0x2
 816 0010 24       		.uleb128 0x24
 817 0011 00       		.byte	0
 818 0012 0B       		.uleb128 0xb
 819 0013 0B       		.uleb128 0xb
 820 0014 3E       		.uleb128 0x3e
 821 0015 0B       		.uleb128 0xb
 822 0016 03       		.uleb128 0x3
 823 0017 0E       		.uleb128 0xe
 824 0018 00       		.byte	0
 825 0019 00       		.byte	0
 826 001a 03       		.uleb128 0x3
 827 001b 16       		.uleb128 0x16
 828 001c 00       		.byte	0
 829 001d 03       		.uleb128 0x3
 830 001e 0E       		.uleb128 0xe
 831 001f 3A       		.uleb128 0x3a
 832 0020 0B       		.uleb128 0xb
 833 0021 3B       		.uleb128 0x3b
 834 0022 0B       		.uleb128 0xb
 835 0023 49       		.uleb128 0x49
 836 0024 13       		.uleb128 0x13
 837 0025 00       		.byte	0
 838 0026 00       		.byte	0
 839 0027 04       		.uleb128 0x4
 840 0028 24       		.uleb128 0x24
 841 0029 00       		.byte	0
 842 002a 0B       		.uleb128 0xb
 843 002b 0B       		.uleb128 0xb
 844 002c 3E       		.uleb128 0x3e
 845 002d 0B       		.uleb128 0xb
 846 002e 03       		.uleb128 0x3
 847 002f 08       		.uleb128 0x8
 848 0030 00       		.byte	0
 849 0031 00       		.byte	0
 850 0032 05       		.uleb128 0x5
 851 0033 01       		.uleb128 0x1
ARM GAS  C:\Users\ujjjh\AppData\Local\Temp\ccP9uC8B.s 			page 16


 852 0034 01       		.byte	0x1
 853 0035 49       		.uleb128 0x49
 854 0036 13       		.uleb128 0x13
 855 0037 01       		.uleb128 0x1
 856 0038 13       		.uleb128 0x13
 857 0039 00       		.byte	0
 858 003a 00       		.byte	0
 859 003b 06       		.uleb128 0x6
 860 003c 21       		.uleb128 0x21
 861 003d 00       		.byte	0
 862 003e 49       		.uleb128 0x49
 863 003f 13       		.uleb128 0x13
 864 0040 2F       		.uleb128 0x2f
 865 0041 05       		.uleb128 0x5
 866 0042 00       		.byte	0
 867 0043 00       		.byte	0
 868 0044 07       		.uleb128 0x7
 869 0045 26       		.uleb128 0x26
 870 0046 00       		.byte	0
 871 0047 49       		.uleb128 0x49
 872 0048 13       		.uleb128 0x13
 873 0049 00       		.byte	0
 874 004a 00       		.byte	0
 875 004b 08       		.uleb128 0x8
 876 004c 34       		.uleb128 0x34
 877 004d 00       		.byte	0
 878 004e 03       		.uleb128 0x3
 879 004f 0E       		.uleb128 0xe
 880 0050 3A       		.uleb128 0x3a
 881 0051 0B       		.uleb128 0xb
 882 0052 3B       		.uleb128 0x3b
 883 0053 0B       		.uleb128 0xb
 884 0054 49       		.uleb128 0x49
 885 0055 13       		.uleb128 0x13
 886 0056 3F       		.uleb128 0x3f
 887 0057 19       		.uleb128 0x19
 888 0058 02       		.uleb128 0x2
 889 0059 18       		.uleb128 0x18
 890 005a 00       		.byte	0
 891 005b 00       		.byte	0
 892 005c 09       		.uleb128 0x9
 893 005d 21       		.uleb128 0x21
 894 005e 00       		.byte	0
 895 005f 49       		.uleb128 0x49
 896 0060 13       		.uleb128 0x13
 897 0061 2F       		.uleb128 0x2f
 898 0062 0B       		.uleb128 0xb
 899 0063 00       		.byte	0
 900 0064 00       		.byte	0
 901 0065 00       		.byte	0
 902              		.section	.debug_aranges,"",%progbits
 903 0000 14000000 		.4byte	0x14
 904 0004 0200     		.2byte	0x2
 905 0006 00000000 		.4byte	.Ldebug_info0
 906 000a 04       		.byte	0x4
 907 000b 00       		.byte	0
 908 000c 0000     		.2byte	0
ARM GAS  C:\Users\ujjjh\AppData\Local\Temp\ccP9uC8B.s 			page 17


 909 000e 0000     		.2byte	0
 910 0010 00000000 		.4byte	0
 911 0014 00000000 		.4byte	0
 912              		.section	.debug_line,"",%progbits
 913              	.Ldebug_line0:
 914 0000 3D010000 		.section	.debug_str,"MS",%progbits,1
 914      02003701 
 914      00000201 
 914      FB0E0D00 
 914      01010101 
 915              	.LASF9:
 916 0000 5F5F7569 		.ascii	"__uint8_t\000"
 916      6E74385F 
 916      7400
 917              	.LASF19:
 918 000a 5C5C7363 		.ascii	"\\\\sccfs.scc.kit.edu\\Stud-Home\\Documents\\PSoC C"
 918      6366732E 
 918      7363632E 
 918      6B69742E 
 918      6564755C 
 919 0038 72656174 		.ascii	"reator\\Versuch 4\\ADW versenden.cydsn\000"
 919      6F725C56 
 919      65727375 
 919      63682034 
 919      5C414457 
 920              	.LASF16:
 921 005d 63795F6D 		.ascii	"cy_metadata\000"
 921      65746164 
 921      61746100 
 922              	.LASF1:
 923 0069 756E7369 		.ascii	"unsigned char\000"
 923      676E6564 
 923      20636861 
 923      7200
 924              	.LASF17:
 925 0077 474E5520 		.ascii	"GNU C11 5.4.1 20160609 (release) [ARM/embedded-5-br"
 925      43313120 
 925      352E342E 
 925      31203230 
 925      31363036 
 926 00aa 616E6368 		.ascii	"anch revision 237715] -mcpu=cortex-m3 -mthumb -g -O"
 926      20726576 
 926      6973696F 
 926      6E203233 
 926      37373135 
 927 00dd 67202D66 		.ascii	"g -ffunction-sections -ffat-lto-objects\000"
 927      66756E63 
 927      74696F6E 
 927      2D736563 
 927      74696F6E 
 928              	.LASF5:
 929 0105 6C6F6E67 		.ascii	"long unsigned int\000"
 929      20756E73 
 929      69676E65 
 929      6420696E 
 929      7400
 930              	.LASF3:
ARM GAS  C:\Users\ujjjh\AppData\Local\Temp\ccP9uC8B.s 			page 18


 931 0117 73686F72 		.ascii	"short unsigned int\000"
 931      7420756E 
 931      7369676E 
 931      65642069 
 931      6E7400
 932              	.LASF13:
 933 012a 63795F6D 		.ascii	"cy_meta_custnvl\000"
 933      6574615F 
 933      63757374 
 933      6E766C00 
 934              	.LASF12:
 935 013a 63795F6D 		.ascii	"cy_meta_configecc\000"
 935      6574615F 
 935      636F6E66 
 935      69676563 
 935      6300
 936              	.LASF8:
 937 014c 756E7369 		.ascii	"unsigned int\000"
 937      676E6564 
 937      20696E74 
 937      00
 938              	.LASF7:
 939 0159 6C6F6E67 		.ascii	"long long unsigned int\000"
 939      206C6F6E 
 939      6720756E 
 939      7369676E 
 939      65642069 
 940              	.LASF10:
 941 0170 75696E74 		.ascii	"uint8_t\000"
 941      385F7400 
 942              	.LASF15:
 943 0178 63795F6D 		.ascii	"cy_meta_flashprotect\000"
 943      6574615F 
 943      666C6173 
 943      6870726F 
 943      74656374 
 944              	.LASF14:
 945 018d 63795F6D 		.ascii	"cy_meta_wonvl\000"
 945      6574615F 
 945      776F6E76 
 945      6C00
 946              	.LASF11:
 947 019b 73697A65 		.ascii	"sizetype\000"
 947      74797065 
 947      00
 948              	.LASF6:
 949 01a4 6C6F6E67 		.ascii	"long long int\000"
 949      206C6F6E 
 949      6720696E 
 949      7400
 950              	.LASF2:
 951 01b2 73686F72 		.ascii	"short int\000"
 951      7420696E 
 951      7400
 952              	.LASF4:
 953 01bc 6C6F6E67 		.ascii	"long int\000"
 953      20696E74 
ARM GAS  C:\Users\ujjjh\AppData\Local\Temp\ccP9uC8B.s 			page 19


 953      00
 954              	.LASF0:
 955 01c5 7369676E 		.ascii	"signed char\000"
 955      65642063 
 955      68617200 
 956              	.LASF18:
 957 01d1 47656E65 		.ascii	"Generated_Source\\PSoC5\\cymetadata.c\000"
 957      72617465 
 957      645F536F 
 957      75726365 
 957      5C50536F 
 958              		.ident	"GCC: (GNU Tools for ARM Embedded Processors) 5.4.1 20160609 (release) [ARM/embedded-5-bran
