ARM GAS  C:\Users\ujjjh\AppData\Local\Temp\cc31pGdl.s 			page 1


   1              		.syntax unified
   2              		.cpu cortex-m3
   3              		.fpu softvfp
   4              		.eabi_attribute 20, 1
   5              		.eabi_attribute 21, 1
   6              		.eabi_attribute 23, 3
   7              		.eabi_attribute 24, 1
   8              		.eabi_attribute 25, 1
   9              		.eabi_attribute 26, 1
  10              		.eabi_attribute 30, 1
  11              		.eabi_attribute 34, 1
  12              		.eabi_attribute 18, 4
  13              		.thumb
  14              		.syntax unified
  15              		.file	"cymetadata.c"
  16              		.text
  17              	.Ltext0:
  18              		.cfi_sections	.debug_frame
  19              		.global	cy_metadata
  20              		.global	cy_meta_flashprotect
  21              		.global	cy_meta_wonvl
  22              		.global	cy_meta_custnvl
  23              		.global	cy_meta_configecc
  24              		.section	.cyconfigecc,"a",%progbits
  25              		.align	2
  26              		.type	cy_meta_configecc, %object
  27              		.size	cy_meta_configecc, 432
  28              	cy_meta_configecc:
  29 0000 01       		.byte	1
  30 0001 52       		.byte	82
  31 0002 00       		.byte	0
  32 0003 40       		.byte	64
  33 0004 01       		.byte	1
  34 0005 65       		.byte	101
  35 0006 00       		.byte	0
  36 0007 40       		.byte	64
  37 0008 01       		.byte	1
  38 0009 15       		.byte	21
  39 000a 01       		.byte	1
  40 000b 40       		.byte	64
  41 000c 57       		.byte	87
  42 000d 18       		.byte	24
  43 000e 01       		.byte	1
  44 000f 40       		.byte	64
  45 0010 2D       		.byte	45
  46 0011 19       		.byte	25
  47 0012 01       		.byte	1
  48 0013 40       		.byte	64
  49 0014 02       		.byte	2
  50 0015 1B       		.byte	27
  51 0016 01       		.byte	1
  52 0017 40       		.byte	64
  53 0018 04       		.byte	4
  54 0019 40       		.byte	64
  55 001a 01       		.byte	1
  56 001b 40       		.byte	64
  57 001c 02       		.byte	2
ARM GAS  C:\Users\ujjjh\AppData\Local\Temp\cc31pGdl.s 			page 2


  58 001d 41       		.byte	65
  59 001e 01       		.byte	1
  60 001f 40       		.byte	64
  61 0020 02       		.byte	2
  62 0021 42       		.byte	66
  63 0022 01       		.byte	1
  64 0023 40       		.byte	64
  65 0024 02       		.byte	2
  66 0025 43       		.byte	67
  67 0026 01       		.byte	1
  68 0027 40       		.byte	64
  69 0028 04       		.byte	4
  70 0029 48       		.byte	72
  71 002a 01       		.byte	1
  72 002b 40       		.byte	64
  73 002c 02       		.byte	2
  74 002d 49       		.byte	73
  75 002e 01       		.byte	1
  76 002f 40       		.byte	64
  77 0030 04       		.byte	4
  78 0031 4C       		.byte	76
  79 0032 01       		.byte	1
  80 0033 40       		.byte	64
  81 0034 03       		.byte	3
  82 0035 4D       		.byte	77
  83 0036 01       		.byte	1
  84 0037 40       		.byte	64
  85 0038 02       		.byte	2
  86 0039 50       		.byte	80
  87 003a 01       		.byte	1
  88 003b 40       		.byte	64
  89 003c 01       		.byte	1
  90 003d 51       		.byte	81
  91 003e 01       		.byte	1
  92 003f 40       		.byte	64
  93 0040 09       		.byte	9
  94 0041 04       		.byte	4
  95 0042 89       		.byte	-119
  96 0043 0F       		.byte	15
  97 0044 EE       		.byte	-18
  98 0045 08       		.byte	8
  99 0046 03       		.byte	3
 100 0047 08       		.byte	8
 101 0048 04       		.byte	4
 102 0049 0C       		.byte	12
 103 004a 06       		.byte	6
 104 004b 71       		.byte	113
 105 004c 08       		.byte	8
 106 004d 14       		.byte	20
 107 004e 09       		.byte	9
 108 004f 80       		.byte	-128
 109 0050 0B       		.byte	11
 110 0051 13       		.byte	19
 111 0052 0C       		.byte	12
 112 0053 10       		.byte	16
 113 0054 0E       		.byte	14
 114 0055 AC       		.byte	-84
ARM GAS  C:\Users\ujjjh\AppData\Local\Temp\cc31pGdl.s 			page 3


 115 0056 14       		.byte	20
 116 0057 09       		.byte	9
 117 0058 16       		.byte	22
 118 0059 D0       		.byte	-48
 119 005a 17       		.byte	23
 120 005b 0C       		.byte	12
 121 005c 19       		.byte	25
 122 005d 2C       		.byte	44
 123 005e 1B       		.byte	27
 124 005f 43       		.byte	67
 125 0060 1E       		.byte	30
 126 0061 03       		.byte	3
 127 0062 20       		.byte	32
 128 0063 10       		.byte	16
 129 0064 22       		.byte	34
 130 0065 40       		.byte	64
 131 0066 25       		.byte	37
 132 0067 71       		.byte	113
 133 0068 26       		.byte	38
 134 0069 20       		.byte	32
 135 006a 27       		.byte	39
 136 006b 0E       		.byte	14
 137 006c 28       		.byte	40
 138 006d DC       		.byte	-36
 139 006e 2A       		.byte	42
 140 006f 22       		.byte	34
 141 0070 2D       		.byte	45
 142 0071 71       		.byte	113
 143 0072 2F       		.byte	47
 144 0073 06       		.byte	6
 145 0074 31       		.byte	49
 146 0075 30       		.byte	48
 147 0076 33       		.byte	51
 148 0077 0F       		.byte	15
 149 0078 34       		.byte	52
 150 0079 E0       		.byte	-32
 151 007a 35       		.byte	53
 152 007b C0       		.byte	-64
 153 007c 36       		.byte	54
 154 007d 1F       		.byte	31
 155 007e 39       		.byte	57
 156 007f 22       		.byte	34
 157 0080 3A       		.byte	58
 158 0081 20       		.byte	32
 159 0082 3B       		.byte	59
 160 0083 08       		.byte	8
 161 0084 3F       		.byte	63
 162 0085 01       		.byte	1
 163 0086 40       		.byte	64
 164 0087 01       		.byte	1
 165 0088 45       		.byte	69
 166 0089 40       		.byte	64
 167 008a 49       		.byte	73
 168 008b FF       		.byte	-1
 169 008c 4A       		.byte	74
 170 008d 07       		.byte	7
 171 008e 4B       		.byte	75
ARM GAS  C:\Users\ujjjh\AppData\Local\Temp\cc31pGdl.s 			page 4


 172 008f FF       		.byte	-1
 173 0090 4C       		.byte	76
 174 0091 40       		.byte	64
 175 0092 4D       		.byte	77
 176 0093 20       		.byte	32
 177 0094 4E       		.byte	78
 178 0095 F0       		.byte	-16
 179 0096 4F       		.byte	79
 180 0097 05       		.byte	5
 181 0098 50       		.byte	80
 182 0099 08       		.byte	8
 183 009a 58       		.byte	88
 184 009b 04       		.byte	4
 185 009c 59       		.byte	89
 186 009d 04       		.byte	4
 187 009e 5A       		.byte	90
 188 009f 04       		.byte	4
 189 00a0 5F       		.byte	95
 190 00a1 01       		.byte	1
 191 00a2 60       		.byte	96
 192 00a3 40       		.byte	64
 193 00a4 61       		.byte	97
 194 00a5 A8       		.byte	-88
 195 00a6 62       		.byte	98
 196 00a7 40       		.byte	64
 197 00a8 63       		.byte	99
 198 00a9 20       		.byte	32
 199 00aa 80       		.byte	-128
 200 00ab 20       		.byte	32
 201 00ac 84       		.byte	-124
 202 00ad 13       		.byte	19
 203 00ae 86       		.byte	-122
 204 00af 04       		.byte	4
 205 00b0 88       		.byte	-120
 206 00b1 03       		.byte	3
 207 00b2 8A       		.byte	-118
 208 00b3 14       		.byte	20
 209 00b4 8C       		.byte	-116
 210 00b5 13       		.byte	19
 211 00b6 8E       		.byte	-114
 212 00b7 0C       		.byte	12
 213 00b8 9A       		.byte	-102
 214 00b9 08       		.byte	8
 215 00ba A0       		.byte	-96
 216 00bb 40       		.byte	64
 217 00bc A6       		.byte	-90
 218 00bd 15       		.byte	21
 219 00be A8       		.byte	-88
 220 00bf 0A       		.byte	10
 221 00c0 AA       		.byte	-86
 222 00c1 14       		.byte	20
 223 00c2 B0       		.byte	-80
 224 00c3 0F       		.byte	15
 225 00c4 B2       		.byte	-78
 226 00c5 20       		.byte	32
 227 00c6 B4       		.byte	-76
 228 00c7 40       		.byte	64
ARM GAS  C:\Users\ujjjh\AppData\Local\Temp\cc31pGdl.s 			page 5


 229 00c8 B6       		.byte	-74
 230 00c9 10       		.byte	16
 231 00ca BA       		.byte	-70
 232 00cb 02       		.byte	2
 233 00cc BE       		.byte	-66
 234 00cd 54       		.byte	84
 235 00ce C0       		.byte	-64
 236 00cf 43       		.byte	67
 237 00d0 C1       		.byte	-63
 238 00d1 02       		.byte	2
 239 00d2 C5       		.byte	-59
 240 00d3 EC       		.byte	-20
 241 00d4 C6       		.byte	-58
 242 00d5 B0       		.byte	-80
 243 00d6 C8       		.byte	-56
 244 00d7 0B       		.byte	11
 245 00d8 C9       		.byte	-55
 246 00d9 FF       		.byte	-1
 247 00da CA       		.byte	-54
 248 00db FF       		.byte	-1
 249 00dc CB       		.byte	-53
 250 00dd FF       		.byte	-1
 251 00de CE       		.byte	-50
 252 00df F0       		.byte	-16
 253 00e0 CF       		.byte	-49
 254 00e1 44       		.byte	68
 255 00e2 D0       		.byte	-48
 256 00e3 0C       		.byte	12
 257 00e4 D4       		.byte	-44
 258 00e5 01       		.byte	1
 259 00e6 D8       		.byte	-40
 260 00e7 04       		.byte	4
 261 00e8 DA       		.byte	-38
 262 00e9 04       		.byte	4
 263 00ea DB       		.byte	-37
 264 00eb 04       		.byte	4
 265 00ec DF       		.byte	-33
 266 00ed 01       		.byte	1
 267 00ee E6       		.byte	-26
 268 00ef C0       		.byte	-64
 269 00f0 EA       		.byte	-22
 270 00f1 40       		.byte	64
 271 00f2 EB       		.byte	-21
 272 00f3 02       		.byte	2
 273 00f4 00       		.byte	0
 274 00f5 21       		.byte	33
 275 00f6 01       		.byte	1
 276 00f7 20       		.byte	32
 277 00f8 03       		.byte	3
 278 00f9 22       		.byte	34
 279 00fa 04       		.byte	4
 280 00fb A4       		.byte	-92
 281 00fc 09       		.byte	9
 282 00fd 10       		.byte	16
 283 00fe 0E       		.byte	14
 284 00ff 22       		.byte	34
 285 0100 10       		.byte	16
ARM GAS  C:\Users\ujjjh\AppData\Local\Temp\cc31pGdl.s 			page 6


 286 0101 A0       		.byte	-96
 287 0102 13       		.byte	19
 288 0103 20       		.byte	32
 289 0104 15       		.byte	21
 290 0105 01       		.byte	1
 291 0106 16       		.byte	22
 292 0107 20       		.byte	32
 293 0108 17       		.byte	23
 294 0109 20       		.byte	32
 295 010a 18       		.byte	24
 296 010b 80       		.byte	-128
 297 010c 19       		.byte	25
 298 010d 48       		.byte	72
 299 010e 1A       		.byte	26
 300 010f 04       		.byte	4
 301 0110 1B       		.byte	27
 302 0111 02       		.byte	2
 303 0112 1C       		.byte	28
 304 0113 05       		.byte	5
 305 0114 1E       		.byte	30
 306 0115 02       		.byte	2
 307 0116 1F       		.byte	31
 308 0117 20       		.byte	32
 309 0118 25       		.byte	37
 310 0119 10       		.byte	16
 311 011a 26       		.byte	38
 312 011b 10       		.byte	16
 313 011c 27       		.byte	39
 314 011d 68       		.byte	104
 315 011e 2F       		.byte	47
 316 011f 22       		.byte	34
 317 0120 37       		.byte	55
 318 0121 28       		.byte	40
 319 0122 3D       		.byte	61
 320 0123 01       		.byte	1
 321 0124 3F       		.byte	63
 322 0125 20       		.byte	32
 323 0126 42       		.byte	66
 324 0127 20       		.byte	32
 325 0128 43       		.byte	67
 326 0129 22       		.byte	34
 327 012a 47       		.byte	71
 328 012b 40       		.byte	64
 329 012c 48       		.byte	72
 330 012d 90       		.byte	-112
 331 012e 49       		.byte	73
 332 012f 01       		.byte	1
 333 0130 4D       		.byte	77
 334 0131 01       		.byte	1
 335 0132 50       		.byte	80
 336 0133 10       		.byte	16
 337 0134 54       		.byte	84
 338 0135 20       		.byte	32
 339 0136 56       		.byte	86
 340 0137 20       		.byte	32
 341 0138 57       		.byte	87
 342 0139 10       		.byte	16
ARM GAS  C:\Users\ujjjh\AppData\Local\Temp\cc31pGdl.s 			page 7


 343 013a 59       		.byte	89
 344 013b 61       		.byte	97
 345 013c 5A       		.byte	90
 346 013d 04       		.byte	4
 347 013e C0       		.byte	-64
 348 013f EF       		.byte	-17
 349 0140 C2       		.byte	-62
 350 0141 A2       		.byte	-94
 351 0142 C4       		.byte	-60
 352 0143 7E       		.byte	126
 353 0144 CA       		.byte	-54
 354 0145 50       		.byte	80
 355 0146 CC       		.byte	-52
 356 0147 60       		.byte	96
 357 0148 CE       		.byte	-50
 358 0149 A0       		.byte	-96
 359 014a D0       		.byte	-48
 360 014b 17       		.byte	23
 361 014c D6       		.byte	-42
 362 014d 0F       		.byte	15
 363 014e B5       		.byte	-75
 364 014f 08       		.byte	8
 365 0150 EE       		.byte	-18
 366 0151 08       		.byte	8
 367 0152 33       		.byte	51
 368 0153 20       		.byte	32
 369 0154 52       		.byte	82
 370 0155 08       		.byte	8
 371 0156 CC       		.byte	-52
 372 0157 10       		.byte	16
 373 0158 D4       		.byte	-44
 374 0159 20       		.byte	32
 375 015a A6       		.byte	-90
 376 015b 08       		.byte	8
 377 015c A7       		.byte	-89
 378 015d 20       		.byte	32
 379 015e A6       		.byte	-90
 380 015f 08       		.byte	8
 381 0160 A7       		.byte	-89
 382 0161 20       		.byte	32
 383 0162 A6       		.byte	-90
 384 0163 08       		.byte	8
 385 0164 A7       		.byte	-89
 386 0165 20       		.byte	32
 387 0166 22       		.byte	34
 388 0167 08       		.byte	8
 389 0168 A6       		.byte	-90
 390 0169 08       		.byte	8
 391 016a A7       		.byte	-89
 392 016b 20       		.byte	32
 393 016c C8       		.byte	-56
 394 016d 40       		.byte	64
 395 016e AF       		.byte	-81
 396 016f 20       		.byte	32
 397 0170 EE       		.byte	-18
 398 0171 10       		.byte	16
 399 0172 1F       		.byte	31
ARM GAS  C:\Users\ujjjh\AppData\Local\Temp\cc31pGdl.s 			page 8


 400 0173 80       		.byte	-128
 401 0174 53       		.byte	83
 402 0175 01       		.byte	1
 403 0176 C6       		.byte	-58
 404 0177 01       		.byte	1
 405 0178 D4       		.byte	-44
 406 0179 01       		.byte	1
 407 017a AF       		.byte	-81
 408 017b 80       		.byte	-128
 409 017c B7       		.byte	-73
 410 017d 01       		.byte	1
 411 017e E8       		.byte	-24
 412 017f 02       		.byte	2
 413 0180 10       		.byte	16
 414 0181 01       		.byte	1
 415 0182 1C       		.byte	28
 416 0183 01       		.byte	1
 417 0184 00       		.byte	0
 418 0185 03       		.byte	3
 419 0186 00       		.byte	0
 420 0187 00       		.byte	0
 421 0188 04       		.byte	4
 422 0189 00       		.byte	0
 423 018a 00       		.byte	0
 424 018b 0F       		.byte	15
 425 018c 0F       		.byte	15
 426 018d 00       		.byte	0
 427 018e 04       		.byte	4
 428 018f 00       		.byte	0
 429 0190 00       		.byte	0
 430 0191 00       		.byte	0
 431 0192 00       		.byte	0
 432 0193 00       		.byte	0
 433 0194 00       		.byte	0
 434 0195 7F       		.byte	127
 435 0196 7F       		.byte	127
 436 0197 00       		.byte	0
 437 0198 00       		.byte	0
 438 0199 00       		.byte	0
 439 019a 00       		.byte	0
 440 019b 00       		.byte	0
 441 019c 00       		.byte	0
 442 019d 00       		.byte	0
 443 019e 00       		.byte	0
 444 019f 00       		.byte	0
 445 01a0 00       		.byte	0
 446 01a1 00       		.byte	0
 447 01a2 01       		.byte	1
 448 01a3 00       		.byte	0
 449 01a4 00       		.byte	0
 450 01a5 04       		.byte	4
 451 01a6 04       		.byte	4
 452 01a7 00       		.byte	0
 453 01a8 04       		.byte	4
 454 01a9 00       		.byte	0
 455 01aa 00       		.byte	0
 456 01ab 00       		.byte	0
ARM GAS  C:\Users\ujjjh\AppData\Local\Temp\cc31pGdl.s 			page 9


 457 01ac 17       		.byte	23
 458 01ad 00       		.byte	0
 459 01ae 18       		.byte	24
 460 01af 01       		.byte	1
 461              		.section	.cywolatch,"a",%progbits
 462              		.align	2
 463              		.type	cy_meta_wonvl, %object
 464              		.size	cy_meta_wonvl, 4
 465              	cy_meta_wonvl:
 466 0000 BC       		.byte	-68
 467 0001 90       		.byte	-112
 468 0002 AC       		.byte	-84
 469 0003 AF       		.byte	-81
 470              		.section	.cycustnvl,"a",%progbits
 471              		.align	2
 472              		.type	cy_meta_custnvl, %object
 473              		.size	cy_meta_custnvl, 4
 474              	cy_meta_custnvl:
 475 0000 00       		.byte	0
 476 0001 00       		.byte	0
 477 0002 40       		.byte	64
 478 0003 05       		.byte	5
 479              		.section	.cymeta,"a",%progbits
 480              		.align	2
 481              		.type	cy_metadata, %object
 482              		.size	cy_metadata, 12
 483              	cy_metadata:
 484 0000 00       		.byte	0
 485 0001 01       		.byte	1
 486 0002 2E       		.byte	46
 487 0003 12       		.byte	18
 488 0004 30       		.byte	48
 489 0005 69       		.byte	105
 490 0006 00       		.byte	0
 491 0007 01       		.byte	1
 492 0008 00       		.byte	0
 493 0009 00       		.byte	0
 494 000a 00       		.byte	0
 495 000b 00       		.byte	0
 496              		.section	.cyflashprotect,"a",%progbits
 497              		.align	2
 498              		.type	cy_meta_flashprotect, %object
 499              		.size	cy_meta_flashprotect, 256
 500              	cy_meta_flashprotect:
 501 0000 00000000 		.space	256
 501      00000000 
 501      00000000 
 501      00000000 
 501      00000000 
 502              		.text
 503              	.Letext0:
 504              		.file 1 "c:\\program files (x86)\\cypress\\psoc creator\\4.2\\psoc creator\\import\\gnu\\arm\\5.4.
 505              		.file 2 "c:\\program files (x86)\\cypress\\psoc creator\\4.2\\psoc creator\\import\\gnu\\arm\\5.4.
 506              		.file 3 "Generated_Source\\PSoC5\\cymetadata.c"
 507              		.section	.debug_info,"",%progbits
 508              	.Ldebug_info0:
 509 0000 31010000 		.4byte	0x131
ARM GAS  C:\Users\ujjjh\AppData\Local\Temp\cc31pGdl.s 			page 10


 510 0004 0400     		.2byte	0x4
 511 0006 00000000 		.4byte	.Ldebug_abbrev0
 512 000a 04       		.byte	0x4
 513 000b 01       		.uleb128 0x1
 514 000c 5E000000 		.4byte	.LASF17
 515 0010 0C       		.byte	0xc
 516 0011 B8010000 		.4byte	.LASF18
 517 0015 0A000000 		.4byte	.LASF19
 518 0019 00000000 		.4byte	.Ldebug_line0
 519 001d 02       		.uleb128 0x2
 520 001e 01       		.byte	0x1
 521 001f 06       		.byte	0x6
 522 0020 AC010000 		.4byte	.LASF0
 523 0024 03       		.uleb128 0x3
 524 0025 00000000 		.4byte	.LASF9
 525 0029 01       		.byte	0x1
 526 002a 1D       		.byte	0x1d
 527 002b 2F000000 		.4byte	0x2f
 528 002f 02       		.uleb128 0x2
 529 0030 01       		.byte	0x1
 530 0031 08       		.byte	0x8
 531 0032 50000000 		.4byte	.LASF1
 532 0036 02       		.uleb128 0x2
 533 0037 02       		.byte	0x2
 534 0038 05       		.byte	0x5
 535 0039 99010000 		.4byte	.LASF2
 536 003d 02       		.uleb128 0x2
 537 003e 02       		.byte	0x2
 538 003f 07       		.byte	0x7
 539 0040 FE000000 		.4byte	.LASF3
 540 0044 02       		.uleb128 0x2
 541 0045 04       		.byte	0x4
 542 0046 05       		.byte	0x5
 543 0047 A3010000 		.4byte	.LASF4
 544 004b 02       		.uleb128 0x2
 545 004c 04       		.byte	0x4
 546 004d 07       		.byte	0x7
 547 004e EC000000 		.4byte	.LASF5
 548 0052 02       		.uleb128 0x2
 549 0053 08       		.byte	0x8
 550 0054 05       		.byte	0x5
 551 0055 8B010000 		.4byte	.LASF6
 552 0059 02       		.uleb128 0x2
 553 005a 08       		.byte	0x8
 554 005b 07       		.byte	0x7
 555 005c 40010000 		.4byte	.LASF7
 556 0060 04       		.uleb128 0x4
 557 0061 04       		.byte	0x4
 558 0062 05       		.byte	0x5
 559 0063 696E7400 		.ascii	"int\000"
 560 0067 02       		.uleb128 0x2
 561 0068 04       		.byte	0x4
 562 0069 07       		.byte	0x7
 563 006a 33010000 		.4byte	.LASF8
 564 006e 03       		.uleb128 0x3
 565 006f 57010000 		.4byte	.LASF10
 566 0073 02       		.byte	0x2
ARM GAS  C:\Users\ujjjh\AppData\Local\Temp\cc31pGdl.s 			page 11


 567 0074 18       		.byte	0x18
 568 0075 24000000 		.4byte	0x24
 569 0079 05       		.uleb128 0x5
 570 007a 91000000 		.4byte	0x91
 571 007e 8A000000 		.4byte	0x8a
 572 0082 06       		.uleb128 0x6
 573 0083 8A000000 		.4byte	0x8a
 574 0087 AF01     		.2byte	0x1af
 575 0089 00       		.byte	0
 576 008a 02       		.uleb128 0x2
 577 008b 04       		.byte	0x4
 578 008c 07       		.byte	0x7
 579 008d 82010000 		.4byte	.LASF11
 580 0091 07       		.uleb128 0x7
 581 0092 6E000000 		.4byte	0x6e
 582 0096 08       		.uleb128 0x8
 583 0097 21010000 		.4byte	.LASF12
 584 009b 03       		.byte	0x3
 585 009c 1F       		.byte	0x1f
 586 009d A7000000 		.4byte	0xa7
 587 00a1 05       		.uleb128 0x5
 588 00a2 03       		.byte	0x3
 589 00a3 00000000 		.4byte	cy_meta_configecc
 590 00a7 07       		.uleb128 0x7
 591 00a8 79000000 		.4byte	0x79
 592 00ac 05       		.uleb128 0x5
 593 00ad 91000000 		.4byte	0x91
 594 00b1 BC000000 		.4byte	0xbc
 595 00b5 09       		.uleb128 0x9
 596 00b6 8A000000 		.4byte	0x8a
 597 00ba 03       		.byte	0x3
 598 00bb 00       		.byte	0
 599 00bc 08       		.uleb128 0x8
 600 00bd 11010000 		.4byte	.LASF13
 601 00c1 03       		.byte	0x3
 602 00c2 62       		.byte	0x62
 603 00c3 CD000000 		.4byte	0xcd
 604 00c7 05       		.uleb128 0x5
 605 00c8 03       		.byte	0x3
 606 00c9 00000000 		.4byte	cy_meta_custnvl
 607 00cd 07       		.uleb128 0x7
 608 00ce AC000000 		.4byte	0xac
 609 00d2 08       		.uleb128 0x8
 610 00d3 74010000 		.4byte	.LASF14
 611 00d7 03       		.byte	0x3
 612 00d8 70       		.byte	0x70
 613 00d9 E3000000 		.4byte	0xe3
 614 00dd 05       		.uleb128 0x5
 615 00de 03       		.byte	0x3
 616 00df 00000000 		.4byte	cy_meta_wonvl
 617 00e3 07       		.uleb128 0x7
 618 00e4 AC000000 		.4byte	0xac
 619 00e8 05       		.uleb128 0x5
 620 00e9 91000000 		.4byte	0x91
 621 00ed F8000000 		.4byte	0xf8
 622 00f1 09       		.uleb128 0x9
 623 00f2 8A000000 		.4byte	0x8a
ARM GAS  C:\Users\ujjjh\AppData\Local\Temp\cc31pGdl.s 			page 12


 624 00f6 FF       		.byte	0xff
 625 00f7 00       		.byte	0
 626 00f8 08       		.uleb128 0x8
 627 00f9 5F010000 		.4byte	.LASF15
 628 00fd 03       		.byte	0x3
 629 00fe 7E       		.byte	0x7e
 630 00ff 09010000 		.4byte	0x109
 631 0103 05       		.uleb128 0x5
 632 0104 03       		.byte	0x3
 633 0105 00000000 		.4byte	cy_meta_flashprotect
 634 0109 07       		.uleb128 0x7
 635 010a E8000000 		.4byte	0xe8
 636 010e 05       		.uleb128 0x5
 637 010f 91000000 		.4byte	0x91
 638 0113 1E010000 		.4byte	0x11e
 639 0117 09       		.uleb128 0x9
 640 0118 8A000000 		.4byte	0x8a
 641 011c 0B       		.byte	0xb
 642 011d 00       		.byte	0
 643 011e 08       		.uleb128 0x8
 644 011f 44000000 		.4byte	.LASF16
 645 0123 03       		.byte	0x3
 646 0124 AB       		.byte	0xab
 647 0125 2F010000 		.4byte	0x12f
 648 0129 05       		.uleb128 0x5
 649 012a 03       		.byte	0x3
 650 012b 00000000 		.4byte	cy_metadata
 651 012f 07       		.uleb128 0x7
 652 0130 0E010000 		.4byte	0x10e
 653 0134 00       		.byte	0
 654              		.section	.debug_abbrev,"",%progbits
 655              	.Ldebug_abbrev0:
 656 0000 01       		.uleb128 0x1
 657 0001 11       		.uleb128 0x11
 658 0002 01       		.byte	0x1
 659 0003 25       		.uleb128 0x25
 660 0004 0E       		.uleb128 0xe
 661 0005 13       		.uleb128 0x13
 662 0006 0B       		.uleb128 0xb
 663 0007 03       		.uleb128 0x3
 664 0008 0E       		.uleb128 0xe
 665 0009 1B       		.uleb128 0x1b
 666 000a 0E       		.uleb128 0xe
 667 000b 10       		.uleb128 0x10
 668 000c 17       		.uleb128 0x17
 669 000d 00       		.byte	0
 670 000e 00       		.byte	0
 671 000f 02       		.uleb128 0x2
 672 0010 24       		.uleb128 0x24
 673 0011 00       		.byte	0
 674 0012 0B       		.uleb128 0xb
 675 0013 0B       		.uleb128 0xb
 676 0014 3E       		.uleb128 0x3e
 677 0015 0B       		.uleb128 0xb
 678 0016 03       		.uleb128 0x3
 679 0017 0E       		.uleb128 0xe
 680 0018 00       		.byte	0
ARM GAS  C:\Users\ujjjh\AppData\Local\Temp\cc31pGdl.s 			page 13


 681 0019 00       		.byte	0
 682 001a 03       		.uleb128 0x3
 683 001b 16       		.uleb128 0x16
 684 001c 00       		.byte	0
 685 001d 03       		.uleb128 0x3
 686 001e 0E       		.uleb128 0xe
 687 001f 3A       		.uleb128 0x3a
 688 0020 0B       		.uleb128 0xb
 689 0021 3B       		.uleb128 0x3b
 690 0022 0B       		.uleb128 0xb
 691 0023 49       		.uleb128 0x49
 692 0024 13       		.uleb128 0x13
 693 0025 00       		.byte	0
 694 0026 00       		.byte	0
 695 0027 04       		.uleb128 0x4
 696 0028 24       		.uleb128 0x24
 697 0029 00       		.byte	0
 698 002a 0B       		.uleb128 0xb
 699 002b 0B       		.uleb128 0xb
 700 002c 3E       		.uleb128 0x3e
 701 002d 0B       		.uleb128 0xb
 702 002e 03       		.uleb128 0x3
 703 002f 08       		.uleb128 0x8
 704 0030 00       		.byte	0
 705 0031 00       		.byte	0
 706 0032 05       		.uleb128 0x5
 707 0033 01       		.uleb128 0x1
 708 0034 01       		.byte	0x1
 709 0035 49       		.uleb128 0x49
 710 0036 13       		.uleb128 0x13
 711 0037 01       		.uleb128 0x1
 712 0038 13       		.uleb128 0x13
 713 0039 00       		.byte	0
 714 003a 00       		.byte	0
 715 003b 06       		.uleb128 0x6
 716 003c 21       		.uleb128 0x21
 717 003d 00       		.byte	0
 718 003e 49       		.uleb128 0x49
 719 003f 13       		.uleb128 0x13
 720 0040 2F       		.uleb128 0x2f
 721 0041 05       		.uleb128 0x5
 722 0042 00       		.byte	0
 723 0043 00       		.byte	0
 724 0044 07       		.uleb128 0x7
 725 0045 26       		.uleb128 0x26
 726 0046 00       		.byte	0
 727 0047 49       		.uleb128 0x49
 728 0048 13       		.uleb128 0x13
 729 0049 00       		.byte	0
 730 004a 00       		.byte	0
 731 004b 08       		.uleb128 0x8
 732 004c 34       		.uleb128 0x34
 733 004d 00       		.byte	0
 734 004e 03       		.uleb128 0x3
 735 004f 0E       		.uleb128 0xe
 736 0050 3A       		.uleb128 0x3a
 737 0051 0B       		.uleb128 0xb
ARM GAS  C:\Users\ujjjh\AppData\Local\Temp\cc31pGdl.s 			page 14


 738 0052 3B       		.uleb128 0x3b
 739 0053 0B       		.uleb128 0xb
 740 0054 49       		.uleb128 0x49
 741 0055 13       		.uleb128 0x13
 742 0056 3F       		.uleb128 0x3f
 743 0057 19       		.uleb128 0x19
 744 0058 02       		.uleb128 0x2
 745 0059 18       		.uleb128 0x18
 746 005a 00       		.byte	0
 747 005b 00       		.byte	0
 748 005c 09       		.uleb128 0x9
 749 005d 21       		.uleb128 0x21
 750 005e 00       		.byte	0
 751 005f 49       		.uleb128 0x49
 752 0060 13       		.uleb128 0x13
 753 0061 2F       		.uleb128 0x2f
 754 0062 0B       		.uleb128 0xb
 755 0063 00       		.byte	0
 756 0064 00       		.byte	0
 757 0065 00       		.byte	0
 758              		.section	.debug_aranges,"",%progbits
 759 0000 14000000 		.4byte	0x14
 760 0004 0200     		.2byte	0x2
 761 0006 00000000 		.4byte	.Ldebug_info0
 762 000a 04       		.byte	0x4
 763 000b 00       		.byte	0
 764 000c 0000     		.2byte	0
 765 000e 0000     		.2byte	0
 766 0010 00000000 		.4byte	0
 767 0014 00000000 		.4byte	0
 768              		.section	.debug_line,"",%progbits
 769              	.Ldebug_line0:
 770 0000 3D010000 		.section	.debug_str,"MS",%progbits,1
 770      02003701 
 770      00000201 
 770      FB0E0D00 
 770      01010101 
 771              	.LASF9:
 772 0000 5F5F7569 		.ascii	"__uint8_t\000"
 772      6E74385F 
 772      7400
 773              	.LASF19:
 774 000a 553A5C44 		.ascii	"U:\\Documents\\PSoC Creator\\Luftdruckmessung\\Desi"
 774      6F63756D 
 774      656E7473 
 774      5C50536F 
 774      43204372 
 775 0039 676E3031 		.ascii	"gn01.cydsn\000"
 775      2E637964 
 775      736E00
 776              	.LASF16:
 777 0044 63795F6D 		.ascii	"cy_metadata\000"
 777      65746164 
 777      61746100 
 778              	.LASF1:
 779 0050 756E7369 		.ascii	"unsigned char\000"
 779      676E6564 
ARM GAS  C:\Users\ujjjh\AppData\Local\Temp\cc31pGdl.s 			page 15


 779      20636861 
 779      7200
 780              	.LASF17:
 781 005e 474E5520 		.ascii	"GNU C11 5.4.1 20160609 (release) [ARM/embedded-5-br"
 781      43313120 
 781      352E342E 
 781      31203230 
 781      31363036 
 782 0091 616E6368 		.ascii	"anch revision 237715] -mcpu=cortex-m3 -mthumb -g -O"
 782      20726576 
 782      6973696F 
 782      6E203233 
 782      37373135 
 783 00c4 67202D66 		.ascii	"g -ffunction-sections -ffat-lto-objects\000"
 783      66756E63 
 783      74696F6E 
 783      2D736563 
 783      74696F6E 
 784              	.LASF5:
 785 00ec 6C6F6E67 		.ascii	"long unsigned int\000"
 785      20756E73 
 785      69676E65 
 785      6420696E 
 785      7400
 786              	.LASF3:
 787 00fe 73686F72 		.ascii	"short unsigned int\000"
 787      7420756E 
 787      7369676E 
 787      65642069 
 787      6E7400
 788              	.LASF13:
 789 0111 63795F6D 		.ascii	"cy_meta_custnvl\000"
 789      6574615F 
 789      63757374 
 789      6E766C00 
 790              	.LASF12:
 791 0121 63795F6D 		.ascii	"cy_meta_configecc\000"
 791      6574615F 
 791      636F6E66 
 791      69676563 
 791      6300
 792              	.LASF8:
 793 0133 756E7369 		.ascii	"unsigned int\000"
 793      676E6564 
 793      20696E74 
 793      00
 794              	.LASF7:
 795 0140 6C6F6E67 		.ascii	"long long unsigned int\000"
 795      206C6F6E 
 795      6720756E 
 795      7369676E 
 795      65642069 
 796              	.LASF10:
 797 0157 75696E74 		.ascii	"uint8_t\000"
 797      385F7400 
 798              	.LASF15:
 799 015f 63795F6D 		.ascii	"cy_meta_flashprotect\000"
ARM GAS  C:\Users\ujjjh\AppData\Local\Temp\cc31pGdl.s 			page 16


 799      6574615F 
 799      666C6173 
 799      6870726F 
 799      74656374 
 800              	.LASF14:
 801 0174 63795F6D 		.ascii	"cy_meta_wonvl\000"
 801      6574615F 
 801      776F6E76 
 801      6C00
 802              	.LASF11:
 803 0182 73697A65 		.ascii	"sizetype\000"
 803      74797065 
 803      00
 804              	.LASF6:
 805 018b 6C6F6E67 		.ascii	"long long int\000"
 805      206C6F6E 
 805      6720696E 
 805      7400
 806              	.LASF2:
 807 0199 73686F72 		.ascii	"short int\000"
 807      7420696E 
 807      7400
 808              	.LASF4:
 809 01a3 6C6F6E67 		.ascii	"long int\000"
 809      20696E74 
 809      00
 810              	.LASF0:
 811 01ac 7369676E 		.ascii	"signed char\000"
 811      65642063 
 811      68617200 
 812              	.LASF18:
 813 01b8 47656E65 		.ascii	"Generated_Source\\PSoC5\\cymetadata.c\000"
 813      72617465 
 813      645F536F 
 813      75726365 
 813      5C50536F 
 814              		.ident	"GCC: (GNU Tools for ARM Embedded Processors) 5.4.1 20160609 (release) [ARM/embedded-5-bran
