ARM GAS  C:\Users\ujjjh\AppData\Local\Temp\ccNECSSE.s 			page 1


   1              		.syntax unified
   2              		.cpu cortex-m3
   3              		.fpu softvfp
   4              		.eabi_attribute 20, 1
   5              		.eabi_attribute 21, 1
   6              		.eabi_attribute 23, 3
   7              		.eabi_attribute 24, 1
   8              		.eabi_attribute 25, 1
   9              		.eabi_attribute 26, 1
  10              		.eabi_attribute 30, 1
  11              		.eabi_attribute 34, 1
  12              		.eabi_attribute 18, 4
  13              		.thumb
  14              		.syntax unified
  15              		.file	"main.c"
  16              		.text
  17              	.Ltext0:
  18              		.cfi_sections	.debug_frame
  19              		.section	.text.main,"ax",%progbits
  20              		.align	2
  21              		.global	main
  22              		.thumb
  23              		.thumb_func
  24              		.type	main, %function
  25              	main:
  26              	.LFB64:
  27              		.file 1 "main.c"
   1:main.c        **** /* ========================================
   2:main.c        ****  *
   3:main.c        ****  * Copyright YOUR COMPANY, THE YEAR
   4:main.c        ****  * All Rights Reserved
   5:main.c        ****  * UNPUBLISHED, LICENSED SOFTWARE.
   6:main.c        ****  *
   7:main.c        ****  * CONFIDENTIAL AND PROPRIETARY INFORMATION
   8:main.c        ****  * WHICH IS THE PROPERTY OF your company.
   9:main.c        ****  *
  10:main.c        ****  * ========================================
  11:main.c        **** */
  12:main.c        **** #include "project.h"
  13:main.c        **** #include "stdio.h"
  14:main.c        **** #include "time.h" 
  15:main.c        **** 
  16:main.c        **** char buffer[30];
  17:main.c        **** uint16 var;
  18:main.c        **** uint16 result;
  19:main.c        **** int i;
  20:main.c        **** 
  21:main.c        **** 
  22:main.c        **** int main(void)
  23:main.c        **** {
  28              		.loc 1 23 0
  29              		.cfi_startproc
  30              		@ Volatile: function does not return.
  31              		@ args = 0, pretend = 0, frame = 0
  32              		@ frame_needed = 0, uses_anonymous_args = 0
  33 0000 08B5     		push	{r3, lr}
  34              		.cfi_def_cfa_offset 8
ARM GAS  C:\Users\ujjjh\AppData\Local\Temp\ccNECSSE.s 			page 2


  35              		.cfi_offset 3, -8
  36              		.cfi_offset 14, -4
  24:main.c        ****     CyGlobalIntEnable;
  37              		.loc 1 24 0
  38              		.syntax unified
  39              	@ 24 "main.c" 1
  40 0002 62B6     		CPSIE   i
  41              	@ 0 "" 2
  25:main.c        ****     VDAC_1_Start();
  42              		.loc 1 25 0
  43              		.thumb
  44              		.syntax unified
  45 0004 FFF7FEFF 		bl	VDAC_1_Start
  46              	.LVL0:
  26:main.c        ****     PGA_1_Start();
  47              		.loc 1 26 0
  48 0008 FFF7FEFF 		bl	PGA_1_Start
  49              	.LVL1:
  27:main.c        ****     ADC_SAR_1_Start();
  50              		.loc 1 27 0
  51 000c FFF7FEFF 		bl	ADC_SAR_1_Start
  52              	.LVL2:
  28:main.c        ****     UART_1_Start(); 
  53              		.loc 1 28 0
  54 0010 FFF7FEFF 		bl	UART_1_Start
  55              	.LVL3:
  29:main.c        ****     ADC_SAR_1_StartConvert();
  56              		.loc 1 29 0
  57 0014 FFF7FEFF 		bl	ADC_SAR_1_StartConvert
  58              	.LVL4:
  30:main.c        ****     LCD_1_Start();
  59              		.loc 1 30 0
  60 0018 FFF7FEFF 		bl	LCD_1_Start
  61              	.LVL5:
  62              	.L5:
  31:main.c        ****     
  32:main.c        ****     for(;;)
  33:main.c        ****     {   
  34:main.c        ****         if(ADC_SAR_1_IsEndConversion(ADC_SAR_1_WAIT_FOR_RESULT))
  63              		.loc 1 34 0
  64 001c 0020     		movs	r0, #0
  65 001e FFF7FEFF 		bl	ADC_SAR_1_IsEndConversion
  66              	.LVL6:
  67 0022 40B1     		cbz	r0, .L2
  35:main.c        ****         {
  36:main.c        ****             result = ADC_SAR_1_GetResult16(); 
  68              		.loc 1 36 0
  69 0024 FFF7FEFF 		bl	ADC_SAR_1_GetResult16
  70              	.LVL7:
  71 0028 80B2     		uxth	r0, r0
  72 002a 234B     		ldr	r3, .L7
  73 002c 1880     		strh	r0, [r3]	@ movhi
  37:main.c        ****             var=result+12288;
  74              		.loc 1 37 0
  75 002e 00F54050 		add	r0, r0, #12288
  76 0032 224B     		ldr	r3, .L7+4
  77 0034 1880     		strh	r0, [r3]	@ movhi
ARM GAS  C:\Users\ujjjh\AppData\Local\Temp\ccNECSSE.s 			page 3


  78              	.L2:
  38:main.c        ****         }   
  39:main.c        ****         sprintf(buffer, "%x", var );
  79              		.loc 1 39 0
  80 0036 224C     		ldr	r4, .L7+8
  81 0038 204B     		ldr	r3, .L7+4
  82 003a 1A88     		ldrh	r2, [r3]
  83 003c 2149     		ldr	r1, .L7+12
  84 003e 2046     		mov	r0, r4
  85 0040 FFF7FEFF 		bl	sprintf
  86              	.LVL8:
  40:main.c        ****         UART_1_PutString(buffer);
  87              		.loc 1 40 0
  88 0044 2046     		mov	r0, r4
  89 0046 FFF7FEFF 		bl	UART_1_PutString
  90              	.LVL9:
  41:main.c        ****         
  42:main.c        ****         if(result<2595)
  91              		.loc 1 42 0
  92 004a 1B4B     		ldr	r3, .L7
  93 004c 1A88     		ldrh	r2, [r3]
  94 004e 40F62223 		movw	r3, #2594
  95 0052 9A42     		cmp	r2, r3
  96 0054 10D8     		bhi	.L3
  43:main.c        ****         {
  44:main.c        ****             
  45:main.c        ****             LCD_1_ClearDisplay();
  97              		.loc 1 45 0
  98 0056 0120     		movs	r0, #1
  99 0058 FFF7FEFF 		bl	LCD_1_WriteControl
 100              	.LVL10:
  46:main.c        ****             LCD_1_Position(0,0);
 101              		.loc 1 46 0
 102 005c 0021     		movs	r1, #0
 103 005e 0846     		mov	r0, r1
 104 0060 FFF7FEFF 		bl	LCD_1_Position
 105              	.LVL11:
  47:main.c        ****             LCD_1_PrintString("EMERGENCY!");
 106              		.loc 1 47 0
 107 0064 1848     		ldr	r0, .L7+16
 108 0066 FFF7FEFF 		bl	LCD_1_PrintString
 109              	.LVL12:
  48:main.c        ****             Clock_1_Start();
 110              		.loc 1 48 0
 111 006a FFF7FEFF 		bl	Clock_1_Start
 112              	.LVL13:
  49:main.c        ****             i=i+1;
 113              		.loc 1 49 0
 114 006e 174A     		ldr	r2, .L7+20
 115 0070 1368     		ldr	r3, [r2]
 116 0072 0133     		adds	r3, r3, #1
 117 0074 1360     		str	r3, [r2]
 118 0076 19E0     		b	.L4
 119              	.L3:
  50:main.c        ****           
  51:main.c        ****         }
  52:main.c        ****         else
ARM GAS  C:\Users\ujjjh\AppData\Local\Temp\ccNECSSE.s 			page 4


  53:main.c        ****         {
  54:main.c        ****             Clock_1_Stop();
 120              		.loc 1 54 0
 121 0078 FFF7FEFF 		bl	Clock_1_Stop
 122              	.LVL14:
  55:main.c        ****             LCD_1_ClearDisplay();
 123              		.loc 1 55 0
 124 007c 0120     		movs	r0, #1
 125 007e FFF7FEFF 		bl	LCD_1_WriteControl
 126              	.LVL15:
  56:main.c        ****             LCD_1_Position(0,0);
 127              		.loc 1 56 0
 128 0082 0021     		movs	r1, #0
 129 0084 0846     		mov	r0, r1
 130 0086 FFF7FEFF 		bl	LCD_1_Position
 131              	.LVL16:
  57:main.c        ****             LCD_1_PrintString("Gefahr behoben");
 132              		.loc 1 57 0
 133 008a 1148     		ldr	r0, .L7+24
 134 008c FFF7FEFF 		bl	LCD_1_PrintString
 135              	.LVL17:
  58:main.c        ****             
  59:main.c        ****             LCD_1_Position(1,0);
 136              		.loc 1 59 0
 137 0090 0021     		movs	r1, #0
 138 0092 0120     		movs	r0, #1
 139 0094 FFF7FEFF 		bl	LCD_1_Position
 140              	.LVL18:
  60:main.c        ****             LCD_1_PrintNumber(i);
 141              		.loc 1 60 0
 142 0098 0C4C     		ldr	r4, .L7+20
 143 009a 2088     		ldrh	r0, [r4]
 144 009c FFF7FEFF 		bl	LCD_1_PrintU32Number
 145              	.LVL19:
  61:main.c        ****             CyDelay(5000);
 146              		.loc 1 61 0
 147 00a0 41F28830 		movw	r0, #5000
 148 00a4 FFF7FEFF 		bl	CyDelay
 149              	.LVL20:
  62:main.c        ****             i=0;
 150              		.loc 1 62 0
 151 00a8 0023     		movs	r3, #0
 152 00aa 2360     		str	r3, [r4]
 153              	.L4:
  63:main.c        ****         }
  64:main.c        ****         
  65:main.c        ****         CyDelay(1000);
 154              		.loc 1 65 0
 155 00ac 4FF47A70 		mov	r0, #1000
 156 00b0 FFF7FEFF 		bl	CyDelay
 157              	.LVL21:
  66:main.c        ****         }
 158              		.loc 1 66 0
 159 00b4 B2E7     		b	.L5
 160              	.L8:
 161 00b6 00BF     		.align	2
 162              	.L7:
ARM GAS  C:\Users\ujjjh\AppData\Local\Temp\ccNECSSE.s 			page 5


 163 00b8 00000000 		.word	result
 164 00bc 00000000 		.word	var
 165 00c0 00000000 		.word	buffer
 166 00c4 00000000 		.word	.LC0
 167 00c8 04000000 		.word	.LC1
 168 00cc 00000000 		.word	i
 169 00d0 10000000 		.word	.LC2
 170              		.cfi_endproc
 171              	.LFE64:
 172              		.size	main, .-main
 173              		.comm	i,4,4
 174              		.comm	result,2,2
 175              		.comm	var,2,2
 176              		.comm	buffer,30,4
 177              		.section	.rodata.str1.4,"aMS",%progbits,1
 178              		.align	2
 179              	.LC0:
 180 0000 257800   		.ascii	"%x\000"
 181 0003 00       		.space	1
 182              	.LC1:
 183 0004 454D4552 		.ascii	"EMERGENCY!\000"
 183      47454E43 
 183      592100
 184 000f 00       		.space	1
 185              	.LC2:
 186 0010 47656661 		.ascii	"Gefahr behoben\000"
 186      68722062 
 186      65686F62 
 186      656E00
 187              		.text
 188              	.Letext0:
 189              		.file 2 "c:\\program files (x86)\\cypress\\psoc creator\\4.2\\psoc creator\\import\\gnu\\arm\\5.4.
 190              		.file 3 "c:\\program files (x86)\\cypress\\psoc creator\\4.2\\psoc creator\\import\\gnu\\arm\\5.4.
 191              		.file 4 "Generated_Source\\PSoC5/cytypes.h"
 192              		.file 5 "Generated_Source\\PSoC5/core_cm3.h"
 193              		.file 6 "Generated_Source\\PSoC5/VDAC_1.h"
 194              		.file 7 "Generated_Source\\PSoC5/PGA_1.h"
 195              		.file 8 "Generated_Source\\PSoC5/ADC_SAR_1.h"
 196              		.file 9 "Generated_Source\\PSoC5/UART_1.h"
 197              		.file 10 "Generated_Source\\PSoC5/LCD_1.h"
 198              		.file 11 "c:\\program files (x86)\\cypress\\psoc creator\\4.2\\psoc creator\\import\\gnu\\arm\\5.4
 199              		.file 12 "Generated_Source\\PSoC5/Clock_1.h"
 200              		.file 13 "Generated_Source\\PSoC5/CyLib.h"
 201              		.section	.debug_info,"",%progbits
 202              	.Ldebug_info0:
 203 0000 45030000 		.4byte	0x345
 204 0004 0400     		.2byte	0x4
 205 0006 00000000 		.4byte	.Ldebug_abbrev0
 206 000a 04       		.byte	0x4
 207 000b 01       		.uleb128 0x1
 208 000c B5000000 		.4byte	.LASF37
 209 0010 0C       		.byte	0xc
 210 0011 32020000 		.4byte	.LASF38
 211 0015 36000000 		.4byte	.LASF39
 212 0019 00000000 		.4byte	.Ldebug_ranges0+0
 213 001d 00000000 		.4byte	0
 214 0021 00000000 		.4byte	.Ldebug_line0
ARM GAS  C:\Users\ujjjh\AppData\Local\Temp\ccNECSSE.s 			page 6


 215 0025 02       		.uleb128 0x2
 216 0026 01       		.byte	0x1
 217 0027 06       		.byte	0x6
 218 0028 71020000 		.4byte	.LASF0
 219 002c 02       		.uleb128 0x2
 220 002d 01       		.byte	0x1
 221 002e 08       		.byte	0x8
 222 002f 87010000 		.4byte	.LASF1
 223 0033 02       		.uleb128 0x2
 224 0034 02       		.byte	0x2
 225 0035 05       		.byte	0x5
 226 0036 4B020000 		.4byte	.LASF2
 227 003a 02       		.uleb128 0x2
 228 003b 02       		.byte	0x2
 229 003c 07       		.byte	0x7
 230 003d 23000000 		.4byte	.LASF3
 231 0041 03       		.uleb128 0x3
 232 0042 19000000 		.4byte	.LASF9
 233 0046 02       		.byte	0x2
 234 0047 3F       		.byte	0x3f
 235 0048 4C000000 		.4byte	0x4c
 236 004c 02       		.uleb128 0x2
 237 004d 04       		.byte	0x4
 238 004e 05       		.byte	0x5
 239 004f 5C020000 		.4byte	.LASF4
 240 0053 02       		.uleb128 0x2
 241 0054 04       		.byte	0x4
 242 0055 07       		.byte	0x7
 243 0056 51010000 		.4byte	.LASF5
 244 005a 02       		.uleb128 0x2
 245 005b 08       		.byte	0x8
 246 005c 05       		.byte	0x5
 247 005d 24020000 		.4byte	.LASF6
 248 0061 02       		.uleb128 0x2
 249 0062 08       		.byte	0x8
 250 0063 07       		.byte	0x7
 251 0064 D7010000 		.4byte	.LASF7
 252 0068 04       		.uleb128 0x4
 253 0069 04       		.byte	0x4
 254 006a 05       		.byte	0x5
 255 006b 696E7400 		.ascii	"int\000"
 256 006f 02       		.uleb128 0x2
 257 0070 04       		.byte	0x4
 258 0071 07       		.byte	0x7
 259 0072 CA010000 		.4byte	.LASF8
 260 0076 03       		.uleb128 0x3
 261 0077 FD010000 		.4byte	.LASF10
 262 007b 03       		.byte	0x3
 263 007c 2C       		.byte	0x2c
 264 007d 41000000 		.4byte	0x41
 265 0081 05       		.uleb128 0x5
 266 0082 AE010000 		.4byte	.LASF11
 267 0086 04       		.byte	0x4
 268 0087 E501     		.2byte	0x1e5
 269 0089 3A000000 		.4byte	0x3a
 270 008d 02       		.uleb128 0x2
 271 008e 04       		.byte	0x4
ARM GAS  C:\Users\ujjjh\AppData\Local\Temp\ccNECSSE.s 			page 7


 272 008f 04       		.byte	0x4
 273 0090 82000000 		.4byte	.LASF12
 274 0094 02       		.uleb128 0x2
 275 0095 08       		.byte	0x8
 276 0096 04       		.byte	0x4
 277 0097 95010000 		.4byte	.LASF13
 278 009b 02       		.uleb128 0x2
 279 009c 01       		.byte	0x1
 280 009d 08       		.byte	0x8
 281 009e 39020000 		.4byte	.LASF14
 282 00a2 02       		.uleb128 0x2
 283 00a3 08       		.byte	0x8
 284 00a4 04       		.byte	0x4
 285 00a5 65020000 		.4byte	.LASF15
 286 00a9 02       		.uleb128 0x2
 287 00aa 04       		.byte	0x4
 288 00ab 07       		.byte	0x7
 289 00ac 05020000 		.4byte	.LASF16
 290 00b0 06       		.uleb128 0x6
 291 00b1 A9010000 		.4byte	.LASF40
 292 00b5 01       		.byte	0x1
 293 00b6 16       		.byte	0x16
 294 00b7 68000000 		.4byte	0x68
 295 00bb 00000000 		.4byte	.LFB64
 296 00bf D4000000 		.4byte	.LFE64-.LFB64
 297 00c3 01       		.uleb128 0x1
 298 00c4 9C       		.byte	0x9c
 299 00c5 2A020000 		.4byte	0x22a
 300 00c9 07       		.uleb128 0x7
 301 00ca 08000000 		.4byte	.LVL0
 302 00ce 8D020000 		.4byte	0x28d
 303 00d2 07       		.uleb128 0x7
 304 00d3 0C000000 		.4byte	.LVL1
 305 00d7 98020000 		.4byte	0x298
 306 00db 07       		.uleb128 0x7
 307 00dc 10000000 		.4byte	.LVL2
 308 00e0 A3020000 		.4byte	0x2a3
 309 00e4 07       		.uleb128 0x7
 310 00e5 14000000 		.4byte	.LVL3
 311 00e9 AE020000 		.4byte	0x2ae
 312 00ed 07       		.uleb128 0x7
 313 00ee 18000000 		.4byte	.LVL4
 314 00f2 B9020000 		.4byte	0x2b9
 315 00f6 07       		.uleb128 0x7
 316 00f7 1C000000 		.4byte	.LVL5
 317 00fb C4020000 		.4byte	0x2c4
 318 00ff 08       		.uleb128 0x8
 319 0100 22000000 		.4byte	.LVL6
 320 0104 CF020000 		.4byte	0x2cf
 321 0108 12010000 		.4byte	0x112
 322 010c 09       		.uleb128 0x9
 323 010d 01       		.uleb128 0x1
 324 010e 50       		.byte	0x50
 325 010f 01       		.uleb128 0x1
 326 0110 30       		.byte	0x30
 327 0111 00       		.byte	0
 328 0112 07       		.uleb128 0x7
ARM GAS  C:\Users\ujjjh\AppData\Local\Temp\ccNECSSE.s 			page 8


 329 0113 28000000 		.4byte	.LVL7
 330 0117 DA020000 		.4byte	0x2da
 331 011b 08       		.uleb128 0x8
 332 011c 44000000 		.4byte	.LVL8
 333 0120 E5020000 		.4byte	0x2e5
 334 0124 38010000 		.4byte	0x138
 335 0128 09       		.uleb128 0x9
 336 0129 01       		.uleb128 0x1
 337 012a 50       		.byte	0x50
 338 012b 02       		.uleb128 0x2
 339 012c 74       		.byte	0x74
 340 012d 00       		.sleb128 0
 341 012e 09       		.uleb128 0x9
 342 012f 01       		.uleb128 0x1
 343 0130 51       		.byte	0x51
 344 0131 05       		.uleb128 0x5
 345 0132 03       		.byte	0x3
 346 0133 00000000 		.4byte	.LC0
 347 0137 00       		.byte	0
 348 0138 08       		.uleb128 0x8
 349 0139 4A000000 		.4byte	.LVL9
 350 013d F0020000 		.4byte	0x2f0
 351 0141 4C010000 		.4byte	0x14c
 352 0145 09       		.uleb128 0x9
 353 0146 01       		.uleb128 0x1
 354 0147 50       		.byte	0x50
 355 0148 02       		.uleb128 0x2
 356 0149 74       		.byte	0x74
 357 014a 00       		.sleb128 0
 358 014b 00       		.byte	0
 359 014c 08       		.uleb128 0x8
 360 014d 5C000000 		.4byte	.LVL10
 361 0151 FB020000 		.4byte	0x2fb
 362 0155 5F010000 		.4byte	0x15f
 363 0159 09       		.uleb128 0x9
 364 015a 01       		.uleb128 0x1
 365 015b 50       		.byte	0x50
 366 015c 01       		.uleb128 0x1
 367 015d 31       		.byte	0x31
 368 015e 00       		.byte	0
 369 015f 08       		.uleb128 0x8
 370 0160 64000000 		.4byte	.LVL11
 371 0164 06030000 		.4byte	0x306
 372 0168 77010000 		.4byte	0x177
 373 016c 09       		.uleb128 0x9
 374 016d 01       		.uleb128 0x1
 375 016e 50       		.byte	0x50
 376 016f 01       		.uleb128 0x1
 377 0170 30       		.byte	0x30
 378 0171 09       		.uleb128 0x9
 379 0172 01       		.uleb128 0x1
 380 0173 51       		.byte	0x51
 381 0174 01       		.uleb128 0x1
 382 0175 30       		.byte	0x30
 383 0176 00       		.byte	0
 384 0177 08       		.uleb128 0x8
 385 0178 6A000000 		.4byte	.LVL12
ARM GAS  C:\Users\ujjjh\AppData\Local\Temp\ccNECSSE.s 			page 9


 386 017c 11030000 		.4byte	0x311
 387 0180 8E010000 		.4byte	0x18e
 388 0184 09       		.uleb128 0x9
 389 0185 01       		.uleb128 0x1
 390 0186 50       		.byte	0x50
 391 0187 05       		.uleb128 0x5
 392 0188 03       		.byte	0x3
 393 0189 04000000 		.4byte	.LC1
 394 018d 00       		.byte	0
 395 018e 07       		.uleb128 0x7
 396 018f 6E000000 		.4byte	.LVL13
 397 0193 1C030000 		.4byte	0x31c
 398 0197 07       		.uleb128 0x7
 399 0198 7C000000 		.4byte	.LVL14
 400 019c 27030000 		.4byte	0x327
 401 01a0 08       		.uleb128 0x8
 402 01a1 82000000 		.4byte	.LVL15
 403 01a5 FB020000 		.4byte	0x2fb
 404 01a9 B3010000 		.4byte	0x1b3
 405 01ad 09       		.uleb128 0x9
 406 01ae 01       		.uleb128 0x1
 407 01af 50       		.byte	0x50
 408 01b0 01       		.uleb128 0x1
 409 01b1 31       		.byte	0x31
 410 01b2 00       		.byte	0
 411 01b3 08       		.uleb128 0x8
 412 01b4 8A000000 		.4byte	.LVL16
 413 01b8 06030000 		.4byte	0x306
 414 01bc CB010000 		.4byte	0x1cb
 415 01c0 09       		.uleb128 0x9
 416 01c1 01       		.uleb128 0x1
 417 01c2 50       		.byte	0x50
 418 01c3 01       		.uleb128 0x1
 419 01c4 30       		.byte	0x30
 420 01c5 09       		.uleb128 0x9
 421 01c6 01       		.uleb128 0x1
 422 01c7 51       		.byte	0x51
 423 01c8 01       		.uleb128 0x1
 424 01c9 30       		.byte	0x30
 425 01ca 00       		.byte	0
 426 01cb 08       		.uleb128 0x8
 427 01cc 90000000 		.4byte	.LVL17
 428 01d0 11030000 		.4byte	0x311
 429 01d4 E2010000 		.4byte	0x1e2
 430 01d8 09       		.uleb128 0x9
 431 01d9 01       		.uleb128 0x1
 432 01da 50       		.byte	0x50
 433 01db 05       		.uleb128 0x5
 434 01dc 03       		.byte	0x3
 435 01dd 10000000 		.4byte	.LC2
 436 01e1 00       		.byte	0
 437 01e2 08       		.uleb128 0x8
 438 01e3 98000000 		.4byte	.LVL18
 439 01e7 06030000 		.4byte	0x306
 440 01eb FA010000 		.4byte	0x1fa
 441 01ef 09       		.uleb128 0x9
 442 01f0 01       		.uleb128 0x1
ARM GAS  C:\Users\ujjjh\AppData\Local\Temp\ccNECSSE.s 			page 10


 443 01f1 50       		.byte	0x50
 444 01f2 01       		.uleb128 0x1
 445 01f3 31       		.byte	0x31
 446 01f4 09       		.uleb128 0x9
 447 01f5 01       		.uleb128 0x1
 448 01f6 51       		.byte	0x51
 449 01f7 01       		.uleb128 0x1
 450 01f8 30       		.byte	0x30
 451 01f9 00       		.byte	0
 452 01fa 07       		.uleb128 0x7
 453 01fb A0000000 		.4byte	.LVL19
 454 01ff 32030000 		.4byte	0x332
 455 0203 08       		.uleb128 0x8
 456 0204 A8000000 		.4byte	.LVL20
 457 0208 3D030000 		.4byte	0x33d
 458 020c 18020000 		.4byte	0x218
 459 0210 09       		.uleb128 0x9
 460 0211 01       		.uleb128 0x1
 461 0212 50       		.byte	0x50
 462 0213 03       		.uleb128 0x3
 463 0214 0A       		.byte	0xa
 464 0215 8813     		.2byte	0x1388
 465 0217 00       		.byte	0
 466 0218 0A       		.uleb128 0xa
 467 0219 B4000000 		.4byte	.LVL21
 468 021d 3D030000 		.4byte	0x33d
 469 0221 09       		.uleb128 0x9
 470 0222 01       		.uleb128 0x1
 471 0223 50       		.byte	0x50
 472 0224 03       		.uleb128 0x3
 473 0225 0A       		.byte	0xa
 474 0226 E803     		.2byte	0x3e8
 475 0228 00       		.byte	0
 476 0229 00       		.byte	0
 477 022a 0B       		.uleb128 0xb
 478 022b 7A010000 		.4byte	.LASF17
 479 022f 05       		.byte	0x5
 480 0230 1207     		.2byte	0x712
 481 0232 36020000 		.4byte	0x236
 482 0236 0C       		.uleb128 0xc
 483 0237 76000000 		.4byte	0x76
 484 023b 0D       		.uleb128 0xd
 485 023c 9B000000 		.4byte	0x9b
 486 0240 4B020000 		.4byte	0x24b
 487 0244 0E       		.uleb128 0xe
 488 0245 A9000000 		.4byte	0xa9
 489 0249 1D       		.byte	0x1d
 490 024a 00       		.byte	0
 491 024b 0F       		.uleb128 0xf
 492 024c 55020000 		.4byte	.LASF18
 493 0250 01       		.byte	0x1
 494 0251 10       		.byte	0x10
 495 0252 3B020000 		.4byte	0x23b
 496 0256 05       		.uleb128 0x5
 497 0257 03       		.byte	0x3
 498 0258 00000000 		.4byte	buffer
 499 025c 10       		.uleb128 0x10
ARM GAS  C:\Users\ujjjh\AppData\Local\Temp\ccNECSSE.s 			page 11


 500 025d 76617200 		.ascii	"var\000"
 501 0261 01       		.byte	0x1
 502 0262 11       		.byte	0x11
 503 0263 81000000 		.4byte	0x81
 504 0267 05       		.uleb128 0x5
 505 0268 03       		.byte	0x3
 506 0269 00000000 		.4byte	var
 507 026d 0F       		.uleb128 0xf
 508 026e EE010000 		.4byte	.LASF19
 509 0272 01       		.byte	0x1
 510 0273 12       		.byte	0x12
 511 0274 81000000 		.4byte	0x81
 512 0278 05       		.uleb128 0x5
 513 0279 03       		.byte	0x3
 514 027a 00000000 		.4byte	result
 515 027e 10       		.uleb128 0x10
 516 027f 6900     		.ascii	"i\000"
 517 0281 01       		.byte	0x1
 518 0282 13       		.byte	0x13
 519 0283 68000000 		.4byte	0x68
 520 0287 05       		.uleb128 0x5
 521 0288 03       		.byte	0x3
 522 0289 00000000 		.4byte	i
 523 028d 11       		.uleb128 0x11
 524 028e 9C010000 		.4byte	.LASF20
 525 0292 9C010000 		.4byte	.LASF20
 526 0296 06       		.byte	0x6
 527 0297 33       		.byte	0x33
 528 0298 11       		.uleb128 0x11
 529 0299 00000000 		.4byte	.LASF21
 530 029d 00000000 		.4byte	.LASF21
 531 02a1 07       		.byte	0x7
 532 02a2 3E       		.byte	0x3e
 533 02a3 11       		.uleb128 0x11
 534 02a4 7D020000 		.4byte	.LASF22
 535 02a8 7D020000 		.4byte	.LASF22
 536 02ac 08       		.byte	0x8
 537 02ad 34       		.byte	0x34
 538 02ae 11       		.uleb128 0x11
 539 02af 0C000000 		.4byte	.LASF23
 540 02b3 0C000000 		.4byte	.LASF23
 541 02b7 09       		.byte	0x9
 542 02b8 54       		.byte	0x54
 543 02b9 11       		.uleb128 0x11
 544 02ba 63010000 		.4byte	.LASF24
 545 02be 63010000 		.4byte	.LASF24
 546 02c2 08       		.byte	0x8
 547 02c3 D1       		.byte	0xd1
 548 02c4 11       		.uleb128 0x11
 549 02c5 9E020000 		.4byte	.LASF25
 550 02c9 9E020000 		.4byte	.LASF25
 551 02cd 0A       		.byte	0xa
 552 02ce 38       		.byte	0x38
 553 02cf 11       		.uleb128 0x11
 554 02d0 88000000 		.4byte	.LASF26
 555 02d4 88000000 		.4byte	.LASF26
 556 02d8 08       		.byte	0x8
ARM GAS  C:\Users\ujjjh\AppData\Local\Temp\ccNECSSE.s 			page 12


 557 02d9 39       		.byte	0x39
 558 02da 11       		.uleb128 0x11
 559 02db 0E020000 		.4byte	.LASF27
 560 02df 0E020000 		.4byte	.LASF27
 561 02e3 08       		.byte	0x8
 562 02e4 3B       		.byte	0x3b
 563 02e5 11       		.uleb128 0x11
 564 02e6 F5010000 		.4byte	.LASF28
 565 02ea F5010000 		.4byte	.LASF28
 566 02ee 0B       		.byte	0xb
 567 02ef E7       		.byte	0xe7
 568 02f0 11       		.uleb128 0x11
 569 02f1 8D020000 		.4byte	.LASF29
 570 02f5 8D020000 		.4byte	.LASF29
 571 02f9 09       		.byte	0x9
 572 02fa 8B       		.byte	0x8b
 573 02fb 11       		.uleb128 0x11
 574 02fc A2000000 		.4byte	.LASF30
 575 0300 A2000000 		.4byte	.LASF30
 576 0304 0A       		.byte	0xa
 577 0305 3A       		.byte	0x3a
 578 0306 11       		.uleb128 0x11
 579 0307 B2020000 		.4byte	.LASF31
 580 030b B2020000 		.4byte	.LASF31
 581 030f 0A       		.byte	0xa
 582 0310 3D       		.byte	0x3d
 583 0311 11       		.uleb128 0x11
 584 0312 70000000 		.4byte	.LASF32
 585 0316 70000000 		.4byte	.LASF32
 586 031a 0A       		.byte	0xa
 587 031b 3C       		.byte	0x3c
 588 031c 11       		.uleb128 0x11
 589 031d 43010000 		.4byte	.LASF33
 590 0321 43010000 		.4byte	.LASF33
 591 0325 0C       		.byte	0xc
 592 0326 27       		.byte	0x27
 593 0327 11       		.uleb128 0x11
 594 0328 3E020000 		.4byte	.LASF34
 595 032c 3E020000 		.4byte	.LASF34
 596 0330 0C       		.byte	0xc
 597 0331 28       		.byte	0x28
 598 0332 11       		.uleb128 0x11
 599 0333 B5010000 		.4byte	.LASF35
 600 0337 B5010000 		.4byte	.LASF35
 601 033b 0A       		.byte	0xa
 602 033c 61       		.byte	0x61
 603 033d 11       		.uleb128 0x11
 604 033e AA020000 		.4byte	.LASF36
 605 0342 AA020000 		.4byte	.LASF36
 606 0346 0D       		.byte	0xd
 607 0347 76       		.byte	0x76
 608 0348 00       		.byte	0
 609              		.section	.debug_abbrev,"",%progbits
 610              	.Ldebug_abbrev0:
 611 0000 01       		.uleb128 0x1
 612 0001 11       		.uleb128 0x11
 613 0002 01       		.byte	0x1
ARM GAS  C:\Users\ujjjh\AppData\Local\Temp\ccNECSSE.s 			page 13


 614 0003 25       		.uleb128 0x25
 615 0004 0E       		.uleb128 0xe
 616 0005 13       		.uleb128 0x13
 617 0006 0B       		.uleb128 0xb
 618 0007 03       		.uleb128 0x3
 619 0008 0E       		.uleb128 0xe
 620 0009 1B       		.uleb128 0x1b
 621 000a 0E       		.uleb128 0xe
 622 000b 55       		.uleb128 0x55
 623 000c 17       		.uleb128 0x17
 624 000d 11       		.uleb128 0x11
 625 000e 01       		.uleb128 0x1
 626 000f 10       		.uleb128 0x10
 627 0010 17       		.uleb128 0x17
 628 0011 00       		.byte	0
 629 0012 00       		.byte	0
 630 0013 02       		.uleb128 0x2
 631 0014 24       		.uleb128 0x24
 632 0015 00       		.byte	0
 633 0016 0B       		.uleb128 0xb
 634 0017 0B       		.uleb128 0xb
 635 0018 3E       		.uleb128 0x3e
 636 0019 0B       		.uleb128 0xb
 637 001a 03       		.uleb128 0x3
 638 001b 0E       		.uleb128 0xe
 639 001c 00       		.byte	0
 640 001d 00       		.byte	0
 641 001e 03       		.uleb128 0x3
 642 001f 16       		.uleb128 0x16
 643 0020 00       		.byte	0
 644 0021 03       		.uleb128 0x3
 645 0022 0E       		.uleb128 0xe
 646 0023 3A       		.uleb128 0x3a
 647 0024 0B       		.uleb128 0xb
 648 0025 3B       		.uleb128 0x3b
 649 0026 0B       		.uleb128 0xb
 650 0027 49       		.uleb128 0x49
 651 0028 13       		.uleb128 0x13
 652 0029 00       		.byte	0
 653 002a 00       		.byte	0
 654 002b 04       		.uleb128 0x4
 655 002c 24       		.uleb128 0x24
 656 002d 00       		.byte	0
 657 002e 0B       		.uleb128 0xb
 658 002f 0B       		.uleb128 0xb
 659 0030 3E       		.uleb128 0x3e
 660 0031 0B       		.uleb128 0xb
 661 0032 03       		.uleb128 0x3
 662 0033 08       		.uleb128 0x8
 663 0034 00       		.byte	0
 664 0035 00       		.byte	0
 665 0036 05       		.uleb128 0x5
 666 0037 16       		.uleb128 0x16
 667 0038 00       		.byte	0
 668 0039 03       		.uleb128 0x3
 669 003a 0E       		.uleb128 0xe
 670 003b 3A       		.uleb128 0x3a
ARM GAS  C:\Users\ujjjh\AppData\Local\Temp\ccNECSSE.s 			page 14


 671 003c 0B       		.uleb128 0xb
 672 003d 3B       		.uleb128 0x3b
 673 003e 05       		.uleb128 0x5
 674 003f 49       		.uleb128 0x49
 675 0040 13       		.uleb128 0x13
 676 0041 00       		.byte	0
 677 0042 00       		.byte	0
 678 0043 06       		.uleb128 0x6
 679 0044 2E       		.uleb128 0x2e
 680 0045 01       		.byte	0x1
 681 0046 3F       		.uleb128 0x3f
 682 0047 19       		.uleb128 0x19
 683 0048 03       		.uleb128 0x3
 684 0049 0E       		.uleb128 0xe
 685 004a 3A       		.uleb128 0x3a
 686 004b 0B       		.uleb128 0xb
 687 004c 3B       		.uleb128 0x3b
 688 004d 0B       		.uleb128 0xb
 689 004e 27       		.uleb128 0x27
 690 004f 19       		.uleb128 0x19
 691 0050 49       		.uleb128 0x49
 692 0051 13       		.uleb128 0x13
 693 0052 8701     		.uleb128 0x87
 694 0054 19       		.uleb128 0x19
 695 0055 11       		.uleb128 0x11
 696 0056 01       		.uleb128 0x1
 697 0057 12       		.uleb128 0x12
 698 0058 06       		.uleb128 0x6
 699 0059 40       		.uleb128 0x40
 700 005a 18       		.uleb128 0x18
 701 005b 9742     		.uleb128 0x2117
 702 005d 19       		.uleb128 0x19
 703 005e 01       		.uleb128 0x1
 704 005f 13       		.uleb128 0x13
 705 0060 00       		.byte	0
 706 0061 00       		.byte	0
 707 0062 07       		.uleb128 0x7
 708 0063 898201   		.uleb128 0x4109
 709 0066 00       		.byte	0
 710 0067 11       		.uleb128 0x11
 711 0068 01       		.uleb128 0x1
 712 0069 31       		.uleb128 0x31
 713 006a 13       		.uleb128 0x13
 714 006b 00       		.byte	0
 715 006c 00       		.byte	0
 716 006d 08       		.uleb128 0x8
 717 006e 898201   		.uleb128 0x4109
 718 0071 01       		.byte	0x1
 719 0072 11       		.uleb128 0x11
 720 0073 01       		.uleb128 0x1
 721 0074 31       		.uleb128 0x31
 722 0075 13       		.uleb128 0x13
 723 0076 01       		.uleb128 0x1
 724 0077 13       		.uleb128 0x13
 725 0078 00       		.byte	0
 726 0079 00       		.byte	0
 727 007a 09       		.uleb128 0x9
ARM GAS  C:\Users\ujjjh\AppData\Local\Temp\ccNECSSE.s 			page 15


 728 007b 8A8201   		.uleb128 0x410a
 729 007e 00       		.byte	0
 730 007f 02       		.uleb128 0x2
 731 0080 18       		.uleb128 0x18
 732 0081 9142     		.uleb128 0x2111
 733 0083 18       		.uleb128 0x18
 734 0084 00       		.byte	0
 735 0085 00       		.byte	0
 736 0086 0A       		.uleb128 0xa
 737 0087 898201   		.uleb128 0x4109
 738 008a 01       		.byte	0x1
 739 008b 11       		.uleb128 0x11
 740 008c 01       		.uleb128 0x1
 741 008d 31       		.uleb128 0x31
 742 008e 13       		.uleb128 0x13
 743 008f 00       		.byte	0
 744 0090 00       		.byte	0
 745 0091 0B       		.uleb128 0xb
 746 0092 34       		.uleb128 0x34
 747 0093 00       		.byte	0
 748 0094 03       		.uleb128 0x3
 749 0095 0E       		.uleb128 0xe
 750 0096 3A       		.uleb128 0x3a
 751 0097 0B       		.uleb128 0xb
 752 0098 3B       		.uleb128 0x3b
 753 0099 05       		.uleb128 0x5
 754 009a 49       		.uleb128 0x49
 755 009b 13       		.uleb128 0x13
 756 009c 3F       		.uleb128 0x3f
 757 009d 19       		.uleb128 0x19
 758 009e 3C       		.uleb128 0x3c
 759 009f 19       		.uleb128 0x19
 760 00a0 00       		.byte	0
 761 00a1 00       		.byte	0
 762 00a2 0C       		.uleb128 0xc
 763 00a3 35       		.uleb128 0x35
 764 00a4 00       		.byte	0
 765 00a5 49       		.uleb128 0x49
 766 00a6 13       		.uleb128 0x13
 767 00a7 00       		.byte	0
 768 00a8 00       		.byte	0
 769 00a9 0D       		.uleb128 0xd
 770 00aa 01       		.uleb128 0x1
 771 00ab 01       		.byte	0x1
 772 00ac 49       		.uleb128 0x49
 773 00ad 13       		.uleb128 0x13
 774 00ae 01       		.uleb128 0x1
 775 00af 13       		.uleb128 0x13
 776 00b0 00       		.byte	0
 777 00b1 00       		.byte	0
 778 00b2 0E       		.uleb128 0xe
 779 00b3 21       		.uleb128 0x21
 780 00b4 00       		.byte	0
 781 00b5 49       		.uleb128 0x49
 782 00b6 13       		.uleb128 0x13
 783 00b7 2F       		.uleb128 0x2f
 784 00b8 0B       		.uleb128 0xb
ARM GAS  C:\Users\ujjjh\AppData\Local\Temp\ccNECSSE.s 			page 16


 785 00b9 00       		.byte	0
 786 00ba 00       		.byte	0
 787 00bb 0F       		.uleb128 0xf
 788 00bc 34       		.uleb128 0x34
 789 00bd 00       		.byte	0
 790 00be 03       		.uleb128 0x3
 791 00bf 0E       		.uleb128 0xe
 792 00c0 3A       		.uleb128 0x3a
 793 00c1 0B       		.uleb128 0xb
 794 00c2 3B       		.uleb128 0x3b
 795 00c3 0B       		.uleb128 0xb
 796 00c4 49       		.uleb128 0x49
 797 00c5 13       		.uleb128 0x13
 798 00c6 3F       		.uleb128 0x3f
 799 00c7 19       		.uleb128 0x19
 800 00c8 02       		.uleb128 0x2
 801 00c9 18       		.uleb128 0x18
 802 00ca 00       		.byte	0
 803 00cb 00       		.byte	0
 804 00cc 10       		.uleb128 0x10
 805 00cd 34       		.uleb128 0x34
 806 00ce 00       		.byte	0
 807 00cf 03       		.uleb128 0x3
 808 00d0 08       		.uleb128 0x8
 809 00d1 3A       		.uleb128 0x3a
 810 00d2 0B       		.uleb128 0xb
 811 00d3 3B       		.uleb128 0x3b
 812 00d4 0B       		.uleb128 0xb
 813 00d5 49       		.uleb128 0x49
 814 00d6 13       		.uleb128 0x13
 815 00d7 3F       		.uleb128 0x3f
 816 00d8 19       		.uleb128 0x19
 817 00d9 02       		.uleb128 0x2
 818 00da 18       		.uleb128 0x18
 819 00db 00       		.byte	0
 820 00dc 00       		.byte	0
 821 00dd 11       		.uleb128 0x11
 822 00de 2E       		.uleb128 0x2e
 823 00df 00       		.byte	0
 824 00e0 3F       		.uleb128 0x3f
 825 00e1 19       		.uleb128 0x19
 826 00e2 3C       		.uleb128 0x3c
 827 00e3 19       		.uleb128 0x19
 828 00e4 6E       		.uleb128 0x6e
 829 00e5 0E       		.uleb128 0xe
 830 00e6 03       		.uleb128 0x3
 831 00e7 0E       		.uleb128 0xe
 832 00e8 3A       		.uleb128 0x3a
 833 00e9 0B       		.uleb128 0xb
 834 00ea 3B       		.uleb128 0x3b
 835 00eb 0B       		.uleb128 0xb
 836 00ec 00       		.byte	0
 837 00ed 00       		.byte	0
 838 00ee 00       		.byte	0
 839              		.section	.debug_aranges,"",%progbits
 840 0000 1C000000 		.4byte	0x1c
 841 0004 0200     		.2byte	0x2
ARM GAS  C:\Users\ujjjh\AppData\Local\Temp\ccNECSSE.s 			page 17


 842 0006 00000000 		.4byte	.Ldebug_info0
 843 000a 04       		.byte	0x4
 844 000b 00       		.byte	0
 845 000c 0000     		.2byte	0
 846 000e 0000     		.2byte	0
 847 0010 00000000 		.4byte	.LFB64
 848 0014 D4000000 		.4byte	.LFE64-.LFB64
 849 0018 00000000 		.4byte	0
 850 001c 00000000 		.4byte	0
 851              		.section	.debug_ranges,"",%progbits
 852              	.Ldebug_ranges0:
 853 0000 00000000 		.4byte	.LFB64
 854 0004 D4000000 		.4byte	.LFE64
 855 0008 00000000 		.4byte	0
 856 000c 00000000 		.4byte	0
 857              		.section	.debug_line,"",%progbits
 858              	.Ldebug_line0:
 859 0000 45020000 		.section	.debug_str,"MS",%progbits,1
 859      02001402 
 859      00000201 
 859      FB0E0D00 
 859      01010101 
 860              	.LASF21:
 861 0000 5047415F 		.ascii	"PGA_1_Start\000"
 861      315F5374 
 861      61727400 
 862              	.LASF23:
 863 000c 55415254 		.ascii	"UART_1_Start\000"
 863      5F315F53 
 863      74617274 
 863      00
 864              	.LASF9:
 865 0019 5F5F696E 		.ascii	"__int32_t\000"
 865      7433325F 
 865      7400
 866              	.LASF3:
 867 0023 73686F72 		.ascii	"short unsigned int\000"
 867      7420756E 
 867      7369676E 
 867      65642069 
 867      6E7400
 868              	.LASF39:
 869 0036 553A5C44 		.ascii	"U:\\Documents\\PSoC Creator\\Luftdruckmessung\\Desi"
 869      6F63756D 
 869      656E7473 
 869      5C50536F 
 869      43204372 
 870 0065 676E3031 		.ascii	"gn01.cydsn\000"
 870      2E637964 
 870      736E00
 871              	.LASF32:
 872 0070 4C43445F 		.ascii	"LCD_1_PrintString\000"
 872      315F5072 
 872      696E7453 
 872      7472696E 
 872      6700
 873              	.LASF12:
ARM GAS  C:\Users\ujjjh\AppData\Local\Temp\ccNECSSE.s 			page 18


 874 0082 666C6F61 		.ascii	"float\000"
 874      7400
 875              	.LASF26:
 876 0088 4144435F 		.ascii	"ADC_SAR_1_IsEndConversion\000"
 876      5341525F 
 876      315F4973 
 876      456E6443 
 876      6F6E7665 
 877              	.LASF30:
 878 00a2 4C43445F 		.ascii	"LCD_1_WriteControl\000"
 878      315F5772 
 878      69746543 
 878      6F6E7472 
 878      6F6C00
 879              	.LASF37:
 880 00b5 474E5520 		.ascii	"GNU C11 5.4.1 20160609 (release) [ARM/embedded-5-br"
 880      43313120 
 880      352E342E 
 880      31203230 
 880      31363036 
 881 00e8 616E6368 		.ascii	"anch revision 237715] -mcpu=cortex-m3 -mthumb -g -O"
 881      20726576 
 881      6973696F 
 881      6E203233 
 881      37373135 
 882 011b 67202D66 		.ascii	"g -ffunction-sections -ffat-lto-objects\000"
 882      66756E63 
 882      74696F6E 
 882      2D736563 
 882      74696F6E 
 883              	.LASF33:
 884 0143 436C6F63 		.ascii	"Clock_1_Start\000"
 884      6B5F315F 
 884      53746172 
 884      7400
 885              	.LASF5:
 886 0151 6C6F6E67 		.ascii	"long unsigned int\000"
 886      20756E73 
 886      69676E65 
 886      6420696E 
 886      7400
 887              	.LASF24:
 888 0163 4144435F 		.ascii	"ADC_SAR_1_StartConvert\000"
 888      5341525F 
 888      315F5374 
 888      61727443 
 888      6F6E7665 
 889              	.LASF17:
 890 017a 49544D5F 		.ascii	"ITM_RxBuffer\000"
 890      52784275 
 890      66666572 
 890      00
 891              	.LASF1:
 892 0187 756E7369 		.ascii	"unsigned char\000"
 892      676E6564 
 892      20636861 
 892      7200
ARM GAS  C:\Users\ujjjh\AppData\Local\Temp\ccNECSSE.s 			page 19


 893              	.LASF13:
 894 0195 646F7562 		.ascii	"double\000"
 894      6C6500
 895              	.LASF20:
 896 019c 56444143 		.ascii	"VDAC_1_Start\000"
 896      5F315F53 
 896      74617274 
 896      00
 897              	.LASF40:
 898 01a9 6D61696E 		.ascii	"main\000"
 898      00
 899              	.LASF11:
 900 01ae 75696E74 		.ascii	"uint16\000"
 900      313600
 901              	.LASF35:
 902 01b5 4C43445F 		.ascii	"LCD_1_PrintU32Number\000"
 902      315F5072 
 902      696E7455 
 902      33324E75 
 902      6D626572 
 903              	.LASF8:
 904 01ca 756E7369 		.ascii	"unsigned int\000"
 904      676E6564 
 904      20696E74 
 904      00
 905              	.LASF7:
 906 01d7 6C6F6E67 		.ascii	"long long unsigned int\000"
 906      206C6F6E 
 906      6720756E 
 906      7369676E 
 906      65642069 
 907              	.LASF19:
 908 01ee 72657375 		.ascii	"result\000"
 908      6C7400
 909              	.LASF28:
 910 01f5 73707269 		.ascii	"sprintf\000"
 910      6E746600 
 911              	.LASF10:
 912 01fd 696E7433 		.ascii	"int32_t\000"
 912      325F7400 
 913              	.LASF16:
 914 0205 73697A65 		.ascii	"sizetype\000"
 914      74797065 
 914      00
 915              	.LASF27:
 916 020e 4144435F 		.ascii	"ADC_SAR_1_GetResult16\000"
 916      5341525F 
 916      315F4765 
 916      74526573 
 916      756C7431 
 917              	.LASF6:
 918 0224 6C6F6E67 		.ascii	"long long int\000"
 918      206C6F6E 
 918      6720696E 
 918      7400
 919              	.LASF38:
 920 0232 6D61696E 		.ascii	"main.c\000"
ARM GAS  C:\Users\ujjjh\AppData\Local\Temp\ccNECSSE.s 			page 20


 920      2E6300
 921              	.LASF14:
 922 0239 63686172 		.ascii	"char\000"
 922      00
 923              	.LASF34:
 924 023e 436C6F63 		.ascii	"Clock_1_Stop\000"
 924      6B5F315F 
 924      53746F70 
 924      00
 925              	.LASF2:
 926 024b 73686F72 		.ascii	"short int\000"
 926      7420696E 
 926      7400
 927              	.LASF18:
 928 0255 62756666 		.ascii	"buffer\000"
 928      657200
 929              	.LASF4:
 930 025c 6C6F6E67 		.ascii	"long int\000"
 930      20696E74 
 930      00
 931              	.LASF15:
 932 0265 6C6F6E67 		.ascii	"long double\000"
 932      20646F75 
 932      626C6500 
 933              	.LASF0:
 934 0271 7369676E 		.ascii	"signed char\000"
 934      65642063 
 934      68617200 
 935              	.LASF22:
 936 027d 4144435F 		.ascii	"ADC_SAR_1_Start\000"
 936      5341525F 
 936      315F5374 
 936      61727400 
 937              	.LASF29:
 938 028d 55415254 		.ascii	"UART_1_PutString\000"
 938      5F315F50 
 938      75745374 
 938      72696E67 
 938      00
 939              	.LASF25:
 940 029e 4C43445F 		.ascii	"LCD_1_Start\000"
 940      315F5374 
 940      61727400 
 941              	.LASF36:
 942 02aa 43794465 		.ascii	"CyDelay\000"
 942      6C617900 
 943              	.LASF31:
 944 02b2 4C43445F 		.ascii	"LCD_1_Position\000"
 944      315F506F 
 944      73697469 
 944      6F6E00
 945              		.ident	"GCC: (GNU Tools for ARM Embedded Processors) 5.4.1 20160609 (release) [ARM/embedded-5-bran
