ARM GAS  C:\Users\ujjjh\AppData\Local\Temp\ccddz74e.s 			page 1


   1              		.syntax unified
   2              		.cpu cortex-m3
   3              		.fpu softvfp
   4              		.eabi_attribute 20, 1
   5              		.eabi_attribute 21, 1
   6              		.eabi_attribute 23, 3
   7              		.eabi_attribute 24, 1
   8              		.eabi_attribute 25, 1
   9              		.eabi_attribute 26, 1
  10              		.eabi_attribute 30, 1
  11              		.eabi_attribute 34, 1
  12              		.eabi_attribute 18, 4
  13              		.thumb
  14              		.syntax unified
  15              		.file	"cymetadata.c"
  16              		.text
  17              	.Ltext0:
  18              		.cfi_sections	.debug_frame
  19              		.global	cy_metadata
  20              		.global	cy_meta_flashprotect
  21              		.global	cy_meta_wonvl
  22              		.global	cy_meta_custnvl
  23              		.global	cy_meta_configecc
  24              		.section	.cyconfigecc,"a",%progbits
  25              		.align	2
  26              		.type	cy_meta_configecc, %object
  27              		.size	cy_meta_configecc, 1044
  28              	cy_meta_configecc:
  29 0000 04       		.byte	4
  30 0001 52       		.byte	82
  31 0002 00       		.byte	0
  32 0003 40       		.byte	64
  33 0004 02       		.byte	2
  34 0005 64       		.byte	100
  35 0006 00       		.byte	0
  36 0007 40       		.byte	64
  37 0008 01       		.byte	1
  38 0009 65       		.byte	101
  39 000a 00       		.byte	0
  40 000b 40       		.byte	64
  41 000c 4B       		.byte	75
  42 000d 02       		.byte	2
  43 000e 01       		.byte	1
  44 000f 40       		.byte	64
  45 0010 2D       		.byte	45
  46 0011 03       		.byte	3
  47 0012 01       		.byte	1
  48 0013 40       		.byte	64
  49 0014 4A       		.byte	74
  50 0015 04       		.byte	4
  51 0016 01       		.byte	1
  52 0017 40       		.byte	64
  53 0018 27       		.byte	39
  54 0019 05       		.byte	5
  55 001a 01       		.byte	1
  56 001b 40       		.byte	64
  57 001c 02       		.byte	2
ARM GAS  C:\Users\ujjjh\AppData\Local\Temp\ccddz74e.s 			page 2


  58 001d 07       		.byte	7
  59 001e 01       		.byte	1
  60 001f 40       		.byte	64
  61 0020 01       		.byte	1
  62 0021 0D       		.byte	13
  63 0022 01       		.byte	1
  64 0023 40       		.byte	64
  65 0024 04       		.byte	4
  66 0025 14       		.byte	20
  67 0026 01       		.byte	1
  68 0027 40       		.byte	64
  69 0028 02       		.byte	2
  70 0029 15       		.byte	21
  71 002a 01       		.byte	1
  72 002b 40       		.byte	64
  73 002c 02       		.byte	2
  74 002d 17       		.byte	23
  75 002e 01       		.byte	1
  76 002f 40       		.byte	64
  77 0030 62       		.byte	98
  78 0031 18       		.byte	24
  79 0032 01       		.byte	1
  80 0033 40       		.byte	64
  81 0034 37       		.byte	55
  82 0035 19       		.byte	25
  83 0036 01       		.byte	1
  84 0037 40       		.byte	64
  85 0038 01       		.byte	1
  86 0039 1B       		.byte	27
  87 003a 01       		.byte	1
  88 003b 40       		.byte	64
  89 003c 04       		.byte	4
  90 003d 40       		.byte	64
  91 003e 01       		.byte	1
  92 003f 40       		.byte	64
  93 0040 08       		.byte	8
  94 0041 41       		.byte	65
  95 0042 01       		.byte	1
  96 0043 40       		.byte	64
  97 0044 04       		.byte	4
  98 0045 42       		.byte	66
  99 0046 01       		.byte	1
 100 0047 40       		.byte	64
 101 0048 01       		.byte	1
 102 0049 43       		.byte	67
 103 004a 01       		.byte	1
 104 004b 40       		.byte	64
 105 004c 02       		.byte	2
 106 004d 44       		.byte	68
 107 004e 01       		.byte	1
 108 004f 40       		.byte	64
 109 0050 02       		.byte	2
 110 0051 45       		.byte	69
 111 0052 01       		.byte	1
 112 0053 40       		.byte	64
 113 0054 02       		.byte	2
 114 0055 47       		.byte	71
ARM GAS  C:\Users\ujjjh\AppData\Local\Temp\ccddz74e.s 			page 3


 115 0056 01       		.byte	1
 116 0057 40       		.byte	64
 117 0058 01       		.byte	1
 118 0059 48       		.byte	72
 119 005a 01       		.byte	1
 120 005b 40       		.byte	64
 121 005c 03       		.byte	3
 122 005d 49       		.byte	73
 123 005e 01       		.byte	1
 124 005f 40       		.byte	64
 125 0060 04       		.byte	4
 126 0061 4C       		.byte	76
 127 0062 01       		.byte	1
 128 0063 40       		.byte	64
 129 0064 02       		.byte	2
 130 0065 4D       		.byte	77
 131 0066 01       		.byte	1
 132 0067 40       		.byte	64
 133 0068 05       		.byte	5
 134 0069 50       		.byte	80
 135 006a 01       		.byte	1
 136 006b 40       		.byte	64
 137 006c 01       		.byte	1
 138 006d 51       		.byte	81
 139 006e 01       		.byte	1
 140 006f 40       		.byte	64
 141 0070 01       		.byte	1
 142 0071 02       		.byte	2
 143 0072 08       		.byte	8
 144 0073 04       		.byte	4
 145 0074 19       		.byte	25
 146 0075 10       		.byte	16
 147 0076 21       		.byte	33
 148 0077 04       		.byte	4
 149 0078 83       		.byte	-125
 150 0079 67       		.byte	103
 151 007a 85       		.byte	-123
 152 007b 0F       		.byte	15
 153 007c 88       		.byte	-120
 154 007d 0F       		.byte	15
 155 007e 02       		.byte	2
 156 007f 01       		.byte	1
 157 0080 11       		.byte	17
 158 0081 03       		.byte	3
 159 0082 17       		.byte	23
 160 0083 05       		.byte	5
 161 0084 20       		.byte	32
 162 0085 01       		.byte	1
 163 0086 26       		.byte	38
 164 0087 01       		.byte	1
 165 0088 2F       		.byte	47
 166 0089 02       		.byte	2
 167 008a 35       		.byte	53
 168 008b 03       		.byte	3
 169 008c 36       		.byte	54
 170 008d 01       		.byte	1
 171 008e 37       		.byte	55
ARM GAS  C:\Users\ujjjh\AppData\Local\Temp\ccddz74e.s 			page 4


 172 008f 04       		.byte	4
 173 0090 3E       		.byte	62
 174 0091 40       		.byte	64
 175 0092 40       		.byte	64
 176 0093 14       		.byte	20
 177 0094 41       		.byte	65
 178 0095 06       		.byte	6
 179 0096 49       		.byte	73
 180 0097 FF       		.byte	-1
 181 0098 4A       		.byte	74
 182 0099 FF       		.byte	-1
 183 009a 4B       		.byte	75
 184 009b FF       		.byte	-1
 185 009c 4D       		.byte	77
 186 009d A0       		.byte	-96
 187 009e 4F       		.byte	79
 188 009f 01       		.byte	1
 189 00a0 50       		.byte	80
 190 00a1 18       		.byte	24
 191 00a2 58       		.byte	88
 192 00a3 04       		.byte	4
 193 00a4 59       		.byte	89
 194 00a5 04       		.byte	4
 195 00a6 5A       		.byte	90
 196 00a7 04       		.byte	4
 197 00a8 5F       		.byte	95
 198 00a9 01       		.byte	1
 199 00aa 60       		.byte	96
 200 00ab 40       		.byte	64
 201 00ac 62       		.byte	98
 202 00ad 80       		.byte	-128
 203 00ae 64       		.byte	100
 204 00af 40       		.byte	64
 205 00b0 65       		.byte	101
 206 00b1 40       		.byte	64
 207 00b2 66       		.byte	102
 208 00b3 80       		.byte	-128
 209 00b4 68       		.byte	104
 210 00b5 40       		.byte	64
 211 00b6 6A       		.byte	106
 212 00b7 50       		.byte	80
 213 00b8 6B       		.byte	107
 214 00b9 A8       		.byte	-88
 215 00ba 6C       		.byte	108
 216 00bb 40       		.byte	64
 217 00bc 6D       		.byte	109
 218 00bd 20       		.byte	32
 219 00be 6E       		.byte	110
 220 00bf 50       		.byte	80
 221 00c0 6F       		.byte	111
 222 00c1 A8       		.byte	-88
 223 00c2 82       		.byte	-126
 224 00c3 02       		.byte	2
 225 00c4 84       		.byte	-124
 226 00c5 02       		.byte	2
 227 00c6 8C       		.byte	-116
 228 00c7 01       		.byte	1
ARM GAS  C:\Users\ujjjh\AppData\Local\Temp\ccddz74e.s 			page 5


 229 00c8 8F       		.byte	-113
 230 00c9 01       		.byte	1
 231 00ca A6       		.byte	-90
 232 00cb 05       		.byte	5
 233 00cc B0       		.byte	-80
 234 00cd 04       		.byte	4
 235 00ce B4       		.byte	-76
 236 00cf 02       		.byte	2
 237 00d0 B5       		.byte	-75
 238 00d1 01       		.byte	1
 239 00d2 B6       		.byte	-74
 240 00d3 01       		.byte	1
 241 00d4 BE       		.byte	-66
 242 00d5 50       		.byte	80
 243 00d6 C0       		.byte	-64
 244 00d7 15       		.byte	21
 245 00d8 C1       		.byte	-63
 246 00d9 06       		.byte	6
 247 00da C5       		.byte	-59
 248 00db 25       		.byte	37
 249 00dc C6       		.byte	-58
 250 00dd C0       		.byte	-64
 251 00de C7       		.byte	-57
 252 00df 0E       		.byte	14
 253 00e0 C8       		.byte	-56
 254 00e1 1F       		.byte	31
 255 00e2 C9       		.byte	-55
 256 00e3 FF       		.byte	-1
 257 00e4 CA       		.byte	-54
 258 00e5 FF       		.byte	-1
 259 00e6 CB       		.byte	-53
 260 00e7 FF       		.byte	-1
 261 00e8 CD       		.byte	-51
 262 00e9 AF       		.byte	-81
 263 00ea CE       		.byte	-50
 264 00eb 07       		.byte	7
 265 00ec CF       		.byte	-49
 266 00ed 01       		.byte	1
 267 00ee D0       		.byte	-48
 268 00ef 18       		.byte	24
 269 00f0 D4       		.byte	-44
 270 00f1 07       		.byte	7
 271 00f2 D8       		.byte	-40
 272 00f3 04       		.byte	4
 273 00f4 D9       		.byte	-39
 274 00f5 04       		.byte	4
 275 00f6 DA       		.byte	-38
 276 00f7 04       		.byte	4
 277 00f8 DB       		.byte	-37
 278 00f9 04       		.byte	4
 279 00fa DF       		.byte	-33
 280 00fb 01       		.byte	1
 281 00fc E0       		.byte	-32
 282 00fd 40       		.byte	64
 283 00fe E2       		.byte	-30
 284 00ff 80       		.byte	-128
 285 0100 E4       		.byte	-28
ARM GAS  C:\Users\ujjjh\AppData\Local\Temp\ccddz74e.s 			page 6


 286 0101 40       		.byte	64
 287 0102 E5       		.byte	-27
 288 0103 40       		.byte	64
 289 0104 E6       		.byte	-26
 290 0105 80       		.byte	-128
 291 0106 E8       		.byte	-24
 292 0107 40       		.byte	64
 293 0108 EA       		.byte	-22
 294 0109 50       		.byte	80
 295 010a EB       		.byte	-21
 296 010b A8       		.byte	-88
 297 010c EC       		.byte	-20
 298 010d 40       		.byte	64
 299 010e ED       		.byte	-19
 300 010f 20       		.byte	32
 301 0110 EE       		.byte	-18
 302 0111 50       		.byte	80
 303 0112 EF       		.byte	-17
 304 0113 A8       		.byte	-88
 305 0114 00       		.byte	0
 306 0115 44       		.byte	68
 307 0116 02       		.byte	2
 308 0117 40       		.byte	64
 309 0118 07       		.byte	7
 310 0119 40       		.byte	64
 311 011a 10       		.byte	16
 312 011b 20       		.byte	32
 313 011c 17       		.byte	23
 314 011d 0A       		.byte	10
 315 011e 18       		.byte	24
 316 011f 40       		.byte	64
 317 0120 19       		.byte	25
 318 0121 40       		.byte	64
 319 0122 1A       		.byte	26
 320 0123 04       		.byte	4
 321 0124 1D       		.byte	29
 322 0125 80       		.byte	-128
 323 0126 20       		.byte	32
 324 0127 04       		.byte	4
 325 0128 27       		.byte	39
 326 0129 0A       		.byte	10
 327 012a 2D       		.byte	45
 328 012b 40       		.byte	64
 329 012c 36       		.byte	54
 330 012d 01       		.byte	1
 331 012e 37       		.byte	55
 332 012f 08       		.byte	8
 333 0130 3A       		.byte	58
 334 0131 40       		.byte	64
 335 0132 41       		.byte	65
 336 0133 80       		.byte	-128
 337 0134 45       		.byte	69
 338 0135 80       		.byte	-128
 339 0136 46       		.byte	70
 340 0137 40       		.byte	64
 341 0138 48       		.byte	72
 342 0139 20       		.byte	32
ARM GAS  C:\Users\ujjjh\AppData\Local\Temp\ccddz74e.s 			page 7


 343 013a 4A       		.byte	74
 344 013b 40       		.byte	64
 345 013c 4B       		.byte	75
 346 013d 90       		.byte	-112
 347 013e 4F       		.byte	79
 348 013f 10       		.byte	16
 349 0140 51       		.byte	81
 350 0141 08       		.byte	8
 351 0142 52       		.byte	82
 352 0143 50       		.byte	80
 353 0144 53       		.byte	83
 354 0145 40       		.byte	64
 355 0146 59       		.byte	89
 356 0147 60       		.byte	96
 357 0148 5A       		.byte	90
 358 0149 04       		.byte	4
 359 014a 61       		.byte	97
 360 014b 08       		.byte	8
 361 014c 62       		.byte	98
 362 014d 10       		.byte	16
 363 014e 83       		.byte	-125
 364 014f 08       		.byte	8
 365 0150 85       		.byte	-123
 366 0151 20       		.byte	32
 367 0152 86       		.byte	-122
 368 0153 40       		.byte	64
 369 0154 8F       		.byte	-113
 370 0155 40       		.byte	64
 371 0156 A2       		.byte	-94
 372 0157 01       		.byte	1
 373 0158 B6       		.byte	-74
 374 0159 01       		.byte	1
 375 015a C0       		.byte	-64
 376 015b 1D       		.byte	29
 377 015c C4       		.byte	-60
 378 015d 34       		.byte	52
 379 015e CA       		.byte	-54
 380 015f 10       		.byte	16
 381 0160 CC       		.byte	-52
 382 0161 C0       		.byte	-64
 383 0162 CE       		.byte	-50
 384 0163 08       		.byte	8
 385 0164 D0       		.byte	-48
 386 0165 98       		.byte	-104
 387 0166 D2       		.byte	-46
 388 0167 2C       		.byte	44
 389 0168 D6       		.byte	-42
 390 0169 0E       		.byte	14
 391 016a D8       		.byte	-40
 392 016b 06       		.byte	6
 393 016c E2       		.byte	-30
 394 016d 10       		.byte	16
 395 016e 2E       		.byte	46
 396 016f 01       		.byte	1
 397 0170 32       		.byte	50
 398 0171 01       		.byte	1
 399 0172 40       		.byte	64
ARM GAS  C:\Users\ujjjh\AppData\Local\Temp\ccddz74e.s 			page 8


 400 0173 30       		.byte	48
 401 0174 41       		.byte	65
 402 0175 02       		.byte	2
 403 0176 49       		.byte	73
 404 0177 FF       		.byte	-1
 405 0178 4A       		.byte	74
 406 0179 FF       		.byte	-1
 407 017a 4B       		.byte	75
 408 017b FF       		.byte	-1
 409 017c 4D       		.byte	77
 410 017d A0       		.byte	-96
 411 017e 4F       		.byte	79
 412 017f 04       		.byte	4
 413 0180 50       		.byte	80
 414 0181 18       		.byte	24
 415 0182 52       		.byte	82
 416 0183 80       		.byte	-128
 417 0184 58       		.byte	88
 418 0185 04       		.byte	4
 419 0186 5A       		.byte	90
 420 0187 04       		.byte	4
 421 0188 5B       		.byte	91
 422 0189 04       		.byte	4
 423 018a 5C       		.byte	92
 424 018b 01       		.byte	1
 425 018c 5D       		.byte	93
 426 018d 11       		.byte	17
 427 018e 5F       		.byte	95
 428 018f 01       		.byte	1
 429 0190 60       		.byte	96
 430 0191 40       		.byte	64
 431 0192 62       		.byte	98
 432 0193 C0       		.byte	-64
 433 0194 64       		.byte	100
 434 0195 40       		.byte	64
 435 0196 65       		.byte	101
 436 0197 40       		.byte	64
 437 0198 66       		.byte	102
 438 0199 C0       		.byte	-64
 439 019a 68       		.byte	104
 440 019b C0       		.byte	-64
 441 019c 6A       		.byte	106
 442 019d C0       		.byte	-64
 443 019e 6C       		.byte	108
 444 019f C0       		.byte	-64
 445 01a0 6E       		.byte	110
 446 01a1 C0       		.byte	-64
 447 01a2 81       		.byte	-127
 448 01a3 0D       		.byte	13
 449 01a4 88       		.byte	-120
 450 01a5 01       		.byte	1
 451 01a6 8A       		.byte	-118
 452 01a7 04       		.byte	4
 453 01a8 8B       		.byte	-117
 454 01a9 02       		.byte	2
 455 01aa 91       		.byte	-111
 456 01ab 01       		.byte	1
ARM GAS  C:\Users\ujjjh\AppData\Local\Temp\ccddz74e.s 			page 9


 457 01ac 94       		.byte	-108
 458 01ad 06       		.byte	6
 459 01ae A0       		.byte	-96
 460 01af 01       		.byte	1
 461 01b0 A2       		.byte	-94
 462 01b1 02       		.byte	2
 463 01b2 AB       		.byte	-85
 464 01b3 0A       		.byte	10
 465 01b4 B0       		.byte	-80
 466 01b5 06       		.byte	6
 467 01b6 B1       		.byte	-79
 468 01b7 08       		.byte	8
 469 01b8 B2       		.byte	-78
 470 01b9 01       		.byte	1
 471 01ba B3       		.byte	-77
 472 01bb 01       		.byte	1
 473 01bc B5       		.byte	-75
 474 01bd 02       		.byte	2
 475 01be B7       		.byte	-73
 476 01bf 04       		.byte	4
 477 01c0 B8       		.byte	-72
 478 01c1 08       		.byte	8
 479 01c2 BF       		.byte	-65
 480 01c3 10       		.byte	16
 481 01c4 C0       		.byte	-64
 482 01c5 30       		.byte	48
 483 01c6 C1       		.byte	-63
 484 01c7 02       		.byte	2
 485 01c8 C5       		.byte	-59
 486 01c9 D0       		.byte	-48
 487 01ca C6       		.byte	-58
 488 01cb 20       		.byte	32
 489 01cc C7       		.byte	-57
 490 01cd 51       		.byte	81
 491 01ce C8       		.byte	-56
 492 01cf 3E       		.byte	62
 493 01d0 C9       		.byte	-55
 494 01d1 FF       		.byte	-1
 495 01d2 CA       		.byte	-54
 496 01d3 FF       		.byte	-1
 497 01d4 CB       		.byte	-53
 498 01d5 FF       		.byte	-1
 499 01d6 CD       		.byte	-51
 500 01d7 AF       		.byte	-81
 501 01d8 CE       		.byte	-50
 502 01d9 0F       		.byte	15
 503 01da CF       		.byte	-49
 504 01db 04       		.byte	4
 505 01dc D0       		.byte	-48
 506 01dd 18       		.byte	24
 507 01de D4       		.byte	-44
 508 01df 07       		.byte	7
 509 01e0 D6       		.byte	-42
 510 01e1 04       		.byte	4
 511 01e2 D8       		.byte	-40
 512 01e3 04       		.byte	4
 513 01e4 D9       		.byte	-39
ARM GAS  C:\Users\ujjjh\AppData\Local\Temp\ccddz74e.s 			page 10


 514 01e5 04       		.byte	4
 515 01e6 DA       		.byte	-38
 516 01e7 04       		.byte	4
 517 01e8 DB       		.byte	-37
 518 01e9 04       		.byte	4
 519 01ea DC       		.byte	-36
 520 01eb 11       		.byte	17
 521 01ec DD       		.byte	-35
 522 01ed 11       		.byte	17
 523 01ee DF       		.byte	-33
 524 01ef 01       		.byte	1
 525 01f0 E0       		.byte	-32
 526 01f1 40       		.byte	64
 527 01f2 E2       		.byte	-30
 528 01f3 C0       		.byte	-64
 529 01f4 E4       		.byte	-28
 530 01f5 40       		.byte	64
 531 01f6 E5       		.byte	-27
 532 01f7 40       		.byte	64
 533 01f8 E6       		.byte	-26
 534 01f9 C0       		.byte	-64
 535 01fa E8       		.byte	-24
 536 01fb C0       		.byte	-64
 537 01fc EA       		.byte	-22
 538 01fd C0       		.byte	-64
 539 01fe EC       		.byte	-20
 540 01ff C0       		.byte	-64
 541 0200 EE       		.byte	-18
 542 0201 C0       		.byte	-64
 543 0202 06       		.byte	6
 544 0203 04       		.byte	4
 545 0204 0D       		.byte	13
 546 0205 08       		.byte	8
 547 0206 10       		.byte	16
 548 0207 02       		.byte	2
 549 0208 16       		.byte	22
 550 0209 40       		.byte	64
 551 020a 18       		.byte	24
 552 020b 10       		.byte	16
 553 020c 1B       		.byte	27
 554 020d 08       		.byte	8
 555 020e 1C       		.byte	28
 556 020f 40       		.byte	64
 557 0210 1D       		.byte	29
 558 0211 08       		.byte	8
 559 0212 27       		.byte	39
 560 0213 6A       		.byte	106
 561 0214 2E       		.byte	46
 562 0215 20       		.byte	32
 563 0216 2F       		.byte	47
 564 0217 08       		.byte	8
 565 0218 37       		.byte	55
 566 0219 02       		.byte	2
 567 021a 3D       		.byte	61
 568 021b 20       		.byte	32
 569 021c 3F       		.byte	63
 570 021d 02       		.byte	2
ARM GAS  C:\Users\ujjjh\AppData\Local\Temp\ccddz74e.s 			page 11


 571 021e 40       		.byte	64
 572 021f 10       		.byte	16
 573 0220 41       		.byte	65
 574 0221 20       		.byte	32
 575 0222 45       		.byte	69
 576 0223 20       		.byte	32
 577 0224 46       		.byte	70
 578 0225 20       		.byte	32
 579 0226 4F       		.byte	79
 580 0227 01       		.byte	1
 581 0228 55       		.byte	85
 582 0229 30       		.byte	48
 583 022a 56       		.byte	86
 584 022b 44       		.byte	68
 585 022c 57       		.byte	87
 586 022d 01       		.byte	1
 587 022e 5C       		.byte	92
 588 022f 40       		.byte	64
 589 0230 5F       		.byte	95
 590 0231 29       		.byte	41
 591 0232 65       		.byte	101
 592 0233 02       		.byte	2
 593 0234 70       		.byte	112
 594 0235 02       		.byte	2
 595 0236 85       		.byte	-123
 596 0237 02       		.byte	2
 597 0238 95       		.byte	-107
 598 0239 40       		.byte	64
 599 023a 97       		.byte	-105
 600 023b 10       		.byte	16
 601 023c 9F       		.byte	-97
 602 023d 40       		.byte	64
 603 023e C0       		.byte	-64
 604 023f 40       		.byte	64
 605 0240 C2       		.byte	-62
 606 0241 20       		.byte	32
 607 0242 C4       		.byte	-60
 608 0243 11       		.byte	17
 609 0244 CA       		.byte	-54
 610 0245 20       		.byte	32
 611 0246 CC       		.byte	-52
 612 0247 80       		.byte	-128
 613 0248 CE       		.byte	-50
 614 0249 A0       		.byte	-96
 615 024a D0       		.byte	-48
 616 024b 66       		.byte	102
 617 024c D6       		.byte	-42
 618 024d F0       		.byte	-16
 619 024e D8       		.byte	-40
 620 024f 80       		.byte	-128
 621 0250 95       		.byte	-107
 622 0251 40       		.byte	64
 623 0252 97       		.byte	-105
 624 0253 10       		.byte	16
 625 0254 EA       		.byte	-22
 626 0255 10       		.byte	16
 627 0256 39       		.byte	57
ARM GAS  C:\Users\ujjjh\AppData\Local\Temp\ccddz74e.s 			page 12


 628 0257 08       		.byte	8
 629 0258 3F       		.byte	63
 630 0259 04       		.byte	4
 631 025a 59       		.byte	89
 632 025b 04       		.byte	4
 633 025c 5F       		.byte	95
 634 025d 01       		.byte	1
 635 025e 23       		.byte	35
 636 025f 10       		.byte	16
 637 0260 97       		.byte	-105
 638 0261 10       		.byte	16
 639 0262 97       		.byte	-105
 640 0263 10       		.byte	16
 641 0264 B5       		.byte	-75
 642 0265 40       		.byte	64
 643 0266 02       		.byte	2
 644 0267 03       		.byte	3
 645 0268 04       		.byte	4
 646 0269 10       		.byte	16
 647 026a 08       		.byte	8
 648 026b 14       		.byte	20
 649 026c 0B       		.byte	11
 650 026d 48       		.byte	72
 651 026e 0C       		.byte	12
 652 026f 4C       		.byte	76
 653 0270 0D       		.byte	13
 654 0271 03       		.byte	3
 655 0272 0E       		.byte	14
 656 0273 11       		.byte	17
 657 0274 0F       		.byte	15
 658 0275 84       		.byte	-124
 659 0276 11       		.byte	17
 660 0277 83       		.byte	-125
 661 0278 13       		.byte	19
 662 0279 64       		.byte	100
 663 027a 14       		.byte	20
 664 027b 09       		.byte	9
 665 027c 16       		.byte	22
 666 027d 10       		.byte	16
 667 027e 19       		.byte	25
 668 027f 83       		.byte	-125
 669 0280 1B       		.byte	27
 670 0281 2C       		.byte	44
 671 0282 1C       		.byte	28
 672 0283 1C       		.byte	28
 673 0284 1E       		.byte	30
 674 0285 42       		.byte	66
 675 0286 20       		.byte	32
 676 0287 20       		.byte	32
 677 0288 21       		.byte	33
 678 0289 10       		.byte	16
 679 028a 24       		.byte	36
 680 028b 80       		.byte	-128
 681 028c 27       		.byte	39
 682 028d A5       		.byte	-91
 683 028e 28       		.byte	40
 684 028f 50       		.byte	80
ARM GAS  C:\Users\ujjjh\AppData\Local\Temp\ccddz74e.s 			page 13


 685 0290 2A       		.byte	42
 686 0291 0C       		.byte	12
 687 0292 2B       		.byte	43
 688 0293 40       		.byte	64
 689 0294 2D       		.byte	45
 690 0295 4A       		.byte	74
 691 0296 2F       		.byte	47
 692 0297 A4       		.byte	-92
 693 0298 30       		.byte	48
 694 0299 1F       		.byte	31
 695 029a 31       		.byte	49
 696 029b 80       		.byte	-128
 697 029c 32       		.byte	50
 698 029d C0       		.byte	-64
 699 029e 33       		.byte	51
 700 029f 0F       		.byte	15
 701 02a0 34       		.byte	52
 702 02a1 20       		.byte	32
 703 02a2 35       		.byte	53
 704 02a3 10       		.byte	16
 705 02a4 37       		.byte	55
 706 02a5 68       		.byte	104
 707 02a6 38       		.byte	56
 708 02a7 08       		.byte	8
 709 02a8 3B       		.byte	59
 710 02a9 88       		.byte	-120
 711 02aa 3E       		.byte	62
 712 02ab 10       		.byte	16
 713 02ac 3F       		.byte	63
 714 02ad 11       		.byte	17
 715 02ae 40       		.byte	64
 716 02af 23       		.byte	35
 717 02b0 41       		.byte	65
 718 02b1 04       		.byte	4
 719 02b2 45       		.byte	69
 720 02b3 E0       		.byte	-32
 721 02b4 46       		.byte	70
 722 02b5 CC       		.byte	-52
 723 02b6 47       		.byte	71
 724 02b7 0B       		.byte	11
 725 02b8 48       		.byte	72
 726 02b9 1E       		.byte	30
 727 02ba 49       		.byte	73
 728 02bb FF       		.byte	-1
 729 02bc 4A       		.byte	74
 730 02bd FF       		.byte	-1
 731 02be 4B       		.byte	75
 732 02bf FF       		.byte	-1
 733 02c0 4E       		.byte	78
 734 02c1 F0       		.byte	-16
 735 02c2 4F       		.byte	79
 736 02c3 44       		.byte	68
 737 02c4 50       		.byte	80
 738 02c5 0C       		.byte	12
 739 02c6 54       		.byte	84
 740 02c7 01       		.byte	1
 741 02c8 58       		.byte	88
ARM GAS  C:\Users\ujjjh\AppData\Local\Temp\ccddz74e.s 			page 14


 742 02c9 04       		.byte	4
 743 02ca 59       		.byte	89
 744 02cb 04       		.byte	4
 745 02cc 5A       		.byte	90
 746 02cd 04       		.byte	4
 747 02ce 5B       		.byte	91
 748 02cf 04       		.byte	4
 749 02d0 5C       		.byte	92
 750 02d1 22       		.byte	34
 751 02d2 5D       		.byte	93
 752 02d3 22       		.byte	34
 753 02d4 5F       		.byte	95
 754 02d5 01       		.byte	1
 755 02d6 66       		.byte	102
 756 02d7 C0       		.byte	-64
 757 02d8 6A       		.byte	106
 758 02d9 40       		.byte	64
 759 02da 6B       		.byte	107
 760 02db 02       		.byte	2
 761 02dc 88       		.byte	-120
 762 02dd 0C       		.byte	12
 763 02de 8A       		.byte	-118
 764 02df 03       		.byte	3
 765 02e0 8C       		.byte	-116
 766 02e1 01       		.byte	1
 767 02e2 8E       		.byte	-114
 768 02e3 0E       		.byte	14
 769 02e4 91       		.byte	-111
 770 02e5 03       		.byte	3
 771 02e6 95       		.byte	-107
 772 02e7 03       		.byte	3
 773 02e8 96       		.byte	-106
 774 02e9 0C       		.byte	12
 775 02ea 9A       		.byte	-102
 776 02eb 08       		.byte	8
 777 02ec 9B       		.byte	-101
 778 02ed 01       		.byte	1
 779 02ee A5       		.byte	-91
 780 02ef 02       		.byte	2
 781 02f0 A6       		.byte	-90
 782 02f1 03       		.byte	3
 783 02f2 A8       		.byte	-88
 784 02f3 01       		.byte	1
 785 02f4 AA       		.byte	-86
 786 02f5 06       		.byte	6
 787 02f6 B2       		.byte	-78
 788 02f7 0F       		.byte	15
 789 02f8 B6       		.byte	-74
 790 02f9 0F       		.byte	15
 791 02fa B7       		.byte	-73
 792 02fb 03       		.byte	3
 793 02fc B9       		.byte	-71
 794 02fd 80       		.byte	-128
 795 02fe BA       		.byte	-70
 796 02ff 88       		.byte	-120
 797 0300 BF       		.byte	-65
 798 0301 40       		.byte	64
ARM GAS  C:\Users\ujjjh\AppData\Local\Temp\ccddz74e.s 			page 15


 799 0302 C0       		.byte	-64
 800 0303 01       		.byte	1
 801 0304 C7       		.byte	-57
 802 0305 04       		.byte	4
 803 0306 C9       		.byte	-55
 804 0307 FF       		.byte	-1
 805 0308 CA       		.byte	-54
 806 0309 07       		.byte	7
 807 030a CB       		.byte	-53
 808 030b FF       		.byte	-1
 809 030c CC       		.byte	-52
 810 030d 40       		.byte	64
 811 030e CD       		.byte	-51
 812 030f 20       		.byte	32
 813 0310 CE       		.byte	-50
 814 0311 F0       		.byte	-16
 815 0312 CF       		.byte	-49
 816 0313 05       		.byte	5
 817 0314 D0       		.byte	-48
 818 0315 08       		.byte	8
 819 0316 D8       		.byte	-40
 820 0317 04       		.byte	4
 821 0318 D9       		.byte	-39
 822 0319 04       		.byte	4
 823 031a DA       		.byte	-38
 824 031b 04       		.byte	4
 825 031c DC       		.byte	-36
 826 031d 02       		.byte	2
 827 031e DD       		.byte	-35
 828 031f 02       		.byte	2
 829 0320 DF       		.byte	-33
 830 0321 01       		.byte	1
 831 0322 E0       		.byte	-32
 832 0323 40       		.byte	64
 833 0324 E1       		.byte	-31
 834 0325 A8       		.byte	-88
 835 0326 E2       		.byte	-30
 836 0327 40       		.byte	64
 837 0328 E3       		.byte	-29
 838 0329 20       		.byte	32
 839 032a 00       		.byte	0
 840 032b 10       		.byte	16
 841 032c 03       		.byte	3
 842 032d 01       		.byte	1
 843 032e 04       		.byte	4
 844 032f 08       		.byte	8
 845 0330 05       		.byte	5
 846 0331 03       		.byte	3
 847 0332 06       		.byte	6
 848 0333 04       		.byte	4
 849 0334 07       		.byte	7
 850 0335 01       		.byte	1
 851 0336 0A       		.byte	10
 852 0337 10       		.byte	16
 853 0338 0B       		.byte	11
 854 0339 08       		.byte	8
 855 033a 0E       		.byte	14
ARM GAS  C:\Users\ujjjh\AppData\Local\Temp\ccddz74e.s 			page 16


 856 033b 11       		.byte	17
 857 033c 10       		.byte	16
 858 033d 20       		.byte	32
 859 033e 13       		.byte	19
 860 033f 20       		.byte	32
 861 0340 14       		.byte	20
 862 0341 10       		.byte	16
 863 0342 15       		.byte	21
 864 0343 01       		.byte	1
 865 0344 17       		.byte	23
 866 0345 20       		.byte	32
 867 0346 18       		.byte	24
 868 0347 10       		.byte	16
 869 0348 19       		.byte	25
 870 0349 88       		.byte	-120
 871 034a 1A       		.byte	26
 872 034b 01       		.byte	1
 873 034c 1D       		.byte	29
 874 034d 01       		.byte	1
 875 034e 1E       		.byte	30
 876 034f 18       		.byte	24
 877 0350 20       		.byte	32
 878 0351 01       		.byte	1
 879 0352 24       		.byte	36
 880 0353 40       		.byte	64
 881 0354 25       		.byte	37
 882 0355 18       		.byte	24
 883 0356 27       		.byte	39
 884 0357 21       		.byte	33
 885 0358 29       		.byte	41
 886 0359 08       		.byte	8
 887 035a 2C       		.byte	44
 888 035b 28       		.byte	40
 889 035c 2D       		.byte	45
 890 035d 82       		.byte	-126
 891 035e 30       		.byte	48
 892 035f 30       		.byte	48
 893 0360 31       		.byte	49
 894 0361 08       		.byte	8
 895 0362 33       		.byte	51
 896 0363 01       		.byte	1
 897 0364 37       		.byte	55
 898 0365 21       		.byte	33
 899 0366 3E       		.byte	62
 900 0367 10       		.byte	16
 901 0368 3F       		.byte	63
 902 0369 80       		.byte	-128
 903 036a 40       		.byte	64
 904 036b 01       		.byte	1
 905 036c 44       		.byte	68
 906 036d 10       		.byte	16
 907 036e 47       		.byte	71
 908 036f 21       		.byte	33
 909 0370 48       		.byte	72
 910 0371 20       		.byte	32
 911 0372 4D       		.byte	77
 912 0373 01       		.byte	1
ARM GAS  C:\Users\ujjjh\AppData\Local\Temp\ccddz74e.s 			page 17


 913 0374 50       		.byte	80
 914 0375 0C       		.byte	12
 915 0376 53       		.byte	83
 916 0377 04       		.byte	4
 917 0378 56       		.byte	86
 918 0379 04       		.byte	4
 919 037a 57       		.byte	87
 920 037b 50       		.byte	80
 921 037c 5C       		.byte	92
 922 037d 40       		.byte	64
 923 037e 5D       		.byte	93
 924 037f 01       		.byte	1
 925 0380 5E       		.byte	94
 926 0381 08       		.byte	8
 927 0382 5F       		.byte	95
 928 0383 10       		.byte	16
 929 0384 63       		.byte	99
 930 0385 30       		.byte	48
 931 0386 C0       		.byte	-64
 932 0387 F3       		.byte	-13
 933 0388 C2       		.byte	-62
 934 0389 A6       		.byte	-90
 935 038a C4       		.byte	-60
 936 038b 76       		.byte	118
 937 038c CA       		.byte	-54
 938 038d F2       		.byte	-14
 939 038e CC       		.byte	-52
 940 038f A7       		.byte	-89
 941 0390 CE       		.byte	-50
 942 0391 30       		.byte	48
 943 0392 D0       		.byte	-48
 944 0393 E8       		.byte	-24
 945 0394 D6       		.byte	-42
 946 0395 F0       		.byte	-16
 947 0396 EA       		.byte	-22
 948 0397 40       		.byte	64
 949 0398 B5       		.byte	-75
 950 0399 10       		.byte	16
 951 039a 33       		.byte	51
 952 039b 80       		.byte	-128
 953 039c 5A       		.byte	90
 954 039d 80       		.byte	-128
 955 039e CC       		.byte	-52
 956 039f 10       		.byte	16
 957 03a0 D4       		.byte	-44
 958 03a1 80       		.byte	-128
 959 03a2 5B       		.byte	91
 960 03a3 10       		.byte	16
 961 03a4 80       		.byte	-128
 962 03a5 04       		.byte	4
 963 03a6 83       		.byte	-125
 964 03a7 10       		.byte	16
 965 03a8 8E       		.byte	-114
 966 03a9 40       		.byte	64
 967 03aa 96       		.byte	-106
 968 03ab 80       		.byte	-128
 969 03ac A7       		.byte	-89
ARM GAS  C:\Users\ujjjh\AppData\Local\Temp\ccddz74e.s 			page 18


 970 03ad 80       		.byte	-128
 971 03ae D4       		.byte	-44
 972 03af 80       		.byte	-128
 973 03b0 E2       		.byte	-30
 974 03b1 20       		.byte	32
 975 03b2 87       		.byte	-121
 976 03b3 80       		.byte	-128
 977 03b4 90       		.byte	-112
 978 03b5 04       		.byte	4
 979 03b6 A7       		.byte	-89
 980 03b7 80       		.byte	-128
 981 03b8 E6       		.byte	-26
 982 03b9 10       		.byte	16
 983 03ba 90       		.byte	-112
 984 03bb 04       		.byte	4
 985 03bc 28       		.byte	40
 986 03bd 02       		.byte	2
 987 03be CA       		.byte	-54
 988 03bf 08       		.byte	8
 989 03c0 B4       		.byte	-76
 990 03c1 02       		.byte	2
 991 03c2 EA       		.byte	-22
 992 03c3 08       		.byte	8
 993 03c4 01       		.byte	1
 994 03c5 08       		.byte	8
 995 03c6 C0       		.byte	-64
 996 03c7 08       		.byte	8
 997 03c8 90       		.byte	-112
 998 03c9 04       		.byte	4
 999 03ca 60       		.byte	96
 1000 03cb 04       		.byte	4
 1001 03cc 90       		.byte	-112
 1002 03cd 04       		.byte	4
 1003 03ce D8       		.byte	-40
 1004 03cf 40       		.byte	64
 1005 03d0 54       		.byte	84
 1006 03d1 20       		.byte	32
 1007 03d2 B5       		.byte	-75
 1008 03d3 08       		.byte	8
 1009 03d4 D4       		.byte	-44
 1010 03d5 02       		.byte	2
 1011 03d6 EA       		.byte	-22
 1012 03d7 02       		.byte	2
 1013 03d8 B4       		.byte	-76
 1014 03d9 20       		.byte	32
 1015 03da EC       		.byte	-20
 1016 03db 08       		.byte	8
 1017 03dc 00       		.byte	0
 1018 03dd 03       		.byte	3
 1019 03de 08       		.byte	8
 1020 03df 01       		.byte	1
 1021 03e0 0A       		.byte	10
 1022 03e1 02       		.byte	2
 1023 03e2 10       		.byte	16
 1024 03e3 04       		.byte	4
 1025 03e4 1C       		.byte	28
 1026 03e5 04       		.byte	4
ARM GAS  C:\Users\ujjjh\AppData\Local\Temp\ccddz74e.s 			page 19


 1027 03e6 00       		.byte	0
 1028 03e7 03       		.byte	3
 1029 03e8 00       		.byte	0
 1030 03e9 02       		.byte	2
 1031 03ea 02       		.byte	2
 1032 03eb 00       		.byte	0
 1033 03ec 02       		.byte	2
 1034 03ed 00       		.byte	0
 1035 03ee 00       		.byte	0
 1036 03ef 00       		.byte	0
 1037 03f0 04       		.byte	4
 1038 03f1 00       		.byte	0
 1039 03f2 00       		.byte	0
 1040 03f3 0F       		.byte	15
 1041 03f4 0F       		.byte	15
 1042 03f5 00       		.byte	0
 1043 03f6 04       		.byte	4
 1044 03f7 00       		.byte	0
 1045 03f8 00       		.byte	0
 1046 03f9 00       		.byte	0
 1047 03fa 00       		.byte	0
 1048 03fb 00       		.byte	0
 1049 03fc 00       		.byte	0
 1050 03fd 7F       		.byte	127
 1051 03fe 7F       		.byte	127
 1052 03ff 00       		.byte	0
 1053 0400 00       		.byte	0
 1054 0401 00       		.byte	0
 1055 0402 00       		.byte	0
 1056 0403 00       		.byte	0
 1057 0404 00       		.byte	0
 1058 0405 00       		.byte	0
 1059 0406 10       		.byte	16
 1060 0407 00       		.byte	0
 1061 0408 10       		.byte	16
 1062 0409 00       		.byte	0
 1063 040a 20       		.byte	32
 1064 040b 00       		.byte	0
 1065 040c 00       		.byte	0
 1066 040d 04       		.byte	4
 1067 040e 04       		.byte	4
 1068 040f 00       		.byte	0
 1069 0410 04       		.byte	4
 1070 0411 00       		.byte	0
 1071 0412 00       		.byte	0
 1072 0413 00       		.byte	0
 1073              		.section	.cywolatch,"a",%progbits
 1074              		.align	2
 1075              		.type	cy_meta_wonvl, %object
 1076              		.size	cy_meta_wonvl, 4
 1077              	cy_meta_wonvl:
 1078 0000 BC       		.byte	-68
 1079 0001 90       		.byte	-112
 1080 0002 AC       		.byte	-84
 1081 0003 AF       		.byte	-81
 1082              		.section	.cycustnvl,"a",%progbits
 1083              		.align	2
ARM GAS  C:\Users\ujjjh\AppData\Local\Temp\ccddz74e.s 			page 20


 1084              		.type	cy_meta_custnvl, %object
 1085              		.size	cy_meta_custnvl, 4
 1086              	cy_meta_custnvl:
 1087 0000 00       		.byte	0
 1088 0001 00       		.byte	0
 1089 0002 40       		.byte	64
 1090 0003 05       		.byte	5
 1091              		.section	.cymeta,"a",%progbits
 1092              		.align	2
 1093              		.type	cy_metadata, %object
 1094              		.size	cy_metadata, 12
 1095              	cy_metadata:
 1096 0000 00       		.byte	0
 1097 0001 01       		.byte	1
 1098 0002 2E       		.byte	46
 1099 0003 12       		.byte	18
 1100 0004 30       		.byte	48
 1101 0005 69       		.byte	105
 1102 0006 00       		.byte	0
 1103 0007 01       		.byte	1
 1104 0008 00       		.byte	0
 1105 0009 00       		.byte	0
 1106 000a 00       		.byte	0
 1107 000b 00       		.byte	0
 1108              		.section	.cyflashprotect,"a",%progbits
 1109              		.align	2
 1110              		.type	cy_meta_flashprotect, %object
 1111              		.size	cy_meta_flashprotect, 256
 1112              	cy_meta_flashprotect:
 1113 0000 00000000 		.space	256
 1113      00000000 
 1113      00000000 
 1113      00000000 
 1113      00000000 
 1114              		.text
 1115              	.Letext0:
 1116              		.file 1 "c:\\program files (x86)\\cypress\\psoc creator\\4.2\\psoc creator\\import\\gnu\\arm\\5.4.
 1117              		.file 2 "c:\\program files (x86)\\cypress\\psoc creator\\4.2\\psoc creator\\import\\gnu\\arm\\5.4.
 1118              		.file 3 "Generated_Source\\PSoC5\\cymetadata.c"
 1119              		.section	.debug_info,"",%progbits
 1120              	.Ldebug_info0:
 1121 0000 31010000 		.4byte	0x131
 1122 0004 0400     		.2byte	0x4
 1123 0006 00000000 		.4byte	.Ldebug_abbrev0
 1124 000a 04       		.byte	0x4
 1125 000b 01       		.uleb128 0x1
 1126 000c 79000000 		.4byte	.LASF17
 1127 0010 0C       		.byte	0xc
 1128 0011 D3010000 		.4byte	.LASF18
 1129 0015 16000000 		.4byte	.LASF19
 1130 0019 00000000 		.4byte	.Ldebug_line0
 1131 001d 02       		.uleb128 0x2
 1132 001e 01       		.byte	0x1
 1133 001f 06       		.byte	0x6
 1134 0020 C7010000 		.4byte	.LASF0
 1135 0024 03       		.uleb128 0x3
 1136 0025 00000000 		.4byte	.LASF9
ARM GAS  C:\Users\ujjjh\AppData\Local\Temp\ccddz74e.s 			page 21


 1137 0029 01       		.byte	0x1
 1138 002a 1D       		.byte	0x1d
 1139 002b 2F000000 		.4byte	0x2f
 1140 002f 02       		.uleb128 0x2
 1141 0030 01       		.byte	0x1
 1142 0031 08       		.byte	0x8
 1143 0032 6B000000 		.4byte	.LASF1
 1144 0036 02       		.uleb128 0x2
 1145 0037 02       		.byte	0x2
 1146 0038 05       		.byte	0x5
 1147 0039 B4010000 		.4byte	.LASF2
 1148 003d 02       		.uleb128 0x2
 1149 003e 02       		.byte	0x2
 1150 003f 07       		.byte	0x7
 1151 0040 19010000 		.4byte	.LASF3
 1152 0044 02       		.uleb128 0x2
 1153 0045 04       		.byte	0x4
 1154 0046 05       		.byte	0x5
 1155 0047 BE010000 		.4byte	.LASF4
 1156 004b 02       		.uleb128 0x2
 1157 004c 04       		.byte	0x4
 1158 004d 07       		.byte	0x7
 1159 004e 07010000 		.4byte	.LASF5
 1160 0052 02       		.uleb128 0x2
 1161 0053 08       		.byte	0x8
 1162 0054 05       		.byte	0x5
 1163 0055 A6010000 		.4byte	.LASF6
 1164 0059 02       		.uleb128 0x2
 1165 005a 08       		.byte	0x8
 1166 005b 07       		.byte	0x7
 1167 005c 5B010000 		.4byte	.LASF7
 1168 0060 04       		.uleb128 0x4
 1169 0061 04       		.byte	0x4
 1170 0062 05       		.byte	0x5
 1171 0063 696E7400 		.ascii	"int\000"
 1172 0067 02       		.uleb128 0x2
 1173 0068 04       		.byte	0x4
 1174 0069 07       		.byte	0x7
 1175 006a 4E010000 		.4byte	.LASF8
 1176 006e 03       		.uleb128 0x3
 1177 006f 72010000 		.4byte	.LASF10
 1178 0073 02       		.byte	0x2
 1179 0074 18       		.byte	0x18
 1180 0075 24000000 		.4byte	0x24
 1181 0079 05       		.uleb128 0x5
 1182 007a 91000000 		.4byte	0x91
 1183 007e 8A000000 		.4byte	0x8a
 1184 0082 06       		.uleb128 0x6
 1185 0083 8A000000 		.4byte	0x8a
 1186 0087 1304     		.2byte	0x413
 1187 0089 00       		.byte	0
 1188 008a 02       		.uleb128 0x2
 1189 008b 04       		.byte	0x4
 1190 008c 07       		.byte	0x7
 1191 008d 9D010000 		.4byte	.LASF11
 1192 0091 07       		.uleb128 0x7
 1193 0092 6E000000 		.4byte	0x6e
ARM GAS  C:\Users\ujjjh\AppData\Local\Temp\ccddz74e.s 			page 22


 1194 0096 08       		.uleb128 0x8
 1195 0097 3C010000 		.4byte	.LASF12
 1196 009b 03       		.byte	0x3
 1197 009c 1F       		.byte	0x1f
 1198 009d A7000000 		.4byte	0xa7
 1199 00a1 05       		.uleb128 0x5
 1200 00a2 03       		.byte	0x3
 1201 00a3 00000000 		.4byte	cy_meta_configecc
 1202 00a7 07       		.uleb128 0x7
 1203 00a8 79000000 		.4byte	0x79
 1204 00ac 05       		.uleb128 0x5
 1205 00ad 91000000 		.4byte	0x91
 1206 00b1 BC000000 		.4byte	0xbc
 1207 00b5 09       		.uleb128 0x9
 1208 00b6 8A000000 		.4byte	0x8a
 1209 00ba 03       		.byte	0x3
 1210 00bb 00       		.byte	0
 1211 00bc 08       		.uleb128 0x8
 1212 00bd 2C010000 		.4byte	.LASF13
 1213 00c1 03       		.byte	0x3
 1214 00c2 AF       		.byte	0xaf
 1215 00c3 CD000000 		.4byte	0xcd
 1216 00c7 05       		.uleb128 0x5
 1217 00c8 03       		.byte	0x3
 1218 00c9 00000000 		.4byte	cy_meta_custnvl
 1219 00cd 07       		.uleb128 0x7
 1220 00ce AC000000 		.4byte	0xac
 1221 00d2 08       		.uleb128 0x8
 1222 00d3 8F010000 		.4byte	.LASF14
 1223 00d7 03       		.byte	0x3
 1224 00d8 BD       		.byte	0xbd
 1225 00d9 E3000000 		.4byte	0xe3
 1226 00dd 05       		.uleb128 0x5
 1227 00de 03       		.byte	0x3
 1228 00df 00000000 		.4byte	cy_meta_wonvl
 1229 00e3 07       		.uleb128 0x7
 1230 00e4 AC000000 		.4byte	0xac
 1231 00e8 05       		.uleb128 0x5
 1232 00e9 91000000 		.4byte	0x91
 1233 00ed F8000000 		.4byte	0xf8
 1234 00f1 09       		.uleb128 0x9
 1235 00f2 8A000000 		.4byte	0x8a
 1236 00f6 FF       		.byte	0xff
 1237 00f7 00       		.byte	0
 1238 00f8 08       		.uleb128 0x8
 1239 00f9 7A010000 		.4byte	.LASF15
 1240 00fd 03       		.byte	0x3
 1241 00fe CB       		.byte	0xcb
 1242 00ff 09010000 		.4byte	0x109
 1243 0103 05       		.uleb128 0x5
 1244 0104 03       		.byte	0x3
 1245 0105 00000000 		.4byte	cy_meta_flashprotect
 1246 0109 07       		.uleb128 0x7
 1247 010a E8000000 		.4byte	0xe8
 1248 010e 05       		.uleb128 0x5
 1249 010f 91000000 		.4byte	0x91
 1250 0113 1E010000 		.4byte	0x11e
ARM GAS  C:\Users\ujjjh\AppData\Local\Temp\ccddz74e.s 			page 23


 1251 0117 09       		.uleb128 0x9
 1252 0118 8A000000 		.4byte	0x8a
 1253 011c 0B       		.byte	0xb
 1254 011d 00       		.byte	0
 1255 011e 08       		.uleb128 0x8
 1256 011f 0A000000 		.4byte	.LASF16
 1257 0123 03       		.byte	0x3
 1258 0124 F8       		.byte	0xf8
 1259 0125 2F010000 		.4byte	0x12f
 1260 0129 05       		.uleb128 0x5
 1261 012a 03       		.byte	0x3
 1262 012b 00000000 		.4byte	cy_metadata
 1263 012f 07       		.uleb128 0x7
 1264 0130 0E010000 		.4byte	0x10e
 1265 0134 00       		.byte	0
 1266              		.section	.debug_abbrev,"",%progbits
 1267              	.Ldebug_abbrev0:
 1268 0000 01       		.uleb128 0x1
 1269 0001 11       		.uleb128 0x11
 1270 0002 01       		.byte	0x1
 1271 0003 25       		.uleb128 0x25
 1272 0004 0E       		.uleb128 0xe
 1273 0005 13       		.uleb128 0x13
 1274 0006 0B       		.uleb128 0xb
 1275 0007 03       		.uleb128 0x3
 1276 0008 0E       		.uleb128 0xe
 1277 0009 1B       		.uleb128 0x1b
 1278 000a 0E       		.uleb128 0xe
 1279 000b 10       		.uleb128 0x10
 1280 000c 17       		.uleb128 0x17
 1281 000d 00       		.byte	0
 1282 000e 00       		.byte	0
 1283 000f 02       		.uleb128 0x2
 1284 0010 24       		.uleb128 0x24
 1285 0011 00       		.byte	0
 1286 0012 0B       		.uleb128 0xb
 1287 0013 0B       		.uleb128 0xb
 1288 0014 3E       		.uleb128 0x3e
 1289 0015 0B       		.uleb128 0xb
 1290 0016 03       		.uleb128 0x3
 1291 0017 0E       		.uleb128 0xe
 1292 0018 00       		.byte	0
 1293 0019 00       		.byte	0
 1294 001a 03       		.uleb128 0x3
 1295 001b 16       		.uleb128 0x16
 1296 001c 00       		.byte	0
 1297 001d 03       		.uleb128 0x3
 1298 001e 0E       		.uleb128 0xe
 1299 001f 3A       		.uleb128 0x3a
 1300 0020 0B       		.uleb128 0xb
 1301 0021 3B       		.uleb128 0x3b
 1302 0022 0B       		.uleb128 0xb
 1303 0023 49       		.uleb128 0x49
 1304 0024 13       		.uleb128 0x13
 1305 0025 00       		.byte	0
 1306 0026 00       		.byte	0
 1307 0027 04       		.uleb128 0x4
ARM GAS  C:\Users\ujjjh\AppData\Local\Temp\ccddz74e.s 			page 24


 1308 0028 24       		.uleb128 0x24
 1309 0029 00       		.byte	0
 1310 002a 0B       		.uleb128 0xb
 1311 002b 0B       		.uleb128 0xb
 1312 002c 3E       		.uleb128 0x3e
 1313 002d 0B       		.uleb128 0xb
 1314 002e 03       		.uleb128 0x3
 1315 002f 08       		.uleb128 0x8
 1316 0030 00       		.byte	0
 1317 0031 00       		.byte	0
 1318 0032 05       		.uleb128 0x5
 1319 0033 01       		.uleb128 0x1
 1320 0034 01       		.byte	0x1
 1321 0035 49       		.uleb128 0x49
 1322 0036 13       		.uleb128 0x13
 1323 0037 01       		.uleb128 0x1
 1324 0038 13       		.uleb128 0x13
 1325 0039 00       		.byte	0
 1326 003a 00       		.byte	0
 1327 003b 06       		.uleb128 0x6
 1328 003c 21       		.uleb128 0x21
 1329 003d 00       		.byte	0
 1330 003e 49       		.uleb128 0x49
 1331 003f 13       		.uleb128 0x13
 1332 0040 2F       		.uleb128 0x2f
 1333 0041 05       		.uleb128 0x5
 1334 0042 00       		.byte	0
 1335 0043 00       		.byte	0
 1336 0044 07       		.uleb128 0x7
 1337 0045 26       		.uleb128 0x26
 1338 0046 00       		.byte	0
 1339 0047 49       		.uleb128 0x49
 1340 0048 13       		.uleb128 0x13
 1341 0049 00       		.byte	0
 1342 004a 00       		.byte	0
 1343 004b 08       		.uleb128 0x8
 1344 004c 34       		.uleb128 0x34
 1345 004d 00       		.byte	0
 1346 004e 03       		.uleb128 0x3
 1347 004f 0E       		.uleb128 0xe
 1348 0050 3A       		.uleb128 0x3a
 1349 0051 0B       		.uleb128 0xb
 1350 0052 3B       		.uleb128 0x3b
 1351 0053 0B       		.uleb128 0xb
 1352 0054 49       		.uleb128 0x49
 1353 0055 13       		.uleb128 0x13
 1354 0056 3F       		.uleb128 0x3f
 1355 0057 19       		.uleb128 0x19
 1356 0058 02       		.uleb128 0x2
 1357 0059 18       		.uleb128 0x18
 1358 005a 00       		.byte	0
 1359 005b 00       		.byte	0
 1360 005c 09       		.uleb128 0x9
 1361 005d 21       		.uleb128 0x21
 1362 005e 00       		.byte	0
 1363 005f 49       		.uleb128 0x49
 1364 0060 13       		.uleb128 0x13
ARM GAS  C:\Users\ujjjh\AppData\Local\Temp\ccddz74e.s 			page 25


 1365 0061 2F       		.uleb128 0x2f
 1366 0062 0B       		.uleb128 0xb
 1367 0063 00       		.byte	0
 1368 0064 00       		.byte	0
 1369 0065 00       		.byte	0
 1370              		.section	.debug_aranges,"",%progbits
 1371 0000 14000000 		.4byte	0x14
 1372 0004 0200     		.2byte	0x2
 1373 0006 00000000 		.4byte	.Ldebug_info0
 1374 000a 04       		.byte	0x4
 1375 000b 00       		.byte	0
 1376 000c 0000     		.2byte	0
 1377 000e 0000     		.2byte	0
 1378 0010 00000000 		.4byte	0
 1379 0014 00000000 		.4byte	0
 1380              		.section	.debug_line,"",%progbits
 1381              	.Ldebug_line0:
 1382 0000 3D010000 		.section	.debug_str,"MS",%progbits,1
 1382      02003701 
 1382      00000201 
 1382      FB0E0D00 
 1382      01010101 
 1383              	.LASF9:
 1384 0000 5F5F7569 		.ascii	"__uint8_t\000"
 1384      6E74385F 
 1384      7400
 1385              	.LASF16:
 1386 000a 63795F6D 		.ascii	"cy_metadata\000"
 1386      65746164 
 1386      61746100 
 1387              	.LASF19:
 1388 0016 5C5C7363 		.ascii	"\\\\sccfs.scc.kit.edu\\Stud-Home\\Documents\\PSoC C"
 1388      6366732E 
 1388      7363632E 
 1388      6B69742E 
 1388      6564755C 
 1389 0044 72656174 		.ascii	"reator\\Versuch 5\\Frequenzzaehler.cydsn\000"
 1389      6F725C56 
 1389      65727375 
 1389      63682035 
 1389      5C467265 
 1390              	.LASF1:
 1391 006b 756E7369 		.ascii	"unsigned char\000"
 1391      676E6564 
 1391      20636861 
 1391      7200
 1392              	.LASF17:
 1393 0079 474E5520 		.ascii	"GNU C11 5.4.1 20160609 (release) [ARM/embedded-5-br"
 1393      43313120 
 1393      352E342E 
 1393      31203230 
 1393      31363036 
 1394 00ac 616E6368 		.ascii	"anch revision 237715] -mcpu=cortex-m3 -mthumb -g -O"
 1394      20726576 
 1394      6973696F 
 1394      6E203233 
 1394      37373135 
ARM GAS  C:\Users\ujjjh\AppData\Local\Temp\ccddz74e.s 			page 26


 1395 00df 67202D66 		.ascii	"g -ffunction-sections -ffat-lto-objects\000"
 1395      66756E63 
 1395      74696F6E 
 1395      2D736563 
 1395      74696F6E 
 1396              	.LASF5:
 1397 0107 6C6F6E67 		.ascii	"long unsigned int\000"
 1397      20756E73 
 1397      69676E65 
 1397      6420696E 
 1397      7400
 1398              	.LASF3:
 1399 0119 73686F72 		.ascii	"short unsigned int\000"
 1399      7420756E 
 1399      7369676E 
 1399      65642069 
 1399      6E7400
 1400              	.LASF13:
 1401 012c 63795F6D 		.ascii	"cy_meta_custnvl\000"
 1401      6574615F 
 1401      63757374 
 1401      6E766C00 
 1402              	.LASF12:
 1403 013c 63795F6D 		.ascii	"cy_meta_configecc\000"
 1403      6574615F 
 1403      636F6E66 
 1403      69676563 
 1403      6300
 1404              	.LASF8:
 1405 014e 756E7369 		.ascii	"unsigned int\000"
 1405      676E6564 
 1405      20696E74 
 1405      00
 1406              	.LASF7:
 1407 015b 6C6F6E67 		.ascii	"long long unsigned int\000"
 1407      206C6F6E 
 1407      6720756E 
 1407      7369676E 
 1407      65642069 
 1408              	.LASF10:
 1409 0172 75696E74 		.ascii	"uint8_t\000"
 1409      385F7400 
 1410              	.LASF15:
 1411 017a 63795F6D 		.ascii	"cy_meta_flashprotect\000"
 1411      6574615F 
 1411      666C6173 
 1411      6870726F 
 1411      74656374 
 1412              	.LASF14:
 1413 018f 63795F6D 		.ascii	"cy_meta_wonvl\000"
 1413      6574615F 
 1413      776F6E76 
 1413      6C00
 1414              	.LASF11:
 1415 019d 73697A65 		.ascii	"sizetype\000"
 1415      74797065 
 1415      00
ARM GAS  C:\Users\ujjjh\AppData\Local\Temp\ccddz74e.s 			page 27


 1416              	.LASF6:
 1417 01a6 6C6F6E67 		.ascii	"long long int\000"
 1417      206C6F6E 
 1417      6720696E 
 1417      7400
 1418              	.LASF2:
 1419 01b4 73686F72 		.ascii	"short int\000"
 1419      7420696E 
 1419      7400
 1420              	.LASF4:
 1421 01be 6C6F6E67 		.ascii	"long int\000"
 1421      20696E74 
 1421      00
 1422              	.LASF0:
 1423 01c7 7369676E 		.ascii	"signed char\000"
 1423      65642063 
 1423      68617200 
 1424              	.LASF18:
 1425 01d3 47656E65 		.ascii	"Generated_Source\\PSoC5\\cymetadata.c\000"
 1425      72617465 
 1425      645F536F 
 1425      75726365 
 1425      5C50536F 
 1426              		.ident	"GCC: (GNU Tools for ARM Embedded Processors) 5.4.1 20160609 (release) [ARM/embedded-5-bran
