ARM GAS  C:\Users\ujjjh\AppData\Local\Temp\ccZFxHqv.s 			page 1


   1              		.syntax unified
   2              		.cpu cortex-m3
   3              		.fpu softvfp
   4              		.eabi_attribute 20, 1
   5              		.eabi_attribute 21, 1
   6              		.eabi_attribute 23, 3
   7              		.eabi_attribute 24, 1
   8              		.eabi_attribute 25, 1
   9              		.eabi_attribute 26, 1
  10              		.eabi_attribute 30, 1
  11              		.eabi_attribute 34, 1
  12              		.eabi_attribute 18, 4
  13              		.thumb
  14              		.syntax unified
  15              		.file	"isr_1.c"
  16              		.text
  17              	.Ltext0:
  18              		.cfi_sections	.debug_frame
  19              		.section	.text.isr_1_Interrupt,"ax",%progbits
  20              		.align	2
  21              		.global	isr_1_Interrupt
  22              		.thumb
  23              		.thumb_func
  24              		.type	isr_1_Interrupt, %function
  25              	isr_1_Interrupt:
  26              	.LFB3:
  27              		.file 1 "Generated_Source\\PSoC5\\isr_1.c"
   1:Generated_Source\PSoC5/isr_1.c **** /*******************************************************************************
   2:Generated_Source\PSoC5/isr_1.c **** * File Name: isr_1.c  
   3:Generated_Source\PSoC5/isr_1.c **** * Version 1.70
   4:Generated_Source\PSoC5/isr_1.c **** *
   5:Generated_Source\PSoC5/isr_1.c **** *  Description:
   6:Generated_Source\PSoC5/isr_1.c **** *   API for controlling the state of an interrupt.
   7:Generated_Source\PSoC5/isr_1.c **** *
   8:Generated_Source\PSoC5/isr_1.c **** *
   9:Generated_Source\PSoC5/isr_1.c **** *  Note:
  10:Generated_Source\PSoC5/isr_1.c **** *
  11:Generated_Source\PSoC5/isr_1.c **** ********************************************************************************
  12:Generated_Source\PSoC5/isr_1.c **** * Copyright 2008-2015, Cypress Semiconductor Corporation.  All rights reserved.
  13:Generated_Source\PSoC5/isr_1.c **** * You may use this file only in accordance with the license, terms, conditions, 
  14:Generated_Source\PSoC5/isr_1.c **** * disclaimers, and limitations in the end user license agreement accompanying 
  15:Generated_Source\PSoC5/isr_1.c **** * the software package with which this file was provided.
  16:Generated_Source\PSoC5/isr_1.c **** *******************************************************************************/
  17:Generated_Source\PSoC5/isr_1.c **** 
  18:Generated_Source\PSoC5/isr_1.c **** 
  19:Generated_Source\PSoC5/isr_1.c **** #include <cydevice_trm.h>
  20:Generated_Source\PSoC5/isr_1.c **** #include <CyLib.h>
  21:Generated_Source\PSoC5/isr_1.c **** #include <isr_1.h>
  22:Generated_Source\PSoC5/isr_1.c **** #include "cyapicallbacks.h"
  23:Generated_Source\PSoC5/isr_1.c **** 
  24:Generated_Source\PSoC5/isr_1.c **** #if !defined(isr_1__REMOVED) /* Check for removal by optimization */
  25:Generated_Source\PSoC5/isr_1.c **** 
  26:Generated_Source\PSoC5/isr_1.c **** /*******************************************************************************
  27:Generated_Source\PSoC5/isr_1.c **** *  Place your includes, defines and code here 
  28:Generated_Source\PSoC5/isr_1.c **** ********************************************************************************/
  29:Generated_Source\PSoC5/isr_1.c **** /* `#START isr_1_intc` */
  30:Generated_Source\PSoC5/isr_1.c **** volatile int intr;
ARM GAS  C:\Users\ujjjh\AppData\Local\Temp\ccZFxHqv.s 			page 2


  31:Generated_Source\PSoC5/isr_1.c ****     
  32:Generated_Source\PSoC5/isr_1.c **** /* `#END` */
  33:Generated_Source\PSoC5/isr_1.c **** 
  34:Generated_Source\PSoC5/isr_1.c **** #ifndef CYINT_IRQ_BASE
  35:Generated_Source\PSoC5/isr_1.c **** #define CYINT_IRQ_BASE      16
  36:Generated_Source\PSoC5/isr_1.c **** #endif /* CYINT_IRQ_BASE */
  37:Generated_Source\PSoC5/isr_1.c **** #ifndef CYINT_VECT_TABLE
  38:Generated_Source\PSoC5/isr_1.c **** #define CYINT_VECT_TABLE    ((cyisraddress **) CYREG_NVIC_VECT_OFFSET)
  39:Generated_Source\PSoC5/isr_1.c **** #endif /* CYINT_VECT_TABLE */
  40:Generated_Source\PSoC5/isr_1.c **** 
  41:Generated_Source\PSoC5/isr_1.c **** /* Declared in startup, used to set unused interrupts to. */
  42:Generated_Source\PSoC5/isr_1.c **** CY_ISR_PROTO(IntDefaultHandler);
  43:Generated_Source\PSoC5/isr_1.c **** 
  44:Generated_Source\PSoC5/isr_1.c **** 
  45:Generated_Source\PSoC5/isr_1.c **** /*******************************************************************************
  46:Generated_Source\PSoC5/isr_1.c **** * Function Name: isr_1_Start
  47:Generated_Source\PSoC5/isr_1.c **** ********************************************************************************
  48:Generated_Source\PSoC5/isr_1.c **** *
  49:Generated_Source\PSoC5/isr_1.c **** * Summary:
  50:Generated_Source\PSoC5/isr_1.c **** *  Set up the interrupt and enable it. This function disables the interrupt, 
  51:Generated_Source\PSoC5/isr_1.c **** *  sets the default interrupt vector, sets the priority from the value in the
  52:Generated_Source\PSoC5/isr_1.c **** *  Design Wide Resources Interrupt Editor, then enables the interrupt to the 
  53:Generated_Source\PSoC5/isr_1.c **** *  interrupt controller.
  54:Generated_Source\PSoC5/isr_1.c **** *
  55:Generated_Source\PSoC5/isr_1.c **** * Parameters:  
  56:Generated_Source\PSoC5/isr_1.c **** *   None
  57:Generated_Source\PSoC5/isr_1.c **** *
  58:Generated_Source\PSoC5/isr_1.c **** * Return:
  59:Generated_Source\PSoC5/isr_1.c **** *   None
  60:Generated_Source\PSoC5/isr_1.c **** *
  61:Generated_Source\PSoC5/isr_1.c **** *******************************************************************************/
  62:Generated_Source\PSoC5/isr_1.c **** void isr_1_Start(void)
  63:Generated_Source\PSoC5/isr_1.c **** {
  64:Generated_Source\PSoC5/isr_1.c ****     /* For all we know the interrupt is active. */
  65:Generated_Source\PSoC5/isr_1.c ****     isr_1_Disable();
  66:Generated_Source\PSoC5/isr_1.c **** 
  67:Generated_Source\PSoC5/isr_1.c ****     /* Set the ISR to point to the isr_1 Interrupt. */
  68:Generated_Source\PSoC5/isr_1.c ****     isr_1_SetVector(&isr_1_Interrupt);
  69:Generated_Source\PSoC5/isr_1.c **** 
  70:Generated_Source\PSoC5/isr_1.c ****     /* Set the priority. */
  71:Generated_Source\PSoC5/isr_1.c ****     isr_1_SetPriority((uint8)isr_1_INTC_PRIOR_NUMBER);
  72:Generated_Source\PSoC5/isr_1.c **** 
  73:Generated_Source\PSoC5/isr_1.c ****     /* Enable it. */
  74:Generated_Source\PSoC5/isr_1.c ****     isr_1_Enable();
  75:Generated_Source\PSoC5/isr_1.c **** }
  76:Generated_Source\PSoC5/isr_1.c **** 
  77:Generated_Source\PSoC5/isr_1.c **** 
  78:Generated_Source\PSoC5/isr_1.c **** /*******************************************************************************
  79:Generated_Source\PSoC5/isr_1.c **** * Function Name: isr_1_StartEx
  80:Generated_Source\PSoC5/isr_1.c **** ********************************************************************************
  81:Generated_Source\PSoC5/isr_1.c **** *
  82:Generated_Source\PSoC5/isr_1.c **** * Summary:
  83:Generated_Source\PSoC5/isr_1.c **** *  Sets up the interrupt and enables it. This function disables the interrupt,
  84:Generated_Source\PSoC5/isr_1.c **** *  sets the interrupt vector based on the address passed in, sets the priority 
  85:Generated_Source\PSoC5/isr_1.c **** *  from the value in the Design Wide Resources Interrupt Editor, then enables 
  86:Generated_Source\PSoC5/isr_1.c **** *  the interrupt to the interrupt controller.
  87:Generated_Source\PSoC5/isr_1.c **** *  
ARM GAS  C:\Users\ujjjh\AppData\Local\Temp\ccZFxHqv.s 			page 3


  88:Generated_Source\PSoC5/isr_1.c **** *  When defining ISR functions, the CY_ISR and CY_ISR_PROTO macros should be 
  89:Generated_Source\PSoC5/isr_1.c **** *  used to provide consistent definition across compilers:
  90:Generated_Source\PSoC5/isr_1.c **** *  
  91:Generated_Source\PSoC5/isr_1.c **** *  Function definition example:
  92:Generated_Source\PSoC5/isr_1.c **** *   CY_ISR(MyISR)
  93:Generated_Source\PSoC5/isr_1.c **** *   {
  94:Generated_Source\PSoC5/isr_1.c **** *   }
  95:Generated_Source\PSoC5/isr_1.c **** *   Function prototype example:
  96:Generated_Source\PSoC5/isr_1.c **** *   CY_ISR_PROTO(MyISR);
  97:Generated_Source\PSoC5/isr_1.c **** *
  98:Generated_Source\PSoC5/isr_1.c **** * Parameters:  
  99:Generated_Source\PSoC5/isr_1.c **** *   address: Address of the ISR to set in the interrupt vector table.
 100:Generated_Source\PSoC5/isr_1.c **** *
 101:Generated_Source\PSoC5/isr_1.c **** * Return:
 102:Generated_Source\PSoC5/isr_1.c **** *   None
 103:Generated_Source\PSoC5/isr_1.c **** *
 104:Generated_Source\PSoC5/isr_1.c **** *******************************************************************************/
 105:Generated_Source\PSoC5/isr_1.c **** void isr_1_StartEx(cyisraddress address)
 106:Generated_Source\PSoC5/isr_1.c **** {
 107:Generated_Source\PSoC5/isr_1.c ****     /* For all we know the interrupt is active. */
 108:Generated_Source\PSoC5/isr_1.c ****     isr_1_Disable();
 109:Generated_Source\PSoC5/isr_1.c **** 
 110:Generated_Source\PSoC5/isr_1.c ****     /* Set the ISR to point to the isr_1 Interrupt. */
 111:Generated_Source\PSoC5/isr_1.c ****     isr_1_SetVector(address);
 112:Generated_Source\PSoC5/isr_1.c **** 
 113:Generated_Source\PSoC5/isr_1.c ****     /* Set the priority. */
 114:Generated_Source\PSoC5/isr_1.c ****     isr_1_SetPriority((uint8)isr_1_INTC_PRIOR_NUMBER);
 115:Generated_Source\PSoC5/isr_1.c **** 
 116:Generated_Source\PSoC5/isr_1.c ****     /* Enable it. */
 117:Generated_Source\PSoC5/isr_1.c ****     isr_1_Enable();
 118:Generated_Source\PSoC5/isr_1.c **** }
 119:Generated_Source\PSoC5/isr_1.c **** 
 120:Generated_Source\PSoC5/isr_1.c **** 
 121:Generated_Source\PSoC5/isr_1.c **** /*******************************************************************************
 122:Generated_Source\PSoC5/isr_1.c **** * Function Name: isr_1_Stop
 123:Generated_Source\PSoC5/isr_1.c **** ********************************************************************************
 124:Generated_Source\PSoC5/isr_1.c **** *
 125:Generated_Source\PSoC5/isr_1.c **** * Summary:
 126:Generated_Source\PSoC5/isr_1.c **** *   Disables and removes the interrupt.
 127:Generated_Source\PSoC5/isr_1.c **** *
 128:Generated_Source\PSoC5/isr_1.c **** * Parameters:  
 129:Generated_Source\PSoC5/isr_1.c **** *   None
 130:Generated_Source\PSoC5/isr_1.c **** *
 131:Generated_Source\PSoC5/isr_1.c **** * Return:
 132:Generated_Source\PSoC5/isr_1.c **** *   None
 133:Generated_Source\PSoC5/isr_1.c **** *
 134:Generated_Source\PSoC5/isr_1.c **** *******************************************************************************/
 135:Generated_Source\PSoC5/isr_1.c **** void isr_1_Stop(void)
 136:Generated_Source\PSoC5/isr_1.c **** {
 137:Generated_Source\PSoC5/isr_1.c ****     /* Disable this interrupt. */
 138:Generated_Source\PSoC5/isr_1.c ****     isr_1_Disable();
 139:Generated_Source\PSoC5/isr_1.c **** 
 140:Generated_Source\PSoC5/isr_1.c ****     /* Set the ISR to point to the passive one. */
 141:Generated_Source\PSoC5/isr_1.c ****     isr_1_SetVector(&IntDefaultHandler);
 142:Generated_Source\PSoC5/isr_1.c **** }
 143:Generated_Source\PSoC5/isr_1.c **** 
 144:Generated_Source\PSoC5/isr_1.c **** 
ARM GAS  C:\Users\ujjjh\AppData\Local\Temp\ccZFxHqv.s 			page 4


 145:Generated_Source\PSoC5/isr_1.c **** /*******************************************************************************
 146:Generated_Source\PSoC5/isr_1.c **** * Function Name: isr_1_Interrupt
 147:Generated_Source\PSoC5/isr_1.c **** ********************************************************************************
 148:Generated_Source\PSoC5/isr_1.c **** *
 149:Generated_Source\PSoC5/isr_1.c **** * Summary:
 150:Generated_Source\PSoC5/isr_1.c **** *   The default Interrupt Service Routine for isr_1.
 151:Generated_Source\PSoC5/isr_1.c **** *
 152:Generated_Source\PSoC5/isr_1.c **** *   Add custom code between the coments to keep the next version of this file
 153:Generated_Source\PSoC5/isr_1.c **** *   from over writting your code.
 154:Generated_Source\PSoC5/isr_1.c **** *
 155:Generated_Source\PSoC5/isr_1.c **** * Parameters:  
 156:Generated_Source\PSoC5/isr_1.c **** *
 157:Generated_Source\PSoC5/isr_1.c **** * Return:
 158:Generated_Source\PSoC5/isr_1.c **** *   None
 159:Generated_Source\PSoC5/isr_1.c **** *
 160:Generated_Source\PSoC5/isr_1.c **** *******************************************************************************/
 161:Generated_Source\PSoC5/isr_1.c **** CY_ISR(isr_1_Interrupt)
 162:Generated_Source\PSoC5/isr_1.c **** {
  28              		.loc 1 162 0
  29              		.cfi_startproc
  30              		@ args = 0, pretend = 0, frame = 0
  31              		@ frame_needed = 0, uses_anonymous_args = 0
  32              		@ link register save eliminated.
 163:Generated_Source\PSoC5/isr_1.c ****     #ifdef isr_1_INTERRUPT_INTERRUPT_CALLBACK
 164:Generated_Source\PSoC5/isr_1.c ****         isr_1_Interrupt_InterruptCallback();
 165:Generated_Source\PSoC5/isr_1.c ****     #endif /* isr_1_INTERRUPT_INTERRUPT_CALLBACK */ 
 166:Generated_Source\PSoC5/isr_1.c **** 
 167:Generated_Source\PSoC5/isr_1.c ****     /*  Place your Interrupt code here. */
 168:Generated_Source\PSoC5/isr_1.c ****     /* `#START isr_1_Interrupt` */
 169:Generated_Source\PSoC5/isr_1.c ****       intr=1;
  33              		.loc 1 169 0
  34 0000 0122     		movs	r2, #1
  35 0002 014B     		ldr	r3, .L2
  36 0004 1A60     		str	r2, [r3]
  37 0006 7047     		bx	lr
  38              	.L3:
  39              		.align	2
  40              	.L2:
  41 0008 00000000 		.word	intr
  42              		.cfi_endproc
  43              	.LFE3:
  44              		.size	isr_1_Interrupt, .-isr_1_Interrupt
  45              		.section	.text.isr_1_SetVector,"ax",%progbits
  46              		.align	2
  47              		.global	isr_1_SetVector
  48              		.thumb
  49              		.thumb_func
  50              		.type	isr_1_SetVector, %function
  51              	isr_1_SetVector:
  52              	.LFB4:
 170:Generated_Source\PSoC5/isr_1.c ****     /* `#END` */
 171:Generated_Source\PSoC5/isr_1.c **** }
 172:Generated_Source\PSoC5/isr_1.c **** 
 173:Generated_Source\PSoC5/isr_1.c **** 
 174:Generated_Source\PSoC5/isr_1.c **** /*******************************************************************************
 175:Generated_Source\PSoC5/isr_1.c **** * Function Name: isr_1_SetVector
 176:Generated_Source\PSoC5/isr_1.c **** ********************************************************************************
ARM GAS  C:\Users\ujjjh\AppData\Local\Temp\ccZFxHqv.s 			page 5


 177:Generated_Source\PSoC5/isr_1.c **** *
 178:Generated_Source\PSoC5/isr_1.c **** * Summary:
 179:Generated_Source\PSoC5/isr_1.c **** *   Change the ISR vector for the Interrupt. Note calling isr_1_Start
 180:Generated_Source\PSoC5/isr_1.c **** *   will override any effect this method would have had. To set the vector 
 181:Generated_Source\PSoC5/isr_1.c **** *   before the component has been started use isr_1_StartEx instead.
 182:Generated_Source\PSoC5/isr_1.c **** * 
 183:Generated_Source\PSoC5/isr_1.c **** *   When defining ISR functions, the CY_ISR and CY_ISR_PROTO macros should be 
 184:Generated_Source\PSoC5/isr_1.c **** *   used to provide consistent definition across compilers:
 185:Generated_Source\PSoC5/isr_1.c **** *
 186:Generated_Source\PSoC5/isr_1.c **** *   Function definition example:
 187:Generated_Source\PSoC5/isr_1.c **** *   CY_ISR(MyISR)
 188:Generated_Source\PSoC5/isr_1.c **** *   {
 189:Generated_Source\PSoC5/isr_1.c **** *   }
 190:Generated_Source\PSoC5/isr_1.c **** *
 191:Generated_Source\PSoC5/isr_1.c **** *   Function prototype example:
 192:Generated_Source\PSoC5/isr_1.c **** *     CY_ISR_PROTO(MyISR);
 193:Generated_Source\PSoC5/isr_1.c **** *
 194:Generated_Source\PSoC5/isr_1.c **** * Parameters:
 195:Generated_Source\PSoC5/isr_1.c **** *   address: Address of the ISR to set in the interrupt vector table.
 196:Generated_Source\PSoC5/isr_1.c **** *
 197:Generated_Source\PSoC5/isr_1.c **** * Return:
 198:Generated_Source\PSoC5/isr_1.c **** *   None
 199:Generated_Source\PSoC5/isr_1.c **** *
 200:Generated_Source\PSoC5/isr_1.c **** *******************************************************************************/
 201:Generated_Source\PSoC5/isr_1.c **** void isr_1_SetVector(cyisraddress address)
 202:Generated_Source\PSoC5/isr_1.c **** {
  53              		.loc 1 202 0
  54              		.cfi_startproc
  55              		@ args = 0, pretend = 0, frame = 0
  56              		@ frame_needed = 0, uses_anonymous_args = 0
  57              		@ link register save eliminated.
  58              	.LVL0:
 203:Generated_Source\PSoC5/isr_1.c ****     cyisraddress * ramVectorTable;
 204:Generated_Source\PSoC5/isr_1.c **** 
 205:Generated_Source\PSoC5/isr_1.c ****     ramVectorTable = (cyisraddress *) *CYINT_VECT_TABLE;
  59              		.loc 1 205 0
  60 0000 014B     		ldr	r3, .L5
  61 0002 1B68     		ldr	r3, [r3]
  62              	.LVL1:
 206:Generated_Source\PSoC5/isr_1.c **** 
 207:Generated_Source\PSoC5/isr_1.c ****     ramVectorTable[CYINT_IRQ_BASE + (uint32)isr_1__INTC_NUMBER] = address;
  63              		.loc 1 207 0
  64 0004 1864     		str	r0, [r3, #64]
  65 0006 7047     		bx	lr
  66              	.L6:
  67              		.align	2
  68              	.L5:
  69 0008 08ED00E0 		.word	-536810232
  70              		.cfi_endproc
  71              	.LFE4:
  72              		.size	isr_1_SetVector, .-isr_1_SetVector
  73              		.section	.text.isr_1_GetVector,"ax",%progbits
  74              		.align	2
  75              		.global	isr_1_GetVector
  76              		.thumb
  77              		.thumb_func
  78              		.type	isr_1_GetVector, %function
ARM GAS  C:\Users\ujjjh\AppData\Local\Temp\ccZFxHqv.s 			page 6


  79              	isr_1_GetVector:
  80              	.LFB5:
 208:Generated_Source\PSoC5/isr_1.c **** }
 209:Generated_Source\PSoC5/isr_1.c **** 
 210:Generated_Source\PSoC5/isr_1.c **** 
 211:Generated_Source\PSoC5/isr_1.c **** /*******************************************************************************
 212:Generated_Source\PSoC5/isr_1.c **** * Function Name: isr_1_GetVector
 213:Generated_Source\PSoC5/isr_1.c **** ********************************************************************************
 214:Generated_Source\PSoC5/isr_1.c **** *
 215:Generated_Source\PSoC5/isr_1.c **** * Summary:
 216:Generated_Source\PSoC5/isr_1.c **** *   Gets the "address" of the current ISR vector for the Interrupt.
 217:Generated_Source\PSoC5/isr_1.c **** *
 218:Generated_Source\PSoC5/isr_1.c **** * Parameters:
 219:Generated_Source\PSoC5/isr_1.c **** *   None
 220:Generated_Source\PSoC5/isr_1.c **** *
 221:Generated_Source\PSoC5/isr_1.c **** * Return:
 222:Generated_Source\PSoC5/isr_1.c **** *   Address of the ISR in the interrupt vector table.
 223:Generated_Source\PSoC5/isr_1.c **** *
 224:Generated_Source\PSoC5/isr_1.c **** *******************************************************************************/
 225:Generated_Source\PSoC5/isr_1.c **** cyisraddress isr_1_GetVector(void)
 226:Generated_Source\PSoC5/isr_1.c **** {
  81              		.loc 1 226 0
  82              		.cfi_startproc
  83              		@ args = 0, pretend = 0, frame = 0
  84              		@ frame_needed = 0, uses_anonymous_args = 0
  85              		@ link register save eliminated.
 227:Generated_Source\PSoC5/isr_1.c ****     cyisraddress * ramVectorTable;
 228:Generated_Source\PSoC5/isr_1.c **** 
 229:Generated_Source\PSoC5/isr_1.c ****     ramVectorTable = (cyisraddress *) *CYINT_VECT_TABLE;
  86              		.loc 1 229 0
  87 0000 014B     		ldr	r3, .L8
  88 0002 1B68     		ldr	r3, [r3]
  89              	.LVL2:
 230:Generated_Source\PSoC5/isr_1.c **** 
 231:Generated_Source\PSoC5/isr_1.c ****     return ramVectorTable[CYINT_IRQ_BASE + (uint32)isr_1__INTC_NUMBER];
 232:Generated_Source\PSoC5/isr_1.c **** }
  90              		.loc 1 232 0
  91 0004 186C     		ldr	r0, [r3, #64]
  92 0006 7047     		bx	lr
  93              	.L9:
  94              		.align	2
  95              	.L8:
  96 0008 08ED00E0 		.word	-536810232
  97              		.cfi_endproc
  98              	.LFE5:
  99              		.size	isr_1_GetVector, .-isr_1_GetVector
 100              		.section	.text.isr_1_SetPriority,"ax",%progbits
 101              		.align	2
 102              		.global	isr_1_SetPriority
 103              		.thumb
 104              		.thumb_func
 105              		.type	isr_1_SetPriority, %function
 106              	isr_1_SetPriority:
 107              	.LFB6:
 233:Generated_Source\PSoC5/isr_1.c **** 
 234:Generated_Source\PSoC5/isr_1.c **** 
 235:Generated_Source\PSoC5/isr_1.c **** /*******************************************************************************
ARM GAS  C:\Users\ujjjh\AppData\Local\Temp\ccZFxHqv.s 			page 7


 236:Generated_Source\PSoC5/isr_1.c **** * Function Name: isr_1_SetPriority
 237:Generated_Source\PSoC5/isr_1.c **** ********************************************************************************
 238:Generated_Source\PSoC5/isr_1.c **** *
 239:Generated_Source\PSoC5/isr_1.c **** * Summary:
 240:Generated_Source\PSoC5/isr_1.c **** *   Sets the Priority of the Interrupt. 
 241:Generated_Source\PSoC5/isr_1.c **** *
 242:Generated_Source\PSoC5/isr_1.c **** *   Note calling isr_1_Start or isr_1_StartEx will 
 243:Generated_Source\PSoC5/isr_1.c **** *   override any effect this API would have had. This API should only be called
 244:Generated_Source\PSoC5/isr_1.c **** *   after isr_1_Start or isr_1_StartEx has been called. 
 245:Generated_Source\PSoC5/isr_1.c **** *   To set the initial priority for the component, use the Design-Wide Resources
 246:Generated_Source\PSoC5/isr_1.c **** *   Interrupt Editor.
 247:Generated_Source\PSoC5/isr_1.c **** *
 248:Generated_Source\PSoC5/isr_1.c **** *   Note This API has no effect on Non-maskable interrupt NMI).
 249:Generated_Source\PSoC5/isr_1.c **** *
 250:Generated_Source\PSoC5/isr_1.c **** * Parameters:
 251:Generated_Source\PSoC5/isr_1.c **** *   priority: Priority of the interrupt, 0 being the highest priority
 252:Generated_Source\PSoC5/isr_1.c **** *             PSoC 3 and PSoC 5LP: Priority is from 0 to 7.
 253:Generated_Source\PSoC5/isr_1.c **** *             PSoC 4: Priority is from 0 to 3.
 254:Generated_Source\PSoC5/isr_1.c **** *
 255:Generated_Source\PSoC5/isr_1.c **** * Return:
 256:Generated_Source\PSoC5/isr_1.c **** *   None
 257:Generated_Source\PSoC5/isr_1.c **** *
 258:Generated_Source\PSoC5/isr_1.c **** *******************************************************************************/
 259:Generated_Source\PSoC5/isr_1.c **** void isr_1_SetPriority(uint8 priority)
 260:Generated_Source\PSoC5/isr_1.c **** {
 108              		.loc 1 260 0
 109              		.cfi_startproc
 110              		@ args = 0, pretend = 0, frame = 0
 111              		@ frame_needed = 0, uses_anonymous_args = 0
 112              		@ link register save eliminated.
 113              	.LVL3:
 261:Generated_Source\PSoC5/isr_1.c ****     *isr_1_INTC_PRIOR = priority << 5;
 114              		.loc 1 261 0
 115 0000 4001     		lsls	r0, r0, #5
 116              	.LVL4:
 117 0002 C0B2     		uxtb	r0, r0
 118 0004 014B     		ldr	r3, .L11
 119 0006 1870     		strb	r0, [r3]
 120 0008 7047     		bx	lr
 121              	.L12:
 122 000a 00BF     		.align	2
 123              	.L11:
 124 000c 00E400E0 		.word	-536812544
 125              		.cfi_endproc
 126              	.LFE6:
 127              		.size	isr_1_SetPriority, .-isr_1_SetPriority
 128              		.section	.text.isr_1_GetPriority,"ax",%progbits
 129              		.align	2
 130              		.global	isr_1_GetPriority
 131              		.thumb
 132              		.thumb_func
 133              		.type	isr_1_GetPriority, %function
 134              	isr_1_GetPriority:
 135              	.LFB7:
 262:Generated_Source\PSoC5/isr_1.c **** }
 263:Generated_Source\PSoC5/isr_1.c **** 
 264:Generated_Source\PSoC5/isr_1.c **** 
ARM GAS  C:\Users\ujjjh\AppData\Local\Temp\ccZFxHqv.s 			page 8


 265:Generated_Source\PSoC5/isr_1.c **** /*******************************************************************************
 266:Generated_Source\PSoC5/isr_1.c **** * Function Name: isr_1_GetPriority
 267:Generated_Source\PSoC5/isr_1.c **** ********************************************************************************
 268:Generated_Source\PSoC5/isr_1.c **** *
 269:Generated_Source\PSoC5/isr_1.c **** * Summary:
 270:Generated_Source\PSoC5/isr_1.c **** *   Gets the Priority of the Interrupt.
 271:Generated_Source\PSoC5/isr_1.c **** *
 272:Generated_Source\PSoC5/isr_1.c **** * Parameters:
 273:Generated_Source\PSoC5/isr_1.c **** *   None
 274:Generated_Source\PSoC5/isr_1.c **** *
 275:Generated_Source\PSoC5/isr_1.c **** * Return:
 276:Generated_Source\PSoC5/isr_1.c **** *   Priority of the interrupt, 0 being the highest priority
 277:Generated_Source\PSoC5/isr_1.c **** *    PSoC 3 and PSoC 5LP: Priority is from 0 to 7.
 278:Generated_Source\PSoC5/isr_1.c **** *    PSoC 4: Priority is from 0 to 3.
 279:Generated_Source\PSoC5/isr_1.c **** *
 280:Generated_Source\PSoC5/isr_1.c **** *******************************************************************************/
 281:Generated_Source\PSoC5/isr_1.c **** uint8 isr_1_GetPriority(void)
 282:Generated_Source\PSoC5/isr_1.c **** {
 136              		.loc 1 282 0
 137              		.cfi_startproc
 138              		@ args = 0, pretend = 0, frame = 0
 139              		@ frame_needed = 0, uses_anonymous_args = 0
 140              		@ link register save eliminated.
 283:Generated_Source\PSoC5/isr_1.c ****     uint8 priority;
 284:Generated_Source\PSoC5/isr_1.c **** 
 285:Generated_Source\PSoC5/isr_1.c **** 
 286:Generated_Source\PSoC5/isr_1.c ****     priority = *isr_1_INTC_PRIOR >> 5;
 141              		.loc 1 286 0
 142 0000 014B     		ldr	r3, .L14
 143 0002 1878     		ldrb	r0, [r3]	@ zero_extendqisi2
 144              	.LVL5:
 287:Generated_Source\PSoC5/isr_1.c **** 
 288:Generated_Source\PSoC5/isr_1.c ****     return priority;
 289:Generated_Source\PSoC5/isr_1.c **** }
 145              		.loc 1 289 0
 146 0004 4009     		lsrs	r0, r0, #5
 147              	.LVL6:
 148 0006 7047     		bx	lr
 149              	.L15:
 150              		.align	2
 151              	.L14:
 152 0008 00E400E0 		.word	-536812544
 153              		.cfi_endproc
 154              	.LFE7:
 155              		.size	isr_1_GetPriority, .-isr_1_GetPriority
 156              		.section	.text.isr_1_Enable,"ax",%progbits
 157              		.align	2
 158              		.global	isr_1_Enable
 159              		.thumb
 160              		.thumb_func
 161              		.type	isr_1_Enable, %function
 162              	isr_1_Enable:
 163              	.LFB8:
 290:Generated_Source\PSoC5/isr_1.c **** 
 291:Generated_Source\PSoC5/isr_1.c **** 
 292:Generated_Source\PSoC5/isr_1.c **** /*******************************************************************************
 293:Generated_Source\PSoC5/isr_1.c **** * Function Name: isr_1_Enable
ARM GAS  C:\Users\ujjjh\AppData\Local\Temp\ccZFxHqv.s 			page 9


 294:Generated_Source\PSoC5/isr_1.c **** ********************************************************************************
 295:Generated_Source\PSoC5/isr_1.c **** *
 296:Generated_Source\PSoC5/isr_1.c **** * Summary:
 297:Generated_Source\PSoC5/isr_1.c **** *   Enables the interrupt to the interrupt controller. Do not call this function
 298:Generated_Source\PSoC5/isr_1.c **** *   unless ISR_Start() has been called or the functionality of the ISR_Start() 
 299:Generated_Source\PSoC5/isr_1.c **** *   function, which sets the vector and the priority, has been called.
 300:Generated_Source\PSoC5/isr_1.c **** *
 301:Generated_Source\PSoC5/isr_1.c **** * Parameters:
 302:Generated_Source\PSoC5/isr_1.c **** *   None
 303:Generated_Source\PSoC5/isr_1.c **** *
 304:Generated_Source\PSoC5/isr_1.c **** * Return:
 305:Generated_Source\PSoC5/isr_1.c **** *   None
 306:Generated_Source\PSoC5/isr_1.c **** *
 307:Generated_Source\PSoC5/isr_1.c **** *******************************************************************************/
 308:Generated_Source\PSoC5/isr_1.c **** void isr_1_Enable(void)
 309:Generated_Source\PSoC5/isr_1.c **** {
 164              		.loc 1 309 0
 165              		.cfi_startproc
 166              		@ args = 0, pretend = 0, frame = 0
 167              		@ frame_needed = 0, uses_anonymous_args = 0
 168              		@ link register save eliminated.
 310:Generated_Source\PSoC5/isr_1.c ****     /* Enable the general interrupt. */
 311:Generated_Source\PSoC5/isr_1.c ****     *isr_1_INTC_SET_EN = isr_1__INTC_MASK;
 169              		.loc 1 311 0
 170 0000 0122     		movs	r2, #1
 171 0002 014B     		ldr	r3, .L17
 172 0004 1A60     		str	r2, [r3]
 173 0006 7047     		bx	lr
 174              	.L18:
 175              		.align	2
 176              	.L17:
 177 0008 00E100E0 		.word	-536813312
 178              		.cfi_endproc
 179              	.LFE8:
 180              		.size	isr_1_Enable, .-isr_1_Enable
 181              		.section	.text.isr_1_GetState,"ax",%progbits
 182              		.align	2
 183              		.global	isr_1_GetState
 184              		.thumb
 185              		.thumb_func
 186              		.type	isr_1_GetState, %function
 187              	isr_1_GetState:
 188              	.LFB9:
 312:Generated_Source\PSoC5/isr_1.c **** }
 313:Generated_Source\PSoC5/isr_1.c **** 
 314:Generated_Source\PSoC5/isr_1.c **** 
 315:Generated_Source\PSoC5/isr_1.c **** /*******************************************************************************
 316:Generated_Source\PSoC5/isr_1.c **** * Function Name: isr_1_GetState
 317:Generated_Source\PSoC5/isr_1.c **** ********************************************************************************
 318:Generated_Source\PSoC5/isr_1.c **** *
 319:Generated_Source\PSoC5/isr_1.c **** * Summary:
 320:Generated_Source\PSoC5/isr_1.c **** *   Gets the state (enabled, disabled) of the Interrupt.
 321:Generated_Source\PSoC5/isr_1.c **** *
 322:Generated_Source\PSoC5/isr_1.c **** * Parameters:
 323:Generated_Source\PSoC5/isr_1.c **** *   None
 324:Generated_Source\PSoC5/isr_1.c **** *
 325:Generated_Source\PSoC5/isr_1.c **** * Return:
ARM GAS  C:\Users\ujjjh\AppData\Local\Temp\ccZFxHqv.s 			page 10


 326:Generated_Source\PSoC5/isr_1.c **** *   1 if enabled, 0 if disabled.
 327:Generated_Source\PSoC5/isr_1.c **** *
 328:Generated_Source\PSoC5/isr_1.c **** *******************************************************************************/
 329:Generated_Source\PSoC5/isr_1.c **** uint8 isr_1_GetState(void)
 330:Generated_Source\PSoC5/isr_1.c **** {
 189              		.loc 1 330 0
 190              		.cfi_startproc
 191              		@ args = 0, pretend = 0, frame = 0
 192              		@ frame_needed = 0, uses_anonymous_args = 0
 193              		@ link register save eliminated.
 331:Generated_Source\PSoC5/isr_1.c ****     /* Get the state of the general interrupt. */
 332:Generated_Source\PSoC5/isr_1.c ****     return ((*isr_1_INTC_SET_EN & (uint32)isr_1__INTC_MASK) != 0u) ? 1u:0u;
 194              		.loc 1 332 0
 195 0000 024B     		ldr	r3, .L20
 196 0002 1868     		ldr	r0, [r3]
 333:Generated_Source\PSoC5/isr_1.c **** }
 197              		.loc 1 333 0
 198 0004 00F00100 		and	r0, r0, #1
 199 0008 7047     		bx	lr
 200              	.L21:
 201 000a 00BF     		.align	2
 202              	.L20:
 203 000c 00E100E0 		.word	-536813312
 204              		.cfi_endproc
 205              	.LFE9:
 206              		.size	isr_1_GetState, .-isr_1_GetState
 207              		.section	.text.isr_1_Disable,"ax",%progbits
 208              		.align	2
 209              		.global	isr_1_Disable
 210              		.thumb
 211              		.thumb_func
 212              		.type	isr_1_Disable, %function
 213              	isr_1_Disable:
 214              	.LFB10:
 334:Generated_Source\PSoC5/isr_1.c **** 
 335:Generated_Source\PSoC5/isr_1.c **** 
 336:Generated_Source\PSoC5/isr_1.c **** /*******************************************************************************
 337:Generated_Source\PSoC5/isr_1.c **** * Function Name: isr_1_Disable
 338:Generated_Source\PSoC5/isr_1.c **** ********************************************************************************
 339:Generated_Source\PSoC5/isr_1.c **** *
 340:Generated_Source\PSoC5/isr_1.c **** * Summary:
 341:Generated_Source\PSoC5/isr_1.c **** *   Disables the Interrupt in the interrupt controller.
 342:Generated_Source\PSoC5/isr_1.c **** *
 343:Generated_Source\PSoC5/isr_1.c **** * Parameters:
 344:Generated_Source\PSoC5/isr_1.c **** *   None
 345:Generated_Source\PSoC5/isr_1.c **** *
 346:Generated_Source\PSoC5/isr_1.c **** * Return:
 347:Generated_Source\PSoC5/isr_1.c **** *   None
 348:Generated_Source\PSoC5/isr_1.c **** *
 349:Generated_Source\PSoC5/isr_1.c **** *******************************************************************************/
 350:Generated_Source\PSoC5/isr_1.c **** void isr_1_Disable(void)
 351:Generated_Source\PSoC5/isr_1.c **** {
 215              		.loc 1 351 0
 216              		.cfi_startproc
 217              		@ args = 0, pretend = 0, frame = 0
 218              		@ frame_needed = 0, uses_anonymous_args = 0
 219              		@ link register save eliminated.
ARM GAS  C:\Users\ujjjh\AppData\Local\Temp\ccZFxHqv.s 			page 11


 352:Generated_Source\PSoC5/isr_1.c ****     /* Disable the general interrupt. */
 353:Generated_Source\PSoC5/isr_1.c ****     *isr_1_INTC_CLR_EN = isr_1__INTC_MASK;
 220              		.loc 1 353 0
 221 0000 0122     		movs	r2, #1
 222 0002 014B     		ldr	r3, .L23
 223 0004 1A60     		str	r2, [r3]
 224 0006 7047     		bx	lr
 225              	.L24:
 226              		.align	2
 227              	.L23:
 228 0008 80E100E0 		.word	-536813184
 229              		.cfi_endproc
 230              	.LFE10:
 231              		.size	isr_1_Disable, .-isr_1_Disable
 232              		.section	.text.isr_1_Start,"ax",%progbits
 233              		.align	2
 234              		.global	isr_1_Start
 235              		.thumb
 236              		.thumb_func
 237              		.type	isr_1_Start, %function
 238              	isr_1_Start:
 239              	.LFB0:
  63:Generated_Source\PSoC5/isr_1.c ****     /* For all we know the interrupt is active. */
 240              		.loc 1 63 0
 241              		.cfi_startproc
 242              		@ args = 0, pretend = 0, frame = 0
 243              		@ frame_needed = 0, uses_anonymous_args = 0
 244 0000 08B5     		push	{r3, lr}
 245              		.cfi_def_cfa_offset 8
 246              		.cfi_offset 3, -8
 247              		.cfi_offset 14, -4
  65:Generated_Source\PSoC5/isr_1.c **** 
 248              		.loc 1 65 0
 249 0002 FFF7FEFF 		bl	isr_1_Disable
 250              	.LVL7:
  68:Generated_Source\PSoC5/isr_1.c **** 
 251              		.loc 1 68 0
 252 0006 0448     		ldr	r0, .L27
 253 0008 FFF7FEFF 		bl	isr_1_SetVector
 254              	.LVL8:
  71:Generated_Source\PSoC5/isr_1.c **** 
 255              		.loc 1 71 0
 256 000c 0720     		movs	r0, #7
 257 000e FFF7FEFF 		bl	isr_1_SetPriority
 258              	.LVL9:
  74:Generated_Source\PSoC5/isr_1.c **** }
 259              		.loc 1 74 0
 260 0012 FFF7FEFF 		bl	isr_1_Enable
 261              	.LVL10:
 262 0016 08BD     		pop	{r3, pc}
 263              	.L28:
 264              		.align	2
 265              	.L27:
 266 0018 00000000 		.word	isr_1_Interrupt
 267              		.cfi_endproc
 268              	.LFE0:
 269              		.size	isr_1_Start, .-isr_1_Start
ARM GAS  C:\Users\ujjjh\AppData\Local\Temp\ccZFxHqv.s 			page 12


 270              		.section	.text.isr_1_StartEx,"ax",%progbits
 271              		.align	2
 272              		.global	isr_1_StartEx
 273              		.thumb
 274              		.thumb_func
 275              		.type	isr_1_StartEx, %function
 276              	isr_1_StartEx:
 277              	.LFB1:
 106:Generated_Source\PSoC5/isr_1.c ****     /* For all we know the interrupt is active. */
 278              		.loc 1 106 0
 279              		.cfi_startproc
 280              		@ args = 0, pretend = 0, frame = 0
 281              		@ frame_needed = 0, uses_anonymous_args = 0
 282              	.LVL11:
 283 0000 10B5     		push	{r4, lr}
 284              		.cfi_def_cfa_offset 8
 285              		.cfi_offset 4, -8
 286              		.cfi_offset 14, -4
 287 0002 0446     		mov	r4, r0
 108:Generated_Source\PSoC5/isr_1.c **** 
 288              		.loc 1 108 0
 289 0004 FFF7FEFF 		bl	isr_1_Disable
 290              	.LVL12:
 111:Generated_Source\PSoC5/isr_1.c **** 
 291              		.loc 1 111 0
 292 0008 2046     		mov	r0, r4
 293 000a FFF7FEFF 		bl	isr_1_SetVector
 294              	.LVL13:
 114:Generated_Source\PSoC5/isr_1.c **** 
 295              		.loc 1 114 0
 296 000e 0720     		movs	r0, #7
 297 0010 FFF7FEFF 		bl	isr_1_SetPriority
 298              	.LVL14:
 117:Generated_Source\PSoC5/isr_1.c **** }
 299              		.loc 1 117 0
 300 0014 FFF7FEFF 		bl	isr_1_Enable
 301              	.LVL15:
 302 0018 10BD     		pop	{r4, pc}
 303              		.cfi_endproc
 304              	.LFE1:
 305              		.size	isr_1_StartEx, .-isr_1_StartEx
 306 001a 00BF     		.section	.text.isr_1_Stop,"ax",%progbits
 307              		.align	2
 308              		.global	isr_1_Stop
 309              		.thumb
 310              		.thumb_func
 311              		.type	isr_1_Stop, %function
 312              	isr_1_Stop:
 313              	.LFB2:
 136:Generated_Source\PSoC5/isr_1.c ****     /* Disable this interrupt. */
 314              		.loc 1 136 0
 315              		.cfi_startproc
 316              		@ args = 0, pretend = 0, frame = 0
 317              		@ frame_needed = 0, uses_anonymous_args = 0
 318 0000 08B5     		push	{r3, lr}
 319              		.cfi_def_cfa_offset 8
 320              		.cfi_offset 3, -8
ARM GAS  C:\Users\ujjjh\AppData\Local\Temp\ccZFxHqv.s 			page 13


 321              		.cfi_offset 14, -4
 138:Generated_Source\PSoC5/isr_1.c **** 
 322              		.loc 1 138 0
 323 0002 FFF7FEFF 		bl	isr_1_Disable
 324              	.LVL16:
 141:Generated_Source\PSoC5/isr_1.c **** }
 325              		.loc 1 141 0
 326 0006 0248     		ldr	r0, .L33
 327 0008 FFF7FEFF 		bl	isr_1_SetVector
 328              	.LVL17:
 329 000c 08BD     		pop	{r3, pc}
 330              	.L34:
 331 000e 00BF     		.align	2
 332              	.L33:
 333 0010 00000000 		.word	IntDefaultHandler
 334              		.cfi_endproc
 335              	.LFE2:
 336              		.size	isr_1_Stop, .-isr_1_Stop
 337              		.section	.text.isr_1_SetPending,"ax",%progbits
 338              		.align	2
 339              		.global	isr_1_SetPending
 340              		.thumb
 341              		.thumb_func
 342              		.type	isr_1_SetPending, %function
 343              	isr_1_SetPending:
 344              	.LFB11:
 354:Generated_Source\PSoC5/isr_1.c **** }
 355:Generated_Source\PSoC5/isr_1.c **** 
 356:Generated_Source\PSoC5/isr_1.c **** 
 357:Generated_Source\PSoC5/isr_1.c **** /*******************************************************************************
 358:Generated_Source\PSoC5/isr_1.c **** * Function Name: isr_1_SetPending
 359:Generated_Source\PSoC5/isr_1.c **** ********************************************************************************
 360:Generated_Source\PSoC5/isr_1.c **** *
 361:Generated_Source\PSoC5/isr_1.c **** * Summary:
 362:Generated_Source\PSoC5/isr_1.c **** *   Causes the Interrupt to enter the pending state, a software method of
 363:Generated_Source\PSoC5/isr_1.c **** *   generating the interrupt.
 364:Generated_Source\PSoC5/isr_1.c **** *
 365:Generated_Source\PSoC5/isr_1.c **** * Parameters:
 366:Generated_Source\PSoC5/isr_1.c **** *   None
 367:Generated_Source\PSoC5/isr_1.c **** *
 368:Generated_Source\PSoC5/isr_1.c **** * Return:
 369:Generated_Source\PSoC5/isr_1.c **** *   None
 370:Generated_Source\PSoC5/isr_1.c **** *
 371:Generated_Source\PSoC5/isr_1.c **** * Side Effects:
 372:Generated_Source\PSoC5/isr_1.c **** *   If interrupts are enabled and the interrupt is set up properly, the ISR is
 373:Generated_Source\PSoC5/isr_1.c **** *   entered (depending on the priority of this interrupt and other pending 
 374:Generated_Source\PSoC5/isr_1.c **** *   interrupts).
 375:Generated_Source\PSoC5/isr_1.c **** *
 376:Generated_Source\PSoC5/isr_1.c **** *******************************************************************************/
 377:Generated_Source\PSoC5/isr_1.c **** void isr_1_SetPending(void)
 378:Generated_Source\PSoC5/isr_1.c **** {
 345              		.loc 1 378 0
 346              		.cfi_startproc
 347              		@ args = 0, pretend = 0, frame = 0
 348              		@ frame_needed = 0, uses_anonymous_args = 0
 349              		@ link register save eliminated.
 379:Generated_Source\PSoC5/isr_1.c ****     *isr_1_INTC_SET_PD = isr_1__INTC_MASK;
ARM GAS  C:\Users\ujjjh\AppData\Local\Temp\ccZFxHqv.s 			page 14


 350              		.loc 1 379 0
 351 0000 0122     		movs	r2, #1
 352 0002 014B     		ldr	r3, .L36
 353 0004 1A60     		str	r2, [r3]
 354 0006 7047     		bx	lr
 355              	.L37:
 356              		.align	2
 357              	.L36:
 358 0008 00E200E0 		.word	-536813056
 359              		.cfi_endproc
 360              	.LFE11:
 361              		.size	isr_1_SetPending, .-isr_1_SetPending
 362              		.section	.text.isr_1_ClearPending,"ax",%progbits
 363              		.align	2
 364              		.global	isr_1_ClearPending
 365              		.thumb
 366              		.thumb_func
 367              		.type	isr_1_ClearPending, %function
 368              	isr_1_ClearPending:
 369              	.LFB12:
 380:Generated_Source\PSoC5/isr_1.c **** }
 381:Generated_Source\PSoC5/isr_1.c **** 
 382:Generated_Source\PSoC5/isr_1.c **** 
 383:Generated_Source\PSoC5/isr_1.c **** /*******************************************************************************
 384:Generated_Source\PSoC5/isr_1.c **** * Function Name: isr_1_ClearPending
 385:Generated_Source\PSoC5/isr_1.c **** ********************************************************************************
 386:Generated_Source\PSoC5/isr_1.c **** *
 387:Generated_Source\PSoC5/isr_1.c **** * Summary:
 388:Generated_Source\PSoC5/isr_1.c **** *   Clears a pending interrupt in the interrupt controller.
 389:Generated_Source\PSoC5/isr_1.c **** *
 390:Generated_Source\PSoC5/isr_1.c **** *   Note Some interrupt sources are clear-on-read and require the block 
 391:Generated_Source\PSoC5/isr_1.c **** *   interrupt/status register to be read/cleared with the appropriate block API 
 392:Generated_Source\PSoC5/isr_1.c **** *   (GPIO, UART, and so on). Otherwise the ISR will continue to remain in 
 393:Generated_Source\PSoC5/isr_1.c **** *   pending state even though the interrupt itself is cleared using this API.
 394:Generated_Source\PSoC5/isr_1.c **** *
 395:Generated_Source\PSoC5/isr_1.c **** * Parameters:
 396:Generated_Source\PSoC5/isr_1.c **** *   None
 397:Generated_Source\PSoC5/isr_1.c **** *
 398:Generated_Source\PSoC5/isr_1.c **** * Return:
 399:Generated_Source\PSoC5/isr_1.c **** *   None
 400:Generated_Source\PSoC5/isr_1.c **** *
 401:Generated_Source\PSoC5/isr_1.c **** *******************************************************************************/
 402:Generated_Source\PSoC5/isr_1.c **** void isr_1_ClearPending(void)
 403:Generated_Source\PSoC5/isr_1.c **** {
 370              		.loc 1 403 0
 371              		.cfi_startproc
 372              		@ args = 0, pretend = 0, frame = 0
 373              		@ frame_needed = 0, uses_anonymous_args = 0
 374              		@ link register save eliminated.
 404:Generated_Source\PSoC5/isr_1.c ****     *isr_1_INTC_CLR_PD = isr_1__INTC_MASK;
 375              		.loc 1 404 0
 376 0000 0122     		movs	r2, #1
 377 0002 014B     		ldr	r3, .L39
 378 0004 1A60     		str	r2, [r3]
 379 0006 7047     		bx	lr
 380              	.L40:
 381              		.align	2
ARM GAS  C:\Users\ujjjh\AppData\Local\Temp\ccZFxHqv.s 			page 15


 382              	.L39:
 383 0008 80E200E0 		.word	-536812928
 384              		.cfi_endproc
 385              	.LFE12:
 386              		.size	isr_1_ClearPending, .-isr_1_ClearPending
 387              		.comm	intr,4,4
 388              		.text
 389              	.Letext0:
 390              		.file 2 "Generated_Source\\PSoC5/cytypes.h"
 391              		.section	.debug_info,"",%progbits
 392              	.Ldebug_info0:
 393 0000 E4020000 		.4byte	0x2e4
 394 0004 0400     		.2byte	0x4
 395 0006 00000000 		.4byte	.Ldebug_abbrev0
 396 000a 04       		.byte	0x4
 397 000b 01       		.uleb128 0x1
 398 000c EC000000 		.4byte	.LASF34
 399 0010 0C       		.byte	0xc
 400 0011 B9010000 		.4byte	.LASF35
 401 0015 89000000 		.4byte	.LASF36
 402 0019 00000000 		.4byte	.Ldebug_ranges0+0
 403 001d 00000000 		.4byte	0
 404 0021 00000000 		.4byte	.Ldebug_line0
 405 0025 02       		.uleb128 0x2
 406 0026 04       		.byte	0x4
 407 0027 05       		.byte	0x5
 408 0028 696E7400 		.ascii	"int\000"
 409 002c 03       		.uleb128 0x3
 410 002d 04       		.byte	0x4
 411 002e 07       		.byte	0x7
 412 002f DF010000 		.4byte	.LASF0
 413 0033 03       		.uleb128 0x3
 414 0034 08       		.byte	0x8
 415 0035 05       		.byte	0x5
 416 0036 21020000 		.4byte	.LASF1
 417 003a 03       		.uleb128 0x3
 418 003b 08       		.byte	0x8
 419 003c 04       		.byte	0x4
 420 003d 83020000 		.4byte	.LASF2
 421 0041 03       		.uleb128 0x3
 422 0042 01       		.byte	0x1
 423 0043 06       		.byte	0x6
 424 0044 8F020000 		.4byte	.LASF3
 425 0048 03       		.uleb128 0x3
 426 0049 01       		.byte	0x1
 427 004a 08       		.byte	0x8
 428 004b DE000000 		.4byte	.LASF4
 429 004f 03       		.uleb128 0x3
 430 0050 02       		.byte	0x2
 431 0051 05       		.byte	0x5
 432 0052 50020000 		.4byte	.LASF5
 433 0056 03       		.uleb128 0x3
 434 0057 02       		.byte	0x2
 435 0058 07       		.byte	0x7
 436 0059 5E000000 		.4byte	.LASF6
 437 005d 03       		.uleb128 0x3
 438 005e 04       		.byte	0x4
ARM GAS  C:\Users\ujjjh\AppData\Local\Temp\ccZFxHqv.s 			page 16


 439 005f 05       		.byte	0x5
 440 0060 7A020000 		.4byte	.LASF7
 441 0064 03       		.uleb128 0x3
 442 0065 04       		.byte	0x4
 443 0066 07       		.byte	0x7
 444 0067 7F010000 		.4byte	.LASF8
 445 006b 03       		.uleb128 0x3
 446 006c 08       		.byte	0x8
 447 006d 07       		.byte	0x7
 448 006e F4010000 		.4byte	.LASF9
 449 0072 03       		.uleb128 0x3
 450 0073 04       		.byte	0x4
 451 0074 07       		.byte	0x7
 452 0075 18020000 		.4byte	.LASF10
 453 0079 03       		.uleb128 0x3
 454 007a 01       		.byte	0x1
 455 007b 08       		.byte	0x8
 456 007c 3C020000 		.4byte	.LASF11
 457 0080 04       		.uleb128 0x4
 458 0081 04       		.byte	0x4
 459 0082 86000000 		.4byte	0x86
 460 0086 05       		.uleb128 0x5
 461 0087 06       		.uleb128 0x6
 462 0088 91010000 		.4byte	.LASF12
 463 008c 02       		.byte	0x2
 464 008d E401     		.2byte	0x1e4
 465 008f 48000000 		.4byte	0x48
 466 0093 06       		.uleb128 0x6
 467 0094 D8010000 		.4byte	.LASF13
 468 0098 02       		.byte	0x2
 469 0099 E601     		.2byte	0x1e6
 470 009b 64000000 		.4byte	0x64
 471 009f 03       		.uleb128 0x3
 472 00a0 04       		.byte	0x4
 473 00a1 04       		.byte	0x4
 474 00a2 83000000 		.4byte	.LASF14
 475 00a6 03       		.uleb128 0x3
 476 00a7 08       		.byte	0x8
 477 00a8 04       		.byte	0x4
 478 00a9 A0010000 		.4byte	.LASF15
 479 00ad 06       		.uleb128 0x6
 480 00ae 7A010000 		.4byte	.LASF16
 481 00b2 02       		.byte	0x2
 482 00b3 8E02     		.2byte	0x28e
 483 00b5 B9000000 		.4byte	0xb9
 484 00b9 07       		.uleb128 0x7
 485 00ba 87000000 		.4byte	0x87
 486 00be 06       		.uleb128 0x6
 487 00bf 13000000 		.4byte	.LASF17
 488 00c3 02       		.byte	0x2
 489 00c4 9002     		.2byte	0x290
 490 00c6 CA000000 		.4byte	0xca
 491 00ca 07       		.uleb128 0x7
 492 00cb 93000000 		.4byte	0x93
 493 00cf 06       		.uleb128 0x6
 494 00d0 0B020000 		.4byte	.LASF18
 495 00d4 02       		.byte	0x2
ARM GAS  C:\Users\ujjjh\AppData\Local\Temp\ccZFxHqv.s 			page 17


 496 00d5 A002     		.2byte	0x2a0
 497 00d7 80000000 		.4byte	0x80
 498 00db 08       		.uleb128 0x8
 499 00dc 6A020000 		.4byte	.LASF26
 500 00e0 01       		.byte	0x1
 501 00e1 A1       		.byte	0xa1
 502 00e2 00000000 		.4byte	.LFB3
 503 00e6 0C000000 		.4byte	.LFE3-.LFB3
 504 00ea 01       		.uleb128 0x1
 505 00eb 9C       		.byte	0x9c
 506 00ec 09       		.uleb128 0x9
 507 00ed AE020000 		.4byte	.LASF20
 508 00f1 01       		.byte	0x1
 509 00f2 C9       		.byte	0xc9
 510 00f3 00000000 		.4byte	.LFB4
 511 00f7 0C000000 		.4byte	.LFE4-.LFB4
 512 00fb 01       		.uleb128 0x1
 513 00fc 9C       		.byte	0x9c
 514 00fd 1C010000 		.4byte	0x11c
 515 0101 0A       		.uleb128 0xa
 516 0102 EC010000 		.4byte	.LASF22
 517 0106 01       		.byte	0x1
 518 0107 C9       		.byte	0xc9
 519 0108 CF000000 		.4byte	0xcf
 520 010c 01       		.uleb128 0x1
 521 010d 50       		.byte	0x50
 522 010e 0B       		.uleb128 0xb
 523 010f 41020000 		.4byte	.LASF19
 524 0113 01       		.byte	0x1
 525 0114 CB       		.byte	0xcb
 526 0115 1C010000 		.4byte	0x11c
 527 0119 01       		.uleb128 0x1
 528 011a 53       		.byte	0x53
 529 011b 00       		.byte	0
 530 011c 04       		.uleb128 0x4
 531 011d 04       		.byte	0x4
 532 011e CF000000 		.4byte	0xcf
 533 0122 0C       		.uleb128 0xc
 534 0123 5A020000 		.4byte	.LASF24
 535 0127 01       		.byte	0x1
 536 0128 E1       		.byte	0xe1
 537 0129 CF000000 		.4byte	0xcf
 538 012d 00000000 		.4byte	.LFB5
 539 0131 0C000000 		.4byte	.LFE5-.LFB5
 540 0135 01       		.uleb128 0x1
 541 0136 9C       		.byte	0x9c
 542 0137 49010000 		.4byte	0x149
 543 013b 0B       		.uleb128 0xb
 544 013c 41020000 		.4byte	.LASF19
 545 0140 01       		.byte	0x1
 546 0141 E3       		.byte	0xe3
 547 0142 1C010000 		.4byte	0x11c
 548 0146 01       		.uleb128 0x1
 549 0147 53       		.byte	0x53
 550 0148 00       		.byte	0
 551 0149 0D       		.uleb128 0xd
 552 014a A7010000 		.4byte	.LASF21
ARM GAS  C:\Users\ujjjh\AppData\Local\Temp\ccZFxHqv.s 			page 18


 553 014e 01       		.byte	0x1
 554 014f 0301     		.2byte	0x103
 555 0151 00000000 		.4byte	.LFB6
 556 0155 10000000 		.4byte	.LFE6-.LFB6
 557 0159 01       		.uleb128 0x1
 558 015a 9C       		.byte	0x9c
 559 015b 70010000 		.4byte	0x170
 560 015f 0E       		.uleb128 0xe
 561 0160 97010000 		.4byte	.LASF23
 562 0164 01       		.byte	0x1
 563 0165 0301     		.2byte	0x103
 564 0167 87000000 		.4byte	0x87
 565 016b 00000000 		.4byte	.LLST0
 566 016f 00       		.byte	0
 567 0170 0F       		.uleb128 0xf
 568 0171 71000000 		.4byte	.LASF25
 569 0175 01       		.byte	0x1
 570 0176 1901     		.2byte	0x119
 571 0178 87000000 		.4byte	0x87
 572 017c 00000000 		.4byte	.LFB7
 573 0180 0C000000 		.4byte	.LFE7-.LFB7
 574 0184 01       		.uleb128 0x1
 575 0185 9C       		.byte	0x9c
 576 0186 9B010000 		.4byte	0x19b
 577 018a 10       		.uleb128 0x10
 578 018b 97010000 		.4byte	.LASF23
 579 018f 01       		.byte	0x1
 580 0190 1B01     		.2byte	0x11b
 581 0192 87000000 		.4byte	0x87
 582 0196 21000000 		.4byte	.LLST1
 583 019a 00       		.byte	0
 584 019b 11       		.uleb128 0x11
 585 019c 2F020000 		.4byte	.LASF27
 586 01a0 01       		.byte	0x1
 587 01a1 3401     		.2byte	0x134
 588 01a3 00000000 		.4byte	.LFB8
 589 01a7 0C000000 		.4byte	.LFE8-.LFB8
 590 01ab 01       		.uleb128 0x1
 591 01ac 9C       		.byte	0x9c
 592 01ad 12       		.uleb128 0x12
 593 01ae 2A000000 		.4byte	.LASF37
 594 01b2 01       		.byte	0x1
 595 01b3 4901     		.2byte	0x149
 596 01b5 87000000 		.4byte	0x87
 597 01b9 00000000 		.4byte	.LFB9
 598 01bd 10000000 		.4byte	.LFE9-.LFB9
 599 01c1 01       		.uleb128 0x1
 600 01c2 9C       		.byte	0x9c
 601 01c3 11       		.uleb128 0x11
 602 01c4 39000000 		.4byte	.LASF28
 603 01c8 01       		.byte	0x1
 604 01c9 5E01     		.2byte	0x15e
 605 01cb 00000000 		.4byte	.LFB10
 606 01cf 0C000000 		.4byte	.LFE10-.LFB10
 607 01d3 01       		.uleb128 0x1
 608 01d4 9C       		.byte	0x9c
 609 01d5 09       		.uleb128 0x9
ARM GAS  C:\Users\ujjjh\AppData\Local\Temp\ccZFxHqv.s 			page 19


 610 01d6 52000000 		.4byte	.LASF29
 611 01da 01       		.byte	0x1
 612 01db 3E       		.byte	0x3e
 613 01dc 00000000 		.4byte	.LFB0
 614 01e0 1C000000 		.4byte	.LFE0-.LFB0
 615 01e4 01       		.uleb128 0x1
 616 01e5 9C       		.byte	0x9c
 617 01e6 27020000 		.4byte	0x227
 618 01ea 13       		.uleb128 0x13
 619 01eb 06000000 		.4byte	.LVL7
 620 01ef C3010000 		.4byte	0x1c3
 621 01f3 14       		.uleb128 0x14
 622 01f4 0C000000 		.4byte	.LVL8
 623 01f8 EC000000 		.4byte	0xec
 624 01fc 0A020000 		.4byte	0x20a
 625 0200 15       		.uleb128 0x15
 626 0201 01       		.uleb128 0x1
 627 0202 50       		.byte	0x50
 628 0203 05       		.uleb128 0x5
 629 0204 03       		.byte	0x3
 630 0205 00000000 		.4byte	isr_1_Interrupt
 631 0209 00       		.byte	0
 632 020a 14       		.uleb128 0x14
 633 020b 12000000 		.4byte	.LVL9
 634 020f 49010000 		.4byte	0x149
 635 0213 1D020000 		.4byte	0x21d
 636 0217 15       		.uleb128 0x15
 637 0218 01       		.uleb128 0x1
 638 0219 50       		.byte	0x50
 639 021a 01       		.uleb128 0x1
 640 021b 37       		.byte	0x37
 641 021c 00       		.byte	0
 642 021d 13       		.uleb128 0x13
 643 021e 16000000 		.4byte	.LVL10
 644 0222 9B010000 		.4byte	0x19b
 645 0226 00       		.byte	0
 646 0227 09       		.uleb128 0x9
 647 0228 9B020000 		.4byte	.LASF30
 648 022c 01       		.byte	0x1
 649 022d 69       		.byte	0x69
 650 022e 00000000 		.4byte	.LFB1
 651 0232 1A000000 		.4byte	.LFE1-.LFB1
 652 0236 01       		.uleb128 0x1
 653 0237 9C       		.byte	0x9c
 654 0238 85020000 		.4byte	0x285
 655 023c 16       		.uleb128 0x16
 656 023d EC010000 		.4byte	.LASF22
 657 0241 01       		.byte	0x1
 658 0242 69       		.byte	0x69
 659 0243 CF000000 		.4byte	0xcf
 660 0247 38000000 		.4byte	.LLST2
 661 024b 13       		.uleb128 0x13
 662 024c 08000000 		.4byte	.LVL12
 663 0250 C3010000 		.4byte	0x1c3
 664 0254 14       		.uleb128 0x14
 665 0255 0E000000 		.4byte	.LVL13
 666 0259 EC000000 		.4byte	0xec
ARM GAS  C:\Users\ujjjh\AppData\Local\Temp\ccZFxHqv.s 			page 20


 667 025d 68020000 		.4byte	0x268
 668 0261 15       		.uleb128 0x15
 669 0262 01       		.uleb128 0x1
 670 0263 50       		.byte	0x50
 671 0264 02       		.uleb128 0x2
 672 0265 74       		.byte	0x74
 673 0266 00       		.sleb128 0
 674 0267 00       		.byte	0
 675 0268 14       		.uleb128 0x14
 676 0269 14000000 		.4byte	.LVL14
 677 026d 49010000 		.4byte	0x149
 678 0271 7B020000 		.4byte	0x27b
 679 0275 15       		.uleb128 0x15
 680 0276 01       		.uleb128 0x1
 681 0277 50       		.byte	0x50
 682 0278 01       		.uleb128 0x1
 683 0279 37       		.byte	0x37
 684 027a 00       		.byte	0
 685 027b 13       		.uleb128 0x13
 686 027c 18000000 		.4byte	.LVL15
 687 0280 9B010000 		.4byte	0x19b
 688 0284 00       		.byte	0
 689 0285 09       		.uleb128 0x9
 690 0286 47000000 		.4byte	.LASF31
 691 028a 01       		.byte	0x1
 692 028b 87       		.byte	0x87
 693 028c 00000000 		.4byte	.LFB2
 694 0290 14000000 		.4byte	.LFE2-.LFB2
 695 0294 01       		.uleb128 0x1
 696 0295 9C       		.byte	0x9c
 697 0296 AD020000 		.4byte	0x2ad
 698 029a 13       		.uleb128 0x13
 699 029b 06000000 		.4byte	.LVL16
 700 029f C3010000 		.4byte	0x1c3
 701 02a3 13       		.uleb128 0x13
 702 02a4 0C000000 		.4byte	.LVL17
 703 02a8 EC000000 		.4byte	0xec
 704 02ac 00       		.byte	0
 705 02ad 11       		.uleb128 0x11
 706 02ae 19000000 		.4byte	.LASF32
 707 02b2 01       		.byte	0x1
 708 02b3 7901     		.2byte	0x179
 709 02b5 00000000 		.4byte	.LFB11
 710 02b9 0C000000 		.4byte	.LFE11-.LFB11
 711 02bd 01       		.uleb128 0x1
 712 02be 9C       		.byte	0x9c
 713 02bf 11       		.uleb128 0x11
 714 02c0 00000000 		.4byte	.LASF33
 715 02c4 01       		.byte	0x1
 716 02c5 9201     		.2byte	0x192
 717 02c7 00000000 		.4byte	.LFB12
 718 02cb 0C000000 		.4byte	.LFE12-.LFB12
 719 02cf 01       		.uleb128 0x1
 720 02d0 9C       		.byte	0x9c
 721 02d1 17       		.uleb128 0x17
 722 02d2 A9020000 		.4byte	.LASF38
 723 02d6 01       		.byte	0x1
ARM GAS  C:\Users\ujjjh\AppData\Local\Temp\ccZFxHqv.s 			page 21


 724 02d7 1E       		.byte	0x1e
 725 02d8 E2020000 		.4byte	0x2e2
 726 02dc 05       		.uleb128 0x5
 727 02dd 03       		.byte	0x3
 728 02de 00000000 		.4byte	intr
 729 02e2 07       		.uleb128 0x7
 730 02e3 25000000 		.4byte	0x25
 731 02e7 00       		.byte	0
 732              		.section	.debug_abbrev,"",%progbits
 733              	.Ldebug_abbrev0:
 734 0000 01       		.uleb128 0x1
 735 0001 11       		.uleb128 0x11
 736 0002 01       		.byte	0x1
 737 0003 25       		.uleb128 0x25
 738 0004 0E       		.uleb128 0xe
 739 0005 13       		.uleb128 0x13
 740 0006 0B       		.uleb128 0xb
 741 0007 03       		.uleb128 0x3
 742 0008 0E       		.uleb128 0xe
 743 0009 1B       		.uleb128 0x1b
 744 000a 0E       		.uleb128 0xe
 745 000b 55       		.uleb128 0x55
 746 000c 17       		.uleb128 0x17
 747 000d 11       		.uleb128 0x11
 748 000e 01       		.uleb128 0x1
 749 000f 10       		.uleb128 0x10
 750 0010 17       		.uleb128 0x17
 751 0011 00       		.byte	0
 752 0012 00       		.byte	0
 753 0013 02       		.uleb128 0x2
 754 0014 24       		.uleb128 0x24
 755 0015 00       		.byte	0
 756 0016 0B       		.uleb128 0xb
 757 0017 0B       		.uleb128 0xb
 758 0018 3E       		.uleb128 0x3e
 759 0019 0B       		.uleb128 0xb
 760 001a 03       		.uleb128 0x3
 761 001b 08       		.uleb128 0x8
 762 001c 00       		.byte	0
 763 001d 00       		.byte	0
 764 001e 03       		.uleb128 0x3
 765 001f 24       		.uleb128 0x24
 766 0020 00       		.byte	0
 767 0021 0B       		.uleb128 0xb
 768 0022 0B       		.uleb128 0xb
 769 0023 3E       		.uleb128 0x3e
 770 0024 0B       		.uleb128 0xb
 771 0025 03       		.uleb128 0x3
 772 0026 0E       		.uleb128 0xe
 773 0027 00       		.byte	0
 774 0028 00       		.byte	0
 775 0029 04       		.uleb128 0x4
 776 002a 0F       		.uleb128 0xf
 777 002b 00       		.byte	0
 778 002c 0B       		.uleb128 0xb
 779 002d 0B       		.uleb128 0xb
 780 002e 49       		.uleb128 0x49
ARM GAS  C:\Users\ujjjh\AppData\Local\Temp\ccZFxHqv.s 			page 22


 781 002f 13       		.uleb128 0x13
 782 0030 00       		.byte	0
 783 0031 00       		.byte	0
 784 0032 05       		.uleb128 0x5
 785 0033 15       		.uleb128 0x15
 786 0034 00       		.byte	0
 787 0035 27       		.uleb128 0x27
 788 0036 19       		.uleb128 0x19
 789 0037 00       		.byte	0
 790 0038 00       		.byte	0
 791 0039 06       		.uleb128 0x6
 792 003a 16       		.uleb128 0x16
 793 003b 00       		.byte	0
 794 003c 03       		.uleb128 0x3
 795 003d 0E       		.uleb128 0xe
 796 003e 3A       		.uleb128 0x3a
 797 003f 0B       		.uleb128 0xb
 798 0040 3B       		.uleb128 0x3b
 799 0041 05       		.uleb128 0x5
 800 0042 49       		.uleb128 0x49
 801 0043 13       		.uleb128 0x13
 802 0044 00       		.byte	0
 803 0045 00       		.byte	0
 804 0046 07       		.uleb128 0x7
 805 0047 35       		.uleb128 0x35
 806 0048 00       		.byte	0
 807 0049 49       		.uleb128 0x49
 808 004a 13       		.uleb128 0x13
 809 004b 00       		.byte	0
 810 004c 00       		.byte	0
 811 004d 08       		.uleb128 0x8
 812 004e 2E       		.uleb128 0x2e
 813 004f 00       		.byte	0
 814 0050 3F       		.uleb128 0x3f
 815 0051 19       		.uleb128 0x19
 816 0052 03       		.uleb128 0x3
 817 0053 0E       		.uleb128 0xe
 818 0054 3A       		.uleb128 0x3a
 819 0055 0B       		.uleb128 0xb
 820 0056 3B       		.uleb128 0x3b
 821 0057 0B       		.uleb128 0xb
 822 0058 27       		.uleb128 0x27
 823 0059 19       		.uleb128 0x19
 824 005a 11       		.uleb128 0x11
 825 005b 01       		.uleb128 0x1
 826 005c 12       		.uleb128 0x12
 827 005d 06       		.uleb128 0x6
 828 005e 40       		.uleb128 0x40
 829 005f 18       		.uleb128 0x18
 830 0060 9742     		.uleb128 0x2117
 831 0062 19       		.uleb128 0x19
 832 0063 00       		.byte	0
 833 0064 00       		.byte	0
 834 0065 09       		.uleb128 0x9
 835 0066 2E       		.uleb128 0x2e
 836 0067 01       		.byte	0x1
 837 0068 3F       		.uleb128 0x3f
ARM GAS  C:\Users\ujjjh\AppData\Local\Temp\ccZFxHqv.s 			page 23


 838 0069 19       		.uleb128 0x19
 839 006a 03       		.uleb128 0x3
 840 006b 0E       		.uleb128 0xe
 841 006c 3A       		.uleb128 0x3a
 842 006d 0B       		.uleb128 0xb
 843 006e 3B       		.uleb128 0x3b
 844 006f 0B       		.uleb128 0xb
 845 0070 27       		.uleb128 0x27
 846 0071 19       		.uleb128 0x19
 847 0072 11       		.uleb128 0x11
 848 0073 01       		.uleb128 0x1
 849 0074 12       		.uleb128 0x12
 850 0075 06       		.uleb128 0x6
 851 0076 40       		.uleb128 0x40
 852 0077 18       		.uleb128 0x18
 853 0078 9742     		.uleb128 0x2117
 854 007a 19       		.uleb128 0x19
 855 007b 01       		.uleb128 0x1
 856 007c 13       		.uleb128 0x13
 857 007d 00       		.byte	0
 858 007e 00       		.byte	0
 859 007f 0A       		.uleb128 0xa
 860 0080 05       		.uleb128 0x5
 861 0081 00       		.byte	0
 862 0082 03       		.uleb128 0x3
 863 0083 0E       		.uleb128 0xe
 864 0084 3A       		.uleb128 0x3a
 865 0085 0B       		.uleb128 0xb
 866 0086 3B       		.uleb128 0x3b
 867 0087 0B       		.uleb128 0xb
 868 0088 49       		.uleb128 0x49
 869 0089 13       		.uleb128 0x13
 870 008a 02       		.uleb128 0x2
 871 008b 18       		.uleb128 0x18
 872 008c 00       		.byte	0
 873 008d 00       		.byte	0
 874 008e 0B       		.uleb128 0xb
 875 008f 34       		.uleb128 0x34
 876 0090 00       		.byte	0
 877 0091 03       		.uleb128 0x3
 878 0092 0E       		.uleb128 0xe
 879 0093 3A       		.uleb128 0x3a
 880 0094 0B       		.uleb128 0xb
 881 0095 3B       		.uleb128 0x3b
 882 0096 0B       		.uleb128 0xb
 883 0097 49       		.uleb128 0x49
 884 0098 13       		.uleb128 0x13
 885 0099 02       		.uleb128 0x2
 886 009a 18       		.uleb128 0x18
 887 009b 00       		.byte	0
 888 009c 00       		.byte	0
 889 009d 0C       		.uleb128 0xc
 890 009e 2E       		.uleb128 0x2e
 891 009f 01       		.byte	0x1
 892 00a0 3F       		.uleb128 0x3f
 893 00a1 19       		.uleb128 0x19
 894 00a2 03       		.uleb128 0x3
ARM GAS  C:\Users\ujjjh\AppData\Local\Temp\ccZFxHqv.s 			page 24


 895 00a3 0E       		.uleb128 0xe
 896 00a4 3A       		.uleb128 0x3a
 897 00a5 0B       		.uleb128 0xb
 898 00a6 3B       		.uleb128 0x3b
 899 00a7 0B       		.uleb128 0xb
 900 00a8 27       		.uleb128 0x27
 901 00a9 19       		.uleb128 0x19
 902 00aa 49       		.uleb128 0x49
 903 00ab 13       		.uleb128 0x13
 904 00ac 11       		.uleb128 0x11
 905 00ad 01       		.uleb128 0x1
 906 00ae 12       		.uleb128 0x12
 907 00af 06       		.uleb128 0x6
 908 00b0 40       		.uleb128 0x40
 909 00b1 18       		.uleb128 0x18
 910 00b2 9742     		.uleb128 0x2117
 911 00b4 19       		.uleb128 0x19
 912 00b5 01       		.uleb128 0x1
 913 00b6 13       		.uleb128 0x13
 914 00b7 00       		.byte	0
 915 00b8 00       		.byte	0
 916 00b9 0D       		.uleb128 0xd
 917 00ba 2E       		.uleb128 0x2e
 918 00bb 01       		.byte	0x1
 919 00bc 3F       		.uleb128 0x3f
 920 00bd 19       		.uleb128 0x19
 921 00be 03       		.uleb128 0x3
 922 00bf 0E       		.uleb128 0xe
 923 00c0 3A       		.uleb128 0x3a
 924 00c1 0B       		.uleb128 0xb
 925 00c2 3B       		.uleb128 0x3b
 926 00c3 05       		.uleb128 0x5
 927 00c4 27       		.uleb128 0x27
 928 00c5 19       		.uleb128 0x19
 929 00c6 11       		.uleb128 0x11
 930 00c7 01       		.uleb128 0x1
 931 00c8 12       		.uleb128 0x12
 932 00c9 06       		.uleb128 0x6
 933 00ca 40       		.uleb128 0x40
 934 00cb 18       		.uleb128 0x18
 935 00cc 9742     		.uleb128 0x2117
 936 00ce 19       		.uleb128 0x19
 937 00cf 01       		.uleb128 0x1
 938 00d0 13       		.uleb128 0x13
 939 00d1 00       		.byte	0
 940 00d2 00       		.byte	0
 941 00d3 0E       		.uleb128 0xe
 942 00d4 05       		.uleb128 0x5
 943 00d5 00       		.byte	0
 944 00d6 03       		.uleb128 0x3
 945 00d7 0E       		.uleb128 0xe
 946 00d8 3A       		.uleb128 0x3a
 947 00d9 0B       		.uleb128 0xb
 948 00da 3B       		.uleb128 0x3b
 949 00db 05       		.uleb128 0x5
 950 00dc 49       		.uleb128 0x49
 951 00dd 13       		.uleb128 0x13
ARM GAS  C:\Users\ujjjh\AppData\Local\Temp\ccZFxHqv.s 			page 25


 952 00de 02       		.uleb128 0x2
 953 00df 17       		.uleb128 0x17
 954 00e0 00       		.byte	0
 955 00e1 00       		.byte	0
 956 00e2 0F       		.uleb128 0xf
 957 00e3 2E       		.uleb128 0x2e
 958 00e4 01       		.byte	0x1
 959 00e5 3F       		.uleb128 0x3f
 960 00e6 19       		.uleb128 0x19
 961 00e7 03       		.uleb128 0x3
 962 00e8 0E       		.uleb128 0xe
 963 00e9 3A       		.uleb128 0x3a
 964 00ea 0B       		.uleb128 0xb
 965 00eb 3B       		.uleb128 0x3b
 966 00ec 05       		.uleb128 0x5
 967 00ed 27       		.uleb128 0x27
 968 00ee 19       		.uleb128 0x19
 969 00ef 49       		.uleb128 0x49
 970 00f0 13       		.uleb128 0x13
 971 00f1 11       		.uleb128 0x11
 972 00f2 01       		.uleb128 0x1
 973 00f3 12       		.uleb128 0x12
 974 00f4 06       		.uleb128 0x6
 975 00f5 40       		.uleb128 0x40
 976 00f6 18       		.uleb128 0x18
 977 00f7 9742     		.uleb128 0x2117
 978 00f9 19       		.uleb128 0x19
 979 00fa 01       		.uleb128 0x1
 980 00fb 13       		.uleb128 0x13
 981 00fc 00       		.byte	0
 982 00fd 00       		.byte	0
 983 00fe 10       		.uleb128 0x10
 984 00ff 34       		.uleb128 0x34
 985 0100 00       		.byte	0
 986 0101 03       		.uleb128 0x3
 987 0102 0E       		.uleb128 0xe
 988 0103 3A       		.uleb128 0x3a
 989 0104 0B       		.uleb128 0xb
 990 0105 3B       		.uleb128 0x3b
 991 0106 05       		.uleb128 0x5
 992 0107 49       		.uleb128 0x49
 993 0108 13       		.uleb128 0x13
 994 0109 02       		.uleb128 0x2
 995 010a 17       		.uleb128 0x17
 996 010b 00       		.byte	0
 997 010c 00       		.byte	0
 998 010d 11       		.uleb128 0x11
 999 010e 2E       		.uleb128 0x2e
 1000 010f 00       		.byte	0
 1001 0110 3F       		.uleb128 0x3f
 1002 0111 19       		.uleb128 0x19
 1003 0112 03       		.uleb128 0x3
 1004 0113 0E       		.uleb128 0xe
 1005 0114 3A       		.uleb128 0x3a
 1006 0115 0B       		.uleb128 0xb
 1007 0116 3B       		.uleb128 0x3b
 1008 0117 05       		.uleb128 0x5
ARM GAS  C:\Users\ujjjh\AppData\Local\Temp\ccZFxHqv.s 			page 26


 1009 0118 27       		.uleb128 0x27
 1010 0119 19       		.uleb128 0x19
 1011 011a 11       		.uleb128 0x11
 1012 011b 01       		.uleb128 0x1
 1013 011c 12       		.uleb128 0x12
 1014 011d 06       		.uleb128 0x6
 1015 011e 40       		.uleb128 0x40
 1016 011f 18       		.uleb128 0x18
 1017 0120 9742     		.uleb128 0x2117
 1018 0122 19       		.uleb128 0x19
 1019 0123 00       		.byte	0
 1020 0124 00       		.byte	0
 1021 0125 12       		.uleb128 0x12
 1022 0126 2E       		.uleb128 0x2e
 1023 0127 00       		.byte	0
 1024 0128 3F       		.uleb128 0x3f
 1025 0129 19       		.uleb128 0x19
 1026 012a 03       		.uleb128 0x3
 1027 012b 0E       		.uleb128 0xe
 1028 012c 3A       		.uleb128 0x3a
 1029 012d 0B       		.uleb128 0xb
 1030 012e 3B       		.uleb128 0x3b
 1031 012f 05       		.uleb128 0x5
 1032 0130 27       		.uleb128 0x27
 1033 0131 19       		.uleb128 0x19
 1034 0132 49       		.uleb128 0x49
 1035 0133 13       		.uleb128 0x13
 1036 0134 11       		.uleb128 0x11
 1037 0135 01       		.uleb128 0x1
 1038 0136 12       		.uleb128 0x12
 1039 0137 06       		.uleb128 0x6
 1040 0138 40       		.uleb128 0x40
 1041 0139 18       		.uleb128 0x18
 1042 013a 9742     		.uleb128 0x2117
 1043 013c 19       		.uleb128 0x19
 1044 013d 00       		.byte	0
 1045 013e 00       		.byte	0
 1046 013f 13       		.uleb128 0x13
 1047 0140 898201   		.uleb128 0x4109
 1048 0143 00       		.byte	0
 1049 0144 11       		.uleb128 0x11
 1050 0145 01       		.uleb128 0x1
 1051 0146 31       		.uleb128 0x31
 1052 0147 13       		.uleb128 0x13
 1053 0148 00       		.byte	0
 1054 0149 00       		.byte	0
 1055 014a 14       		.uleb128 0x14
 1056 014b 898201   		.uleb128 0x4109
 1057 014e 01       		.byte	0x1
 1058 014f 11       		.uleb128 0x11
 1059 0150 01       		.uleb128 0x1
 1060 0151 31       		.uleb128 0x31
 1061 0152 13       		.uleb128 0x13
 1062 0153 01       		.uleb128 0x1
 1063 0154 13       		.uleb128 0x13
 1064 0155 00       		.byte	0
 1065 0156 00       		.byte	0
ARM GAS  C:\Users\ujjjh\AppData\Local\Temp\ccZFxHqv.s 			page 27


 1066 0157 15       		.uleb128 0x15
 1067 0158 8A8201   		.uleb128 0x410a
 1068 015b 00       		.byte	0
 1069 015c 02       		.uleb128 0x2
 1070 015d 18       		.uleb128 0x18
 1071 015e 9142     		.uleb128 0x2111
 1072 0160 18       		.uleb128 0x18
 1073 0161 00       		.byte	0
 1074 0162 00       		.byte	0
 1075 0163 16       		.uleb128 0x16
 1076 0164 05       		.uleb128 0x5
 1077 0165 00       		.byte	0
 1078 0166 03       		.uleb128 0x3
 1079 0167 0E       		.uleb128 0xe
 1080 0168 3A       		.uleb128 0x3a
 1081 0169 0B       		.uleb128 0xb
 1082 016a 3B       		.uleb128 0x3b
 1083 016b 0B       		.uleb128 0xb
 1084 016c 49       		.uleb128 0x49
 1085 016d 13       		.uleb128 0x13
 1086 016e 02       		.uleb128 0x2
 1087 016f 17       		.uleb128 0x17
 1088 0170 00       		.byte	0
 1089 0171 00       		.byte	0
 1090 0172 17       		.uleb128 0x17
 1091 0173 34       		.uleb128 0x34
 1092 0174 00       		.byte	0
 1093 0175 03       		.uleb128 0x3
 1094 0176 0E       		.uleb128 0xe
 1095 0177 3A       		.uleb128 0x3a
 1096 0178 0B       		.uleb128 0xb
 1097 0179 3B       		.uleb128 0x3b
 1098 017a 0B       		.uleb128 0xb
 1099 017b 49       		.uleb128 0x49
 1100 017c 13       		.uleb128 0x13
 1101 017d 3F       		.uleb128 0x3f
 1102 017e 19       		.uleb128 0x19
 1103 017f 02       		.uleb128 0x2
 1104 0180 18       		.uleb128 0x18
 1105 0181 00       		.byte	0
 1106 0182 00       		.byte	0
 1107 0183 00       		.byte	0
 1108              		.section	.debug_loc,"",%progbits
 1109              	.Ldebug_loc0:
 1110              	.LLST0:
 1111 0000 00000000 		.4byte	.LVL3
 1112 0004 02000000 		.4byte	.LVL4
 1113 0008 0100     		.2byte	0x1
 1114 000a 50       		.byte	0x50
 1115 000b 02000000 		.4byte	.LVL4
 1116 000f 10000000 		.4byte	.LFE6
 1117 0013 0400     		.2byte	0x4
 1118 0015 F3       		.byte	0xf3
 1119 0016 01       		.uleb128 0x1
 1120 0017 50       		.byte	0x50
 1121 0018 9F       		.byte	0x9f
 1122 0019 00000000 		.4byte	0
ARM GAS  C:\Users\ujjjh\AppData\Local\Temp\ccZFxHqv.s 			page 28


 1123 001d 00000000 		.4byte	0
 1124              	.LLST1:
 1125 0021 04000000 		.4byte	.LVL5
 1126 0025 06000000 		.4byte	.LVL6
 1127 0029 0500     		.2byte	0x5
 1128 002b 70       		.byte	0x70
 1129 002c 00       		.sleb128 0
 1130 002d 35       		.byte	0x35
 1131 002e 25       		.byte	0x25
 1132 002f 9F       		.byte	0x9f
 1133 0030 00000000 		.4byte	0
 1134 0034 00000000 		.4byte	0
 1135              	.LLST2:
 1136 0038 00000000 		.4byte	.LVL11
 1137 003c 07000000 		.4byte	.LVL12-1
 1138 0040 0100     		.2byte	0x1
 1139 0042 50       		.byte	0x50
 1140 0043 07000000 		.4byte	.LVL12-1
 1141 0047 1A000000 		.4byte	.LFE1
 1142 004b 0100     		.2byte	0x1
 1143 004d 54       		.byte	0x54
 1144 004e 00000000 		.4byte	0
 1145 0052 00000000 		.4byte	0
 1146              		.section	.debug_aranges,"",%progbits
 1147 0000 7C000000 		.4byte	0x7c
 1148 0004 0200     		.2byte	0x2
 1149 0006 00000000 		.4byte	.Ldebug_info0
 1150 000a 04       		.byte	0x4
 1151 000b 00       		.byte	0
 1152 000c 0000     		.2byte	0
 1153 000e 0000     		.2byte	0
 1154 0010 00000000 		.4byte	.LFB3
 1155 0014 0C000000 		.4byte	.LFE3-.LFB3
 1156 0018 00000000 		.4byte	.LFB4
 1157 001c 0C000000 		.4byte	.LFE4-.LFB4
 1158 0020 00000000 		.4byte	.LFB5
 1159 0024 0C000000 		.4byte	.LFE5-.LFB5
 1160 0028 00000000 		.4byte	.LFB6
 1161 002c 10000000 		.4byte	.LFE6-.LFB6
 1162 0030 00000000 		.4byte	.LFB7
 1163 0034 0C000000 		.4byte	.LFE7-.LFB7
 1164 0038 00000000 		.4byte	.LFB8
 1165 003c 0C000000 		.4byte	.LFE8-.LFB8
 1166 0040 00000000 		.4byte	.LFB9
 1167 0044 10000000 		.4byte	.LFE9-.LFB9
 1168 0048 00000000 		.4byte	.LFB10
 1169 004c 0C000000 		.4byte	.LFE10-.LFB10
 1170 0050 00000000 		.4byte	.LFB0
 1171 0054 1C000000 		.4byte	.LFE0-.LFB0
 1172 0058 00000000 		.4byte	.LFB1
 1173 005c 1A000000 		.4byte	.LFE1-.LFB1
 1174 0060 00000000 		.4byte	.LFB2
 1175 0064 14000000 		.4byte	.LFE2-.LFB2
 1176 0068 00000000 		.4byte	.LFB11
 1177 006c 0C000000 		.4byte	.LFE11-.LFB11
 1178 0070 00000000 		.4byte	.LFB12
 1179 0074 0C000000 		.4byte	.LFE12-.LFB12
ARM GAS  C:\Users\ujjjh\AppData\Local\Temp\ccZFxHqv.s 			page 29


 1180 0078 00000000 		.4byte	0
 1181 007c 00000000 		.4byte	0
 1182              		.section	.debug_ranges,"",%progbits
 1183              	.Ldebug_ranges0:
 1184 0000 00000000 		.4byte	.LFB3
 1185 0004 0C000000 		.4byte	.LFE3
 1186 0008 00000000 		.4byte	.LFB4
 1187 000c 0C000000 		.4byte	.LFE4
 1188 0010 00000000 		.4byte	.LFB5
 1189 0014 0C000000 		.4byte	.LFE5
 1190 0018 00000000 		.4byte	.LFB6
 1191 001c 10000000 		.4byte	.LFE6
 1192 0020 00000000 		.4byte	.LFB7
 1193 0024 0C000000 		.4byte	.LFE7
 1194 0028 00000000 		.4byte	.LFB8
 1195 002c 0C000000 		.4byte	.LFE8
 1196 0030 00000000 		.4byte	.LFB9
 1197 0034 10000000 		.4byte	.LFE9
 1198 0038 00000000 		.4byte	.LFB10
 1199 003c 0C000000 		.4byte	.LFE10
 1200 0040 00000000 		.4byte	.LFB0
 1201 0044 1C000000 		.4byte	.LFE0
 1202 0048 00000000 		.4byte	.LFB1
 1203 004c 1A000000 		.4byte	.LFE1
 1204 0050 00000000 		.4byte	.LFB2
 1205 0054 14000000 		.4byte	.LFE2
 1206 0058 00000000 		.4byte	.LFB11
 1207 005c 0C000000 		.4byte	.LFE11
 1208 0060 00000000 		.4byte	.LFB12
 1209 0064 0C000000 		.4byte	.LFE12
 1210 0068 00000000 		.4byte	0
 1211 006c 00000000 		.4byte	0
 1212              		.section	.debug_line,"",%progbits
 1213              	.Ldebug_line0:
 1214 0000 2F010000 		.section	.debug_str,"MS",%progbits,1
 1214      02004200 
 1214      00000201 
 1214      FB0E0D00 
 1214      01010101 
 1215              	.LASF33:
 1216 0000 6973725F 		.ascii	"isr_1_ClearPending\000"
 1216      315F436C 
 1216      65617250 
 1216      656E6469 
 1216      6E6700
 1217              	.LASF17:
 1218 0013 72656733 		.ascii	"reg32\000"
 1218      3200
 1219              	.LASF32:
 1220 0019 6973725F 		.ascii	"isr_1_SetPending\000"
 1220      315F5365 
 1220      7450656E 
 1220      64696E67 
 1220      00
 1221              	.LASF37:
 1222 002a 6973725F 		.ascii	"isr_1_GetState\000"
 1222      315F4765 
ARM GAS  C:\Users\ujjjh\AppData\Local\Temp\ccZFxHqv.s 			page 30


 1222      74537461 
 1222      746500
 1223              	.LASF28:
 1224 0039 6973725F 		.ascii	"isr_1_Disable\000"
 1224      315F4469 
 1224      7361626C 
 1224      6500
 1225              	.LASF31:
 1226 0047 6973725F 		.ascii	"isr_1_Stop\000"
 1226      315F5374 
 1226      6F7000
 1227              	.LASF29:
 1228 0052 6973725F 		.ascii	"isr_1_Start\000"
 1228      315F5374 
 1228      61727400 
 1229              	.LASF6:
 1230 005e 73686F72 		.ascii	"short unsigned int\000"
 1230      7420756E 
 1230      7369676E 
 1230      65642069 
 1230      6E7400
 1231              	.LASF25:
 1232 0071 6973725F 		.ascii	"isr_1_GetPriority\000"
 1232      315F4765 
 1232      74507269 
 1232      6F726974 
 1232      7900
 1233              	.LASF14:
 1234 0083 666C6F61 		.ascii	"float\000"
 1234      7400
 1235              	.LASF36:
 1236 0089 5C5C7363 		.ascii	"\\\\sccfs.scc.kit.edu\\Stud-Home\\Documents\\PSoC C"
 1236      6366732E 
 1236      7363632E 
 1236      6B69742E 
 1236      6564755C 
 1237 00b7 72656174 		.ascii	"reator\\Versuch 5\\Frequenzzaehler.cydsn\000"
 1237      6F725C56 
 1237      65727375 
 1237      63682035 
 1237      5C467265 
 1238              	.LASF4:
 1239 00de 756E7369 		.ascii	"unsigned char\000"
 1239      676E6564 
 1239      20636861 
 1239      7200
 1240              	.LASF34:
 1241 00ec 474E5520 		.ascii	"GNU C11 5.4.1 20160609 (release) [ARM/embedded-5-br"
 1241      43313120 
 1241      352E342E 
 1241      31203230 
 1241      31363036 
 1242 011f 616E6368 		.ascii	"anch revision 237715] -mcpu=cortex-m3 -mthumb -g -O"
 1242      20726576 
 1242      6973696F 
 1242      6E203233 
 1242      37373135 
ARM GAS  C:\Users\ujjjh\AppData\Local\Temp\ccZFxHqv.s 			page 31


 1243 0152 67202D66 		.ascii	"g -ffunction-sections -ffat-lto-objects\000"
 1243      66756E63 
 1243      74696F6E 
 1243      2D736563 
 1243      74696F6E 
 1244              	.LASF16:
 1245 017a 72656738 		.ascii	"reg8\000"
 1245      00
 1246              	.LASF8:
 1247 017f 6C6F6E67 		.ascii	"long unsigned int\000"
 1247      20756E73 
 1247      69676E65 
 1247      6420696E 
 1247      7400
 1248              	.LASF12:
 1249 0191 75696E74 		.ascii	"uint8\000"
 1249      3800
 1250              	.LASF23:
 1251 0197 7072696F 		.ascii	"priority\000"
 1251      72697479 
 1251      00
 1252              	.LASF15:
 1253 01a0 646F7562 		.ascii	"double\000"
 1253      6C6500
 1254              	.LASF21:
 1255 01a7 6973725F 		.ascii	"isr_1_SetPriority\000"
 1255      315F5365 
 1255      74507269 
 1255      6F726974 
 1255      7900
 1256              	.LASF35:
 1257 01b9 47656E65 		.ascii	"Generated_Source\\PSoC5\\isr_1.c\000"
 1257      72617465 
 1257      645F536F 
 1257      75726365 
 1257      5C50536F 
 1258              	.LASF13:
 1259 01d8 75696E74 		.ascii	"uint32\000"
 1259      333200
 1260              	.LASF0:
 1261 01df 756E7369 		.ascii	"unsigned int\000"
 1261      676E6564 
 1261      20696E74 
 1261      00
 1262              	.LASF22:
 1263 01ec 61646472 		.ascii	"address\000"
 1263      65737300 
 1264              	.LASF9:
 1265 01f4 6C6F6E67 		.ascii	"long long unsigned int\000"
 1265      206C6F6E 
 1265      6720756E 
 1265      7369676E 
 1265      65642069 
 1266              	.LASF18:
 1267 020b 63796973 		.ascii	"cyisraddress\000"
 1267      72616464 
 1267      72657373 
ARM GAS  C:\Users\ujjjh\AppData\Local\Temp\ccZFxHqv.s 			page 32


 1267      00
 1268              	.LASF10:
 1269 0218 73697A65 		.ascii	"sizetype\000"
 1269      74797065 
 1269      00
 1270              	.LASF1:
 1271 0221 6C6F6E67 		.ascii	"long long int\000"
 1271      206C6F6E 
 1271      6720696E 
 1271      7400
 1272              	.LASF27:
 1273 022f 6973725F 		.ascii	"isr_1_Enable\000"
 1273      315F456E 
 1273      61626C65 
 1273      00
 1274              	.LASF11:
 1275 023c 63686172 		.ascii	"char\000"
 1275      00
 1276              	.LASF19:
 1277 0241 72616D56 		.ascii	"ramVectorTable\000"
 1277      6563746F 
 1277      72546162 
 1277      6C6500
 1278              	.LASF5:
 1279 0250 73686F72 		.ascii	"short int\000"
 1279      7420696E 
 1279      7400
 1280              	.LASF24:
 1281 025a 6973725F 		.ascii	"isr_1_GetVector\000"
 1281      315F4765 
 1281      74566563 
 1281      746F7200 
 1282              	.LASF26:
 1283 026a 6973725F 		.ascii	"isr_1_Interrupt\000"
 1283      315F496E 
 1283      74657272 
 1283      75707400 
 1284              	.LASF7:
 1285 027a 6C6F6E67 		.ascii	"long int\000"
 1285      20696E74 
 1285      00
 1286              	.LASF2:
 1287 0283 6C6F6E67 		.ascii	"long double\000"
 1287      20646F75 
 1287      626C6500 
 1288              	.LASF3:
 1289 028f 7369676E 		.ascii	"signed char\000"
 1289      65642063 
 1289      68617200 
 1290              	.LASF30:
 1291 029b 6973725F 		.ascii	"isr_1_StartEx\000"
 1291      315F5374 
 1291      61727445 
 1291      7800
 1292              	.LASF38:
 1293 02a9 696E7472 		.ascii	"intr\000"
 1293      00
ARM GAS  C:\Users\ujjjh\AppData\Local\Temp\ccZFxHqv.s 			page 33


 1294              	.LASF20:
 1295 02ae 6973725F 		.ascii	"isr_1_SetVector\000"
 1295      315F5365 
 1295      74566563 
 1295      746F7200 
 1296              		.ident	"GCC: (GNU Tools for ARM Embedded Processors) 5.4.1 20160609 (release) [ARM/embedded-5-bran
