ARM GAS  C:\Users\ujjjh\AppData\Local\Temp\ccgtE8kY.s 			page 1


   1              		.syntax unified
   2              		.cpu cortex-m3
   3              		.fpu softvfp
   4              		.eabi_attribute 20, 1
   5              		.eabi_attribute 21, 1
   6              		.eabi_attribute 23, 3
   7              		.eabi_attribute 24, 1
   8              		.eabi_attribute 25, 1
   9              		.eabi_attribute 26, 1
  10              		.eabi_attribute 30, 1
  11              		.eabi_attribute 34, 1
  12              		.eabi_attribute 18, 4
  13              		.thumb
  14              		.syntax unified
  15              		.file	"main.c"
  16              		.text
  17              	.Ltext0:
  18              		.cfi_sections	.debug_frame
  19              		.section	.text.main,"ax",%progbits
  20              		.align	2
  21              		.global	main
  22              		.thumb
  23              		.thumb_func
  24              		.type	main, %function
  25              	main:
  26              	.LFB64:
  27              		.file 1 "main.c"
   1:main.c        **** /* ========================================
   2:main.c        ****  *
   3:main.c        ****  * Copyright YOUR COMPANY, THE YEAR
   4:main.c        ****  * All Rights Reserved
   5:main.c        ****  * UNPUBLISHED, LICENSED SOFTWARE.
   6:main.c        ****  *
   7:main.c        ****  * CONFIDENTIAL AND PROPRIETARY INFORMATION
   8:main.c        ****  * WHICH IS THE PROPERTY OF your company.
   9:main.c        ****  *
  10:main.c        ****  * ========================================
  11:main.c        **** */
  12:main.c        **** #include "project.h"
  13:main.c        **** #include "stdio.h"
  14:main.c        **** 
  15:main.c        **** 
  16:main.c        **** int16 diff;
  17:main.c        **** int16 result;
  18:main.c        **** char buffer[30];
  19:main.c        **** char str[30];
  20:main.c        **** extern volatile int intr;
  21:main.c        **** 
  22:main.c        **** 
  23:main.c        **** int main(void)
  24:main.c        **** {
  28              		.loc 1 24 0
  29              		.cfi_startproc
  30              		@ Volatile: function does not return.
  31              		@ args = 0, pretend = 0, frame = 0
  32              		@ frame_needed = 0, uses_anonymous_args = 0
  33 0000 08B5     		push	{r3, lr}
ARM GAS  C:\Users\ujjjh\AppData\Local\Temp\ccgtE8kY.s 			page 2


  34              		.cfi_def_cfa_offset 8
  35              		.cfi_offset 3, -8
  36              		.cfi_offset 14, -4
  25:main.c        ****     CyGlobalIntEnable;
  37              		.loc 1 25 0
  38              		.syntax unified
  39              	@ 25 "main.c" 1
  40 0002 62B6     		CPSIE   i
  41              	@ 0 "" 2
  26:main.c        ****     Trigger_1_Start();
  42              		.loc 1 26 0
  43              		.thumb
  44              		.syntax unified
  45 0004 FFF7FEFF 		bl	Trigger_1_Start
  46              	.LVL0:
  27:main.c        ****     Threshold_1_Start();
  47              		.loc 1 27 0
  48 0008 FFF7FEFF 		bl	Threshold_1_Start
  49              	.LVL1:
  28:main.c        ****     Comp_1_Start();
  50              		.loc 1 28 0
  51 000c FFF7FEFF 		bl	Comp_1_Start
  52              	.LVL2:
  29:main.c        ****     Comp_2_Start();
  53              		.loc 1 29 0
  54 0010 FFF7FEFF 		bl	Comp_2_Start
  55              	.LVL3:
  30:main.c        ****     Clock_1_Start();
  56              		.loc 1 30 0
  57 0014 FFF7FEFF 		bl	Clock_1_Start
  58              	.LVL4:
  31:main.c        ****     Clock_2_Start();
  59              		.loc 1 31 0
  60 0018 FFF7FEFF 		bl	Clock_2_Start
  61              	.LVL5:
  32:main.c        ****     PWM_1_Start();
  62              		.loc 1 32 0
  63 001c FFF7FEFF 		bl	PWM_1_Start
  64              	.LVL6:
  33:main.c        ****     Counter_1_Start();
  65              		.loc 1 33 0
  66 0020 FFF7FEFF 		bl	Counter_1_Start
  67              	.LVL7:
  34:main.c        ****     UART_1_Start();
  68              		.loc 1 34 0
  69 0024 FFF7FEFF 		bl	UART_1_Start
  70              	.LVL8:
  35:main.c        ****     LCD_1_Start();
  71              		.loc 1 35 0
  72 0028 FFF7FEFF 		bl	LCD_1_Start
  73              	.LVL9:
  36:main.c        ****     isr_1_Start();
  74              		.loc 1 36 0
  75 002c FFF7FEFF 		bl	isr_1_Start
  76              	.LVL10:
  77              	.L2:
  37:main.c        **** 
ARM GAS  C:\Users\ujjjh\AppData\Local\Temp\ccgtE8kY.s 			page 3


  38:main.c        **** 
  39:main.c        ****     
  40:main.c        ****     for(;;)                                                                                        
  41:main.c        ****     {
  42:main.c        ****         
  43:main.c        ****        while(intr==0)
  78              		.loc 1 43 0 discriminator 1
  79 0030 174B     		ldr	r3, .L6
  80 0032 1B68     		ldr	r3, [r3]
  81 0034 002B     		cmp	r3, #0
  82 0036 FBD0     		beq	.L2
  44:main.c        ****        {
  45:main.c        ****        }
  46:main.c        ****        if(intr==1)
  83              		.loc 1 46 0
  84 0038 154B     		ldr	r3, .L6
  85 003a 1B68     		ldr	r3, [r3]
  86 003c 012B     		cmp	r3, #1
  87 003e 1AD1     		bne	.L3
  47:main.c        ****        {
  48:main.c        ****             diff=Counter_1_ReadCounter();
  88              		.loc 1 48 0
  89 0040 FFF7FEFF 		bl	Counter_1_ReadCounter
  90              	.LVL11:
  91 0044 134C     		ldr	r4, .L6+4
  92 0046 2080     		strh	r0, [r4]	@ movhi
  49:main.c        ****             PWM_1_ReadStatusRegister();
  93              		.loc 1 49 0
  94 0048 FFF7FEFF 		bl	PWM_1_ReadStatusRegister
  95              	.LVL12:
  50:main.c        ****             Counter_1_Stop();
  96              		.loc 1 50 0
  97 004c FFF7FEFF 		bl	Counter_1_Stop
  98              	.LVL13:
  51:main.c        ****             Counter_1_Init();
  99              		.loc 1 51 0
 100 0050 FFF7FEFF 		bl	Counter_1_Init
 101              	.LVL14:
  52:main.c        ****             intr = 0;
 102              		.loc 1 52 0
 103 0054 0022     		movs	r2, #0
 104 0056 0E4B     		ldr	r3, .L6
 105 0058 1A60     		str	r2, [r3]
  53:main.c        ****             
  54:main.c        ****             result=diff+8192;
 106              		.loc 1 54 0
 107 005a 2288     		ldrh	r2, [r4]
 108 005c 02F50052 		add	r2, r2, #8192
 109 0060 12B2     		sxth	r2, r2
 110 0062 0D4B     		ldr	r3, .L6+8
 111 0064 1A80     		strh	r2, [r3]	@ movhi
  55:main.c        ****             sprintf(buffer,"%x\r\n", result);
 112              		.loc 1 55 0
 113 0066 0D4C     		ldr	r4, .L6+12
 114 0068 0D49     		ldr	r1, .L6+16
 115 006a 2046     		mov	r0, r4
 116 006c FFF7FEFF 		bl	sprintf
ARM GAS  C:\Users\ujjjh\AppData\Local\Temp\ccgtE8kY.s 			page 4


 117              	.LVL15:
  56:main.c        ****             UART_1_PutString(buffer);
 118              		.loc 1 56 0
 119 0070 2046     		mov	r0, r4
 120 0072 FFF7FEFF 		bl	UART_1_PutString
 121              	.LVL16:
 122              	.L3:
  57:main.c        ****    
  58:main.c        ****            
  59:main.c        ****         }
  60:main.c        ****            
  61:main.c        ****             LCD_1_ClearDisplay();
 123              		.loc 1 61 0
 124 0076 0120     		movs	r0, #1
 125 0078 FFF7FEFF 		bl	LCD_1_WriteControl
 126              	.LVL17:
  62:main.c        ****             LCD_1_Position(0,0);
 127              		.loc 1 62 0
 128 007c 0021     		movs	r1, #0
 129 007e 0846     		mov	r0, r1
 130 0080 FFF7FEFF 		bl	LCD_1_Position
 131              	.LVL18:
  63:main.c        ****             LCD_1_PrintNumber(diff);
 132              		.loc 1 63 0
 133 0084 034B     		ldr	r3, .L6+4
 134 0086 1888     		ldrh	r0, [r3]
 135 0088 FFF7FEFF 		bl	LCD_1_PrintU32Number
 136              	.LVL19:
  64:main.c        ****             
  65:main.c        ****         
  66:main.c        ****         
  67:main.c        ****       
  68:main.c        ****     }
 137              		.loc 1 68 0
 138 008c D0E7     		b	.L2
 139              	.L7:
 140 008e 00BF     		.align	2
 141              	.L6:
 142 0090 00000000 		.word	intr
 143 0094 00000000 		.word	diff
 144 0098 00000000 		.word	result
 145 009c 00000000 		.word	buffer
 146 00a0 00000000 		.word	.LC0
 147              		.cfi_endproc
 148              	.LFE64:
 149              		.size	main, .-main
 150              		.comm	str,30,4
 151              		.comm	buffer,30,4
 152              		.comm	result,2,2
 153              		.comm	diff,2,2
 154              		.section	.rodata.str1.4,"aMS",%progbits,1
 155              		.align	2
 156              	.LC0:
 157 0000 25780D0A 		.ascii	"%x\015\012\000"
 157      00
 158              		.text
 159              	.Letext0:
ARM GAS  C:\Users\ujjjh\AppData\Local\Temp\ccgtE8kY.s 			page 5


 160              		.file 2 "c:\\program files (x86)\\cypress\\psoc creator\\4.2\\psoc creator\\import\\gnu\\arm\\5.4.
 161              		.file 3 "c:\\program files (x86)\\cypress\\psoc creator\\4.2\\psoc creator\\import\\gnu\\arm\\5.4.
 162              		.file 4 "Generated_Source\\PSoC5/cytypes.h"
 163              		.file 5 "Generated_Source\\PSoC5/core_cm3.h"
 164              		.file 6 "Generated_Source\\PSoC5/Trigger_1.h"
 165              		.file 7 "Generated_Source\\PSoC5/Threshold_1.h"
 166              		.file 8 "Generated_Source\\PSoC5/Comp_1.h"
 167              		.file 9 "Generated_Source\\PSoC5/Comp_2.h"
 168              		.file 10 "Generated_Source\\PSoC5/Clock_1.h"
 169              		.file 11 "Generated_Source\\PSoC5/Clock_2.h"
 170              		.file 12 "Generated_Source\\PSoC5/PWM_1.h"
 171              		.file 13 "Generated_Source\\PSoC5/Counter_1.h"
 172              		.file 14 "Generated_Source\\PSoC5/UART_1.h"
 173              		.file 15 "Generated_Source\\PSoC5/LCD_1.h"
 174              		.file 16 "Generated_Source\\PSoC5/isr_1.h"
 175              		.file 17 "c:\\program files (x86)\\cypress\\psoc creator\\4.2\\psoc creator\\import\\gnu\\arm\\5.4
 176              		.section	.debug_info,"",%progbits
 177              	.Ldebug_info0:
 178 0000 10030000 		.4byte	0x310
 179 0004 0400     		.2byte	0x4
 180 0006 00000000 		.4byte	.Ldebug_abbrev0
 181 000a 04       		.byte	0x4
 182 000b 01       		.uleb128 0x1
 183 000c D6000000 		.4byte	.LASF43
 184 0010 0C       		.byte	0xc
 185 0011 79020000 		.4byte	.LASF44
 186 0015 6E000000 		.4byte	.LASF45
 187 0019 00000000 		.4byte	.Ldebug_ranges0+0
 188 001d 00000000 		.4byte	0
 189 0021 00000000 		.4byte	.Ldebug_line0
 190 0025 02       		.uleb128 0x2
 191 0026 01       		.byte	0x1
 192 0027 06       		.byte	0x6
 193 0028 BB020000 		.4byte	.LASF0
 194 002c 02       		.uleb128 0x2
 195 002d 01       		.byte	0x1
 196 002e 08       		.byte	0x8
 197 002f B1010000 		.4byte	.LASF1
 198 0033 02       		.uleb128 0x2
 199 0034 02       		.byte	0x2
 200 0035 05       		.byte	0x5
 201 0036 85020000 		.4byte	.LASF2
 202 003a 02       		.uleb128 0x2
 203 003b 02       		.byte	0x2
 204 003c 07       		.byte	0x7
 205 003d 3E000000 		.4byte	.LASF3
 206 0041 03       		.uleb128 0x3
 207 0042 28000000 		.4byte	.LASF9
 208 0046 02       		.byte	0x2
 209 0047 3F       		.byte	0x3f
 210 0048 4C000000 		.4byte	0x4c
 211 004c 02       		.uleb128 0x2
 212 004d 04       		.byte	0x4
 213 004e 05       		.byte	0x5
 214 004f 96020000 		.4byte	.LASF4
 215 0053 02       		.uleb128 0x2
 216 0054 04       		.byte	0x4
ARM GAS  C:\Users\ujjjh\AppData\Local\Temp\ccgtE8kY.s 			page 6


 217 0055 07       		.byte	0x7
 218 0056 78010000 		.4byte	.LASF5
 219 005a 02       		.uleb128 0x2
 220 005b 08       		.byte	0x8
 221 005c 05       		.byte	0x5
 222 005d 00000000 		.4byte	.LASF6
 223 0061 02       		.uleb128 0x2
 224 0062 08       		.byte	0x8
 225 0063 07       		.byte	0x7
 226 0064 15020000 		.4byte	.LASF7
 227 0068 04       		.uleb128 0x4
 228 0069 04       		.byte	0x4
 229 006a 05       		.byte	0x5
 230 006b 696E7400 		.ascii	"int\000"
 231 006f 02       		.uleb128 0x2
 232 0070 04       		.byte	0x4
 233 0071 07       		.byte	0x7
 234 0072 08020000 		.4byte	.LASF8
 235 0076 03       		.uleb128 0x3
 236 0077 4A020000 		.4byte	.LASF10
 237 007b 03       		.byte	0x3
 238 007c 2C       		.byte	0x2c
 239 007d 41000000 		.4byte	0x41
 240 0081 05       		.uleb128 0x5
 241 0082 EC010000 		.4byte	.LASF11
 242 0086 04       		.byte	0x4
 243 0087 E501     		.2byte	0x1e5
 244 0089 3A000000 		.4byte	0x3a
 245 008d 05       		.uleb128 0x5
 246 008e 72010000 		.4byte	.LASF12
 247 0092 04       		.byte	0x4
 248 0093 E801     		.2byte	0x1e8
 249 0095 33000000 		.4byte	0x33
 250 0099 02       		.uleb128 0x2
 251 009a 04       		.byte	0x4
 252 009b 04       		.byte	0x4
 253 009c 68000000 		.4byte	.LASF13
 254 00a0 02       		.uleb128 0x2
 255 00a1 08       		.byte	0x8
 256 00a2 04       		.byte	0x4
 257 00a3 51000000 		.4byte	.LASF14
 258 00a7 02       		.uleb128 0x2
 259 00a8 01       		.byte	0x1
 260 00a9 08       		.byte	0x8
 261 00aa 80020000 		.4byte	.LASF15
 262 00ae 02       		.uleb128 0x2
 263 00af 08       		.byte	0x8
 264 00b0 04       		.byte	0x4
 265 00b1 AF020000 		.4byte	.LASF16
 266 00b5 02       		.uleb128 0x2
 267 00b6 04       		.byte	0x4
 268 00b7 07       		.byte	0x7
 269 00b8 52020000 		.4byte	.LASF17
 270 00bc 06       		.uleb128 0x6
 271 00bd E7010000 		.4byte	.LASF46
 272 00c1 01       		.byte	0x1
 273 00c2 17       		.byte	0x17
ARM GAS  C:\Users\ujjjh\AppData\Local\Temp\ccgtE8kY.s 			page 7


 274 00c3 68000000 		.4byte	0x68
 275 00c7 00000000 		.4byte	.LFB64
 276 00cb A4000000 		.4byte	.LFE64-.LFB64
 277 00cf 01       		.uleb128 0x1
 278 00d0 9C       		.byte	0x9c
 279 00d1 C2010000 		.4byte	0x1c2
 280 00d5 07       		.uleb128 0x7
 281 00d6 08000000 		.4byte	.LVL0
 282 00da 37020000 		.4byte	0x237
 283 00de 07       		.uleb128 0x7
 284 00df 0C000000 		.4byte	.LVL1
 285 00e3 42020000 		.4byte	0x242
 286 00e7 07       		.uleb128 0x7
 287 00e8 10000000 		.4byte	.LVL2
 288 00ec 4D020000 		.4byte	0x24d
 289 00f0 07       		.uleb128 0x7
 290 00f1 14000000 		.4byte	.LVL3
 291 00f5 58020000 		.4byte	0x258
 292 00f9 07       		.uleb128 0x7
 293 00fa 18000000 		.4byte	.LVL4
 294 00fe 63020000 		.4byte	0x263
 295 0102 07       		.uleb128 0x7
 296 0103 1C000000 		.4byte	.LVL5
 297 0107 6E020000 		.4byte	0x26e
 298 010b 07       		.uleb128 0x7
 299 010c 20000000 		.4byte	.LVL6
 300 0110 79020000 		.4byte	0x279
 301 0114 07       		.uleb128 0x7
 302 0115 24000000 		.4byte	.LVL7
 303 0119 84020000 		.4byte	0x284
 304 011d 07       		.uleb128 0x7
 305 011e 28000000 		.4byte	.LVL8
 306 0122 8F020000 		.4byte	0x28f
 307 0126 07       		.uleb128 0x7
 308 0127 2C000000 		.4byte	.LVL9
 309 012b 9A020000 		.4byte	0x29a
 310 012f 07       		.uleb128 0x7
 311 0130 30000000 		.4byte	.LVL10
 312 0134 A5020000 		.4byte	0x2a5
 313 0138 07       		.uleb128 0x7
 314 0139 44000000 		.4byte	.LVL11
 315 013d B0020000 		.4byte	0x2b0
 316 0141 07       		.uleb128 0x7
 317 0142 4C000000 		.4byte	.LVL12
 318 0146 BB020000 		.4byte	0x2bb
 319 014a 07       		.uleb128 0x7
 320 014b 50000000 		.4byte	.LVL13
 321 014f C6020000 		.4byte	0x2c6
 322 0153 07       		.uleb128 0x7
 323 0154 54000000 		.4byte	.LVL14
 324 0158 D1020000 		.4byte	0x2d1
 325 015c 08       		.uleb128 0x8
 326 015d 70000000 		.4byte	.LVL15
 327 0161 DC020000 		.4byte	0x2dc
 328 0165 79010000 		.4byte	0x179
 329 0169 09       		.uleb128 0x9
 330 016a 01       		.uleb128 0x1
ARM GAS  C:\Users\ujjjh\AppData\Local\Temp\ccgtE8kY.s 			page 8


 331 016b 50       		.byte	0x50
 332 016c 02       		.uleb128 0x2
 333 016d 74       		.byte	0x74
 334 016e 00       		.sleb128 0
 335 016f 09       		.uleb128 0x9
 336 0170 01       		.uleb128 0x1
 337 0171 51       		.byte	0x51
 338 0172 05       		.uleb128 0x5
 339 0173 03       		.byte	0x3
 340 0174 00000000 		.4byte	.LC0
 341 0178 00       		.byte	0
 342 0179 08       		.uleb128 0x8
 343 017a 76000000 		.4byte	.LVL16
 344 017e E7020000 		.4byte	0x2e7
 345 0182 8D010000 		.4byte	0x18d
 346 0186 09       		.uleb128 0x9
 347 0187 01       		.uleb128 0x1
 348 0188 50       		.byte	0x50
 349 0189 02       		.uleb128 0x2
 350 018a 74       		.byte	0x74
 351 018b 00       		.sleb128 0
 352 018c 00       		.byte	0
 353 018d 08       		.uleb128 0x8
 354 018e 7C000000 		.4byte	.LVL17
 355 0192 F2020000 		.4byte	0x2f2
 356 0196 A0010000 		.4byte	0x1a0
 357 019a 09       		.uleb128 0x9
 358 019b 01       		.uleb128 0x1
 359 019c 50       		.byte	0x50
 360 019d 01       		.uleb128 0x1
 361 019e 31       		.byte	0x31
 362 019f 00       		.byte	0
 363 01a0 08       		.uleb128 0x8
 364 01a1 84000000 		.4byte	.LVL18
 365 01a5 FD020000 		.4byte	0x2fd
 366 01a9 B8010000 		.4byte	0x1b8
 367 01ad 09       		.uleb128 0x9
 368 01ae 01       		.uleb128 0x1
 369 01af 50       		.byte	0x50
 370 01b0 01       		.uleb128 0x1
 371 01b1 30       		.byte	0x30
 372 01b2 09       		.uleb128 0x9
 373 01b3 01       		.uleb128 0x1
 374 01b4 51       		.byte	0x51
 375 01b5 01       		.uleb128 0x1
 376 01b6 30       		.byte	0x30
 377 01b7 00       		.byte	0
 378 01b8 07       		.uleb128 0x7
 379 01b9 8C000000 		.4byte	.LVL19
 380 01bd 08030000 		.4byte	0x308
 381 01c1 00       		.byte	0
 382 01c2 0A       		.uleb128 0xa
 383 01c3 96010000 		.4byte	.LASF18
 384 01c7 05       		.byte	0x5
 385 01c8 1207     		.2byte	0x712
 386 01ca CE010000 		.4byte	0x1ce
 387 01ce 0B       		.uleb128 0xb
ARM GAS  C:\Users\ujjjh\AppData\Local\Temp\ccgtE8kY.s 			page 9


 388 01cf 76000000 		.4byte	0x76
 389 01d3 0C       		.uleb128 0xc
 390 01d4 5B020000 		.4byte	.LASF19
 391 01d8 01       		.byte	0x1
 392 01d9 10       		.byte	0x10
 393 01da 8D000000 		.4byte	0x8d
 394 01de 05       		.uleb128 0x5
 395 01df 03       		.byte	0x3
 396 01e0 00000000 		.4byte	diff
 397 01e4 0C       		.uleb128 0xc
 398 01e5 3B020000 		.4byte	.LASF20
 399 01e9 01       		.byte	0x1
 400 01ea 11       		.byte	0x11
 401 01eb 8D000000 		.4byte	0x8d
 402 01ef 05       		.uleb128 0x5
 403 01f0 03       		.byte	0x3
 404 01f1 00000000 		.4byte	result
 405 01f5 0D       		.uleb128 0xd
 406 01f6 A7000000 		.4byte	0xa7
 407 01fa 05020000 		.4byte	0x205
 408 01fe 0E       		.uleb128 0xe
 409 01ff B5000000 		.4byte	0xb5
 410 0203 1D       		.byte	0x1d
 411 0204 00       		.byte	0
 412 0205 0C       		.uleb128 0xc
 413 0206 8F020000 		.4byte	.LASF21
 414 020a 01       		.byte	0x1
 415 020b 12       		.byte	0x12
 416 020c F5010000 		.4byte	0x1f5
 417 0210 05       		.uleb128 0x5
 418 0211 03       		.byte	0x3
 419 0212 00000000 		.4byte	buffer
 420 0216 0F       		.uleb128 0xf
 421 0217 73747200 		.ascii	"str\000"
 422 021b 01       		.byte	0x1
 423 021c 13       		.byte	0x13
 424 021d F5010000 		.4byte	0x1f5
 425 0221 05       		.uleb128 0x5
 426 0222 03       		.byte	0x3
 427 0223 00000000 		.4byte	str
 428 0227 10       		.uleb128 0x10
 429 0228 F3020000 		.4byte	.LASF22
 430 022c 01       		.byte	0x1
 431 022d 14       		.byte	0x14
 432 022e 32020000 		.4byte	0x232
 433 0232 0B       		.uleb128 0xb
 434 0233 68000000 		.4byte	0x68
 435 0237 11       		.uleb128 0x11
 436 0238 58000000 		.4byte	.LASF23
 437 023c 58000000 		.4byte	.LASF23
 438 0240 06       		.byte	0x6
 439 0241 33       		.byte	0x33
 440 0242 11       		.uleb128 0x11
 441 0243 BF010000 		.4byte	.LASF24
 442 0247 BF010000 		.4byte	.LASF24
 443 024b 07       		.byte	0x7
 444 024c 33       		.byte	0x33
ARM GAS  C:\Users\ujjjh\AppData\Local\Temp\ccgtE8kY.s 			page 10


 445 024d 11       		.uleb128 0x11
 446 024e 07030000 		.4byte	.LASF25
 447 0252 07030000 		.4byte	.LASF25
 448 0256 08       		.byte	0x8
 449 0257 3F       		.byte	0x3f
 450 0258 11       		.uleb128 0x11
 451 0259 1B000000 		.4byte	.LASF26
 452 025d 1B000000 		.4byte	.LASF26
 453 0261 09       		.byte	0x9
 454 0262 3F       		.byte	0x3f
 455 0263 11       		.uleb128 0x11
 456 0264 64010000 		.4byte	.LASF27
 457 0268 64010000 		.4byte	.LASF27
 458 026c 0A       		.byte	0xa
 459 026d 27       		.byte	0x27
 460 026e 11       		.uleb128 0x11
 461 026f A3010000 		.4byte	.LASF28
 462 0273 A3010000 		.4byte	.LASF28
 463 0277 0B       		.byte	0xb
 464 0278 27       		.byte	0x27
 465 0279 11       		.uleb128 0x11
 466 027a 8A010000 		.4byte	.LASF29
 467 027e 8A010000 		.4byte	.LASF29
 468 0282 0C       		.byte	0xc
 469 0283 92       		.byte	0x92
 470 0284 11       		.uleb128 0x11
 471 0285 9F020000 		.4byte	.LASF30
 472 0289 9F020000 		.4byte	.LASF30
 473 028d 0D       		.byte	0xd
 474 028e 4F       		.byte	0x4f
 475 028f 11       		.uleb128 0x11
 476 0290 0E000000 		.4byte	.LASF31
 477 0294 0E000000 		.4byte	.LASF31
 478 0298 0E       		.byte	0xe
 479 0299 54       		.byte	0x54
 480 029a 11       		.uleb128 0x11
 481 029b E7020000 		.4byte	.LASF32
 482 029f E7020000 		.4byte	.LASF32
 483 02a3 0F       		.byte	0xf
 484 02a4 38       		.byte	0x38
 485 02a5 11       		.uleb128 0x11
 486 02a6 32000000 		.4byte	.LASF33
 487 02aa 32000000 		.4byte	.LASF33
 488 02ae 10       		.byte	0x10
 489 02af 17       		.byte	0x17
 490 02b0 11       		.uleb128 0x11
 491 02b1 D1010000 		.4byte	.LASF34
 492 02b5 D1010000 		.4byte	.LASF34
 493 02b9 0D       		.byte	0xd
 494 02ba 5D       		.byte	0x5d
 495 02bb 11       		.uleb128 0x11
 496 02bc 60020000 		.4byte	.LASF35
 497 02c0 60020000 		.4byte	.LASF35
 498 02c4 0C       		.byte	0xc
 499 02c5 97       		.byte	0x97
 500 02c6 11       		.uleb128 0x11
 501 02c7 D8020000 		.4byte	.LASF36
ARM GAS  C:\Users\ujjjh\AppData\Local\Temp\ccgtE8kY.s 			page 11


 502 02cb D8020000 		.4byte	.LASF36
 503 02cf 0D       		.byte	0xd
 504 02d0 50       		.byte	0x50
 505 02d1 11       		.uleb128 0x11
 506 02d2 2C020000 		.4byte	.LASF37
 507 02d6 2C020000 		.4byte	.LASF37
 508 02da 0D       		.byte	0xd
 509 02db 70       		.byte	0x70
 510 02dc 11       		.uleb128 0x11
 511 02dd 42020000 		.4byte	.LASF38
 512 02e1 42020000 		.4byte	.LASF38
 513 02e5 11       		.byte	0x11
 514 02e6 E7       		.byte	0xe7
 515 02e7 11       		.uleb128 0x11
 516 02e8 C7020000 		.4byte	.LASF39
 517 02ec C7020000 		.4byte	.LASF39
 518 02f0 0E       		.byte	0xe
 519 02f1 8B       		.byte	0x8b
 520 02f2 11       		.uleb128 0x11
 521 02f3 C3000000 		.4byte	.LASF40
 522 02f7 C3000000 		.4byte	.LASF40
 523 02fb 0F       		.byte	0xf
 524 02fc 3A       		.byte	0x3a
 525 02fd 11       		.uleb128 0x11
 526 02fe F8020000 		.4byte	.LASF41
 527 0302 F8020000 		.4byte	.LASF41
 528 0306 0F       		.byte	0xf
 529 0307 3D       		.byte	0x3d
 530 0308 11       		.uleb128 0x11
 531 0309 F3010000 		.4byte	.LASF42
 532 030d F3010000 		.4byte	.LASF42
 533 0311 0F       		.byte	0xf
 534 0312 61       		.byte	0x61
 535 0313 00       		.byte	0
 536              		.section	.debug_abbrev,"",%progbits
 537              	.Ldebug_abbrev0:
 538 0000 01       		.uleb128 0x1
 539 0001 11       		.uleb128 0x11
 540 0002 01       		.byte	0x1
 541 0003 25       		.uleb128 0x25
 542 0004 0E       		.uleb128 0xe
 543 0005 13       		.uleb128 0x13
 544 0006 0B       		.uleb128 0xb
 545 0007 03       		.uleb128 0x3
 546 0008 0E       		.uleb128 0xe
 547 0009 1B       		.uleb128 0x1b
 548 000a 0E       		.uleb128 0xe
 549 000b 55       		.uleb128 0x55
 550 000c 17       		.uleb128 0x17
 551 000d 11       		.uleb128 0x11
 552 000e 01       		.uleb128 0x1
 553 000f 10       		.uleb128 0x10
 554 0010 17       		.uleb128 0x17
 555 0011 00       		.byte	0
 556 0012 00       		.byte	0
 557 0013 02       		.uleb128 0x2
 558 0014 24       		.uleb128 0x24
ARM GAS  C:\Users\ujjjh\AppData\Local\Temp\ccgtE8kY.s 			page 12


 559 0015 00       		.byte	0
 560 0016 0B       		.uleb128 0xb
 561 0017 0B       		.uleb128 0xb
 562 0018 3E       		.uleb128 0x3e
 563 0019 0B       		.uleb128 0xb
 564 001a 03       		.uleb128 0x3
 565 001b 0E       		.uleb128 0xe
 566 001c 00       		.byte	0
 567 001d 00       		.byte	0
 568 001e 03       		.uleb128 0x3
 569 001f 16       		.uleb128 0x16
 570 0020 00       		.byte	0
 571 0021 03       		.uleb128 0x3
 572 0022 0E       		.uleb128 0xe
 573 0023 3A       		.uleb128 0x3a
 574 0024 0B       		.uleb128 0xb
 575 0025 3B       		.uleb128 0x3b
 576 0026 0B       		.uleb128 0xb
 577 0027 49       		.uleb128 0x49
 578 0028 13       		.uleb128 0x13
 579 0029 00       		.byte	0
 580 002a 00       		.byte	0
 581 002b 04       		.uleb128 0x4
 582 002c 24       		.uleb128 0x24
 583 002d 00       		.byte	0
 584 002e 0B       		.uleb128 0xb
 585 002f 0B       		.uleb128 0xb
 586 0030 3E       		.uleb128 0x3e
 587 0031 0B       		.uleb128 0xb
 588 0032 03       		.uleb128 0x3
 589 0033 08       		.uleb128 0x8
 590 0034 00       		.byte	0
 591 0035 00       		.byte	0
 592 0036 05       		.uleb128 0x5
 593 0037 16       		.uleb128 0x16
 594 0038 00       		.byte	0
 595 0039 03       		.uleb128 0x3
 596 003a 0E       		.uleb128 0xe
 597 003b 3A       		.uleb128 0x3a
 598 003c 0B       		.uleb128 0xb
 599 003d 3B       		.uleb128 0x3b
 600 003e 05       		.uleb128 0x5
 601 003f 49       		.uleb128 0x49
 602 0040 13       		.uleb128 0x13
 603 0041 00       		.byte	0
 604 0042 00       		.byte	0
 605 0043 06       		.uleb128 0x6
 606 0044 2E       		.uleb128 0x2e
 607 0045 01       		.byte	0x1
 608 0046 3F       		.uleb128 0x3f
 609 0047 19       		.uleb128 0x19
 610 0048 03       		.uleb128 0x3
 611 0049 0E       		.uleb128 0xe
 612 004a 3A       		.uleb128 0x3a
 613 004b 0B       		.uleb128 0xb
 614 004c 3B       		.uleb128 0x3b
 615 004d 0B       		.uleb128 0xb
ARM GAS  C:\Users\ujjjh\AppData\Local\Temp\ccgtE8kY.s 			page 13


 616 004e 27       		.uleb128 0x27
 617 004f 19       		.uleb128 0x19
 618 0050 49       		.uleb128 0x49
 619 0051 13       		.uleb128 0x13
 620 0052 8701     		.uleb128 0x87
 621 0054 19       		.uleb128 0x19
 622 0055 11       		.uleb128 0x11
 623 0056 01       		.uleb128 0x1
 624 0057 12       		.uleb128 0x12
 625 0058 06       		.uleb128 0x6
 626 0059 40       		.uleb128 0x40
 627 005a 18       		.uleb128 0x18
 628 005b 9742     		.uleb128 0x2117
 629 005d 19       		.uleb128 0x19
 630 005e 01       		.uleb128 0x1
 631 005f 13       		.uleb128 0x13
 632 0060 00       		.byte	0
 633 0061 00       		.byte	0
 634 0062 07       		.uleb128 0x7
 635 0063 898201   		.uleb128 0x4109
 636 0066 00       		.byte	0
 637 0067 11       		.uleb128 0x11
 638 0068 01       		.uleb128 0x1
 639 0069 31       		.uleb128 0x31
 640 006a 13       		.uleb128 0x13
 641 006b 00       		.byte	0
 642 006c 00       		.byte	0
 643 006d 08       		.uleb128 0x8
 644 006e 898201   		.uleb128 0x4109
 645 0071 01       		.byte	0x1
 646 0072 11       		.uleb128 0x11
 647 0073 01       		.uleb128 0x1
 648 0074 31       		.uleb128 0x31
 649 0075 13       		.uleb128 0x13
 650 0076 01       		.uleb128 0x1
 651 0077 13       		.uleb128 0x13
 652 0078 00       		.byte	0
 653 0079 00       		.byte	0
 654 007a 09       		.uleb128 0x9
 655 007b 8A8201   		.uleb128 0x410a
 656 007e 00       		.byte	0
 657 007f 02       		.uleb128 0x2
 658 0080 18       		.uleb128 0x18
 659 0081 9142     		.uleb128 0x2111
 660 0083 18       		.uleb128 0x18
 661 0084 00       		.byte	0
 662 0085 00       		.byte	0
 663 0086 0A       		.uleb128 0xa
 664 0087 34       		.uleb128 0x34
 665 0088 00       		.byte	0
 666 0089 03       		.uleb128 0x3
 667 008a 0E       		.uleb128 0xe
 668 008b 3A       		.uleb128 0x3a
 669 008c 0B       		.uleb128 0xb
 670 008d 3B       		.uleb128 0x3b
 671 008e 05       		.uleb128 0x5
 672 008f 49       		.uleb128 0x49
ARM GAS  C:\Users\ujjjh\AppData\Local\Temp\ccgtE8kY.s 			page 14


 673 0090 13       		.uleb128 0x13
 674 0091 3F       		.uleb128 0x3f
 675 0092 19       		.uleb128 0x19
 676 0093 3C       		.uleb128 0x3c
 677 0094 19       		.uleb128 0x19
 678 0095 00       		.byte	0
 679 0096 00       		.byte	0
 680 0097 0B       		.uleb128 0xb
 681 0098 35       		.uleb128 0x35
 682 0099 00       		.byte	0
 683 009a 49       		.uleb128 0x49
 684 009b 13       		.uleb128 0x13
 685 009c 00       		.byte	0
 686 009d 00       		.byte	0
 687 009e 0C       		.uleb128 0xc
 688 009f 34       		.uleb128 0x34
 689 00a0 00       		.byte	0
 690 00a1 03       		.uleb128 0x3
 691 00a2 0E       		.uleb128 0xe
 692 00a3 3A       		.uleb128 0x3a
 693 00a4 0B       		.uleb128 0xb
 694 00a5 3B       		.uleb128 0x3b
 695 00a6 0B       		.uleb128 0xb
 696 00a7 49       		.uleb128 0x49
 697 00a8 13       		.uleb128 0x13
 698 00a9 3F       		.uleb128 0x3f
 699 00aa 19       		.uleb128 0x19
 700 00ab 02       		.uleb128 0x2
 701 00ac 18       		.uleb128 0x18
 702 00ad 00       		.byte	0
 703 00ae 00       		.byte	0
 704 00af 0D       		.uleb128 0xd
 705 00b0 01       		.uleb128 0x1
 706 00b1 01       		.byte	0x1
 707 00b2 49       		.uleb128 0x49
 708 00b3 13       		.uleb128 0x13
 709 00b4 01       		.uleb128 0x1
 710 00b5 13       		.uleb128 0x13
 711 00b6 00       		.byte	0
 712 00b7 00       		.byte	0
 713 00b8 0E       		.uleb128 0xe
 714 00b9 21       		.uleb128 0x21
 715 00ba 00       		.byte	0
 716 00bb 49       		.uleb128 0x49
 717 00bc 13       		.uleb128 0x13
 718 00bd 2F       		.uleb128 0x2f
 719 00be 0B       		.uleb128 0xb
 720 00bf 00       		.byte	0
 721 00c0 00       		.byte	0
 722 00c1 0F       		.uleb128 0xf
 723 00c2 34       		.uleb128 0x34
 724 00c3 00       		.byte	0
 725 00c4 03       		.uleb128 0x3
 726 00c5 08       		.uleb128 0x8
 727 00c6 3A       		.uleb128 0x3a
 728 00c7 0B       		.uleb128 0xb
 729 00c8 3B       		.uleb128 0x3b
ARM GAS  C:\Users\ujjjh\AppData\Local\Temp\ccgtE8kY.s 			page 15


 730 00c9 0B       		.uleb128 0xb
 731 00ca 49       		.uleb128 0x49
 732 00cb 13       		.uleb128 0x13
 733 00cc 3F       		.uleb128 0x3f
 734 00cd 19       		.uleb128 0x19
 735 00ce 02       		.uleb128 0x2
 736 00cf 18       		.uleb128 0x18
 737 00d0 00       		.byte	0
 738 00d1 00       		.byte	0
 739 00d2 10       		.uleb128 0x10
 740 00d3 34       		.uleb128 0x34
 741 00d4 00       		.byte	0
 742 00d5 03       		.uleb128 0x3
 743 00d6 0E       		.uleb128 0xe
 744 00d7 3A       		.uleb128 0x3a
 745 00d8 0B       		.uleb128 0xb
 746 00d9 3B       		.uleb128 0x3b
 747 00da 0B       		.uleb128 0xb
 748 00db 49       		.uleb128 0x49
 749 00dc 13       		.uleb128 0x13
 750 00dd 3F       		.uleb128 0x3f
 751 00de 19       		.uleb128 0x19
 752 00df 3C       		.uleb128 0x3c
 753 00e0 19       		.uleb128 0x19
 754 00e1 00       		.byte	0
 755 00e2 00       		.byte	0
 756 00e3 11       		.uleb128 0x11
 757 00e4 2E       		.uleb128 0x2e
 758 00e5 00       		.byte	0
 759 00e6 3F       		.uleb128 0x3f
 760 00e7 19       		.uleb128 0x19
 761 00e8 3C       		.uleb128 0x3c
 762 00e9 19       		.uleb128 0x19
 763 00ea 6E       		.uleb128 0x6e
 764 00eb 0E       		.uleb128 0xe
 765 00ec 03       		.uleb128 0x3
 766 00ed 0E       		.uleb128 0xe
 767 00ee 3A       		.uleb128 0x3a
 768 00ef 0B       		.uleb128 0xb
 769 00f0 3B       		.uleb128 0x3b
 770 00f1 0B       		.uleb128 0xb
 771 00f2 00       		.byte	0
 772 00f3 00       		.byte	0
 773 00f4 00       		.byte	0
 774              		.section	.debug_aranges,"",%progbits
 775 0000 1C000000 		.4byte	0x1c
 776 0004 0200     		.2byte	0x2
 777 0006 00000000 		.4byte	.Ldebug_info0
 778 000a 04       		.byte	0x4
 779 000b 00       		.byte	0
 780 000c 0000     		.2byte	0
 781 000e 0000     		.2byte	0
 782 0010 00000000 		.4byte	.LFB64
 783 0014 A4000000 		.4byte	.LFE64-.LFB64
 784 0018 00000000 		.4byte	0
 785 001c 00000000 		.4byte	0
 786              		.section	.debug_ranges,"",%progbits
ARM GAS  C:\Users\ujjjh\AppData\Local\Temp\ccgtE8kY.s 			page 16


 787              	.Ldebug_ranges0:
 788 0000 00000000 		.4byte	.LFB64
 789 0004 A4000000 		.4byte	.LFE64
 790 0008 00000000 		.4byte	0
 791 000c 00000000 		.4byte	0
 792              		.section	.debug_line,"",%progbits
 793              	.Ldebug_line0:
 794 0000 80020000 		.section	.debug_str,"MS",%progbits,1
 794      02004D02 
 794      00000201 
 794      FB0E0D00 
 794      01010101 
 795              	.LASF6:
 796 0000 6C6F6E67 		.ascii	"long long int\000"
 796      206C6F6E 
 796      6720696E 
 796      7400
 797              	.LASF31:
 798 000e 55415254 		.ascii	"UART_1_Start\000"
 798      5F315F53 
 798      74617274 
 798      00
 799              	.LASF26:
 800 001b 436F6D70 		.ascii	"Comp_2_Start\000"
 800      5F325F53 
 800      74617274 
 800      00
 801              	.LASF9:
 802 0028 5F5F696E 		.ascii	"__int32_t\000"
 802      7433325F 
 802      7400
 803              	.LASF33:
 804 0032 6973725F 		.ascii	"isr_1_Start\000"
 804      315F5374 
 804      61727400 
 805              	.LASF3:
 806 003e 73686F72 		.ascii	"short unsigned int\000"
 806      7420756E 
 806      7369676E 
 806      65642069 
 806      6E7400
 807              	.LASF14:
 808 0051 646F7562 		.ascii	"double\000"
 808      6C6500
 809              	.LASF23:
 810 0058 54726967 		.ascii	"Trigger_1_Start\000"
 810      6765725F 
 810      315F5374 
 810      61727400 
 811              	.LASF13:
 812 0068 666C6F61 		.ascii	"float\000"
 812      7400
 813              	.LASF45:
 814 006e 5C5C7363 		.ascii	"\\\\sccfs.scc.kit.edu\\Stud-Home\\Documents\\PSoC C"
 814      6366732E 
 814      7363632E 
 814      6B69742E 
ARM GAS  C:\Users\ujjjh\AppData\Local\Temp\ccgtE8kY.s 			page 17


 814      6564755C 
 815 009c 72656174 		.ascii	"reator\\Versuch 5\\Frequenzzaehler.cydsn\000"
 815      6F725C56 
 815      65727375 
 815      63682035 
 815      5C467265 
 816              	.LASF40:
 817 00c3 4C43445F 		.ascii	"LCD_1_WriteControl\000"
 817      315F5772 
 817      69746543 
 817      6F6E7472 
 817      6F6C00
 818              	.LASF43:
 819 00d6 474E5520 		.ascii	"GNU C11 5.4.1 20160609 (release) [ARM/embedded-5-br"
 819      43313120 
 819      352E342E 
 819      31203230 
 819      31363036 
 820 0109 616E6368 		.ascii	"anch revision 237715] -mcpu=cortex-m3 -mthumb -g -O"
 820      20726576 
 820      6973696F 
 820      6E203233 
 820      37373135 
 821 013c 67202D66 		.ascii	"g -ffunction-sections -ffat-lto-objects\000"
 821      66756E63 
 821      74696F6E 
 821      2D736563 
 821      74696F6E 
 822              	.LASF27:
 823 0164 436C6F63 		.ascii	"Clock_1_Start\000"
 823      6B5F315F 
 823      53746172 
 823      7400
 824              	.LASF12:
 825 0172 696E7431 		.ascii	"int16\000"
 825      3600
 826              	.LASF5:
 827 0178 6C6F6E67 		.ascii	"long unsigned int\000"
 827      20756E73 
 827      69676E65 
 827      6420696E 
 827      7400
 828              	.LASF29:
 829 018a 50574D5F 		.ascii	"PWM_1_Start\000"
 829      315F5374 
 829      61727400 
 830              	.LASF18:
 831 0196 49544D5F 		.ascii	"ITM_RxBuffer\000"
 831      52784275 
 831      66666572 
 831      00
 832              	.LASF28:
 833 01a3 436C6F63 		.ascii	"Clock_2_Start\000"
 833      6B5F325F 
 833      53746172 
 833      7400
 834              	.LASF1:
ARM GAS  C:\Users\ujjjh\AppData\Local\Temp\ccgtE8kY.s 			page 18


 835 01b1 756E7369 		.ascii	"unsigned char\000"
 835      676E6564 
 835      20636861 
 835      7200
 836              	.LASF24:
 837 01bf 54687265 		.ascii	"Threshold_1_Start\000"
 837      73686F6C 
 837      645F315F 
 837      53746172 
 837      7400
 838              	.LASF34:
 839 01d1 436F756E 		.ascii	"Counter_1_ReadCounter\000"
 839      7465725F 
 839      315F5265 
 839      6164436F 
 839      756E7465 
 840              	.LASF46:
 841 01e7 6D61696E 		.ascii	"main\000"
 841      00
 842              	.LASF11:
 843 01ec 75696E74 		.ascii	"uint16\000"
 843      313600
 844              	.LASF42:
 845 01f3 4C43445F 		.ascii	"LCD_1_PrintU32Number\000"
 845      315F5072 
 845      696E7455 
 845      33324E75 
 845      6D626572 
 846              	.LASF8:
 847 0208 756E7369 		.ascii	"unsigned int\000"
 847      676E6564 
 847      20696E74 
 847      00
 848              	.LASF7:
 849 0215 6C6F6E67 		.ascii	"long long unsigned int\000"
 849      206C6F6E 
 849      6720756E 
 849      7369676E 
 849      65642069 
 850              	.LASF37:
 851 022c 436F756E 		.ascii	"Counter_1_Init\000"
 851      7465725F 
 851      315F496E 
 851      697400
 852              	.LASF20:
 853 023b 72657375 		.ascii	"result\000"
 853      6C7400
 854              	.LASF38:
 855 0242 73707269 		.ascii	"sprintf\000"
 855      6E746600 
 856              	.LASF10:
 857 024a 696E7433 		.ascii	"int32_t\000"
 857      325F7400 
 858              	.LASF17:
 859 0252 73697A65 		.ascii	"sizetype\000"
 859      74797065 
 859      00
ARM GAS  C:\Users\ujjjh\AppData\Local\Temp\ccgtE8kY.s 			page 19


 860              	.LASF19:
 861 025b 64696666 		.ascii	"diff\000"
 861      00
 862              	.LASF35:
 863 0260 50574D5F 		.ascii	"PWM_1_ReadStatusRegister\000"
 863      315F5265 
 863      61645374 
 863      61747573 
 863      52656769 
 864              	.LASF44:
 865 0279 6D61696E 		.ascii	"main.c\000"
 865      2E6300
 866              	.LASF15:
 867 0280 63686172 		.ascii	"char\000"
 867      00
 868              	.LASF2:
 869 0285 73686F72 		.ascii	"short int\000"
 869      7420696E 
 869      7400
 870              	.LASF21:
 871 028f 62756666 		.ascii	"buffer\000"
 871      657200
 872              	.LASF4:
 873 0296 6C6F6E67 		.ascii	"long int\000"
 873      20696E74 
 873      00
 874              	.LASF30:
 875 029f 436F756E 		.ascii	"Counter_1_Start\000"
 875      7465725F 
 875      315F5374 
 875      61727400 
 876              	.LASF16:
 877 02af 6C6F6E67 		.ascii	"long double\000"
 877      20646F75 
 877      626C6500 
 878              	.LASF0:
 879 02bb 7369676E 		.ascii	"signed char\000"
 879      65642063 
 879      68617200 
 880              	.LASF39:
 881 02c7 55415254 		.ascii	"UART_1_PutString\000"
 881      5F315F50 
 881      75745374 
 881      72696E67 
 881      00
 882              	.LASF36:
 883 02d8 436F756E 		.ascii	"Counter_1_Stop\000"
 883      7465725F 
 883      315F5374 
 883      6F7000
 884              	.LASF32:
 885 02e7 4C43445F 		.ascii	"LCD_1_Start\000"
 885      315F5374 
 885      61727400 
 886              	.LASF22:
 887 02f3 696E7472 		.ascii	"intr\000"
 887      00
ARM GAS  C:\Users\ujjjh\AppData\Local\Temp\ccgtE8kY.s 			page 20


 888              	.LASF41:
 889 02f8 4C43445F 		.ascii	"LCD_1_Position\000"
 889      315F506F 
 889      73697469 
 889      6F6E00
 890              	.LASF25:
 891 0307 436F6D70 		.ascii	"Comp_1_Start\000"
 891      5F315F53 
 891      74617274 
 891      00
 892              		.ident	"GCC: (GNU Tools for ARM Embedded Processors) 5.4.1 20160609 (release) [ARM/embedded-5-bran
